[ 2022-02-01T16:31:07+08:00 ] 42.73.251.31 /
INFO: [ app_init ] --START--
INFO: Run Behavior\BuildLiteBehavior [ RunTime:0.000013s ]
INFO: [ app_init ] --END-- [ RunTime:0.000793s ]
INFO: [ app_begin ] --START--
INFO: Run Behavior\ReadHtmlCacheBehavior [ RunTime:0.001779s ]
INFO: [ app_begin ] --END-- [ RunTime:0.001809s ]
ERR: SQLSTATE[HY000] [1698] Access denied for user 'root'@'localhost'

[ 2022-02-01T16:31:12+08:00 ] 42.73.251.31 /
INFO: [ app_init ] --START--
INFO: Run Behavior\BuildLiteBehavior [ RunTime:0.000009s ]
INFO: [ app_init ] --END-- [ RunTime:0.000308s ]
INFO: [ app_begin ] --START--
INFO: Run Behavior\ReadHtmlCacheBehavior [ RunTime:0.000318s ]
INFO: [ app_begin ] --END-- [ RunTime:0.000340s ]
ERR: SQLSTATE[HY000] [1698] Access denied for user 'root'@'localhost'

[ 2022-02-01T16:32:18+08:00 ] 42.73.251.31 /
INFO: [ app_init ] --START--
INFO: Run Behavior\BuildLiteBehavior [ RunTime:0.000077s ]
INFO: [ app_init ] --END-- [ RunTime:0.000688s ]
INFO: [ app_begin ] --START--
INFO: Run Behavior\ReadHtmlCacheBehavior [ RunTime:0.000285s ]
INFO: [ app_begin ] --END-- [ RunTime:0.000308s ]
ERR: SQLSTATE[HY000] [1698] Access denied for user 'root'@'localhost'

[ 2022-02-01T16:32:19+08:00 ] 42.73.251.31 /
INFO: [ app_init ] --START--
INFO: Run Behavior\BuildLiteBehavior [ RunTime:0.000011s ]
INFO: [ app_init ] --END-- [ RunTime:0.000274s ]
INFO: [ app_begin ] --START--
INFO: Run Behavior\ReadHtmlCacheBehavior [ RunTime:0.000277s ]
INFO: [ app_begin ] --END-- [ RunTime:0.000313s ]
ERR: SQLSTATE[HY000] [1698] Access denied for user 'root'@'localhost'

[ 2022-02-01T16:32:19+08:00 ] 42.73.251.31 /
INFO: [ app_init ] --START--
INFO: Run Behavior\BuildLiteBehavior [ RunTime:0.000013s ]
INFO: [ app_init ] --END-- [ RunTime:0.000346s ]
INFO: [ app_begin ] --START--
INFO: Run Behavior\ReadHtmlCacheBehavior [ RunTime:0.000267s ]
INFO: [ app_begin ] --END-- [ RunTime:0.000287s ]
ERR: SQLSTATE[HY000] [1698] Access denied for user 'root'@'localhost'

[ 2022-02-01T16:32:20+08:00 ] 42.73.251.31 /
INFO: [ app_init ] --START--
INFO: Run Behavior\BuildLiteBehavior [ RunTime:0.000009s ]
INFO: [ app_init ] --END-- [ RunTime:0.000247s ]
INFO: [ app_begin ] --START--
INFO: Run Behavior\ReadHtmlCacheBehavior [ RunTime:0.000282s ]
INFO: [ app_begin ] --END-- [ RunTime:0.000302s ]
ERR: SQLSTATE[HY000] [1698] Access denied for user 'root'@'localhost'

[ 2022-02-01T16:40:53+08:00 ] 42.73.251.31 /index.php
INFO: [ app_init ] --START--
INFO: Run Behavior\BuildLiteBehavior [ RunTime:0.000011s ]
INFO: [ app_init ] --END-- [ RunTime:0.000629s ]
INFO: [ app_begin ] --START--
INFO: Run Behavior\ReadHtmlCacheBehavior [ RunTime:0.000555s ]
INFO: [ app_begin ] --END-- [ RunTime:0.000583s ]
SQL: SHOW COLUMNS FROM `config` [ RunTime:0.0024s ]
SQL: SELECT * FROM `config`  [ RunTime:0.0012s ]
NOTIC: [8] Undefined variable: ex /home/hhkone/domains/hhk.one/public_html/nuuclass/Application/Studentaid/Controller/IndexController.class.php 第 14 行.
NOTIC: [8] Trying to access array offset on value of type null /home/hhkone/domains/hhk.one/public_html/nuuclass/Application/Studentaid/Controller/IndexController.class.php 第 14 行.
NOTIC: [8] Undefined variable: ex /home/hhkone/domains/hhk.one/public_html/nuuclass/Application/Studentaid/Controller/IndexController.class.php 第 14 行.
NOTIC: [8] Trying to access array offset on value of type null /home/hhkone/domains/hhk.one/public_html/nuuclass/Application/Studentaid/Controller/IndexController.class.php 第 14 行.
NOTIC: [8] Undefined variable: ex /home/hhkone/domains/hhk.one/public_html/nuuclass/Application/Studentaid/Controller/IndexController.class.php 第 14 行.
NOTIC: [8] Trying to access array offset on value of type null /home/hhkone/domains/hhk.one/public_html/nuuclass/Application/Studentaid/Controller/IndexController.class.php 第 14 行.
SQL: SHOW COLUMNS FROM `class` [ RunTime:0.0013s ]
SQL: SELECT DISTINCT  `lastclass` FROM `class` ORDER BY  `lastclass` desc  [ RunTime:0.0008s ]
SQL: SELECT * FROM `config` LIMIT 1   [ RunTime:0.0006s ]
SQL: SHOW COLUMNS FROM `user` [ RunTime:0.0013s ]
SQL: SELECT COUNT(*) AS tp_count FROM `user` LIMIT 1   [ RunTime:0.0005s ]
INFO: [ view_parse ] --START--
INFO: [ template_filter ] --START--
INFO: Run Behavior\ContentReplaceBehavior [ RunTime:0.000081s ]
INFO: [ template_filter ] --END-- [ RunTime:0.000116s ]
INFO: Run Behavior\ParseTemplateBehavior [ RunTime:0.018891s ]
INFO: [ view_parse ] --END-- [ RunTime:0.018923s ]
INFO: [ view_filter ] --START--
INFO: Run Behavior\WriteHtmlCacheBehavior [ RunTime:0.000736s ]
INFO: [ view_filter ] --END-- [ RunTime:0.000756s ]
INFO: [ app_end ] --START--
INFO: Run Behavior\ShowPageTraceBehavior [ RunTime:0.001460s ]
INFO: [ app_end ] --END-- [ RunTime:0.001507s ]

[ 2022-02-01T16:40:54+08:00 ] 42.73.251.31 /index.php/Studentaid/Index/class_post.html
INFO: [ app_init ] --START--
INFO: Run Behavior\BuildLiteBehavior [ RunTime:0.000009s ]
INFO: [ app_init ] --END-- [ RunTime:0.000268s ]
INFO: [ app_begin ] --START--
INFO: Run Behavior\ReadHtmlCacheBehavior [ RunTime:0.000276s ]
INFO: [ app_begin ] --END-- [ RunTime:0.000297s ]
SQL: SHOW COLUMNS FROM `config` [ RunTime:0.0020s ]
SQL: SELECT * FROM `config`  [ RunTime:0.0007s ]
SQL: SHOW COLUMNS FROM `class` [ RunTime:0.0013s ]
SQL: SELECT * FROM `class` WHERE ( `lastclass`='管理碩' )  [ RunTime:0.0006s ]
INFO: [ app_end ] --START--
INFO: Run Behavior\ShowPageTraceBehavior [ RunTime:0.000273s ]
INFO: [ app_end ] --END-- [ RunTime:0.000291s ]

[ 2022-02-01T16:41:14+08:00 ] 42.73.251.31 /index.php/Studentaid/Work/index.html
INFO: [ app_init ] --START--
INFO: Run Behavior\BuildLiteBehavior [ RunTime:0.000009s ]
INFO: [ app_init ] --END-- [ RunTime:0.000239s ]
INFO: [ app_begin ] --START--
INFO: Run Behavior\ReadHtmlCacheBehavior [ RunTime:0.000263s ]
INFO: [ app_begin ] --END-- [ RunTime:0.000284s ]
SQL: SHOW COLUMNS FROM `config` [ RunTime:0.0022s ]
SQL: SELECT * FROM `config`  [ RunTime:0.0008s ]
SQL: SHOW COLUMNS FROM `elective` [ RunTime:0.0013s ]
SQL: SELECT * FROM `elective` WHERE ( class='管理碩士在職一甲' && `classify`='1' )  [ RunTime:0.0041s ]
NOTIC: [2] Creating default object from empty value /home/hhkone/domains/hhk.one/public_html/nuuclass/Application/Studentaid/Controller/WorkController.class.php 第 108 行.
SQL: SHOW COLUMNS FROM `statistics` [ RunTime:0.0013s ]
SQL: INSERT INTO `statistics` (`date`,`time`,`dataname`,`ip`) VALUES ('2022/02/01','04:41:14','管理碩士在職一甲','42.73.251.31') [ RunTime:0.0011s ]
SQL: SHOW COLUMNS FROM `class_type` [ RunTime:0.0013s ]
SQL: SELECT * FROM `class_type`  [ RunTime:0.0006s ]
NOTIC: [8] Undefined variable: ac /home/hhkone/domains/hhk.one/public_html/nuuclass/Application/Studentaid/Controller/WorkController.class.php 第 122 行.
INFO: [ view_parse ] --START--
INFO: [ template_filter ] --START--
INFO: Run Behavior\ContentReplaceBehavior [ RunTime:0.000115s ]
INFO: [ template_filter ] --END-- [ RunTime:0.000136s ]
NOTIC: [8] Undefined index: id /home/hhkone/domains/hhk.one/public_html/nuuclass/Application/Runtime/Cache/Studentaid/8eb969caeb5e138e96a09548927f7efa.php 第 44 行.
NOTIC: [2] Use of undefined constant obligatory - assumed 'obligatory' (this will throw an Error in a future version of PHP) /home/hhkone/domains/hhk.one/public_html/nuuclass/Application/Runtime/Cache/Studentaid/8eb969caeb5e138e96a09548927f7efa.php 第 72 行.
NOTIC: [2] Use of undefined constant obligatory - assumed 'obligatory' (this will throw an Error in a future version of PHP) /home/hhkone/domains/hhk.one/public_html/nuuclass/Application/Runtime/Cache/Studentaid/8eb969caeb5e138e96a09548927f7efa.php 第 72 行.
NOTIC: [2] Use of undefined constant obligatory - assumed 'obligatory' (this will throw an Error in a future version of PHP) /home/hhkone/domains/hhk.one/public_html/nuuclass/Application/Runtime/Cache/Studentaid/8eb969caeb5e138e96a09548927f7efa.php 第 72 行.
NOTIC: [2] Use of undefined constant obligatory - assumed 'obligatory' (this will throw an Error in a future version of PHP) /home/hhkone/domains/hhk.one/public_html/nuuclass/Application/Runtime/Cache/Studentaid/8eb969caeb5e138e96a09548927f7efa.php 第 72 行.
NOTIC: [2] Use of undefined constant obligatory - assumed 'obligatory' (this will throw an Error in a future version of PHP) /home/hhkone/domains/hhk.one/public_html/nuuclass/Application/Runtime/Cache/Studentaid/8eb969caeb5e138e96a09548927f7efa.php 第 72 行.
NOTIC: [2] Use of undefined constant obligatory - assumed 'obligatory' (this will throw an Error in a future version of PHP) /home/hhkone/domains/hhk.one/public_html/nuuclass/Application/Runtime/Cache/Studentaid/8eb969caeb5e138e96a09548927f7efa.php 第 72 行.
NOTIC: [2] Use of undefined constant obligatory - assumed 'obligatory' (this will throw an Error in a future version of PHP) /home/hhkone/domains/hhk.one/public_html/nuuclass/Application/Runtime/Cache/Studentaid/8eb969caeb5e138e96a09548927f7efa.php 第 72 行.
NOTIC: [2] Use of undefined constant obligatory - assumed 'obligatory' (this will throw an Error in a future version of PHP) /home/hhkone/domains/hhk.one/public_html/nuuclass/Application/Runtime/Cache/Studentaid/8eb969caeb5e138e96a09548927f7efa.php 第 72 行.
NOTIC: [2] Use of undefined constant obligatory - assumed 'obligatory' (this will throw an Error in a future version of PHP) /home/hhkone/domains/hhk.one/public_html/nuuclass/Application/Runtime/Cache/Studentaid/8eb969caeb5e138e96a09548927f7efa.php 第 72 行.
NOTIC: [2] Use of undefined constant obligatory - assumed 'obligatory' (this will throw an Error in a future version of PHP) /home/hhkone/domains/hhk.one/public_html/nuuclass/Application/Runtime/Cache/Studentaid/8eb969caeb5e138e96a09548927f7efa.php 第 72 行.
NOTIC: [2] Use of undefined constant obligatory - assumed 'obligatory' (this will throw an Error in a future version of PHP) /home/hhkone/domains/hhk.one/public_html/nuuclass/Application/Runtime/Cache/Studentaid/8eb969caeb5e138e96a09548927f7efa.php 第 72 行.
NOTIC: [2] Use of undefined constant obligatory - assumed 'obligatory' (this will throw an Error in a future version of PHP) /home/hhkone/domains/hhk.one/public_html/nuuclass/Application/Runtime/Cache/Studentaid/8eb969caeb5e138e96a09548927f7efa.php 第 72 行.
NOTIC: [8] Undefined index: id /home/hhkone/domains/hhk.one/public_html/nuuclass/Application/Runtime/Cache/Studentaid/8eb969caeb5e138e96a09548927f7efa.php 第 159 行.
INFO: Run Behavior\ParseTemplateBehavior [ RunTime:0.006850s ]
INFO: [ view_parse ] --END-- [ RunTime:0.006872s ]
INFO: [ view_filter ] --START--
INFO: Run Behavior\WriteHtmlCacheBehavior [ RunTime:0.000254s ]
INFO: [ view_filter ] --END-- [ RunTime:0.000270s ]
INFO: [ app_end ] --START--
INFO: Run Behavior\ShowPageTraceBehavior [ RunTime:0.000282s ]
INFO: [ app_end ] --END-- [ RunTime:0.000306s ]

[ 2022-02-01T16:41:14+08:00 ] 42.73.251.31 /index.php/Studentaid/Work/name_post.html
INFO: [ app_init ] --START--
INFO: Run Behavior\BuildLiteBehavior [ RunTime:0.000009s ]
INFO: [ app_init ] --END-- [ RunTime:0.000243s ]
INFO: [ app_begin ] --START--
INFO: Run Behavior\ReadHtmlCacheBehavior [ RunTime:0.000440s ]
INFO: [ app_begin ] --END-- [ RunTime:0.000469s ]
SQL: SHOW COLUMNS FROM `config` [ RunTime:0.0020s ]
SQL: SELECT * FROM `config`  [ RunTime:0.0007s ]
SQL: SELECT * FROM `elective` where `class_sit` like '%' && class like '%管理碩士在職一甲%'&& ( false  || `class_name` LIKE '%%' || `class_sitname` LIKE '%%' || `class` LIKE '%%' || `class_number` LIKE '%%' ) [ RunTime:0.0036s ]
INFO: [ view_parse ] --START--
INFO: [ template_filter ] --START--
INFO: Run Behavior\ContentReplaceBehavior [ RunTime:0.000024s ]
INFO: [ template_filter ] --END-- [ RunTime:0.000044s ]
NOTIC: [2] Use of undefined constant color - assumed 'color' (this will throw an Error in a future version of PHP) /home/hhkone/domains/hhk.one/public_html/nuuclass/Application/Runtime/Cache/Studentaid/f9420204cc3b63f41d6f197d7d192238.php 第 4 行.
NOTIC: [2] Use of undefined constant color - assumed 'color' (this will throw an Error in a future version of PHP) /home/hhkone/domains/hhk.one/public_html/nuuclass/Application/Runtime/Cache/Studentaid/f9420204cc3b63f41d6f197d7d192238.php 第 4 行.
NOTIC: [2] Use of undefined constant color - assumed 'color' (this will throw an Error in a future version of PHP) /home/hhkone/domains/hhk.one/public_html/nuuclass/Application/Runtime/Cache/Studentaid/f9420204cc3b63f41d6f197d7d192238.php 第 4 行.
INFO: Run Behavior\ParseTemplateBehavior [ RunTime:0.004332s ]
INFO: [ view_parse ] --END-- [ RunTime:0.004412s ]
INFO: [ view_filter ] --START--
INFO: Run Behavior\WriteHtmlCacheBehavior [ RunTime:0.000281s ]
INFO: [ view_filter ] --END-- [ RunTime:0.000298s ]
INFO: [ app_end ] --START--
INFO: Run Behavior\ShowPageTraceBehavior [ RunTime:0.000261s ]
INFO: [ app_end ] --END-- [ RunTime:0.000277s ]

[ 2022-02-01T16:42:33+08:00 ] 42.73.251.31 /index.php/Studentaid/Work/sit_post.html
INFO: [ app_init ] --START--
INFO: Run Behavior\BuildLiteBehavior [ RunTime:0.000021s ]
INFO: [ app_init ] --END-- [ RunTime:0.000353s ]
INFO: [ app_begin ] --START--
INFO: Run Behavior\ReadHtmlCacheBehavior [ RunTime:0.000267s ]
INFO: [ app_begin ] --END-- [ RunTime:0.000288s ]
SQL: SHOW COLUMNS FROM `config` [ RunTime:0.0021s ]
SQL: SELECT * FROM `config`  [ RunTime:0.0009s ]
SQL: SHOW COLUMNS FROM `elective` [ RunTime:0.0014s ]
SQL: SELECT * FROM `elective` WHERE ( `class_number`='081MBM0001' )  [ RunTime:0.0032s ]
INFO: [ app_end ] --START--
INFO: Run Behavior\ShowPageTraceBehavior [ RunTime:0.000358s ]
INFO: [ app_end ] --END-- [ RunTime:0.000377s ]

[ 2022-02-01T16:42:34+08:00 ] 42.73.251.31 /index.php/Studentaid/Work/uplist.html
INFO: [ app_init ] --START--
INFO: Run Behavior\BuildLiteBehavior [ RunTime:0.000009s ]
INFO: [ app_init ] --END-- [ RunTime:0.000242s ]
INFO: [ app_begin ] --START--
INFO: Run Behavior\ReadHtmlCacheBehavior [ RunTime:0.000236s ]
INFO: [ app_begin ] --END-- [ RunTime:0.000256s ]
SQL: SHOW COLUMNS FROM `config` [ RunTime:0.0020s ]
SQL: SELECT * FROM `config`  [ RunTime:0.0006s ]
SQL: SHOW COLUMNS FROM `elective` [ RunTime:0.0014s ]
SQL: SELECT * FROM `elective` WHERE (  `class_number` = '081MBM0001' || `class_number` = '' || false )  [ RunTime:0.0032s ]
INFO: [ app_end ] --START--
INFO: Run Behavior\ShowPageTraceBehavior [ RunTime:0.000272s ]
INFO: [ app_end ] --END-- [ RunTime:0.000292s ]

[ 2022-02-01T16:42:36+08:00 ] 42.73.251.31 /index.php/Studentaid/Work/name_post.html
INFO: [ app_init ] --START--
INFO: Run Behavior\BuildLiteBehavior [ RunTime:0.000009s ]
INFO: [ app_init ] --END-- [ RunTime:0.000262s ]
INFO: [ app_begin ] --START--
INFO: Run Behavior\ReadHtmlCacheBehavior [ RunTime:0.000293s ]
INFO: [ app_begin ] --END-- [ RunTime:0.000315s ]
SQL: SHOW COLUMNS FROM `config` [ RunTime:0.0020s ]
SQL: SELECT * FROM `config`  [ RunTime:0.0005s ]
SQL: SELECT * FROM `elective` where `class_sit` like '%' && class like '%管理碩士在職一甲%'&& ( false  || `class_name` LIKE '%%' || `class_sitname` LIKE '%%' || `class` LIKE '%%' || `class_number` LIKE '%%' ) [ RunTime:0.0034s ]
INFO: [ view_parse ] --START--
INFO: [ template_filter ] --START--
INFO: Run Behavior\ContentReplaceBehavior [ RunTime:0.000074s ]
INFO: [ template_filter ] --END-- [ RunTime:0.000104s ]
NOTIC: [2] Use of undefined constant color - assumed 'color' (this will throw an Error in a future version of PHP) /home/hhkone/domains/hhk.one/public_html/nuuclass/Application/Runtime/Cache/Studentaid/f9420204cc3b63f41d6f197d7d192238.php 第 4 行.
NOTIC: [2] Use of undefined constant color - assumed 'color' (this will throw an Error in a future version of PHP) /home/hhkone/domains/hhk.one/public_html/nuuclass/Application/Runtime/Cache/Studentaid/f9420204cc3b63f41d6f197d7d192238.php 第 4 行.
NOTIC: [2] Use of undefined constant color - assumed 'color' (this will throw an Error in a future version of PHP) /home/hhkone/domains/hhk.one/public_html/nuuclass/Application/Runtime/Cache/Studentaid/f9420204cc3b63f41d6f197d7d192238.php 第 4 行.
INFO: Run Behavior\ParseTemplateBehavior [ RunTime:0.006783s ]
INFO: [ view_parse ] --END-- [ RunTime:0.006804s ]
INFO: [ view_filter ] --START--
INFO: Run Behavior\WriteHtmlCacheBehavior [ RunTime:0.000400s ]
INFO: [ view_filter ] --END-- [ RunTime:0.000421s ]
INFO: [ app_end ] --START--
INFO: Run Behavior\ShowPageTraceBehavior [ RunTime:0.000401s ]
INFO: [ app_end ] --END-- [ RunTime:0.000425s ]

[ 2022-02-01T16:42:38+08:00 ] 42.73.251.31 /index.php/Studentaid/Index/index.html
INFO: [ app_init ] --START--
INFO: Run Behavior\BuildLiteBehavior [ RunTime:0.000009s ]
INFO: [ app_init ] --END-- [ RunTime:0.000271s ]
INFO: [ app_begin ] --START--
INFO: Run Behavior\ReadHtmlCacheBehavior [ RunTime:0.000237s ]
INFO: [ app_begin ] --END-- [ RunTime:0.000257s ]
SQL: SHOW COLUMNS FROM `config` [ RunTime:0.0022s ]
SQL: SELECT * FROM `config`  [ RunTime:0.0007s ]
NOTIC: [8] Undefined variable: ex /home/hhkone/domains/hhk.one/public_html/nuuclass/Application/Studentaid/Controller/IndexController.class.php 第 14 行.
NOTIC: [8] Trying to access array offset on value of type null /home/hhkone/domains/hhk.one/public_html/nuuclass/Application/Studentaid/Controller/IndexController.class.php 第 14 行.
NOTIC: [8] Undefined variable: ex /home/hhkone/domains/hhk.one/public_html/nuuclass/Application/Studentaid/Controller/IndexController.class.php 第 14 行.
NOTIC: [8] Trying to access array offset on value of type null /home/hhkone/domains/hhk.one/public_html/nuuclass/Application/Studentaid/Controller/IndexController.class.php 第 14 行.
NOTIC: [8] Undefined variable: ex /home/hhkone/domains/hhk.one/public_html/nuuclass/Application/Studentaid/Controller/IndexController.class.php 第 14 行.
NOTIC: [8] Trying to access array offset on value of type null /home/hhkone/domains/hhk.one/public_html/nuuclass/Application/Studentaid/Controller/IndexController.class.php 第 14 行.
SQL: SHOW COLUMNS FROM `class` [ RunTime:0.0012s ]
SQL: SELECT DISTINCT  `lastclass` FROM `class` ORDER BY  `lastclass` desc  [ RunTime:0.0009s ]
SQL: SELECT * FROM `config` LIMIT 1   [ RunTime:0.0007s ]
SQL: SHOW COLUMNS FROM `user` [ RunTime:0.0014s ]
SQL: SELECT COUNT(*) AS tp_count FROM `user` LIMIT 1   [ RunTime:0.0004s ]
INFO: [ view_parse ] --START--
INFO: [ template_filter ] --START--
INFO: Run Behavior\ContentReplaceBehavior [ RunTime:0.000047s ]
INFO: [ template_filter ] --END-- [ RunTime:0.000064s ]
INFO: Run Behavior\ParseTemplateBehavior [ RunTime:0.003036s ]
INFO: [ view_parse ] --END-- [ RunTime:0.003055s ]
INFO: [ view_filter ] --START--
INFO: Run Behavior\WriteHtmlCacheBehavior [ RunTime:0.000287s ]
INFO: [ view_filter ] --END-- [ RunTime:0.000304s ]
INFO: [ app_end ] --START--
INFO: Run Behavior\ShowPageTraceBehavior [ RunTime:0.000243s ]
INFO: [ app_end ] --END-- [ RunTime:0.000262s ]

[ 2022-02-01T16:42:38+08:00 ] 42.73.251.31 /index.php/Studentaid/Index/class_post.html
INFO: [ app_init ] --START--
INFO: Run Behavior\BuildLiteBehavior [ RunTime:0.000008s ]
INFO: [ app_init ] --END-- [ RunTime:0.000243s ]
INFO: [ app_begin ] --START--
INFO: Run Behavior\ReadHtmlCacheBehavior [ RunTime:0.000280s ]
INFO: [ app_begin ] --END-- [ RunTime:0.000307s ]
SQL: SHOW COLUMNS FROM `config` [ RunTime:0.0022s ]
SQL: SELECT * FROM `config`  [ RunTime:0.0008s ]
SQL: SHOW COLUMNS FROM `class` [ RunTime:0.0013s ]
SQL: SELECT * FROM `class` WHERE ( `lastclass`='管理碩' )  [ RunTime:0.0008s ]
INFO: [ app_end ] --START--
INFO: Run Behavior\ShowPageTraceBehavior [ RunTime:0.000279s ]
INFO: [ app_end ] --END-- [ RunTime:0.000301s ]

[ 2022-02-01T16:42:41+08:00 ] 42.73.251.31 /index.php/Studentaid/Index/class_post.html
INFO: [ app_init ] --START--
INFO: Run Behavior\BuildLiteBehavior [ RunTime:0.000009s ]
INFO: [ app_init ] --END-- [ RunTime:0.000243s ]
INFO: [ app_begin ] --START--
INFO: Run Behavior\ReadHtmlCacheBehavior [ RunTime:0.000266s ]
INFO: [ app_begin ] --END-- [ RunTime:0.000287s ]
SQL: SHOW COLUMNS FROM `config` [ RunTime:0.0021s ]
SQL: SELECT * FROM `config`  [ RunTime:0.0008s ]
SQL: SHOW COLUMNS FROM `class` [ RunTime:0.0013s ]
SQL: SELECT * FROM `class` WHERE ( `lastclass`='日物聯' )  [ RunTime:0.0006s ]
INFO: [ app_end ] --START--
INFO: Run Behavior\ShowPageTraceBehavior [ RunTime:0.000263s ]
INFO: [ app_end ] --END-- [ RunTime:0.000285s ]

[ 2022-02-01T16:45:52+08:00 ] 42.73.251.31 /index.php/
INFO: [ app_init ] --START--
INFO: Run Behavior\BuildLiteBehavior [ RunTime:0.000025s ]
INFO: [ app_init ] --END-- [ RunTime:0.000331s ]
INFO: [ app_begin ] --START--
INFO: Run Behavior\ReadHtmlCacheBehavior [ RunTime:0.000239s ]
INFO: [ app_begin ] --END-- [ RunTime:0.000260s ]
SQL: SHOW COLUMNS FROM `config` [ RunTime:0.0020s ]
SQL: SELECT * FROM `config`  [ RunTime:0.0008s ]
NOTIC: [8] Undefined variable: ex /home/hhkone/domains/hhk.one/public_html/nuuclass/Application/Studentaid/Controller/IndexController.class.php 第 14 行.
NOTIC: [8] Trying to access array offset on value of type null /home/hhkone/domains/hhk.one/public_html/nuuclass/Application/Studentaid/Controller/IndexController.class.php 第 14 行.
NOTIC: [8] Undefined variable: ex /home/hhkone/domains/hhk.one/public_html/nuuclass/Application/Studentaid/Controller/IndexController.class.php 第 14 行.
NOTIC: [8] Trying to access array offset on value of type null /home/hhkone/domains/hhk.one/public_html/nuuclass/Application/Studentaid/Controller/IndexController.class.php 第 14 行.
NOTIC: [8] Undefined variable: ex /home/hhkone/domains/hhk.one/public_html/nuuclass/Application/Studentaid/Controller/IndexController.class.php 第 14 行.
NOTIC: [8] Trying to access array offset on value of type null /home/hhkone/domains/hhk.one/public_html/nuuclass/Application/Studentaid/Controller/IndexController.class.php 第 14 行.
SQL: SHOW COLUMNS FROM `class` [ RunTime:0.0012s ]
SQL: SELECT DISTINCT  `lastclass` FROM `class` ORDER BY  `lastclass` desc  [ RunTime:0.0008s ]
SQL: SELECT * FROM `config` LIMIT 1   [ RunTime:0.0005s ]
SQL: SHOW COLUMNS FROM `user` [ RunTime:0.0011s ]
SQL: SELECT COUNT(*) AS tp_count FROM `user` LIMIT 1   [ RunTime:0.0004s ]
INFO: [ view_parse ] --START--
INFO: [ template_filter ] --START--
INFO: Run Behavior\ContentReplaceBehavior [ RunTime:0.000062s ]
INFO: [ template_filter ] --END-- [ RunTime:0.000082s ]
INFO: Run Behavior\ParseTemplateBehavior [ RunTime:0.006530s ]
INFO: [ view_parse ] --END-- [ RunTime:0.006551s ]
INFO: [ view_filter ] --START--
INFO: Run Behavior\WriteHtmlCacheBehavior [ RunTime:0.000272s ]
INFO: [ view_filter ] --END-- [ RunTime:0.000289s ]
INFO: [ app_end ] --START--
INFO: Run Behavior\ShowPageTraceBehavior [ RunTime:0.000259s ]
INFO: [ app_end ] --END-- [ RunTime:0.000309s ]

[ 2022-02-01T16:45:53+08:00 ] 42.73.251.31 /index.php/Studentaid/Index/class_post.html
INFO: [ app_init ] --START--
INFO: Run Behavior\BuildLiteBehavior [ RunTime:0.000015s ]
INFO: [ app_init ] --END-- [ RunTime:0.000518s ]
INFO: [ app_begin ] --START--
INFO: Run Behavior\ReadHtmlCacheBehavior [ RunTime:0.000314s ]
INFO: [ app_begin ] --END-- [ RunTime:0.000336s ]
SQL: SHOW COLUMNS FROM `config` [ RunTime:0.0022s ]
SQL: SELECT * FROM `config`  [ RunTime:0.0007s ]
SQL: SHOW COLUMNS FROM `class` [ RunTime:0.0013s ]
SQL: SELECT * FROM `class` WHERE ( `lastclass`='管理碩' )  [ RunTime:0.0006s ]
INFO: [ app_end ] --START--
INFO: Run Behavior\ShowPageTraceBehavior [ RunTime:0.001347s ]
INFO: [ app_end ] --END-- [ RunTime:0.001367s ]

[ 2022-02-01T16:47:15+08:00 ] 42.73.251.31 /index.php/
INFO: [ app_init ] --START--
INFO: Run Behavior\BuildLiteBehavior [ RunTime:0.000021s ]
INFO: [ app_init ] --END-- [ RunTime:0.000250s ]
INFO: [ app_begin ] --START--
INFO: Run Behavior\ReadHtmlCacheBehavior [ RunTime:0.000258s ]
INFO: [ app_begin ] --END-- [ RunTime:0.000278s ]
SQL: SHOW COLUMNS FROM `config` [ RunTime:0.0020s ]
SQL: SELECT * FROM `config`  [ RunTime:0.0006s ]
NOTIC: [8] Undefined variable: ex /home/hhkone/domains/hhk.one/public_html/nuuclass/Application/Studentaid/Controller/IndexController.class.php 第 14 行.
NOTIC: [8] Trying to access array offset on value of type null /home/hhkone/domains/hhk.one/public_html/nuuclass/Application/Studentaid/Controller/IndexController.class.php 第 14 行.
NOTIC: [8] Undefined variable: ex /home/hhkone/domains/hhk.one/public_html/nuuclass/Application/Studentaid/Controller/IndexController.class.php 第 14 行.
NOTIC: [8] Trying to access array offset on value of type null /home/hhkone/domains/hhk.one/public_html/nuuclass/Application/Studentaid/Controller/IndexController.class.php 第 14 行.
NOTIC: [8] Undefined variable: ex /home/hhkone/domains/hhk.one/public_html/nuuclass/Application/Studentaid/Controller/IndexController.class.php 第 14 行.
NOTIC: [8] Trying to access array offset on value of type null /home/hhkone/domains/hhk.one/public_html/nuuclass/Application/Studentaid/Controller/IndexController.class.php 第 14 行.
SQL: SHOW COLUMNS FROM `class` [ RunTime:0.0011s ]
SQL: SELECT DISTINCT  `lastclass` FROM `class` ORDER BY  `lastclass` desc  [ RunTime:0.0007s ]
SQL: SELECT * FROM `config` LIMIT 1   [ RunTime:0.0005s ]
SQL: SHOW COLUMNS FROM `user` [ RunTime:0.0011s ]
SQL: SELECT COUNT(*) AS tp_count FROM `user` LIMIT 1   [ RunTime:0.0003s ]
INFO: [ view_parse ] --START--
INFO: [ template_filter ] --START--
INFO: Run Behavior\ContentReplaceBehavior [ RunTime:0.000059s ]
INFO: [ template_filter ] --END-- [ RunTime:0.000083s ]
INFO: Run Behavior\ParseTemplateBehavior [ RunTime:0.003414s ]
INFO: [ view_parse ] --END-- [ RunTime:0.003438s ]
INFO: [ view_filter ] --START--
INFO: Run Behavior\WriteHtmlCacheBehavior [ RunTime:0.000320s ]
INFO: [ view_filter ] --END-- [ RunTime:0.000339s ]
INFO: [ app_end ] --START--
INFO: Run Behavior\ShowPageTraceBehavior [ RunTime:0.000270s ]
INFO: [ app_end ] --END-- [ RunTime:0.000294s ]

[ 2022-02-01T16:47:15+08:00 ] 42.73.251.31 /index.php/Studentaid/Index/class_post.html
INFO: [ app_init ] --START--
INFO: Run Behavior\BuildLiteBehavior [ RunTime:0.000008s ]
INFO: [ app_init ] --END-- [ RunTime:0.000249s ]
INFO: [ app_begin ] --START--
INFO: Run Behavior\ReadHtmlCacheBehavior [ RunTime:0.000286s ]
INFO: [ app_begin ] --END-- [ RunTime:0.000308s ]
SQL: SHOW COLUMNS FROM `config` [ RunTime:0.0020s ]
SQL: SELECT * FROM `config`  [ RunTime:0.0006s ]
SQL: SHOW COLUMNS FROM `class` [ RunTime:0.0012s ]
SQL: SELECT * FROM `class` WHERE ( `lastclass`='管理碩' )  [ RunTime:0.0006s ]
INFO: [ app_end ] --START--
INFO: Run Behavior\ShowPageTraceBehavior [ RunTime:0.000540s ]
INFO: [ app_end ] --END-- [ RunTime:0.000569s ]

[ 2022-02-01T16:48:02+08:00 ] 42.73.251.31 /index.php/Studentaid/
INFO: [ app_init ] --START--
INFO: Run Behavior\BuildLiteBehavior [ RunTime:0.000021s ]
INFO: [ app_init ] --END-- [ RunTime:0.000346s ]
INFO: [ app_begin ] --START--
INFO: Run Behavior\ReadHtmlCacheBehavior [ RunTime:0.000289s ]
INFO: [ app_begin ] --END-- [ RunTime:0.000310s ]
SQL: SHOW COLUMNS FROM `config` [ RunTime:0.0051s ]
SQL: SELECT * FROM `config`  [ RunTime:0.0009s ]
NOTIC: [8] Undefined variable: ex /home/hhkone/domains/hhk.one/public_html/nuuclass/Application/Studentaid/Controller/IndexController.class.php 第 14 行.
NOTIC: [8] Trying to access array offset on value of type null /home/hhkone/domains/hhk.one/public_html/nuuclass/Application/Studentaid/Controller/IndexController.class.php 第 14 行.
NOTIC: [8] Undefined variable: ex /home/hhkone/domains/hhk.one/public_html/nuuclass/Application/Studentaid/Controller/IndexController.class.php 第 14 行.
NOTIC: [8] Trying to access array offset on value of type null /home/hhkone/domains/hhk.one/public_html/nuuclass/Application/Studentaid/Controller/IndexController.class.php 第 14 行.
NOTIC: [8] Undefined variable: ex /home/hhkone/domains/hhk.one/public_html/nuuclass/Application/Studentaid/Controller/IndexController.class.php 第 14 行.
NOTIC: [8] Trying to access array offset on value of type null /home/hhkone/domains/hhk.one/public_html/nuuclass/Application/Studentaid/Controller/IndexController.class.php 第 14 行.
SQL: SHOW COLUMNS FROM `class` [ RunTime:0.0014s ]
SQL: SELECT DISTINCT  `lastclass` FROM `class` ORDER BY  `lastclass` desc  [ RunTime:0.0044s ]
SQL: SELECT * FROM `config` LIMIT 1   [ RunTime:0.0010s ]
SQL: SHOW COLUMNS FROM `user` [ RunTime:0.0016s ]
SQL: SELECT COUNT(*) AS tp_count FROM `user` LIMIT 1   [ RunTime:0.0006s ]
INFO: [ view_parse ] --START--
INFO: [ template_filter ] --START--
INFO: Run Behavior\ContentReplaceBehavior [ RunTime:0.000108s ]
INFO: [ template_filter ] --END-- [ RunTime:0.000144s ]
INFO: Run Behavior\ParseTemplateBehavior [ RunTime:0.008427s ]
INFO: [ view_parse ] --END-- [ RunTime:0.008459s ]
INFO: [ view_filter ] --START--
INFO: Run Behavior\WriteHtmlCacheBehavior [ RunTime:0.001612s ]
INFO: [ view_filter ] --END-- [ RunTime:0.001647s ]
INFO: [ app_end ] --START--
INFO: Run Behavior\ShowPageTraceBehavior [ RunTime:0.000593s ]
INFO: [ app_end ] --END-- [ RunTime:0.000625s ]

[ 2022-02-01T16:48:02+08:00 ] 42.73.251.31 /index.php/Studentaid/Index/class_post.html
INFO: [ app_init ] --START--
INFO: Run Behavior\BuildLiteBehavior [ RunTime:0.000012s ]
INFO: [ app_init ] --END-- [ RunTime:0.000401s ]
INFO: [ app_begin ] --START--
INFO: Run Behavior\ReadHtmlCacheBehavior [ RunTime:0.000405s ]
INFO: [ app_begin ] --END-- [ RunTime:0.000436s ]
SQL: SHOW COLUMNS FROM `config` [ RunTime:0.0031s ]
SQL: SELECT * FROM `config`  [ RunTime:0.0007s ]
SQL: SHOW COLUMNS FROM `class` [ RunTime:0.0018s ]
SQL: SELECT * FROM `class` WHERE ( `lastclass`='管理碩' )  [ RunTime:0.0008s ]
INFO: [ app_end ] --START--
INFO: Run Behavior\ShowPageTraceBehavior [ RunTime:0.000374s ]
INFO: [ app_end ] --END-- [ RunTime:0.000399s ]

[ 2022-02-01T16:55:45+08:00 ] 42.73.251.31 /
INFO: [ app_init ] --START--
INFO: Run Behavior\BuildLiteBehavior [ RunTime:0.000012s ]
INFO: [ app_init ] --END-- [ RunTime:0.000377s ]
INFO: [ app_begin ] --START--
INFO: Run Behavior\ReadHtmlCacheBehavior [ RunTime:0.000239s ]
INFO: [ app_begin ] --END-- [ RunTime:0.000261s ]
SQL: SHOW COLUMNS FROM `config` [ RunTime:0.0020s ]
SQL: SELECT * FROM `config`  [ RunTime:0.0006s ]
NOTIC: [8] Undefined variable: ex /home/hhkone/domains/hhk.one/public_html/nuuclass/Application/Studentaid/Controller/IndexController.class.php 第 14 行.
NOTIC: [8] Trying to access array offset on value of type null /home/hhkone/domains/hhk.one/public_html/nuuclass/Application/Studentaid/Controller/IndexController.class.php 第 14 行.
NOTIC: [8] Undefined variable: ex /home/hhkone/domains/hhk.one/public_html/nuuclass/Application/Studentaid/Controller/IndexController.class.php 第 14 行.
NOTIC: [8] Trying to access array offset on value of type null /home/hhkone/domains/hhk.one/public_html/nuuclass/Application/Studentaid/Controller/IndexController.class.php 第 14 行.
NOTIC: [8] Undefined variable: ex /home/hhkone/domains/hhk.one/public_html/nuuclass/Application/Studentaid/Controller/IndexController.class.php 第 14 行.
NOTIC: [8] Trying to access array offset on value of type null /home/hhkone/domains/hhk.one/public_html/nuuclass/Application/Studentaid/Controller/IndexController.class.php 第 14 行.
SQL: SHOW COLUMNS FROM `class` [ RunTime:0.0011s ]
SQL: SELECT DISTINCT  `lastclass` FROM `class` ORDER BY  `lastclass` desc  [ RunTime:0.0008s ]
SQL: SELECT * FROM `config` LIMIT 1   [ RunTime:0.0005s ]
SQL: SHOW COLUMNS FROM `user` [ RunTime:0.0011s ]
SQL: SELECT COUNT(*) AS tp_count FROM `user` LIMIT 1   [ RunTime:0.0004s ]
INFO: [ view_parse ] --START--
INFO: [ template_filter ] --START--
INFO: Run Behavior\ContentReplaceBehavior [ RunTime:0.000049s ]
INFO: [ template_filter ] --END-- [ RunTime:0.000067s ]
INFO: Run Behavior\ParseTemplateBehavior [ RunTime:0.003289s ]
INFO: [ view_parse ] --END-- [ RunTime:0.003308s ]
INFO: [ view_filter ] --START--
INFO: Run Behavior\WriteHtmlCacheBehavior [ RunTime:0.000297s ]
INFO: [ view_filter ] --END-- [ RunTime:0.000313s ]
INFO: [ app_end ] --START--
INFO: Run Behavior\ShowPageTraceBehavior [ RunTime:0.000293s ]
INFO: [ app_end ] --END-- [ RunTime:0.000312s ]

[ 2022-02-01T16:55:46+08:00 ] 42.73.251.31 /index.php/Studentaid/Index/class_post.html
INFO: [ app_init ] --START--
INFO: Run Behavior\BuildLiteBehavior [ RunTime:0.000013s ]
INFO: [ app_init ] --END-- [ RunTime:0.000470s ]
INFO: [ app_begin ] --START--
INFO: Run Behavior\ReadHtmlCacheBehavior [ RunTime:0.000486s ]
INFO: [ app_begin ] --END-- [ RunTime:0.000515s ]
SQL: SHOW COLUMNS FROM `config` [ RunTime:0.0028s ]
SQL: SELECT * FROM `config`  [ RunTime:0.0007s ]
SQL: SHOW COLUMNS FROM `class` [ RunTime:0.0017s ]
SQL: SELECT * FROM `class` WHERE ( `lastclass`='管理碩' )  [ RunTime:0.0007s ]
INFO: [ app_end ] --START--
INFO: Run Behavior\ShowPageTraceBehavior [ RunTime:0.000435s ]
INFO: [ app_end ] --END-- [ RunTime:0.000461s ]

[ 2022-02-01T17:10:01+08:00 ] 42.73.251.31 /
INFO: [ app_init ] --START--
INFO: Run Behavior\BuildLiteBehavior [ RunTime:0.000013s ]
INFO: [ app_init ] --END-- [ RunTime:0.000322s ]
INFO: [ app_begin ] --START--
INFO: Run Behavior\ReadHtmlCacheBehavior [ RunTime:0.000246s ]
INFO: [ app_begin ] --END-- [ RunTime:0.000268s ]
SQL: SHOW COLUMNS FROM `config` [ RunTime:0.0029s ]
SQL: SELECT * FROM `config`  [ RunTime:0.0007s ]
NOTIC: [8] Undefined variable: ex /home/hhkone/domains/hhk.one/public_html/nuuclass/Application/Studentaid/Controller/IndexController.class.php 第 14 行.
NOTIC: [8] Trying to access array offset on value of type null /home/hhkone/domains/hhk.one/public_html/nuuclass/Application/Studentaid/Controller/IndexController.class.php 第 14 行.
NOTIC: [8] Undefined variable: ex /home/hhkone/domains/hhk.one/public_html/nuuclass/Application/Studentaid/Controller/IndexController.class.php 第 14 行.
NOTIC: [8] Trying to access array offset on value of type null /home/hhkone/domains/hhk.one/public_html/nuuclass/Application/Studentaid/Controller/IndexController.class.php 第 14 行.
NOTIC: [8] Undefined variable: ex /home/hhkone/domains/hhk.one/public_html/nuuclass/Application/Studentaid/Controller/IndexController.class.php 第 14 行.
NOTIC: [8] Trying to access array offset on value of type null /home/hhkone/domains/hhk.one/public_html/nuuclass/Application/Studentaid/Controller/IndexController.class.php 第 14 行.
SQL: SHOW COLUMNS FROM `class` [ RunTime:0.0017s ]
SQL: SELECT DISTINCT  `lastclass` FROM `class` ORDER BY  `lastclass` desc  [ RunTime:0.0011s ]
SQL: SELECT * FROM `config` LIMIT 1   [ RunTime:0.0007s ]
SQL: SHOW COLUMNS FROM `user` [ RunTime:0.0018s ]
SQL: SELECT COUNT(*) AS tp_count FROM `user` LIMIT 1   [ RunTime:0.0004s ]
INFO: [ view_parse ] --START--
INFO: [ template_filter ] --START--
INFO: Run Behavior\ContentReplaceBehavior [ RunTime:0.000062s ]
INFO: [ template_filter ] --END-- [ RunTime:0.000083s ]
INFO: Run Behavior\ParseTemplateBehavior [ RunTime:0.003866s ]
INFO: [ view_parse ] --END-- [ RunTime:0.003891s ]
INFO: [ view_filter ] --START--
INFO: Run Behavior\WriteHtmlCacheBehavior [ RunTime:0.000287s ]
INFO: [ view_filter ] --END-- [ RunTime:0.000312s ]
INFO: [ app_end ] --START--
INFO: Run Behavior\ShowPageTraceBehavior [ RunTime:0.000570s ]
INFO: [ app_end ] --END-- [ RunTime:0.000599s ]

[ 2022-02-01T17:10:02+08:00 ] 42.73.251.31 /index.php/Studentaid/Index/class_post.html
INFO: [ app_init ] --START--
INFO: Run Behavior\BuildLiteBehavior [ RunTime:0.000012s ]
INFO: [ app_init ] --END-- [ RunTime:0.000300s ]
INFO: [ app_begin ] --START--
INFO: Run Behavior\ReadHtmlCacheBehavior [ RunTime:0.000313s ]
INFO: [ app_begin ] --END-- [ RunTime:0.000335s ]
SQL: SHOW COLUMNS FROM `config` [ RunTime:0.0031s ]
SQL: SELECT * FROM `config`  [ RunTime:0.0008s ]
SQL: SHOW COLUMNS FROM `class` [ RunTime:0.0014s ]
SQL: SELECT * FROM `class` WHERE ( `lastclass`='管理碩' )  [ RunTime:0.0007s ]
INFO: [ app_end ] --START--
INFO: Run Behavior\ShowPageTraceBehavior [ RunTime:0.000592s ]
INFO: [ app_end ] --END-- [ RunTime:0.000620s ]

[ 2022-02-01T17:11:02+08:00 ] 42.73.251.31 /
INFO: [ app_init ] --START--
INFO: Run Behavior\BuildLiteBehavior [ RunTime:0.000010s ]
INFO: [ app_init ] --END-- [ RunTime:0.000238s ]
INFO: [ app_begin ] --START--
INFO: Run Behavior\ReadHtmlCacheBehavior [ RunTime:0.000255s ]
INFO: [ app_begin ] --END-- [ RunTime:0.000275s ]
SQL: SHOW COLUMNS FROM `config` [ RunTime:0.0021s ]
SQL: SELECT * FROM `config`  [ RunTime:0.0005s ]
NOTIC: [8] Undefined variable: ex /home/hhkone/domains/hhk.one/public_html/nuuclass/Application/Studentaid/Controller/IndexController.class.php 第 14 行.
NOTIC: [8] Trying to access array offset on value of type null /home/hhkone/domains/hhk.one/public_html/nuuclass/Application/Studentaid/Controller/IndexController.class.php 第 14 行.
NOTIC: [8] Undefined variable: ex /home/hhkone/domains/hhk.one/public_html/nuuclass/Application/Studentaid/Controller/IndexController.class.php 第 14 行.
NOTIC: [8] Trying to access array offset on value of type null /home/hhkone/domains/hhk.one/public_html/nuuclass/Application/Studentaid/Controller/IndexController.class.php 第 14 行.
NOTIC: [8] Undefined variable: ex /home/hhkone/domains/hhk.one/public_html/nuuclass/Application/Studentaid/Controller/IndexController.class.php 第 14 行.
NOTIC: [8] Trying to access array offset on value of type null /home/hhkone/domains/hhk.one/public_html/nuuclass/Application/Studentaid/Controller/IndexController.class.php 第 14 行.
SQL: SHOW COLUMNS FROM `class` [ RunTime:0.0011s ]
SQL: SELECT DISTINCT  `lastclass` FROM `class` ORDER BY  `lastclass` desc  [ RunTime:0.0007s ]
SQL: SELECT * FROM `config` LIMIT 1   [ RunTime:0.0005s ]
SQL: SHOW COLUMNS FROM `user` [ RunTime:0.0011s ]
SQL: SELECT COUNT(*) AS tp_count FROM `user` LIMIT 1   [ RunTime:0.0004s ]
INFO: [ view_parse ] --START--
INFO: [ template_filter ] --START--
INFO: Run Behavior\ContentReplaceBehavior [ RunTime:0.000066s ]
INFO: [ template_filter ] --END-- [ RunTime:0.000093s ]
INFO: Run Behavior\ParseTemplateBehavior [ RunTime:0.004848s ]
INFO: [ view_parse ] --END-- [ RunTime:0.004874s ]
INFO: [ view_filter ] --START--
INFO: Run Behavior\WriteHtmlCacheBehavior [ RunTime:0.000459s ]
INFO: [ view_filter ] --END-- [ RunTime:0.000481s ]
INFO: [ app_end ] --START--
INFO: Run Behavior\ShowPageTraceBehavior [ RunTime:0.000439s ]
INFO: [ app_end ] --END-- [ RunTime:0.000465s ]

[ 2022-02-01T17:11:02+08:00 ] 42.73.251.31 /index.php/Studentaid/Index/class_post.html
INFO: [ app_init ] --START--
INFO: Run Behavior\BuildLiteBehavior [ RunTime:0.000010s ]
INFO: [ app_init ] --END-- [ RunTime:0.000262s ]
INFO: [ app_begin ] --START--
INFO: Run Behavior\ReadHtmlCacheBehavior [ RunTime:0.000234s ]
INFO: [ app_begin ] --END-- [ RunTime:0.000253s ]
SQL: SHOW COLUMNS FROM `config` [ RunTime:0.0020s ]
SQL: SELECT * FROM `config`  [ RunTime:0.0006s ]
SQL: SHOW COLUMNS FROM `class` [ RunTime:0.0011s ]
SQL: SELECT * FROM `class` WHERE ( `lastclass`='管理碩' )  [ RunTime:0.0006s ]
INFO: [ app_end ] --START--
INFO: Run Behavior\ShowPageTraceBehavior [ RunTime:0.000262s ]
INFO: [ app_end ] --END-- [ RunTime:0.000280s ]

