[ 2024-02-02T13:21:39+08:00 ] 1.163.25.237 /
INFO: [ app_init ] --START--
INFO: Run Behavior\BuildLiteBehavior [ RunTime:0.000005s ]
INFO: [ app_init ] --END-- [ RunTime:0.000166s ]
INFO: [ app_begin ] --START--
INFO: Run Behavior\ReadHtmlCacheBehavior [ RunTime:0.000805s ]
INFO: [ app_begin ] --END-- [ RunTime:0.000824s ]
ERR: SQLSTATE[HY000] [1045] Access denied for user 'hhkone_root'@'Lionfree-s1' (using password: YES)

[ 2024-02-02T13:24:03+08:00 ] 1.163.25.237 /
INFO: [ app_init ] --START--
INFO: Run Behavior\BuildLiteBehavior [ RunTime:0.000015s ]
INFO: [ app_init ] --END-- [ RunTime:0.000152s ]
INFO: [ app_begin ] --START--
INFO: Run Behavior\ReadHtmlCacheBehavior [ RunTime:0.000140s ]
INFO: [ app_begin ] --END-- [ RunTime:0.000155s ]
SQL: SHOW COLUMNS FROM `config` [ RunTime:0.0022s ]
SQL: SELECT * FROM `config`  [ RunTime:0.0026s ]
NOTIC: [8] Undefined variable: ex /home/hhkone/domains/hhk.one/public_html/nuuclass/Application/Studentaid/Controller/IndexController.class.php 第 14 行.
NOTIC: [8] Trying to access array offset on value of type null /home/hhkone/domains/hhk.one/public_html/nuuclass/Application/Studentaid/Controller/IndexController.class.php 第 14 行.
NOTIC: [8] Undefined variable: ex /home/hhkone/domains/hhk.one/public_html/nuuclass/Application/Studentaid/Controller/IndexController.class.php 第 14 行.
NOTIC: [8] Trying to access array offset on value of type null /home/hhkone/domains/hhk.one/public_html/nuuclass/Application/Studentaid/Controller/IndexController.class.php 第 14 行.
NOTIC: [8] Undefined variable: ex /home/hhkone/domains/hhk.one/public_html/nuuclass/Application/Studentaid/Controller/IndexController.class.php 第 14 行.
NOTIC: [8] Trying to access array offset on value of type null /home/hhkone/domains/hhk.one/public_html/nuuclass/Application/Studentaid/Controller/IndexController.class.php 第 14 行.
SQL: SHOW COLUMNS FROM `class` [ RunTime:0.0017s ]
SQL: SELECT DISTINCT  `lastclass` FROM `class` ORDER BY  `lastclass` desc  [ RunTime:0.0013s ]
SQL: SELECT * FROM `config` LIMIT 1   [ RunTime:0.0014s ]
SQL: SHOW COLUMNS FROM `user` [ RunTime:0.0014s ]
SQL: SELECT COUNT(*) AS tp_count FROM `user` LIMIT 1   [ RunTime:0.0008s ]
INFO: [ view_parse ] --START--
INFO: [ template_filter ] --START--
INFO: Run Behavior\ContentReplaceBehavior [ RunTime:0.000038s ]
INFO: [ template_filter ] --END-- [ RunTime:0.000052s ]
INFO: Run Behavior\ParseTemplateBehavior [ RunTime:0.007757s ]
INFO: [ view_parse ] --END-- [ RunTime:0.007774s ]
INFO: [ view_filter ] --START--
INFO: Run Behavior\WriteHtmlCacheBehavior [ RunTime:0.000300s ]
INFO: [ view_filter ] --END-- [ RunTime:0.000312s ]
INFO: [ app_end ] --START--
INFO: Run Behavior\ShowPageTraceBehavior [ RunTime:0.000642s ]
INFO: [ app_end ] --END-- [ RunTime:0.000658s ]

[ 2024-02-02T13:24:03+08:00 ] 1.163.25.237 /index.php/Studentaid/Index/class_post.html
INFO: [ app_init ] --START--
INFO: Run Behavior\BuildLiteBehavior [ RunTime:0.000005s ]
INFO: [ app_init ] --END-- [ RunTime:0.000114s ]
INFO: [ app_begin ] --START--
INFO: Run Behavior\ReadHtmlCacheBehavior [ RunTime:0.000111s ]
INFO: [ app_begin ] --END-- [ RunTime:0.000125s ]
SQL: SHOW COLUMNS FROM `config` [ RunTime:0.0019s ]
SQL: SELECT * FROM `config`  [ RunTime:0.0016s ]
SQL: SHOW COLUMNS FROM `class` [ RunTime:0.0014s ]
SQL: SELECT * FROM `class` WHERE ( `lastclass`='管理碩' )  [ RunTime:0.0010s ]
INFO: [ app_end ] --START--
INFO: Run Behavior\ShowPageTraceBehavior [ RunTime:0.000125s ]
INFO: [ app_end ] --END-- [ RunTime:0.000136s ]

[ 2024-02-02T13:25:18+08:00 ] 1.163.25.237 /index.php/Studentaid/Index/class_post.html
INFO: [ app_init ] --START--
INFO: Run Behavior\BuildLiteBehavior [ RunTime:0.000008s ]
INFO: [ app_init ] --END-- [ RunTime:0.000169s ]
INFO: [ app_begin ] --START--
INFO: Run Behavior\ReadHtmlCacheBehavior [ RunTime:0.000115s ]
INFO: [ app_begin ] --END-- [ RunTime:0.000129s ]
SQL: SHOW COLUMNS FROM `config` [ RunTime:0.0019s ]
SQL: SELECT * FROM `config`  [ RunTime:0.0014s ]
SQL: SHOW COLUMNS FROM `class` [ RunTime:0.0013s ]
SQL: SELECT * FROM `class` WHERE ( `lastclass`='日文創' )  [ RunTime:0.0007s ]
INFO: [ app_end ] --START--
INFO: Run Behavior\ShowPageTraceBehavior [ RunTime:0.000151s ]
INFO: [ app_end ] --END-- [ RunTime:0.000163s ]

[ 2024-02-02T13:25:20+08:00 ] 1.163.25.237 /index.php/Studentaid/Work/index.html
INFO: [ app_init ] --START--
INFO: Run Behavior\BuildLiteBehavior [ RunTime:0.000008s ]
INFO: [ app_init ] --END-- [ RunTime:0.000163s ]
INFO: [ app_begin ] --START--
INFO: Run Behavior\ReadHtmlCacheBehavior [ RunTime:0.000174s ]
INFO: [ app_begin ] --END-- [ RunTime:0.000206s ]
SQL: SHOW COLUMNS FROM `config` [ RunTime:0.0020s ]
SQL: SELECT * FROM `config`  [ RunTime:0.0018s ]
SQL: SHOW COLUMNS FROM `elective` [ RunTime:0.0016s ]
SQL: SELECT * FROM `elective` WHERE ( class='日文創三甲' && `classify`='1' )  [ RunTime:0.0084s ]
NOTIC: [2] Creating default object from empty value /home/hhkone/domains/hhk.one/public_html/nuuclass/Application/Studentaid/Controller/WorkController.class.php 第 108 行.
SQL: SHOW COLUMNS FROM `statistics` [ RunTime:0.0013s ]
SQL: INSERT INTO `statistics` (`date`,`time`,`dataname`,`ip`) VALUES ('2024/02/02','01:25:20','日文創三甲','1.163.25.237') [ RunTime:0.0025s ]
SQL: SHOW COLUMNS FROM `class_type` [ RunTime:0.0014s ]
SQL: SELECT * FROM `class_type`  [ RunTime:0.0009s ]
INFO: [ view_parse ] --START--
INFO: [ template_filter ] --START--
INFO: Run Behavior\ContentReplaceBehavior [ RunTime:0.000086s ]
INFO: [ template_filter ] --END-- [ RunTime:0.000102s ]
NOTIC: [8] Undefined index: id /home/hhkone/domains/hhk.one/public_html/nuuclass/Application/Runtime/Cache/Studentaid/8eb969caeb5e138e96a09548927f7efa.php 第 44 行.
NOTIC: [2] Use of undefined constant obligatory - assumed 'obligatory' (this will throw an Error in a future version of PHP) /home/hhkone/domains/hhk.one/public_html/nuuclass/Application/Runtime/Cache/Studentaid/8eb969caeb5e138e96a09548927f7efa.php 第 72 行.
NOTIC: [2] Use of undefined constant obligatory - assumed 'obligatory' (this will throw an Error in a future version of PHP) /home/hhkone/domains/hhk.one/public_html/nuuclass/Application/Runtime/Cache/Studentaid/8eb969caeb5e138e96a09548927f7efa.php 第 72 行.
NOTIC: [2] Use of undefined constant obligatory - assumed 'obligatory' (this will throw an Error in a future version of PHP) /home/hhkone/domains/hhk.one/public_html/nuuclass/Application/Runtime/Cache/Studentaid/8eb969caeb5e138e96a09548927f7efa.php 第 72 行.
NOTIC: [2] Use of undefined constant obligatory - assumed 'obligatory' (this will throw an Error in a future version of PHP) /home/hhkone/domains/hhk.one/public_html/nuuclass/Application/Runtime/Cache/Studentaid/8eb969caeb5e138e96a09548927f7efa.php 第 72 行.
NOTIC: [2] Use of undefined constant obligatory - assumed 'obligatory' (this will throw an Error in a future version of PHP) /home/hhkone/domains/hhk.one/public_html/nuuclass/Application/Runtime/Cache/Studentaid/8eb969caeb5e138e96a09548927f7efa.php 第 72 行.
NOTIC: [2] Use of undefined constant obligatory - assumed 'obligatory' (this will throw an Error in a future version of PHP) /home/hhkone/domains/hhk.one/public_html/nuuclass/Application/Runtime/Cache/Studentaid/8eb969caeb5e138e96a09548927f7efa.php 第 72 行.
NOTIC: [2] Use of undefined constant obligatory - assumed 'obligatory' (this will throw an Error in a future version of PHP) /home/hhkone/domains/hhk.one/public_html/nuuclass/Application/Runtime/Cache/Studentaid/8eb969caeb5e138e96a09548927f7efa.php 第 72 行.
NOTIC: [2] Use of undefined constant obligatory - assumed 'obligatory' (this will throw an Error in a future version of PHP) /home/hhkone/domains/hhk.one/public_html/nuuclass/Application/Runtime/Cache/Studentaid/8eb969caeb5e138e96a09548927f7efa.php 第 72 行.
NOTIC: [2] Use of undefined constant obligatory - assumed 'obligatory' (this will throw an Error in a future version of PHP) /home/hhkone/domains/hhk.one/public_html/nuuclass/Application/Runtime/Cache/Studentaid/8eb969caeb5e138e96a09548927f7efa.php 第 72 行.
NOTIC: [2] Use of undefined constant obligatory - assumed 'obligatory' (this will throw an Error in a future version of PHP) /home/hhkone/domains/hhk.one/public_html/nuuclass/Application/Runtime/Cache/Studentaid/8eb969caeb5e138e96a09548927f7efa.php 第 72 行.
NOTIC: [2] Use of undefined constant obligatory - assumed 'obligatory' (this will throw an Error in a future version of PHP) /home/hhkone/domains/hhk.one/public_html/nuuclass/Application/Runtime/Cache/Studentaid/8eb969caeb5e138e96a09548927f7efa.php 第 72 行.
NOTIC: [2] Use of undefined constant obligatory - assumed 'obligatory' (this will throw an Error in a future version of PHP) /home/hhkone/domains/hhk.one/public_html/nuuclass/Application/Runtime/Cache/Studentaid/8eb969caeb5e138e96a09548927f7efa.php 第 72 行.
NOTIC: [8] Undefined index: id /home/hhkone/domains/hhk.one/public_html/nuuclass/Application/Runtime/Cache/Studentaid/8eb969caeb5e138e96a09548927f7efa.php 第 159 行.
INFO: Run Behavior\ParseTemplateBehavior [ RunTime:0.004217s ]
INFO: [ view_parse ] --END-- [ RunTime:0.004250s ]
INFO: [ view_filter ] --START--
INFO: Run Behavior\WriteHtmlCacheBehavior [ RunTime:0.000154s ]
INFO: [ view_filter ] --END-- [ RunTime:0.000166s ]
INFO: [ app_end ] --START--
INFO: Run Behavior\ShowPageTraceBehavior [ RunTime:0.000196s ]
INFO: [ app_end ] --END-- [ RunTime:0.000210s ]

[ 2024-02-02T13:25:21+08:00 ] 1.163.25.237 /index.php/Studentaid/Work/name_post.html
INFO: [ app_init ] --START--
INFO: Run Behavior\BuildLiteBehavior [ RunTime:0.000015s ]
INFO: [ app_init ] --END-- [ RunTime:0.000136s ]
INFO: [ app_begin ] --START--
INFO: Run Behavior\ReadHtmlCacheBehavior [ RunTime:0.000141s ]
INFO: [ app_begin ] --END-- [ RunTime:0.000156s ]
SQL: SHOW COLUMNS FROM `config` [ RunTime:0.0019s ]
SQL: SELECT * FROM `config`  [ RunTime:0.0016s ]
SQL: SELECT * FROM `elective` where `class_sit` like '%' && class like '%日文創三甲%'&& ( false  || `class_name` LIKE '%%' || `class_sitname` LIKE '%%' || `class` LIKE '%%' || `class_number` LIKE '%%' ) [ RunTime:0.0044s ]
INFO: [ view_parse ] --START--
INFO: [ template_filter ] --START--
INFO: Run Behavior\ContentReplaceBehavior [ RunTime:0.000017s ]
INFO: [ template_filter ] --END-- [ RunTime:0.000032s ]
NOTIC: [2] Use of undefined constant color - assumed 'color' (this will throw an Error in a future version of PHP) /home/hhkone/domains/hhk.one/public_html/nuuclass/Application/Runtime/Cache/Studentaid/f9420204cc3b63f41d6f197d7d192238.php 第 4 行.
NOTIC: [2] Use of undefined constant color - assumed 'color' (this will throw an Error in a future version of PHP) /home/hhkone/domains/hhk.one/public_html/nuuclass/Application/Runtime/Cache/Studentaid/f9420204cc3b63f41d6f197d7d192238.php 第 4 行.
NOTIC: [2] Use of undefined constant color - assumed 'color' (this will throw an Error in a future version of PHP) /home/hhkone/domains/hhk.one/public_html/nuuclass/Application/Runtime/Cache/Studentaid/f9420204cc3b63f41d6f197d7d192238.php 第 4 行.
NOTIC: [2] Use of undefined constant color - assumed 'color' (this will throw an Error in a future version of PHP) /home/hhkone/domains/hhk.one/public_html/nuuclass/Application/Runtime/Cache/Studentaid/f9420204cc3b63f41d6f197d7d192238.php 第 4 行.
NOTIC: [2] Use of undefined constant color - assumed 'color' (this will throw an Error in a future version of PHP) /home/hhkone/domains/hhk.one/public_html/nuuclass/Application/Runtime/Cache/Studentaid/f9420204cc3b63f41d6f197d7d192238.php 第 4 行.
NOTIC: [2] Use of undefined constant color - assumed 'color' (this will throw an Error in a future version of PHP) /home/hhkone/domains/hhk.one/public_html/nuuclass/Application/Runtime/Cache/Studentaid/f9420204cc3b63f41d6f197d7d192238.php 第 4 行.
NOTIC: [2] Use of undefined constant color - assumed 'color' (this will throw an Error in a future version of PHP) /home/hhkone/domains/hhk.one/public_html/nuuclass/Application/Runtime/Cache/Studentaid/f9420204cc3b63f41d6f197d7d192238.php 第 4 行.
NOTIC: [2] Use of undefined constant color - assumed 'color' (this will throw an Error in a future version of PHP) /home/hhkone/domains/hhk.one/public_html/nuuclass/Application/Runtime/Cache/Studentaid/f9420204cc3b63f41d6f197d7d192238.php 第 4 行.
NOTIC: [2] Use of undefined constant color - assumed 'color' (this will throw an Error in a future version of PHP) /home/hhkone/domains/hhk.one/public_html/nuuclass/Application/Runtime/Cache/Studentaid/f9420204cc3b63f41d6f197d7d192238.php 第 4 行.
NOTIC: [2] Use of undefined constant color - assumed 'color' (this will throw an Error in a future version of PHP) /home/hhkone/domains/hhk.one/public_html/nuuclass/Application/Runtime/Cache/Studentaid/f9420204cc3b63f41d6f197d7d192238.php 第 4 行.
NOTIC: [2] Use of undefined constant color - assumed 'color' (this will throw an Error in a future version of PHP) /home/hhkone/domains/hhk.one/public_html/nuuclass/Application/Runtime/Cache/Studentaid/f9420204cc3b63f41d6f197d7d192238.php 第 4 行.
NOTIC: [2] Use of undefined constant color - assumed 'color' (this will throw an Error in a future version of PHP) /home/hhkone/domains/hhk.one/public_html/nuuclass/Application/Runtime/Cache/Studentaid/f9420204cc3b63f41d6f197d7d192238.php 第 4 行.
NOTIC: [2] Use of undefined constant color - assumed 'color' (this will throw an Error in a future version of PHP) /home/hhkone/domains/hhk.one/public_html/nuuclass/Application/Runtime/Cache/Studentaid/f9420204cc3b63f41d6f197d7d192238.php 第 4 行.
NOTIC: [2] Use of undefined constant color - assumed 'color' (this will throw an Error in a future version of PHP) /home/hhkone/domains/hhk.one/public_html/nuuclass/Application/Runtime/Cache/Studentaid/f9420204cc3b63f41d6f197d7d192238.php 第 4 行.
NOTIC: [2] Use of undefined constant color - assumed 'color' (this will throw an Error in a future version of PHP) /home/hhkone/domains/hhk.one/public_html/nuuclass/Application/Runtime/Cache/Studentaid/f9420204cc3b63f41d6f197d7d192238.php 第 4 行.
NOTIC: [2] Use of undefined constant color - assumed 'color' (this will throw an Error in a future version of PHP) /home/hhkone/domains/hhk.one/public_html/nuuclass/Application/Runtime/Cache/Studentaid/f9420204cc3b63f41d6f197d7d192238.php 第 4 行.
INFO: Run Behavior\ParseTemplateBehavior [ RunTime:0.001690s ]
INFO: [ view_parse ] --END-- [ RunTime:0.001704s ]
INFO: [ view_filter ] --START--
INFO: Run Behavior\WriteHtmlCacheBehavior [ RunTime:0.000131s ]
INFO: [ view_filter ] --END-- [ RunTime:0.000139s ]
INFO: [ app_end ] --START--
INFO: Run Behavior\ShowPageTraceBehavior [ RunTime:0.000215s ]
INFO: [ app_end ] --END-- [ RunTime:0.000229s ]

[ 2024-02-02T13:25:27+08:00 ] 173.252.83.9 /index.php/
INFO: [ app_init ] --START--
INFO: Run Behavior\BuildLiteBehavior [ RunTime:0.000008s ]
INFO: [ app_init ] --END-- [ RunTime:0.000141s ]
INFO: [ app_begin ] --START--
INFO: Run Behavior\ReadHtmlCacheBehavior [ RunTime:0.000139s ]
INFO: [ app_begin ] --END-- [ RunTime:0.000153s ]
SQL: SHOW COLUMNS FROM `config` [ RunTime:0.0019s ]
SQL: SELECT * FROM `config`  [ RunTime:0.0016s ]
NOTIC: [8] Undefined variable: ex /home/hhkone/domains/hhk.one/public_html/nuuclass/Application/Studentaid/Controller/IndexController.class.php 第 14 行.
NOTIC: [8] Trying to access array offset on value of type null /home/hhkone/domains/hhk.one/public_html/nuuclass/Application/Studentaid/Controller/IndexController.class.php 第 14 行.
NOTIC: [8] Undefined variable: ex /home/hhkone/domains/hhk.one/public_html/nuuclass/Application/Studentaid/Controller/IndexController.class.php 第 14 行.
NOTIC: [8] Trying to access array offset on value of type null /home/hhkone/domains/hhk.one/public_html/nuuclass/Application/Studentaid/Controller/IndexController.class.php 第 14 行.
NOTIC: [8] Undefined variable: ex /home/hhkone/domains/hhk.one/public_html/nuuclass/Application/Studentaid/Controller/IndexController.class.php 第 14 行.
NOTIC: [8] Trying to access array offset on value of type null /home/hhkone/domains/hhk.one/public_html/nuuclass/Application/Studentaid/Controller/IndexController.class.php 第 14 行.
SQL: SHOW COLUMNS FROM `class` [ RunTime:0.0012s ]
SQL: SELECT DISTINCT  `lastclass` FROM `class` ORDER BY  `lastclass` desc  [ RunTime:0.0010s ]
SQL: SELECT * FROM `config` LIMIT 1   [ RunTime:0.0014s ]
SQL: SHOW COLUMNS FROM `user` [ RunTime:0.0014s ]
SQL: SELECT COUNT(*) AS tp_count FROM `user` LIMIT 1   [ RunTime:0.0007s ]
INFO: [ view_parse ] --START--
INFO: [ template_filter ] --START--
INFO: Run Behavior\ContentReplaceBehavior [ RunTime:0.000057s ]
INFO: [ template_filter ] --END-- [ RunTime:0.000072s ]
INFO: Run Behavior\ParseTemplateBehavior [ RunTime:0.002050s ]
INFO: [ view_parse ] --END-- [ RunTime:0.002068s ]
INFO: [ view_filter ] --START--
INFO: Run Behavior\WriteHtmlCacheBehavior [ RunTime:0.000167s ]
INFO: [ view_filter ] --END-- [ RunTime:0.000177s ]
INFO: [ app_end ] --START--
INFO: Run Behavior\ShowPageTraceBehavior [ RunTime:0.000175s ]
INFO: [ app_end ] --END-- [ RunTime:0.000189s ]

[ 2024-02-02T13:25:29+08:00 ] 173.252.83.3 /index.php/
INFO: [ app_init ] --START--
INFO: Run Behavior\BuildLiteBehavior [ RunTime:0.000015s ]
INFO: [ app_init ] --END-- [ RunTime:0.000184s ]
INFO: [ app_begin ] --START--
INFO: Run Behavior\ReadHtmlCacheBehavior [ RunTime:0.000125s ]
INFO: [ app_begin ] --END-- [ RunTime:0.000139s ]
SQL: SHOW COLUMNS FROM `config` [ RunTime:0.0019s ]
SQL: SELECT * FROM `config`  [ RunTime:0.0016s ]
NOTIC: [8] Undefined variable: ex /home/hhkone/domains/hhk.one/public_html/nuuclass/Application/Studentaid/Controller/IndexController.class.php 第 14 行.
NOTIC: [8] Trying to access array offset on value of type null /home/hhkone/domains/hhk.one/public_html/nuuclass/Application/Studentaid/Controller/IndexController.class.php 第 14 行.
NOTIC: [8] Undefined variable: ex /home/hhkone/domains/hhk.one/public_html/nuuclass/Application/Studentaid/Controller/IndexController.class.php 第 14 行.
NOTIC: [8] Trying to access array offset on value of type null /home/hhkone/domains/hhk.one/public_html/nuuclass/Application/Studentaid/Controller/IndexController.class.php 第 14 行.
NOTIC: [8] Undefined variable: ex /home/hhkone/domains/hhk.one/public_html/nuuclass/Application/Studentaid/Controller/IndexController.class.php 第 14 行.
NOTIC: [8] Trying to access array offset on value of type null /home/hhkone/domains/hhk.one/public_html/nuuclass/Application/Studentaid/Controller/IndexController.class.php 第 14 行.
SQL: SHOW COLUMNS FROM `class` [ RunTime:0.0013s ]
SQL: SELECT DISTINCT  `lastclass` FROM `class` ORDER BY  `lastclass` desc  [ RunTime:0.0010s ]
SQL: SELECT * FROM `config` LIMIT 1   [ RunTime:0.0015s ]
SQL: SHOW COLUMNS FROM `user` [ RunTime:0.0014s ]
SQL: SELECT COUNT(*) AS tp_count FROM `user` LIMIT 1   [ RunTime:0.0006s ]
INFO: [ view_parse ] --START--
INFO: [ template_filter ] --START--
INFO: Run Behavior\ContentReplaceBehavior [ RunTime:0.000047s ]
INFO: [ template_filter ] --END-- [ RunTime:0.000075s ]
INFO: Run Behavior\ParseTemplateBehavior [ RunTime:0.004567s ]
INFO: [ view_parse ] --END-- [ RunTime:0.004583s ]
INFO: [ view_filter ] --START--
INFO: Run Behavior\WriteHtmlCacheBehavior [ RunTime:0.000231s ]
INFO: [ view_filter ] --END-- [ RunTime:0.000243s ]
INFO: [ app_end ] --START--
INFO: Run Behavior\ShowPageTraceBehavior [ RunTime:0.000141s ]
INFO: [ app_end ] --END-- [ RunTime:0.000154s ]

[ 2024-02-02T13:25:29+08:00 ] 173.252.83.5 /index.php/
INFO: [ app_init ] --START--
INFO: Run Behavior\BuildLiteBehavior [ RunTime:0.000008s ]
INFO: [ app_init ] --END-- [ RunTime:0.000146s ]
INFO: [ app_begin ] --START--
INFO: Run Behavior\ReadHtmlCacheBehavior [ RunTime:0.000117s ]
INFO: [ app_begin ] --END-- [ RunTime:0.000140s ]
SQL: SHOW COLUMNS FROM `config` [ RunTime:0.0019s ]
SQL: SELECT * FROM `config`  [ RunTime:0.0014s ]
NOTIC: [8] Undefined variable: ex /home/hhkone/domains/hhk.one/public_html/nuuclass/Application/Studentaid/Controller/IndexController.class.php 第 14 行.
NOTIC: [8] Trying to access array offset on value of type null /home/hhkone/domains/hhk.one/public_html/nuuclass/Application/Studentaid/Controller/IndexController.class.php 第 14 行.
NOTIC: [8] Undefined variable: ex /home/hhkone/domains/hhk.one/public_html/nuuclass/Application/Studentaid/Controller/IndexController.class.php 第 14 行.
NOTIC: [8] Trying to access array offset on value of type null /home/hhkone/domains/hhk.one/public_html/nuuclass/Application/Studentaid/Controller/IndexController.class.php 第 14 行.
NOTIC: [8] Undefined variable: ex /home/hhkone/domains/hhk.one/public_html/nuuclass/Application/Studentaid/Controller/IndexController.class.php 第 14 行.
NOTIC: [8] Trying to access array offset on value of type null /home/hhkone/domains/hhk.one/public_html/nuuclass/Application/Studentaid/Controller/IndexController.class.php 第 14 行.
SQL: SHOW COLUMNS FROM `class` [ RunTime:0.0025s ]
SQL: SELECT DISTINCT  `lastclass` FROM `class` ORDER BY  `lastclass` desc  [ RunTime:0.0024s ]
SQL: SELECT * FROM `config` LIMIT 1   [ RunTime:0.0028s ]
SQL: SHOW COLUMNS FROM `user` [ RunTime:0.0027s ]
SQL: SELECT COUNT(*) AS tp_count FROM `user` LIMIT 1   [ RunTime:0.0022s ]
INFO: [ view_parse ] --START--
INFO: [ template_filter ] --START--
INFO: Run Behavior\ContentReplaceBehavior [ RunTime:0.000037s ]
INFO: [ template_filter ] --END-- [ RunTime:0.000051s ]
INFO: Run Behavior\ParseTemplateBehavior [ RunTime:0.002173s ]
INFO: [ view_parse ] --END-- [ RunTime:0.002190s ]
INFO: [ view_filter ] --START--
INFO: Run Behavior\WriteHtmlCacheBehavior [ RunTime:0.000173s ]
INFO: [ view_filter ] --END-- [ RunTime:0.000184s ]
INFO: [ app_end ] --START--
INFO: Run Behavior\ShowPageTraceBehavior [ RunTime:0.000164s ]
INFO: [ app_end ] --END-- [ RunTime:0.000176s ]

[ 2024-02-02T13:25:35+08:00 ] 173.252.111.11 /index.php/
INFO: [ app_init ] --START--
INFO: Run Behavior\BuildLiteBehavior [ RunTime:0.000018s ]
INFO: [ app_init ] --END-- [ RunTime:0.000160s ]
INFO: [ app_begin ] --START--
INFO: Run Behavior\ReadHtmlCacheBehavior [ RunTime:0.000138s ]
INFO: [ app_begin ] --END-- [ RunTime:0.000152s ]
SQL: SHOW COLUMNS FROM `config` [ RunTime:0.0018s ]
SQL: SELECT * FROM `config`  [ RunTime:0.0015s ]
NOTIC: [8] Undefined variable: ex /home/hhkone/domains/hhk.one/public_html/nuuclass/Application/Studentaid/Controller/IndexController.class.php 第 14 行.
NOTIC: [8] Trying to access array offset on value of type null /home/hhkone/domains/hhk.one/public_html/nuuclass/Application/Studentaid/Controller/IndexController.class.php 第 14 行.
NOTIC: [8] Undefined variable: ex /home/hhkone/domains/hhk.one/public_html/nuuclass/Application/Studentaid/Controller/IndexController.class.php 第 14 行.
NOTIC: [8] Trying to access array offset on value of type null /home/hhkone/domains/hhk.one/public_html/nuuclass/Application/Studentaid/Controller/IndexController.class.php 第 14 行.
NOTIC: [8] Undefined variable: ex /home/hhkone/domains/hhk.one/public_html/nuuclass/Application/Studentaid/Controller/IndexController.class.php 第 14 行.
NOTIC: [8] Trying to access array offset on value of type null /home/hhkone/domains/hhk.one/public_html/nuuclass/Application/Studentaid/Controller/IndexController.class.php 第 14 行.
SQL: SHOW COLUMNS FROM `class` [ RunTime:0.0013s ]
SQL: SELECT DISTINCT  `lastclass` FROM `class` ORDER BY  `lastclass` desc  [ RunTime:0.0010s ]
SQL: SELECT * FROM `config` LIMIT 1   [ RunTime:0.0015s ]
SQL: SHOW COLUMNS FROM `user` [ RunTime:0.0015s ]
SQL: SELECT COUNT(*) AS tp_count FROM `user` LIMIT 1   [ RunTime:0.0008s ]
INFO: [ view_parse ] --START--
INFO: [ template_filter ] --START--
INFO: Run Behavior\ContentReplaceBehavior [ RunTime:0.000038s ]
INFO: [ template_filter ] --END-- [ RunTime:0.000052s ]
INFO: Run Behavior\ParseTemplateBehavior [ RunTime:0.002193s ]
INFO: [ view_parse ] --END-- [ RunTime:0.002210s ]
INFO: [ view_filter ] --START--
INFO: Run Behavior\WriteHtmlCacheBehavior [ RunTime:0.000178s ]
INFO: [ view_filter ] --END-- [ RunTime:0.000189s ]
INFO: [ app_end ] --START--
INFO: Run Behavior\ShowPageTraceBehavior [ RunTime:0.000133s ]
INFO: [ app_end ] --END-- [ RunTime:0.000145s ]

[ 2024-02-02T13:25:39+08:00 ] 173.252.83.3 /index.php
INFO: [ app_init ] --START--
INFO: Run Behavior\BuildLiteBehavior [ RunTime:0.000026s ]
INFO: [ app_init ] --END-- [ RunTime:0.000214s ]
INFO: [ app_begin ] --START--
INFO: Run Behavior\ReadHtmlCacheBehavior [ RunTime:0.000116s ]
INFO: [ app_begin ] --END-- [ RunTime:0.000131s ]
SQL: SHOW COLUMNS FROM `config` [ RunTime:0.0021s ]
SQL: SELECT * FROM `config`  [ RunTime:0.0016s ]
NOTIC: [8] Undefined variable: ex /home/hhkone/domains/hhk.one/public_html/nuuclass/Application/Studentaid/Controller/IndexController.class.php 第 14 行.
NOTIC: [8] Trying to access array offset on value of type null /home/hhkone/domains/hhk.one/public_html/nuuclass/Application/Studentaid/Controller/IndexController.class.php 第 14 行.
NOTIC: [8] Undefined variable: ex /home/hhkone/domains/hhk.one/public_html/nuuclass/Application/Studentaid/Controller/IndexController.class.php 第 14 行.
NOTIC: [8] Trying to access array offset on value of type null /home/hhkone/domains/hhk.one/public_html/nuuclass/Application/Studentaid/Controller/IndexController.class.php 第 14 行.
NOTIC: [8] Undefined variable: ex /home/hhkone/domains/hhk.one/public_html/nuuclass/Application/Studentaid/Controller/IndexController.class.php 第 14 行.
NOTIC: [8] Trying to access array offset on value of type null /home/hhkone/domains/hhk.one/public_html/nuuclass/Application/Studentaid/Controller/IndexController.class.php 第 14 行.
SQL: SHOW COLUMNS FROM `class` [ RunTime:0.0015s ]
SQL: SELECT DISTINCT  `lastclass` FROM `class` ORDER BY  `lastclass` desc  [ RunTime:0.0011s ]
SQL: SELECT * FROM `config` LIMIT 1   [ RunTime:0.0015s ]
SQL: SHOW COLUMNS FROM `user` [ RunTime:0.0014s ]
SQL: SELECT COUNT(*) AS tp_count FROM `user` LIMIT 1   [ RunTime:0.0007s ]
INFO: [ view_parse ] --START--
INFO: [ template_filter ] --START--
INFO: Run Behavior\ContentReplaceBehavior [ RunTime:0.000034s ]
INFO: [ template_filter ] --END-- [ RunTime:0.000079s ]
INFO: Run Behavior\ParseTemplateBehavior [ RunTime:0.003465s ]
INFO: [ view_parse ] --END-- [ RunTime:0.003480s ]
INFO: [ view_filter ] --START--
INFO: Run Behavior\WriteHtmlCacheBehavior [ RunTime:0.000190s ]
INFO: [ view_filter ] --END-- [ RunTime:0.000201s ]
INFO: [ app_end ] --START--
INFO: Run Behavior\ShowPageTraceBehavior [ RunTime:0.000151s ]
INFO: [ app_end ] --END-- [ RunTime:0.000163s ]

[ 2024-02-02T13:26:58+08:00 ] 1.163.25.237 /index.php/Studentaid/Index/index.html
INFO: [ app_init ] --START--
INFO: Run Behavior\BuildLiteBehavior [ RunTime:0.000033s ]
INFO: [ app_init ] --END-- [ RunTime:0.000153s ]
INFO: [ app_begin ] --START--
INFO: Run Behavior\ReadHtmlCacheBehavior [ RunTime:0.000122s ]
INFO: [ app_begin ] --END-- [ RunTime:0.000137s ]
SQL: SHOW COLUMNS FROM `config` [ RunTime:0.0019s ]
SQL: SELECT * FROM `config`  [ RunTime:0.0016s ]
NOTIC: [8] Undefined variable: ex /home/hhkone/domains/hhk.one/public_html/nuuclass/Application/Studentaid/Controller/IndexController.class.php 第 14 行.
NOTIC: [8] Trying to access array offset on value of type null /home/hhkone/domains/hhk.one/public_html/nuuclass/Application/Studentaid/Controller/IndexController.class.php 第 14 行.
NOTIC: [8] Undefined variable: ex /home/hhkone/domains/hhk.one/public_html/nuuclass/Application/Studentaid/Controller/IndexController.class.php 第 14 行.
NOTIC: [8] Trying to access array offset on value of type null /home/hhkone/domains/hhk.one/public_html/nuuclass/Application/Studentaid/Controller/IndexController.class.php 第 14 行.
NOTIC: [8] Undefined variable: ex /home/hhkone/domains/hhk.one/public_html/nuuclass/Application/Studentaid/Controller/IndexController.class.php 第 14 行.
NOTIC: [8] Trying to access array offset on value of type null /home/hhkone/domains/hhk.one/public_html/nuuclass/Application/Studentaid/Controller/IndexController.class.php 第 14 行.
SQL: SHOW COLUMNS FROM `class` [ RunTime:0.0014s ]
SQL: SELECT DISTINCT  `lastclass` FROM `class` ORDER BY  `lastclass` desc  [ RunTime:0.0010s ]
SQL: SELECT * FROM `config` LIMIT 1   [ RunTime:0.0014s ]
SQL: SHOW COLUMNS FROM `user` [ RunTime:0.0013s ]
SQL: SELECT COUNT(*) AS tp_count FROM `user` LIMIT 1   [ RunTime:0.0006s ]
INFO: [ view_parse ] --START--
INFO: [ template_filter ] --START--
INFO: Run Behavior\ContentReplaceBehavior [ RunTime:0.000039s ]
INFO: [ template_filter ] --END-- [ RunTime:0.000080s ]
INFO: Run Behavior\ParseTemplateBehavior [ RunTime:0.002140s ]
INFO: [ view_parse ] --END-- [ RunTime:0.002158s ]
INFO: [ view_filter ] --START--
INFO: Run Behavior\WriteHtmlCacheBehavior [ RunTime:0.000214s ]
INFO: [ view_filter ] --END-- [ RunTime:0.000225s ]
INFO: [ app_end ] --START--
INFO: Run Behavior\ShowPageTraceBehavior [ RunTime:0.000141s ]
INFO: [ app_end ] --END-- [ RunTime:0.000152s ]

[ 2024-02-02T13:26:58+08:00 ] 1.163.25.237 /index.php/Studentaid/Index/class_post.html
INFO: [ app_init ] --START--
INFO: Run Behavior\BuildLiteBehavior [ RunTime:0.000007s ]
INFO: [ app_init ] --END-- [ RunTime:0.000113s ]
INFO: [ app_begin ] --START--
INFO: Run Behavior\ReadHtmlCacheBehavior [ RunTime:0.000109s ]
INFO: [ app_begin ] --END-- [ RunTime:0.000123s ]
SQL: SHOW COLUMNS FROM `config` [ RunTime:0.0018s ]
SQL: SELECT * FROM `config`  [ RunTime:0.0016s ]
SQL: SHOW COLUMNS FROM `class` [ RunTime:0.0014s ]
SQL: SELECT * FROM `class` WHERE ( `lastclass`='管理碩' )  [ RunTime:0.0008s ]
INFO: [ app_end ] --START--
INFO: Run Behavior\ShowPageTraceBehavior [ RunTime:0.000132s ]
INFO: [ app_end ] --END-- [ RunTime:0.000145s ]

[ 2024-02-02T13:29:03+08:00 ] 1.163.25.237 /index.php/Studentaid/Index/class_post.html
INFO: [ app_init ] --START--
INFO: Run Behavior\BuildLiteBehavior [ RunTime:0.000007s ]
INFO: [ app_init ] --END-- [ RunTime:0.000125s ]
INFO: [ app_begin ] --START--
INFO: Run Behavior\ReadHtmlCacheBehavior [ RunTime:0.000119s ]
INFO: [ app_begin ] --END-- [ RunTime:0.000133s ]
SQL: SHOW COLUMNS FROM `config` [ RunTime:0.0017s ]
SQL: SELECT * FROM `config`  [ RunTime:0.0015s ]
SQL: SHOW COLUMNS FROM `class` [ RunTime:0.0013s ]
SQL: SELECT * FROM `class` WHERE ( `lastclass`='日文創' )  [ RunTime:0.0006s ]
INFO: [ app_end ] --START--
INFO: Run Behavior\ShowPageTraceBehavior [ RunTime:0.000154s ]
INFO: [ app_end ] --END-- [ RunTime:0.000175s ]

[ 2024-02-02T13:29:05+08:00 ] 1.163.25.237 /index.php/Studentaid/Work/index.html
INFO: [ app_init ] --START--
INFO: Run Behavior\BuildLiteBehavior [ RunTime:0.000008s ]
INFO: [ app_init ] --END-- [ RunTime:0.000150s ]
INFO: [ app_begin ] --START--
INFO: Run Behavior\ReadHtmlCacheBehavior [ RunTime:0.000145s ]
INFO: [ app_begin ] --END-- [ RunTime:0.000161s ]
SQL: SHOW COLUMNS FROM `config` [ RunTime:0.0019s ]
SQL: SELECT * FROM `config`  [ RunTime:0.0015s ]
SQL: SHOW COLUMNS FROM `elective` [ RunTime:0.0015s ]
SQL: SELECT * FROM `elective` WHERE ( class='日文創三甲' && `classify`='1' )  [ RunTime:0.0024s ]
NOTIC: [2] Creating default object from empty value /home/hhkone/domains/hhk.one/public_html/nuuclass/Application/Studentaid/Controller/WorkController.class.php 第 108 行.
SQL: SHOW COLUMNS FROM `statistics` [ RunTime:0.0014s ]
SQL: INSERT INTO `statistics` (`date`,`time`,`dataname`,`ip`) VALUES ('2024/02/02','01:29:05','日文創三甲','1.163.25.237') [ RunTime:0.0050s ]
SQL: SHOW COLUMNS FROM `class_type` [ RunTime:0.0013s ]
SQL: SELECT * FROM `class_type`  [ RunTime:0.0005s ]
INFO: [ view_parse ] --START--
INFO: [ template_filter ] --START--
INFO: Run Behavior\ContentReplaceBehavior [ RunTime:0.000076s ]
INFO: [ template_filter ] --END-- [ RunTime:0.000089s ]
NOTIC: [8] Undefined index: id /home/hhkone/domains/hhk.one/public_html/nuuclass/Application/Runtime/Cache/Studentaid/8eb969caeb5e138e96a09548927f7efa.php 第 44 行.
NOTIC: [2] Use of undefined constant obligatory - assumed 'obligatory' (this will throw an Error in a future version of PHP) /home/hhkone/domains/hhk.one/public_html/nuuclass/Application/Runtime/Cache/Studentaid/8eb969caeb5e138e96a09548927f7efa.php 第 72 行.
NOTIC: [2] Use of undefined constant obligatory - assumed 'obligatory' (this will throw an Error in a future version of PHP) /home/hhkone/domains/hhk.one/public_html/nuuclass/Application/Runtime/Cache/Studentaid/8eb969caeb5e138e96a09548927f7efa.php 第 72 行.
NOTIC: [2] Use of undefined constant obligatory - assumed 'obligatory' (this will throw an Error in a future version of PHP) /home/hhkone/domains/hhk.one/public_html/nuuclass/Application/Runtime/Cache/Studentaid/8eb969caeb5e138e96a09548927f7efa.php 第 72 行.
NOTIC: [2] Use of undefined constant obligatory - assumed 'obligatory' (this will throw an Error in a future version of PHP) /home/hhkone/domains/hhk.one/public_html/nuuclass/Application/Runtime/Cache/Studentaid/8eb969caeb5e138e96a09548927f7efa.php 第 72 行.
NOTIC: [2] Use of undefined constant obligatory - assumed 'obligatory' (this will throw an Error in a future version of PHP) /home/hhkone/domains/hhk.one/public_html/nuuclass/Application/Runtime/Cache/Studentaid/8eb969caeb5e138e96a09548927f7efa.php 第 72 行.
NOTIC: [2] Use of undefined constant obligatory - assumed 'obligatory' (this will throw an Error in a future version of PHP) /home/hhkone/domains/hhk.one/public_html/nuuclass/Application/Runtime/Cache/Studentaid/8eb969caeb5e138e96a09548927f7efa.php 第 72 行.
NOTIC: [2] Use of undefined constant obligatory - assumed 'obligatory' (this will throw an Error in a future version of PHP) /home/hhkone/domains/hhk.one/public_html/nuuclass/Application/Runtime/Cache/Studentaid/8eb969caeb5e138e96a09548927f7efa.php 第 72 行.
NOTIC: [2] Use of undefined constant obligatory - assumed 'obligatory' (this will throw an Error in a future version of PHP) /home/hhkone/domains/hhk.one/public_html/nuuclass/Application/Runtime/Cache/Studentaid/8eb969caeb5e138e96a09548927f7efa.php 第 72 行.
NOTIC: [2] Use of undefined constant obligatory - assumed 'obligatory' (this will throw an Error in a future version of PHP) /home/hhkone/domains/hhk.one/public_html/nuuclass/Application/Runtime/Cache/Studentaid/8eb969caeb5e138e96a09548927f7efa.php 第 72 行.
NOTIC: [2] Use of undefined constant obligatory - assumed 'obligatory' (this will throw an Error in a future version of PHP) /home/hhkone/domains/hhk.one/public_html/nuuclass/Application/Runtime/Cache/Studentaid/8eb969caeb5e138e96a09548927f7efa.php 第 72 行.
NOTIC: [2] Use of undefined constant obligatory - assumed 'obligatory' (this will throw an Error in a future version of PHP) /home/hhkone/domains/hhk.one/public_html/nuuclass/Application/Runtime/Cache/Studentaid/8eb969caeb5e138e96a09548927f7efa.php 第 72 行.
NOTIC: [2] Use of undefined constant obligatory - assumed 'obligatory' (this will throw an Error in a future version of PHP) /home/hhkone/domains/hhk.one/public_html/nuuclass/Application/Runtime/Cache/Studentaid/8eb969caeb5e138e96a09548927f7efa.php 第 72 行.
NOTIC: [8] Undefined index: id /home/hhkone/domains/hhk.one/public_html/nuuclass/Application/Runtime/Cache/Studentaid/8eb969caeb5e138e96a09548927f7efa.php 第 159 行.
INFO: Run Behavior\ParseTemplateBehavior [ RunTime:0.003499s ]
INFO: [ view_parse ] --END-- [ RunTime:0.003513s ]
INFO: [ view_filter ] --START--
INFO: Run Behavior\WriteHtmlCacheBehavior [ RunTime:0.000137s ]
INFO: [ view_filter ] --END-- [ RunTime:0.000147s ]
INFO: [ app_end ] --START--
INFO: Run Behavior\ShowPageTraceBehavior [ RunTime:0.000114s ]
INFO: [ app_end ] --END-- [ RunTime:0.000125s ]

[ 2024-02-02T13:29:06+08:00 ] 1.163.25.237 /index.php/Studentaid/Work/name_post.html
INFO: [ app_init ] --START--
INFO: Run Behavior\BuildLiteBehavior [ RunTime:0.000007s ]
INFO: [ app_init ] --END-- [ RunTime:0.000129s ]
INFO: [ app_begin ] --START--
INFO: Run Behavior\ReadHtmlCacheBehavior [ RunTime:0.000151s ]
INFO: [ app_begin ] --END-- [ RunTime:0.000168s ]
SQL: SHOW COLUMNS FROM `config` [ RunTime:0.0018s ]
SQL: SELECT * FROM `config`  [ RunTime:0.0014s ]
SQL: SELECT * FROM `elective` where `class_sit` like '%' && class like '%日文創三甲%'&& ( false  || `class_name` LIKE '%%' || `class_sitname` LIKE '%%' || `class` LIKE '%%' || `class_number` LIKE '%%' ) [ RunTime:0.0026s ]
INFO: [ view_parse ] --START--
INFO: [ template_filter ] --START--
INFO: Run Behavior\ContentReplaceBehavior [ RunTime:0.000026s ]
INFO: [ template_filter ] --END-- [ RunTime:0.000040s ]
NOTIC: [2] Use of undefined constant color - assumed 'color' (this will throw an Error in a future version of PHP) /home/hhkone/domains/hhk.one/public_html/nuuclass/Application/Runtime/Cache/Studentaid/f9420204cc3b63f41d6f197d7d192238.php 第 4 行.
NOTIC: [2] Use of undefined constant color - assumed 'color' (this will throw an Error in a future version of PHP) /home/hhkone/domains/hhk.one/public_html/nuuclass/Application/Runtime/Cache/Studentaid/f9420204cc3b63f41d6f197d7d192238.php 第 4 行.
NOTIC: [2] Use of undefined constant color - assumed 'color' (this will throw an Error in a future version of PHP) /home/hhkone/domains/hhk.one/public_html/nuuclass/Application/Runtime/Cache/Studentaid/f9420204cc3b63f41d6f197d7d192238.php 第 4 行.
NOTIC: [2] Use of undefined constant color - assumed 'color' (this will throw an Error in a future version of PHP) /home/hhkone/domains/hhk.one/public_html/nuuclass/Application/Runtime/Cache/Studentaid/f9420204cc3b63f41d6f197d7d192238.php 第 4 行.
NOTIC: [2] Use of undefined constant color - assumed 'color' (this will throw an Error in a future version of PHP) /home/hhkone/domains/hhk.one/public_html/nuuclass/Application/Runtime/Cache/Studentaid/f9420204cc3b63f41d6f197d7d192238.php 第 4 行.
NOTIC: [2] Use of undefined constant color - assumed 'color' (this will throw an Error in a future version of PHP) /home/hhkone/domains/hhk.one/public_html/nuuclass/Application/Runtime/Cache/Studentaid/f9420204cc3b63f41d6f197d7d192238.php 第 4 行.
NOTIC: [2] Use of undefined constant color - assumed 'color' (this will throw an Error in a future version of PHP) /home/hhkone/domains/hhk.one/public_html/nuuclass/Application/Runtime/Cache/Studentaid/f9420204cc3b63f41d6f197d7d192238.php 第 4 行.
NOTIC: [2] Use of undefined constant color - assumed 'color' (this will throw an Error in a future version of PHP) /home/hhkone/domains/hhk.one/public_html/nuuclass/Application/Runtime/Cache/Studentaid/f9420204cc3b63f41d6f197d7d192238.php 第 4 行.
NOTIC: [2] Use of undefined constant color - assumed 'color' (this will throw an Error in a future version of PHP) /home/hhkone/domains/hhk.one/public_html/nuuclass/Application/Runtime/Cache/Studentaid/f9420204cc3b63f41d6f197d7d192238.php 第 4 行.
NOTIC: [2] Use of undefined constant color - assumed 'color' (this will throw an Error in a future version of PHP) /home/hhkone/domains/hhk.one/public_html/nuuclass/Application/Runtime/Cache/Studentaid/f9420204cc3b63f41d6f197d7d192238.php 第 4 行.
NOTIC: [2] Use of undefined constant color - assumed 'color' (this will throw an Error in a future version of PHP) /home/hhkone/domains/hhk.one/public_html/nuuclass/Application/Runtime/Cache/Studentaid/f9420204cc3b63f41d6f197d7d192238.php 第 4 行.
NOTIC: [2] Use of undefined constant color - assumed 'color' (this will throw an Error in a future version of PHP) /home/hhkone/domains/hhk.one/public_html/nuuclass/Application/Runtime/Cache/Studentaid/f9420204cc3b63f41d6f197d7d192238.php 第 4 行.
NOTIC: [2] Use of undefined constant color - assumed 'color' (this will throw an Error in a future version of PHP) /home/hhkone/domains/hhk.one/public_html/nuuclass/Application/Runtime/Cache/Studentaid/f9420204cc3b63f41d6f197d7d192238.php 第 4 行.
NOTIC: [2] Use of undefined constant color - assumed 'color' (this will throw an Error in a future version of PHP) /home/hhkone/domains/hhk.one/public_html/nuuclass/Application/Runtime/Cache/Studentaid/f9420204cc3b63f41d6f197d7d192238.php 第 4 行.
NOTIC: [2] Use of undefined constant color - assumed 'color' (this will throw an Error in a future version of PHP) /home/hhkone/domains/hhk.one/public_html/nuuclass/Application/Runtime/Cache/Studentaid/f9420204cc3b63f41d6f197d7d192238.php 第 4 行.
NOTIC: [2] Use of undefined constant color - assumed 'color' (this will throw an Error in a future version of PHP) /home/hhkone/domains/hhk.one/public_html/nuuclass/Application/Runtime/Cache/Studentaid/f9420204cc3b63f41d6f197d7d192238.php 第 4 行.
NOTIC: [2] Use of undefined constant color - assumed 'color' (this will throw an Error in a future version of PHP) /home/hhkone/domains/hhk.one/public_html/nuuclass/Application/Runtime/Cache/Studentaid/f9420204cc3b63f41d6f197d7d192238.php 第 4 行.
INFO: Run Behavior\ParseTemplateBehavior [ RunTime:0.001561s ]
INFO: [ view_parse ] --END-- [ RunTime:0.001574s ]
INFO: [ view_filter ] --START--
INFO: Run Behavior\WriteHtmlCacheBehavior [ RunTime:0.000203s ]
INFO: [ view_filter ] --END-- [ RunTime:0.000214s ]
INFO: [ app_end ] --START--
INFO: Run Behavior\ShowPageTraceBehavior [ RunTime:0.000160s ]
INFO: [ app_end ] --END-- [ RunTime:0.000207s ]

[ 2024-02-02T13:29:20+08:00 ] 1.163.25.237 /index.php/Studentaid/Index/index.html
INFO: [ app_init ] --START--
INFO: Run Behavior\BuildLiteBehavior [ RunTime:0.000007s ]
INFO: [ app_init ] --END-- [ RunTime:0.000158s ]
INFO: [ app_begin ] --START--
INFO: Run Behavior\ReadHtmlCacheBehavior [ RunTime:0.000136s ]
INFO: [ app_begin ] --END-- [ RunTime:0.000150s ]
SQL: SHOW COLUMNS FROM `config` [ RunTime:0.0017s ]
SQL: SELECT * FROM `config`  [ RunTime:0.0016s ]
NOTIC: [8] Undefined variable: ex /home/hhkone/domains/hhk.one/public_html/nuuclass/Application/Studentaid/Controller/IndexController.class.php 第 14 行.
NOTIC: [8] Trying to access array offset on value of type null /home/hhkone/domains/hhk.one/public_html/nuuclass/Application/Studentaid/Controller/IndexController.class.php 第 14 行.
NOTIC: [8] Undefined variable: ex /home/hhkone/domains/hhk.one/public_html/nuuclass/Application/Studentaid/Controller/IndexController.class.php 第 14 行.
NOTIC: [8] Trying to access array offset on value of type null /home/hhkone/domains/hhk.one/public_html/nuuclass/Application/Studentaid/Controller/IndexController.class.php 第 14 行.
NOTIC: [8] Undefined variable: ex /home/hhkone/domains/hhk.one/public_html/nuuclass/Application/Studentaid/Controller/IndexController.class.php 第 14 行.
NOTIC: [8] Trying to access array offset on value of type null /home/hhkone/domains/hhk.one/public_html/nuuclass/Application/Studentaid/Controller/IndexController.class.php 第 14 行.
SQL: SHOW COLUMNS FROM `class` [ RunTime:0.0013s ]
SQL: SELECT DISTINCT  `lastclass` FROM `class` ORDER BY  `lastclass` desc  [ RunTime:0.0009s ]
SQL: SELECT * FROM `config` LIMIT 1   [ RunTime:0.0015s ]
SQL: SHOW COLUMNS FROM `user` [ RunTime:0.0014s ]
SQL: SELECT COUNT(*) AS tp_count FROM `user` LIMIT 1   [ RunTime:0.0006s ]
INFO: [ view_parse ] --START--
INFO: [ template_filter ] --START--
INFO: Run Behavior\ContentReplaceBehavior [ RunTime:0.000039s ]
INFO: [ template_filter ] --END-- [ RunTime:0.000054s ]
INFO: Run Behavior\ParseTemplateBehavior [ RunTime:0.002119s ]
INFO: [ view_parse ] --END-- [ RunTime:0.002136s ]
INFO: [ view_filter ] --START--
INFO: Run Behavior\WriteHtmlCacheBehavior [ RunTime:0.000156s ]
INFO: [ view_filter ] --END-- [ RunTime:0.000166s ]
INFO: [ app_end ] --START--
INFO: Run Behavior\ShowPageTraceBehavior [ RunTime:0.000168s ]
INFO: [ app_end ] --END-- [ RunTime:0.000179s ]

[ 2024-02-02T13:29:22+08:00 ] 1.163.25.237 /index.php/Studentaid/Index/class_post.html
INFO: [ app_init ] --START--
INFO: Run Behavior\BuildLiteBehavior [ RunTime:0.000009s ]
INFO: [ app_init ] --END-- [ RunTime:0.000247s ]
INFO: [ app_begin ] --START--
INFO: Run Behavior\ReadHtmlCacheBehavior [ RunTime:0.000227s ]
INFO: [ app_begin ] --END-- [ RunTime:0.000259s ]
SQL: SHOW COLUMNS FROM `config` [ RunTime:0.0019s ]
SQL: SELECT * FROM `config`  [ RunTime:0.0017s ]
SQL: SHOW COLUMNS FROM `class` [ RunTime:0.0015s ]
SQL: SELECT * FROM `class` WHERE ( `lastclass`='管理碩' )  [ RunTime:0.0009s ]
INFO: [ app_end ] --START--
INFO: Run Behavior\ShowPageTraceBehavior [ RunTime:0.000225s ]
INFO: [ app_end ] --END-- [ RunTime:0.000249s ]

[ 2024-02-02T14:56:27+08:00 ] 134.122.30.75 /
INFO: [ app_init ] --START--
INFO: Run Behavior\BuildLiteBehavior [ RunTime:0.000025s ]
INFO: [ app_init ] --END-- [ RunTime:0.000589s ]
INFO: [ app_begin ] --START--
INFO: Run Behavior\ReadHtmlCacheBehavior [ RunTime:0.000814s ]
INFO: [ app_begin ] --END-- [ RunTime:0.000832s ]
SQL: SHOW COLUMNS FROM `config` [ RunTime:0.0018s ]
SQL: SELECT * FROM `config`  [ RunTime:0.0015s ]
NOTIC: [8] Undefined variable: ex /home/hhkone/domains/hhk.one/public_html/nuuclass/Application/Studentaid/Controller/IndexController.class.php 第 14 行.
NOTIC: [8] Trying to access array offset on value of type null /home/hhkone/domains/hhk.one/public_html/nuuclass/Application/Studentaid/Controller/IndexController.class.php 第 14 行.
NOTIC: [8] Undefined variable: ex /home/hhkone/domains/hhk.one/public_html/nuuclass/Application/Studentaid/Controller/IndexController.class.php 第 14 行.
NOTIC: [8] Trying to access array offset on value of type null /home/hhkone/domains/hhk.one/public_html/nuuclass/Application/Studentaid/Controller/IndexController.class.php 第 14 行.
NOTIC: [8] Undefined variable: ex /home/hhkone/domains/hhk.one/public_html/nuuclass/Application/Studentaid/Controller/IndexController.class.php 第 14 行.
NOTIC: [8] Trying to access array offset on value of type null /home/hhkone/domains/hhk.one/public_html/nuuclass/Application/Studentaid/Controller/IndexController.class.php 第 14 行.
SQL: SHOW COLUMNS FROM `class` [ RunTime:0.0013s ]
SQL: SELECT DISTINCT  `lastclass` FROM `class` ORDER BY  `lastclass` desc  [ RunTime:0.0013s ]
SQL: SELECT * FROM `config` LIMIT 1   [ RunTime:0.0014s ]
SQL: SHOW COLUMNS FROM `user` [ RunTime:0.0014s ]
SQL: SELECT COUNT(*) AS tp_count FROM `user` LIMIT 1   [ RunTime:0.0008s ]
INFO: [ view_parse ] --START--
INFO: [ template_filter ] --START--
INFO: Run Behavior\ContentReplaceBehavior [ RunTime:0.000033s ]
INFO: [ template_filter ] --END-- [ RunTime:0.000049s ]
INFO: Run Behavior\ParseTemplateBehavior [ RunTime:0.008686s ]
INFO: [ view_parse ] --END-- [ RunTime:0.008703s ]
INFO: [ view_filter ] --START--
INFO: Run Behavior\WriteHtmlCacheBehavior [ RunTime:0.000315s ]
INFO: [ view_filter ] --END-- [ RunTime:0.000330s ]
INFO: [ app_end ] --START--
INFO: Run Behavior\ShowPageTraceBehavior [ RunTime:0.000841s ]
INFO: [ app_end ] --END-- [ RunTime:0.000869s ]

