[ 2024-02-24T01:09:52+08:00 ] 140.206.235.86 /
INFO: [ app_init ] --START--
INFO: Run Behavior\BuildLiteBehavior [ RunTime:0.000020s ]
INFO: [ app_init ] --END-- [ RunTime:0.000830s ]
INFO: [ app_begin ] --START--
INFO: Run Behavior\ReadHtmlCacheBehavior [ RunTime:0.001442s ]
INFO: [ app_begin ] --END-- [ RunTime:0.001466s ]
SQL: SHOW COLUMNS FROM `config` [ RunTime:0.0014s ]
SQL: SELECT * FROM `config`  [ RunTime:0.0006s ]
NOTIC: [8] Undefined variable: ex /home/hhkone/domains/hhk.one/public_html/nuuclass/Application/Studentaid/Controller/IndexController.class.php 第 14 行.
NOTIC: [8] Trying to access array offset on value of type null /home/hhkone/domains/hhk.one/public_html/nuuclass/Application/Studentaid/Controller/IndexController.class.php 第 14 行.
NOTIC: [8] Undefined variable: ex /home/hhkone/domains/hhk.one/public_html/nuuclass/Application/Studentaid/Controller/IndexController.class.php 第 14 行.
NOTIC: [8] Trying to access array offset on value of type null /home/hhkone/domains/hhk.one/public_html/nuuclass/Application/Studentaid/Controller/IndexController.class.php 第 14 行.
NOTIC: [8] Undefined variable: ex /home/hhkone/domains/hhk.one/public_html/nuuclass/Application/Studentaid/Controller/IndexController.class.php 第 14 行.
NOTIC: [8] Trying to access array offset on value of type null /home/hhkone/domains/hhk.one/public_html/nuuclass/Application/Studentaid/Controller/IndexController.class.php 第 14 行.
SQL: SHOW COLUMNS FROM `class` [ RunTime:0.0011s ]
SQL: SELECT DISTINCT  `lastclass` FROM `class` ORDER BY  `lastclass` desc  [ RunTime:0.0011s ]
SQL: SELECT * FROM `config` LIMIT 1   [ RunTime:0.0007s ]
SQL: SHOW COLUMNS FROM `user` [ RunTime:0.0012s ]
SQL: SELECT COUNT(*) AS tp_count FROM `user` LIMIT 1   [ RunTime:0.0006s ]
INFO: [ view_parse ] --START--
INFO: [ template_filter ] --START--
INFO: Run Behavior\ContentReplaceBehavior [ RunTime:0.000042s ]
INFO: [ template_filter ] --END-- [ RunTime:0.000058s ]
INFO: Run Behavior\ParseTemplateBehavior [ RunTime:0.009736s ]
INFO: [ view_parse ] --END-- [ RunTime:0.009753s ]
INFO: [ view_filter ] --START--
INFO: Run Behavior\WriteHtmlCacheBehavior [ RunTime:0.000424s ]
INFO: [ view_filter ] --END-- [ RunTime:0.000437s ]
INFO: [ app_end ] --START--
INFO: Run Behavior\ShowPageTraceBehavior [ RunTime:0.000912s ]
INFO: [ app_end ] --END-- [ RunTime:0.000928s ]

[ 2024-02-24T01:17:35+08:00 ] 154.91.33.158 /
INFO: [ app_init ] --START--
INFO: Run Behavior\BuildLiteBehavior [ RunTime:0.000008s ]
INFO: [ app_init ] --END-- [ RunTime:0.000184s ]
INFO: [ app_begin ] --START--
INFO: Run Behavior\ReadHtmlCacheBehavior [ RunTime:0.000929s ]
INFO: [ app_begin ] --END-- [ RunTime:0.000950s ]
SQL: SHOW COLUMNS FROM `config` [ RunTime:0.0016s ]
SQL: SELECT * FROM `config`  [ RunTime:0.0009s ]
NOTIC: [8] Undefined variable: ex /home/hhkone/domains/hhk.one/public_html/nuuclass/Application/Studentaid/Controller/IndexController.class.php 第 14 行.
NOTIC: [8] Trying to access array offset on value of type null /home/hhkone/domains/hhk.one/public_html/nuuclass/Application/Studentaid/Controller/IndexController.class.php 第 14 行.
NOTIC: [8] Undefined variable: ex /home/hhkone/domains/hhk.one/public_html/nuuclass/Application/Studentaid/Controller/IndexController.class.php 第 14 行.
NOTIC: [8] Trying to access array offset on value of type null /home/hhkone/domains/hhk.one/public_html/nuuclass/Application/Studentaid/Controller/IndexController.class.php 第 14 行.
NOTIC: [8] Undefined variable: ex /home/hhkone/domains/hhk.one/public_html/nuuclass/Application/Studentaid/Controller/IndexController.class.php 第 14 行.
NOTIC: [8] Trying to access array offset on value of type null /home/hhkone/domains/hhk.one/public_html/nuuclass/Application/Studentaid/Controller/IndexController.class.php 第 14 行.
SQL: SHOW COLUMNS FROM `class` [ RunTime:0.0012s ]
SQL: SELECT DISTINCT  `lastclass` FROM `class` ORDER BY  `lastclass` desc  [ RunTime:0.0010s ]
SQL: SELECT * FROM `config` LIMIT 1   [ RunTime:0.0009s ]
SQL: SHOW COLUMNS FROM `user` [ RunTime:0.0012s ]
SQL: SELECT COUNT(*) AS tp_count FROM `user` LIMIT 1   [ RunTime:0.0006s ]
INFO: [ view_parse ] --START--
INFO: [ template_filter ] --START--
INFO: Run Behavior\ContentReplaceBehavior [ RunTime:0.000044s ]
INFO: [ template_filter ] --END-- [ RunTime:0.000059s ]
INFO: Run Behavior\ParseTemplateBehavior [ RunTime:0.009144s ]
INFO: [ view_parse ] --END-- [ RunTime:0.009160s ]
INFO: [ view_filter ] --START--
INFO: Run Behavior\WriteHtmlCacheBehavior [ RunTime:0.000470s ]
INFO: [ view_filter ] --END-- [ RunTime:0.000485s ]
INFO: [ app_end ] --START--
INFO: Run Behavior\ShowPageTraceBehavior [ RunTime:0.000904s ]
INFO: [ app_end ] --END-- [ RunTime:0.000921s ]

[ 2024-02-24T01:17:36+08:00 ] 154.91.33.158 /
INFO: [ app_init ] --START--
INFO: Run Behavior\BuildLiteBehavior [ RunTime:0.000007s ]
INFO: [ app_init ] --END-- [ RunTime:0.000210s ]
INFO: [ app_begin ] --START--
INFO: Run Behavior\ReadHtmlCacheBehavior [ RunTime:0.000218s ]
INFO: [ app_begin ] --END-- [ RunTime:0.000233s ]
SQL: SHOW COLUMNS FROM `config` [ RunTime:0.0015s ]
SQL: SELECT * FROM `config`  [ RunTime:0.0008s ]
NOTIC: [8] Undefined variable: ex /home/hhkone/domains/hhk.one/public_html/nuuclass/Application/Studentaid/Controller/IndexController.class.php 第 14 行.
NOTIC: [8] Trying to access array offset on value of type null /home/hhkone/domains/hhk.one/public_html/nuuclass/Application/Studentaid/Controller/IndexController.class.php 第 14 行.
NOTIC: [8] Undefined variable: ex /home/hhkone/domains/hhk.one/public_html/nuuclass/Application/Studentaid/Controller/IndexController.class.php 第 14 行.
NOTIC: [8] Trying to access array offset on value of type null /home/hhkone/domains/hhk.one/public_html/nuuclass/Application/Studentaid/Controller/IndexController.class.php 第 14 行.
NOTIC: [8] Undefined variable: ex /home/hhkone/domains/hhk.one/public_html/nuuclass/Application/Studentaid/Controller/IndexController.class.php 第 14 行.
NOTIC: [8] Trying to access array offset on value of type null /home/hhkone/domains/hhk.one/public_html/nuuclass/Application/Studentaid/Controller/IndexController.class.php 第 14 行.
SQL: SHOW COLUMNS FROM `class` [ RunTime:0.0013s ]
SQL: SELECT DISTINCT  `lastclass` FROM `class` ORDER BY  `lastclass` desc  [ RunTime:0.0009s ]
SQL: SELECT * FROM `config` LIMIT 1   [ RunTime:0.0007s ]
SQL: SHOW COLUMNS FROM `user` [ RunTime:0.0012s ]
SQL: SELECT COUNT(*) AS tp_count FROM `user` LIMIT 1   [ RunTime:0.0005s ]
INFO: [ view_parse ] --START--
INFO: [ template_filter ] --START--
INFO: Run Behavior\ContentReplaceBehavior [ RunTime:0.000032s ]
INFO: [ template_filter ] --END-- [ RunTime:0.000043s ]
INFO: Run Behavior\ParseTemplateBehavior [ RunTime:0.002294s ]
INFO: [ view_parse ] --END-- [ RunTime:0.002308s ]
INFO: [ view_filter ] --START--
INFO: Run Behavior\WriteHtmlCacheBehavior [ RunTime:0.000216s ]
INFO: [ view_filter ] --END-- [ RunTime:0.000227s ]
INFO: [ app_end ] --START--
INFO: Run Behavior\ShowPageTraceBehavior [ RunTime:0.000224s ]
INFO: [ app_end ] --END-- [ RunTime:0.000235s ]

[ 2024-02-24T02:00:28+08:00 ] 147.92.179.111 /
INFO: [ app_init ] --START--
INFO: Run Behavior\BuildLiteBehavior [ RunTime:0.000007s ]
INFO: [ app_init ] --END-- [ RunTime:0.000562s ]
INFO: [ app_begin ] --START--
INFO: Run Behavior\ReadHtmlCacheBehavior [ RunTime:0.000797s ]
INFO: [ app_begin ] --END-- [ RunTime:0.000816s ]
SQL: SHOW COLUMNS FROM `config` [ RunTime:0.0016s ]
SQL: SELECT * FROM `config`  [ RunTime:0.0009s ]
NOTIC: [8] Undefined variable: ex /home/hhkone/domains/hhk.one/public_html/nuuclass/Application/Studentaid/Controller/IndexController.class.php 第 14 行.
NOTIC: [8] Trying to access array offset on value of type null /home/hhkone/domains/hhk.one/public_html/nuuclass/Application/Studentaid/Controller/IndexController.class.php 第 14 行.
NOTIC: [8] Undefined variable: ex /home/hhkone/domains/hhk.one/public_html/nuuclass/Application/Studentaid/Controller/IndexController.class.php 第 14 行.
NOTIC: [8] Trying to access array offset on value of type null /home/hhkone/domains/hhk.one/public_html/nuuclass/Application/Studentaid/Controller/IndexController.class.php 第 14 行.
NOTIC: [8] Undefined variable: ex /home/hhkone/domains/hhk.one/public_html/nuuclass/Application/Studentaid/Controller/IndexController.class.php 第 14 行.
NOTIC: [8] Trying to access array offset on value of type null /home/hhkone/domains/hhk.one/public_html/nuuclass/Application/Studentaid/Controller/IndexController.class.php 第 14 行.
SQL: SHOW COLUMNS FROM `class` [ RunTime:0.0012s ]
SQL: SELECT DISTINCT  `lastclass` FROM `class` ORDER BY  `lastclass` desc  [ RunTime:0.0012s ]
SQL: SELECT * FROM `config` LIMIT 1   [ RunTime:0.0008s ]
SQL: SHOW COLUMNS FROM `user` [ RunTime:0.0012s ]
SQL: SELECT COUNT(*) AS tp_count FROM `user` LIMIT 1   [ RunTime:0.0005s ]
INFO: [ view_parse ] --START--
INFO: [ template_filter ] --START--
INFO: Run Behavior\ContentReplaceBehavior [ RunTime:0.000033s ]
INFO: [ template_filter ] --END-- [ RunTime:0.000048s ]
INFO: Run Behavior\ParseTemplateBehavior [ RunTime:0.008424s ]
INFO: [ view_parse ] --END-- [ RunTime:0.008440s ]
INFO: [ view_filter ] --START--
INFO: Run Behavior\WriteHtmlCacheBehavior [ RunTime:0.000419s ]
INFO: [ view_filter ] --END-- [ RunTime:0.000433s ]
INFO: [ app_end ] --START--
INFO: Run Behavior\ShowPageTraceBehavior [ RunTime:0.000771s ]
INFO: [ app_end ] --END-- [ RunTime:0.000788s ]

[ 2024-02-24T12:46:00+08:00 ] 91.215.85.29 /
INFO: [ app_init ] --START--
INFO: Run Behavior\BuildLiteBehavior [ RunTime:0.000016s ]
INFO: [ app_init ] --END-- [ RunTime:0.000745s ]
INFO: [ app_begin ] --START--
INFO: Run Behavior\ReadHtmlCacheBehavior [ RunTime:0.001476s ]
INFO: [ app_begin ] --END-- [ RunTime:0.001496s ]
SQL: SHOW COLUMNS FROM `config` [ RunTime:0.0017s ]
SQL: SELECT * FROM `config`  [ RunTime:0.0008s ]
NOTIC: [8] Undefined variable: ex /home/hhkone/domains/hhk.one/public_html/nuuclass/Application/Studentaid/Controller/IndexController.class.php 第 14 行.
NOTIC: [8] Trying to access array offset on value of type null /home/hhkone/domains/hhk.one/public_html/nuuclass/Application/Studentaid/Controller/IndexController.class.php 第 14 行.
NOTIC: [8] Undefined variable: ex /home/hhkone/domains/hhk.one/public_html/nuuclass/Application/Studentaid/Controller/IndexController.class.php 第 14 行.
NOTIC: [8] Trying to access array offset on value of type null /home/hhkone/domains/hhk.one/public_html/nuuclass/Application/Studentaid/Controller/IndexController.class.php 第 14 行.
NOTIC: [8] Undefined variable: ex /home/hhkone/domains/hhk.one/public_html/nuuclass/Application/Studentaid/Controller/IndexController.class.php 第 14 行.
NOTIC: [8] Trying to access array offset on value of type null /home/hhkone/domains/hhk.one/public_html/nuuclass/Application/Studentaid/Controller/IndexController.class.php 第 14 行.
SQL: SHOW COLUMNS FROM `class` [ RunTime:0.0011s ]
SQL: SELECT DISTINCT  `lastclass` FROM `class` ORDER BY  `lastclass` desc  [ RunTime:0.0012s ]
SQL: SELECT * FROM `config` LIMIT 1   [ RunTime:0.0007s ]
SQL: SHOW COLUMNS FROM `user` [ RunTime:0.0011s ]
SQL: SELECT COUNT(*) AS tp_count FROM `user` LIMIT 1   [ RunTime:0.0005s ]
INFO: [ view_parse ] --START--
INFO: [ template_filter ] --START--
INFO: Run Behavior\ContentReplaceBehavior [ RunTime:0.000032s ]
INFO: [ template_filter ] --END-- [ RunTime:0.000048s ]
INFO: Run Behavior\ParseTemplateBehavior [ RunTime:0.012537s ]
INFO: [ view_parse ] --END-- [ RunTime:0.012555s ]
INFO: [ view_filter ] --START--
INFO: Run Behavior\WriteHtmlCacheBehavior [ RunTime:0.000676s ]
INFO: [ view_filter ] --END-- [ RunTime:0.000709s ]
INFO: [ app_end ] --START--
INFO: Run Behavior\ShowPageTraceBehavior [ RunTime:0.001259s ]
INFO: [ app_end ] --END-- [ RunTime:0.001275s ]

[ 2024-02-24T12:46:56+08:00 ] 91.215.85.29 /
INFO: [ app_init ] --START--
INFO: Run Behavior\BuildLiteBehavior [ RunTime:0.000008s ]
INFO: [ app_init ] --END-- [ RunTime:0.000193s ]
INFO: [ app_begin ] --START--
INFO: Run Behavior\ReadHtmlCacheBehavior [ RunTime:0.000181s ]
INFO: [ app_begin ] --END-- [ RunTime:0.000196s ]
SQL: SHOW COLUMNS FROM `config` [ RunTime:0.0014s ]
SQL: SELECT * FROM `config`  [ RunTime:0.0009s ]
NOTIC: [8] Undefined variable: ex /home/hhkone/domains/hhk.one/public_html/nuuclass/Application/Studentaid/Controller/IndexController.class.php 第 14 行.
NOTIC: [8] Trying to access array offset on value of type null /home/hhkone/domains/hhk.one/public_html/nuuclass/Application/Studentaid/Controller/IndexController.class.php 第 14 行.
NOTIC: [8] Undefined variable: ex /home/hhkone/domains/hhk.one/public_html/nuuclass/Application/Studentaid/Controller/IndexController.class.php 第 14 行.
NOTIC: [8] Trying to access array offset on value of type null /home/hhkone/domains/hhk.one/public_html/nuuclass/Application/Studentaid/Controller/IndexController.class.php 第 14 行.
NOTIC: [8] Undefined variable: ex /home/hhkone/domains/hhk.one/public_html/nuuclass/Application/Studentaid/Controller/IndexController.class.php 第 14 行.
NOTIC: [8] Trying to access array offset on value of type null /home/hhkone/domains/hhk.one/public_html/nuuclass/Application/Studentaid/Controller/IndexController.class.php 第 14 行.
SQL: SHOW COLUMNS FROM `class` [ RunTime:0.0013s ]
SQL: SELECT DISTINCT  `lastclass` FROM `class` ORDER BY  `lastclass` desc  [ RunTime:0.0007s ]
SQL: SELECT * FROM `config` LIMIT 1   [ RunTime:0.0007s ]
SQL: SHOW COLUMNS FROM `user` [ RunTime:0.0012s ]
SQL: SELECT COUNT(*) AS tp_count FROM `user` LIMIT 1   [ RunTime:0.0005s ]
INFO: [ view_parse ] --START--
INFO: [ template_filter ] --START--
INFO: Run Behavior\ContentReplaceBehavior [ RunTime:0.000033s ]
INFO: [ template_filter ] --END-- [ RunTime:0.000046s ]
INFO: Run Behavior\ParseTemplateBehavior [ RunTime:0.002570s ]
INFO: [ view_parse ] --END-- [ RunTime:0.002585s ]
INFO: [ view_filter ] --START--
INFO: Run Behavior\WriteHtmlCacheBehavior [ RunTime:0.000212s ]
INFO: [ view_filter ] --END-- [ RunTime:0.000223s ]
INFO: [ app_end ] --START--
INFO: Run Behavior\ShowPageTraceBehavior [ RunTime:0.000196s ]
INFO: [ app_end ] --END-- [ RunTime:0.000206s ]

[ 2024-02-24T12:46:56+08:00 ] 91.215.85.29 /
INFO: [ app_init ] --START--
INFO: Run Behavior\BuildLiteBehavior [ RunTime:0.000016s ]
INFO: [ app_init ] --END-- [ RunTime:0.000236s ]
INFO: [ app_begin ] --START--
INFO: Run Behavior\ReadHtmlCacheBehavior [ RunTime:0.000254s ]
INFO: [ app_begin ] --END-- [ RunTime:0.000270s ]
SQL: SHOW COLUMNS FROM `config` [ RunTime:0.0013s ]
SQL: SELECT * FROM `config`  [ RunTime:0.0008s ]
NOTIC: [8] Undefined variable: ex /home/hhkone/domains/hhk.one/public_html/nuuclass/Application/Studentaid/Controller/IndexController.class.php 第 14 行.
NOTIC: [8] Trying to access array offset on value of type null /home/hhkone/domains/hhk.one/public_html/nuuclass/Application/Studentaid/Controller/IndexController.class.php 第 14 行.
NOTIC: [8] Undefined variable: ex /home/hhkone/domains/hhk.one/public_html/nuuclass/Application/Studentaid/Controller/IndexController.class.php 第 14 行.
NOTIC: [8] Trying to access array offset on value of type null /home/hhkone/domains/hhk.one/public_html/nuuclass/Application/Studentaid/Controller/IndexController.class.php 第 14 行.
NOTIC: [8] Undefined variable: ex /home/hhkone/domains/hhk.one/public_html/nuuclass/Application/Studentaid/Controller/IndexController.class.php 第 14 行.
NOTIC: [8] Trying to access array offset on value of type null /home/hhkone/domains/hhk.one/public_html/nuuclass/Application/Studentaid/Controller/IndexController.class.php 第 14 行.
SQL: SHOW COLUMNS FROM `class` [ RunTime:0.0011s ]
SQL: SELECT DISTINCT  `lastclass` FROM `class` ORDER BY  `lastclass` desc  [ RunTime:0.0007s ]
SQL: SELECT * FROM `config` LIMIT 1   [ RunTime:0.0006s ]
SQL: SHOW COLUMNS FROM `user` [ RunTime:0.0012s ]
SQL: SELECT COUNT(*) AS tp_count FROM `user` LIMIT 1   [ RunTime:0.0005s ]
INFO: [ view_parse ] --START--
INFO: [ template_filter ] --START--
INFO: Run Behavior\ContentReplaceBehavior [ RunTime:0.000032s ]
INFO: [ template_filter ] --END-- [ RunTime:0.000047s ]
INFO: Run Behavior\ParseTemplateBehavior [ RunTime:0.004317s ]
INFO: [ view_parse ] --END-- [ RunTime:0.004333s ]
INFO: [ view_filter ] --START--
INFO: Run Behavior\WriteHtmlCacheBehavior [ RunTime:0.000235s ]
INFO: [ view_filter ] --END-- [ RunTime:0.000246s ]
INFO: [ app_end ] --START--
INFO: Run Behavior\ShowPageTraceBehavior [ RunTime:0.000207s ]
INFO: [ app_end ] --END-- [ RunTime:0.000231s ]

[ 2024-02-24T12:46:57+08:00 ] 91.215.85.29 /index.php/Studentaid/Work/index.html
INFO: [ app_init ] --START--
INFO: Run Behavior\BuildLiteBehavior [ RunTime:0.000007s ]
INFO: [ app_init ] --END-- [ RunTime:0.000223s ]
INFO: [ app_begin ] --START--
INFO: Run Behavior\ReadHtmlCacheBehavior [ RunTime:0.000234s ]
INFO: [ app_begin ] --END-- [ RunTime:0.000250s ]
SQL: SHOW COLUMNS FROM `config` [ RunTime:0.0015s ]
SQL: SELECT * FROM `config`  [ RunTime:0.0007s ]

[ 2024-02-24T12:46:57+08:00 ] 91.215.85.29 /index.php/Studentaid/Index/dologin.html
INFO: [ app_init ] --START--
INFO: Run Behavior\BuildLiteBehavior [ RunTime:0.000016s ]
INFO: [ app_init ] --END-- [ RunTime:0.000231s ]
INFO: [ app_begin ] --START--
INFO: Run Behavior\ReadHtmlCacheBehavior [ RunTime:0.000252s ]
INFO: [ app_begin ] --END-- [ RunTime:0.000271s ]
SQL: SHOW COLUMNS FROM `config` [ RunTime:0.0012s ]
SQL: SELECT * FROM `config`  [ RunTime:0.0007s ]
NOTIC: [8] Undefined index: account /home/hhkone/domains/hhk.one/public_html/nuuclass/Application/Studentaid/Controller/IndexController.class.php 第 84 行.
INFO: [ view_parse ] --START--
INFO: [ template_filter ] --START--
INFO: Run Behavior\ContentReplaceBehavior [ RunTime:0.000021s ]
INFO: [ template_filter ] --END-- [ RunTime:0.000035s ]
INFO: Run Behavior\ParseTemplateBehavior [ RunTime:0.002641s ]
INFO: [ view_parse ] --END-- [ RunTime:0.002659s ]
INFO: [ view_filter ] --START--
INFO: Run Behavior\WriteHtmlCacheBehavior [ RunTime:0.000199s ]
INFO: [ view_filter ] --END-- [ RunTime:0.000209s ]

[ 2024-02-24T12:46:57+08:00 ] 91.215.85.29 /index.php/Studentaid/Index/class_post.html
INFO: [ app_init ] --START--
INFO: Run Behavior\BuildLiteBehavior [ RunTime:0.000036s ]
INFO: [ app_init ] --END-- [ RunTime:0.000211s ]
INFO: [ app_begin ] --START--
INFO: Run Behavior\ReadHtmlCacheBehavior [ RunTime:0.000259s ]
INFO: [ app_begin ] --END-- [ RunTime:0.000276s ]
SQL: SHOW COLUMNS FROM `config` [ RunTime:0.0012s ]
SQL: SELECT * FROM `config`  [ RunTime:0.0007s ]
INFO: [ app_end ] --START--
INFO: Run Behavior\ShowPageTraceBehavior [ RunTime:0.000266s ]
INFO: [ app_end ] --END-- [ RunTime:0.000282s ]

[ 2024-02-24T12:46:57+08:00 ] 91.215.85.29 /index.php/Studentaid/Index/index.html
INFO: [ app_init ] --START--
INFO: Run Behavior\BuildLiteBehavior [ RunTime:0.000005s ]
INFO: [ app_init ] --END-- [ RunTime:0.000154s ]
INFO: [ app_begin ] --START--
INFO: Run Behavior\ReadHtmlCacheBehavior [ RunTime:0.000200s ]
INFO: [ app_begin ] --END-- [ RunTime:0.000214s ]
SQL: SHOW COLUMNS FROM `config` [ RunTime:0.0015s ]
SQL: SELECT * FROM `config`  [ RunTime:0.0006s ]
NOTIC: [8] Undefined variable: ex /home/hhkone/domains/hhk.one/public_html/nuuclass/Application/Studentaid/Controller/IndexController.class.php 第 14 行.
NOTIC: [8] Trying to access array offset on value of type null /home/hhkone/domains/hhk.one/public_html/nuuclass/Application/Studentaid/Controller/IndexController.class.php 第 14 行.
NOTIC: [8] Undefined variable: ex /home/hhkone/domains/hhk.one/public_html/nuuclass/Application/Studentaid/Controller/IndexController.class.php 第 14 行.
NOTIC: [8] Trying to access array offset on value of type null /home/hhkone/domains/hhk.one/public_html/nuuclass/Application/Studentaid/Controller/IndexController.class.php 第 14 行.
NOTIC: [8] Undefined variable: ex /home/hhkone/domains/hhk.one/public_html/nuuclass/Application/Studentaid/Controller/IndexController.class.php 第 14 行.
NOTIC: [8] Trying to access array offset on value of type null /home/hhkone/domains/hhk.one/public_html/nuuclass/Application/Studentaid/Controller/IndexController.class.php 第 14 行.
SQL: SHOW COLUMNS FROM `class` [ RunTime:0.0011s ]
SQL: SELECT DISTINCT  `lastclass` FROM `class` ORDER BY  `lastclass` desc  [ RunTime:0.0006s ]
SQL: SELECT * FROM `config` LIMIT 1   [ RunTime:0.0007s ]
SQL: SHOW COLUMNS FROM `user` [ RunTime:0.0011s ]
SQL: SELECT COUNT(*) AS tp_count FROM `user` LIMIT 1   [ RunTime:0.0005s ]
INFO: [ view_parse ] --START--
INFO: [ template_filter ] --START--
INFO: Run Behavior\ContentReplaceBehavior [ RunTime:0.000032s ]
INFO: [ template_filter ] --END-- [ RunTime:0.000045s ]
INFO: Run Behavior\ParseTemplateBehavior [ RunTime:0.002413s ]
INFO: [ view_parse ] --END-- [ RunTime:0.002439s ]
INFO: [ view_filter ] --START--
INFO: Run Behavior\WriteHtmlCacheBehavior [ RunTime:0.000213s ]
INFO: [ view_filter ] --END-- [ RunTime:0.000224s ]
INFO: [ app_end ] --START--
INFO: Run Behavior\ShowPageTraceBehavior [ RunTime:0.000192s ]
INFO: [ app_end ] --END-- [ RunTime:0.000204s ]

[ 2024-02-24T16:06:43+08:00 ] 198.235.24.24 /
INFO: [ app_init ] --START--
INFO: Run Behavior\BuildLiteBehavior [ RunTime:0.000014s ]
INFO: [ app_init ] --END-- [ RunTime:0.000559s ]
INFO: [ app_begin ] --START--
INFO: Run Behavior\ReadHtmlCacheBehavior [ RunTime:0.000851s ]
INFO: [ app_begin ] --END-- [ RunTime:0.000870s ]
SQL: SHOW COLUMNS FROM `config` [ RunTime:0.0016s ]
SQL: SELECT * FROM `config`  [ RunTime:0.0008s ]
NOTIC: [8] Undefined variable: ex /home/hhkone/domains/hhk.one/public_html/nuuclass/Application/Studentaid/Controller/IndexController.class.php 第 14 行.
NOTIC: [8] Trying to access array offset on value of type null /home/hhkone/domains/hhk.one/public_html/nuuclass/Application/Studentaid/Controller/IndexController.class.php 第 14 行.
NOTIC: [8] Undefined variable: ex /home/hhkone/domains/hhk.one/public_html/nuuclass/Application/Studentaid/Controller/IndexController.class.php 第 14 行.
NOTIC: [8] Trying to access array offset on value of type null /home/hhkone/domains/hhk.one/public_html/nuuclass/Application/Studentaid/Controller/IndexController.class.php 第 14 行.
NOTIC: [8] Undefined variable: ex /home/hhkone/domains/hhk.one/public_html/nuuclass/Application/Studentaid/Controller/IndexController.class.php 第 14 行.
NOTIC: [8] Trying to access array offset on value of type null /home/hhkone/domains/hhk.one/public_html/nuuclass/Application/Studentaid/Controller/IndexController.class.php 第 14 行.
SQL: SHOW COLUMNS FROM `class` [ RunTime:0.0012s ]
SQL: SELECT DISTINCT  `lastclass` FROM `class` ORDER BY  `lastclass` desc  [ RunTime:0.0011s ]
SQL: SELECT * FROM `config` LIMIT 1   [ RunTime:0.0008s ]
SQL: SHOW COLUMNS FROM `user` [ RunTime:0.0013s ]
SQL: SELECT COUNT(*) AS tp_count FROM `user` LIMIT 1   [ RunTime:0.0007s ]
INFO: [ view_parse ] --START--
INFO: [ template_filter ] --START--
INFO: Run Behavior\ContentReplaceBehavior [ RunTime:0.000046s ]
INFO: [ template_filter ] --END-- [ RunTime:0.000061s ]
INFO: Run Behavior\ParseTemplateBehavior [ RunTime:0.008713s ]
INFO: [ view_parse ] --END-- [ RunTime:0.008729s ]
INFO: [ view_filter ] --START--
INFO: Run Behavior\WriteHtmlCacheBehavior [ RunTime:0.000405s ]
INFO: [ view_filter ] --END-- [ RunTime:0.000429s ]
INFO: [ app_end ] --START--
INFO: Run Behavior\ShowPageTraceBehavior [ RunTime:0.001065s ]
INFO: [ app_end ] --END-- [ RunTime:0.001094s ]

[ 2024-02-24T19:29:20+08:00 ] 220.141.195.192 /
INFO: [ app_init ] --START--
INFO: Run Behavior\BuildLiteBehavior [ RunTime:0.000014s ]
INFO: [ app_init ] --END-- [ RunTime:0.000489s ]
INFO: [ app_begin ] --START--
INFO: Run Behavior\ReadHtmlCacheBehavior [ RunTime:0.000666s ]
INFO: [ app_begin ] --END-- [ RunTime:0.000683s ]
SQL: SHOW COLUMNS FROM `config` [ RunTime:0.0014s ]
SQL: SELECT * FROM `config`  [ RunTime:0.0008s ]
NOTIC: [8] Undefined variable: ex /home/hhkone/domains/hhk.one/public_html/nuuclass/Application/Studentaid/Controller/IndexController.class.php 第 14 行.
NOTIC: [8] Trying to access array offset on value of type null /home/hhkone/domains/hhk.one/public_html/nuuclass/Application/Studentaid/Controller/IndexController.class.php 第 14 行.
NOTIC: [8] Undefined variable: ex /home/hhkone/domains/hhk.one/public_html/nuuclass/Application/Studentaid/Controller/IndexController.class.php 第 14 行.
NOTIC: [8] Trying to access array offset on value of type null /home/hhkone/domains/hhk.one/public_html/nuuclass/Application/Studentaid/Controller/IndexController.class.php 第 14 行.
NOTIC: [8] Undefined variable: ex /home/hhkone/domains/hhk.one/public_html/nuuclass/Application/Studentaid/Controller/IndexController.class.php 第 14 行.
NOTIC: [8] Trying to access array offset on value of type null /home/hhkone/domains/hhk.one/public_html/nuuclass/Application/Studentaid/Controller/IndexController.class.php 第 14 行.
SQL: SHOW COLUMNS FROM `class` [ RunTime:0.0011s ]
SQL: SELECT DISTINCT  `lastclass` FROM `class` ORDER BY  `lastclass` desc  [ RunTime:0.0010s ]
SQL: SELECT * FROM `config` LIMIT 1   [ RunTime:0.0009s ]
SQL: SHOW COLUMNS FROM `user` [ RunTime:0.0010s ]
SQL: SELECT COUNT(*) AS tp_count FROM `user` LIMIT 1   [ RunTime:0.0005s ]
INFO: [ view_parse ] --START--
INFO: [ template_filter ] --START--
INFO: Run Behavior\ContentReplaceBehavior [ RunTime:0.000030s ]
INFO: [ template_filter ] --END-- [ RunTime:0.000044s ]
INFO: Run Behavior\ParseTemplateBehavior [ RunTime:0.008733s ]
INFO: [ view_parse ] --END-- [ RunTime:0.008749s ]
INFO: [ view_filter ] --START--
INFO: Run Behavior\WriteHtmlCacheBehavior [ RunTime:0.000448s ]
INFO: [ view_filter ] --END-- [ RunTime:0.000461s ]
INFO: [ app_end ] --START--
INFO: Run Behavior\ShowPageTraceBehavior [ RunTime:0.000683s ]
INFO: [ app_end ] --END-- [ RunTime:0.000709s ]

[ 2024-02-24T19:29:20+08:00 ] 220.141.195.192 /index.php/Studentaid/Index/class_post.html
INFO: [ app_init ] --START--
INFO: Run Behavior\BuildLiteBehavior [ RunTime:0.000006s ]
INFO: [ app_init ] --END-- [ RunTime:0.000218s ]
INFO: [ app_begin ] --START--
INFO: Run Behavior\ReadHtmlCacheBehavior [ RunTime:0.000202s ]
INFO: [ app_begin ] --END-- [ RunTime:0.000229s ]
SQL: SHOW COLUMNS FROM `config` [ RunTime:0.0014s ]
SQL: SELECT * FROM `config`  [ RunTime:0.0006s ]
SQL: SHOW COLUMNS FROM `class` [ RunTime:0.0010s ]
SQL: SELECT * FROM `class` WHERE ( `lastclass`='管理碩' )  [ RunTime:0.0007s ]
INFO: [ app_end ] --START--
INFO: Run Behavior\ShowPageTraceBehavior [ RunTime:0.000254s ]
INFO: [ app_end ] --END-- [ RunTime:0.000268s ]

[ 2024-02-24T19:35:01+08:00 ] 49.217.126.150 /
INFO: [ app_init ] --START--
INFO: Run Behavior\BuildLiteBehavior [ RunTime:0.000059s ]
INFO: [ app_init ] --END-- [ RunTime:0.000502s ]
INFO: [ app_begin ] --START--
INFO: Run Behavior\ReadHtmlCacheBehavior [ RunTime:0.000232s ]
INFO: [ app_begin ] --END-- [ RunTime:0.000255s ]
SQL: SHOW COLUMNS FROM `config` [ RunTime:0.0016s ]
SQL: SELECT * FROM `config`  [ RunTime:0.0011s ]
NOTIC: [8] Undefined variable: ex /home/hhkone/domains/hhk.one/public_html/nuuclass/Application/Studentaid/Controller/IndexController.class.php 第 14 行.
NOTIC: [8] Trying to access array offset on value of type null /home/hhkone/domains/hhk.one/public_html/nuuclass/Application/Studentaid/Controller/IndexController.class.php 第 14 行.
NOTIC: [8] Undefined variable: ex /home/hhkone/domains/hhk.one/public_html/nuuclass/Application/Studentaid/Controller/IndexController.class.php 第 14 行.
NOTIC: [8] Trying to access array offset on value of type null /home/hhkone/domains/hhk.one/public_html/nuuclass/Application/Studentaid/Controller/IndexController.class.php 第 14 行.
NOTIC: [8] Undefined variable: ex /home/hhkone/domains/hhk.one/public_html/nuuclass/Application/Studentaid/Controller/IndexController.class.php 第 14 行.
NOTIC: [8] Trying to access array offset on value of type null /home/hhkone/domains/hhk.one/public_html/nuuclass/Application/Studentaid/Controller/IndexController.class.php 第 14 行.
SQL: SHOW COLUMNS FROM `class` [ RunTime:0.0012s ]
SQL: SELECT DISTINCT  `lastclass` FROM `class` ORDER BY  `lastclass` desc  [ RunTime:0.0009s ]
SQL: SELECT * FROM `config` LIMIT 1   [ RunTime:0.0008s ]
SQL: SHOW COLUMNS FROM `user` [ RunTime:0.0014s ]
SQL: SELECT COUNT(*) AS tp_count FROM `user` LIMIT 1   [ RunTime:0.0009s ]
INFO: [ view_parse ] --START--
INFO: [ template_filter ] --START--
INFO: Run Behavior\ContentReplaceBehavior [ RunTime:0.000063s ]
INFO: [ template_filter ] --END-- [ RunTime:0.000088s ]
INFO: Run Behavior\ParseTemplateBehavior [ RunTime:0.008165s ]
INFO: [ view_parse ] --END-- [ RunTime:0.008188s ]
INFO: [ view_filter ] --START--
INFO: Run Behavior\WriteHtmlCacheBehavior [ RunTime:0.000392s ]
INFO: [ view_filter ] --END-- [ RunTime:0.000409s ]
INFO: [ app_end ] --START--
INFO: Run Behavior\ShowPageTraceBehavior [ RunTime:0.000371s ]
INFO: [ app_end ] --END-- [ RunTime:0.000392s ]

[ 2024-02-24T19:35:02+08:00 ] 49.217.126.150 /
INFO: [ app_init ] --START--
INFO: Run Behavior\BuildLiteBehavior [ RunTime:0.000007s ]
INFO: [ app_init ] --END-- [ RunTime:0.000196s ]
INFO: [ app_begin ] --START--
INFO: Run Behavior\ReadHtmlCacheBehavior [ RunTime:0.000208s ]
INFO: [ app_begin ] --END-- [ RunTime:0.000223s ]
SQL: SHOW COLUMNS FROM `config` [ RunTime:0.0015s ]
SQL: SELECT * FROM `config`  [ RunTime:0.0009s ]
NOTIC: [8] Undefined variable: ex /home/hhkone/domains/hhk.one/public_html/nuuclass/Application/Studentaid/Controller/IndexController.class.php 第 14 行.
NOTIC: [8] Trying to access array offset on value of type null /home/hhkone/domains/hhk.one/public_html/nuuclass/Application/Studentaid/Controller/IndexController.class.php 第 14 行.
NOTIC: [8] Undefined variable: ex /home/hhkone/domains/hhk.one/public_html/nuuclass/Application/Studentaid/Controller/IndexController.class.php 第 14 行.
NOTIC: [8] Trying to access array offset on value of type null /home/hhkone/domains/hhk.one/public_html/nuuclass/Application/Studentaid/Controller/IndexController.class.php 第 14 行.
NOTIC: [8] Undefined variable: ex /home/hhkone/domains/hhk.one/public_html/nuuclass/Application/Studentaid/Controller/IndexController.class.php 第 14 行.
NOTIC: [8] Trying to access array offset on value of type null /home/hhkone/domains/hhk.one/public_html/nuuclass/Application/Studentaid/Controller/IndexController.class.php 第 14 行.
SQL: SHOW COLUMNS FROM `class` [ RunTime:0.0012s ]
SQL: SELECT DISTINCT  `lastclass` FROM `class` ORDER BY  `lastclass` desc  [ RunTime:0.0006s ]
SQL: SELECT * FROM `config` LIMIT 1   [ RunTime:0.0007s ]
SQL: SHOW COLUMNS FROM `user` [ RunTime:0.0012s ]
SQL: SELECT COUNT(*) AS tp_count FROM `user` LIMIT 1   [ RunTime:0.0005s ]
INFO: [ view_parse ] --START--
INFO: [ template_filter ] --START--
INFO: Run Behavior\ContentReplaceBehavior [ RunTime:0.000032s ]
INFO: [ template_filter ] --END-- [ RunTime:0.000044s ]
INFO: Run Behavior\ParseTemplateBehavior [ RunTime:0.002548s ]
INFO: [ view_parse ] --END-- [ RunTime:0.002564s ]
INFO: [ view_filter ] --START--
INFO: Run Behavior\WriteHtmlCacheBehavior [ RunTime:0.000202s ]
INFO: [ view_filter ] --END-- [ RunTime:0.000213s ]
INFO: [ app_end ] --START--
INFO: Run Behavior\ShowPageTraceBehavior [ RunTime:0.000217s ]
INFO: [ app_end ] --END-- [ RunTime:0.000229s ]

[ 2024-02-24T19:35:03+08:00 ] 49.217.126.150 /index.php/Studentaid/Index/class_post.html
INFO: [ app_init ] --START--
INFO: Run Behavior\BuildLiteBehavior [ RunTime:0.000008s ]
INFO: [ app_init ] --END-- [ RunTime:0.000230s ]
INFO: [ app_begin ] --START--
INFO: Run Behavior\ReadHtmlCacheBehavior [ RunTime:0.000194s ]
INFO: [ app_begin ] --END-- [ RunTime:0.000211s ]
SQL: SHOW COLUMNS FROM `config` [ RunTime:0.0014s ]
SQL: SELECT * FROM `config`  [ RunTime:0.0008s ]
SQL: SHOW COLUMNS FROM `class` [ RunTime:0.0011s ]
SQL: SELECT * FROM `class` WHERE ( `lastclass`='管理碩' )  [ RunTime:0.0006s ]
INFO: [ app_end ] --START--
INFO: Run Behavior\ShowPageTraceBehavior [ RunTime:0.000209s ]
INFO: [ app_end ] --END-- [ RunTime:0.000221s ]

[ 2024-02-24T20:19:08+08:00 ] 147.92.179.111 /
INFO: [ app_init ] --START--
INFO: Run Behavior\BuildLiteBehavior [ RunTime:0.000014s ]
INFO: [ app_init ] --END-- [ RunTime:0.000586s ]
INFO: [ app_begin ] --START--
INFO: Run Behavior\ReadHtmlCacheBehavior [ RunTime:0.000756s ]
INFO: [ app_begin ] --END-- [ RunTime:0.000775s ]
SQL: SHOW COLUMNS FROM `config` [ RunTime:0.0015s ]
SQL: SELECT * FROM `config`  [ RunTime:0.0008s ]
NOTIC: [8] Undefined variable: ex /home/hhkone/domains/hhk.one/public_html/nuuclass/Application/Studentaid/Controller/IndexController.class.php 第 14 行.
NOTIC: [8] Trying to access array offset on value of type null /home/hhkone/domains/hhk.one/public_html/nuuclass/Application/Studentaid/Controller/IndexController.class.php 第 14 行.
NOTIC: [8] Undefined variable: ex /home/hhkone/domains/hhk.one/public_html/nuuclass/Application/Studentaid/Controller/IndexController.class.php 第 14 行.
NOTIC: [8] Trying to access array offset on value of type null /home/hhkone/domains/hhk.one/public_html/nuuclass/Application/Studentaid/Controller/IndexController.class.php 第 14 行.
NOTIC: [8] Undefined variable: ex /home/hhkone/domains/hhk.one/public_html/nuuclass/Application/Studentaid/Controller/IndexController.class.php 第 14 行.
NOTIC: [8] Trying to access array offset on value of type null /home/hhkone/domains/hhk.one/public_html/nuuclass/Application/Studentaid/Controller/IndexController.class.php 第 14 行.
SQL: SHOW COLUMNS FROM `class` [ RunTime:0.0011s ]
SQL: SELECT DISTINCT  `lastclass` FROM `class` ORDER BY  `lastclass` desc  [ RunTime:0.0008s ]
SQL: SELECT * FROM `config` LIMIT 1   [ RunTime:0.0007s ]
SQL: SHOW COLUMNS FROM `user` [ RunTime:0.0011s ]
SQL: SELECT COUNT(*) AS tp_count FROM `user` LIMIT 1   [ RunTime:0.0004s ]
INFO: [ view_parse ] --START--
INFO: [ template_filter ] --START--
INFO: Run Behavior\ContentReplaceBehavior [ RunTime:0.000031s ]
INFO: [ template_filter ] --END-- [ RunTime:0.000045s ]
INFO: Run Behavior\ParseTemplateBehavior [ RunTime:0.007761s ]
INFO: [ view_parse ] --END-- [ RunTime:0.007776s ]
INFO: [ view_filter ] --START--
INFO: Run Behavior\WriteHtmlCacheBehavior [ RunTime:0.000383s ]
INFO: [ view_filter ] --END-- [ RunTime:0.000396s ]
INFO: [ app_end ] --START--
INFO: Run Behavior\ShowPageTraceBehavior [ RunTime:0.000747s ]
INFO: [ app_end ] --END-- [ RunTime:0.000763s ]

