[ 2024-05-27T08:59:29+08:00 ] 20.15.133.186 /
INFO: [ app_init ] --START--
INFO: Run Behavior\BuildLiteBehavior [ RunTime:0.000008s ]
INFO: [ app_init ] --END-- [ RunTime:0.000477s ]
INFO: [ app_begin ] --START--
INFO: Run Behavior\ReadHtmlCacheBehavior [ RunTime:0.000654s ]
INFO: [ app_begin ] --END-- [ RunTime:0.000671s ]
SQL: SHOW COLUMNS FROM `config` [ RunTime:0.0019s ]
SQL: SELECT * FROM `config`  [ RunTime:0.0017s ]
NOTIC: [2] Undefined variable $ex /home/hhkone/domains/hhk.one/public_html/nuuclass/Application/Studentaid/Controller/IndexController.class.php 第 14 行.
NOTIC: [2] Trying to access array offset on null /home/hhkone/domains/hhk.one/public_html/nuuclass/Application/Studentaid/Controller/IndexController.class.php 第 14 行.
NOTIC: [2] Undefined variable $ex /home/hhkone/domains/hhk.one/public_html/nuuclass/Application/Studentaid/Controller/IndexController.class.php 第 14 行.
NOTIC: [2] Trying to access array offset on null /home/hhkone/domains/hhk.one/public_html/nuuclass/Application/Studentaid/Controller/IndexController.class.php 第 14 行.
NOTIC: [2] Undefined variable $ex /home/hhkone/domains/hhk.one/public_html/nuuclass/Application/Studentaid/Controller/IndexController.class.php 第 14 行.
NOTIC: [2] Trying to access array offset on null /home/hhkone/domains/hhk.one/public_html/nuuclass/Application/Studentaid/Controller/IndexController.class.php 第 14 行.
SQL: SHOW COLUMNS FROM `class` [ RunTime:0.0022s ]
SQL: SELECT DISTINCT  `lastclass` FROM `class` ORDER BY  `lastclass` desc  [ RunTime:0.0013s ]
SQL: SELECT * FROM `config` LIMIT 1   [ RunTime:0.0015s ]
SQL: SHOW COLUMNS FROM `user` [ RunTime:0.0018s ]
SQL: SELECT COUNT(*) AS tp_count FROM `user` LIMIT 1   [ RunTime:0.0007s ]
INFO: [ view_parse ] --START--
NOTIC: [8192] Creation of dynamic property Think\Template::$tempVar is deprecated /home/hhkone/domains/hhk.one/public_html/nuuclass/ThinkPHP/Library/Think/Template.class.php 第 415 行.
INFO: [ template_filter ] --START--
INFO: Run Behavior\ContentReplaceBehavior [ RunTime:0.000056s ]
INFO: [ template_filter ] --END-- [ RunTime:0.000072s ]
INFO: Run Behavior\ParseTemplateBehavior [ RunTime:0.008648s ]
INFO: [ view_parse ] --END-- [ RunTime:0.008665s ]
INFO: [ view_filter ] --START--
INFO: Run Behavior\WriteHtmlCacheBehavior [ RunTime:0.000304s ]
INFO: [ view_filter ] --END-- [ RunTime:0.000317s ]
INFO: [ app_end ] --START--
INFO: Run Behavior\ShowPageTraceBehavior [ RunTime:0.000629s ]
INFO: [ app_end ] --END-- [ RunTime:0.000645s ]

[ 2024-05-27T10:36:44+08:00 ] 52.167.144.170 /
INFO: [ app_init ] --START--
INFO: Run Behavior\BuildLiteBehavior [ RunTime:0.000005s ]
INFO: [ app_init ] --END-- [ RunTime:0.000428s ]
INFO: [ app_begin ] --START--
INFO: Run Behavior\ReadHtmlCacheBehavior [ RunTime:0.000543s ]
INFO: [ app_begin ] --END-- [ RunTime:0.000559s ]
SQL: SHOW COLUMNS FROM `config` [ RunTime:0.0017s ]
SQL: SELECT * FROM `config`  [ RunTime:0.0015s ]
NOTIC: [2] Undefined variable $ex /home/hhkone/domains/hhk.one/public_html/nuuclass/Application/Studentaid/Controller/IndexController.class.php 第 14 行.
NOTIC: [2] Trying to access array offset on null /home/hhkone/domains/hhk.one/public_html/nuuclass/Application/Studentaid/Controller/IndexController.class.php 第 14 行.
NOTIC: [2] Undefined variable $ex /home/hhkone/domains/hhk.one/public_html/nuuclass/Application/Studentaid/Controller/IndexController.class.php 第 14 行.
NOTIC: [2] Trying to access array offset on null /home/hhkone/domains/hhk.one/public_html/nuuclass/Application/Studentaid/Controller/IndexController.class.php 第 14 行.
NOTIC: [2] Undefined variable $ex /home/hhkone/domains/hhk.one/public_html/nuuclass/Application/Studentaid/Controller/IndexController.class.php 第 14 行.
NOTIC: [2] Trying to access array offset on null /home/hhkone/domains/hhk.one/public_html/nuuclass/Application/Studentaid/Controller/IndexController.class.php 第 14 行.
SQL: SHOW COLUMNS FROM `class` [ RunTime:0.0014s ]
SQL: SELECT DISTINCT  `lastclass` FROM `class` ORDER BY  `lastclass` desc  [ RunTime:0.0012s ]
SQL: SELECT * FROM `config` LIMIT 1   [ RunTime:0.0015s ]
SQL: SHOW COLUMNS FROM `user` [ RunTime:0.0014s ]
SQL: SELECT COUNT(*) AS tp_count FROM `user` LIMIT 1   [ RunTime:0.0007s ]
INFO: [ view_parse ] --START--
NOTIC: [8192] Creation of dynamic property Think\Template::$tempVar is deprecated /home/hhkone/domains/hhk.one/public_html/nuuclass/ThinkPHP/Library/Think/Template.class.php 第 415 行.
INFO: [ template_filter ] --START--
INFO: Run Behavior\ContentReplaceBehavior [ RunTime:0.000030s ]
INFO: [ template_filter ] --END-- [ RunTime:0.000044s ]
INFO: Run Behavior\ParseTemplateBehavior [ RunTime:0.007266s ]
INFO: [ view_parse ] --END-- [ RunTime:0.007281s ]
INFO: [ view_filter ] --START--
INFO: Run Behavior\WriteHtmlCacheBehavior [ RunTime:0.000250s ]
INFO: [ view_filter ] --END-- [ RunTime:0.000262s ]
INFO: [ app_end ] --START--
INFO: Run Behavior\ShowPageTraceBehavior [ RunTime:0.000575s ]
INFO: [ app_end ] --END-- [ RunTime:0.000589s ]

[ 2024-05-27T10:40:56+08:00 ] 120.105.156.99 /index.php/Studentaid/Work/index.html
INFO: [ app_init ] --START--
INFO: Run Behavior\BuildLiteBehavior [ RunTime:0.000009s ]
INFO: [ app_init ] --END-- [ RunTime:0.000136s ]
INFO: [ app_begin ] --START--
INFO: Run Behavior\ReadHtmlCacheBehavior [ RunTime:0.000106s ]
INFO: [ app_begin ] --END-- [ RunTime:0.000151s ]
SQL: SHOW COLUMNS FROM `config` [ RunTime:0.0018s ]
SQL: SELECT * FROM `config`  [ RunTime:0.0017s ]

[ 2024-05-27T10:40:56+08:00 ] 120.105.156.99 /index.php/Studentaid/Index/index.html
INFO: [ app_init ] --START--
INFO: Run Behavior\BuildLiteBehavior [ RunTime:0.000004s ]
INFO: [ app_init ] --END-- [ RunTime:0.000088s ]
INFO: [ app_begin ] --START--
INFO: Run Behavior\ReadHtmlCacheBehavior [ RunTime:0.000095s ]
INFO: [ app_begin ] --END-- [ RunTime:0.000107s ]
SQL: SHOW COLUMNS FROM `config` [ RunTime:0.0021s ]
SQL: SELECT * FROM `config`  [ RunTime:0.0014s ]
NOTIC: [2] Undefined variable $ex /home/hhkone/domains/hhk.one/public_html/nuuclass/Application/Studentaid/Controller/IndexController.class.php 第 14 行.
NOTIC: [2] Trying to access array offset on null /home/hhkone/domains/hhk.one/public_html/nuuclass/Application/Studentaid/Controller/IndexController.class.php 第 14 行.
NOTIC: [2] Undefined variable $ex /home/hhkone/domains/hhk.one/public_html/nuuclass/Application/Studentaid/Controller/IndexController.class.php 第 14 行.
NOTIC: [2] Trying to access array offset on null /home/hhkone/domains/hhk.one/public_html/nuuclass/Application/Studentaid/Controller/IndexController.class.php 第 14 行.
NOTIC: [2] Undefined variable $ex /home/hhkone/domains/hhk.one/public_html/nuuclass/Application/Studentaid/Controller/IndexController.class.php 第 14 行.
NOTIC: [2] Trying to access array offset on null /home/hhkone/domains/hhk.one/public_html/nuuclass/Application/Studentaid/Controller/IndexController.class.php 第 14 行.
SQL: SHOW COLUMNS FROM `class` [ RunTime:0.0015s ]
SQL: SELECT DISTINCT  `lastclass` FROM `class` ORDER BY  `lastclass` desc  [ RunTime:0.0011s ]
SQL: SELECT * FROM `config` LIMIT 1   [ RunTime:0.0013s ]
SQL: SHOW COLUMNS FROM `user` [ RunTime:0.0014s ]
SQL: SELECT COUNT(*) AS tp_count FROM `user` LIMIT 1   [ RunTime:0.0006s ]
INFO: [ view_parse ] --START--
NOTIC: [8192] Creation of dynamic property Think\Template::$tempVar is deprecated /home/hhkone/domains/hhk.one/public_html/nuuclass/ThinkPHP/Library/Think/Template.class.php 第 415 行.
INFO: [ template_filter ] --START--
INFO: Run Behavior\ContentReplaceBehavior [ RunTime:0.000038s ]
INFO: [ template_filter ] --END-- [ RunTime:0.000052s ]
INFO: Run Behavior\ParseTemplateBehavior [ RunTime:0.003309s ]
INFO: [ view_parse ] --END-- [ RunTime:0.003324s ]
INFO: [ view_filter ] --START--
INFO: Run Behavior\WriteHtmlCacheBehavior [ RunTime:0.000128s ]
INFO: [ view_filter ] --END-- [ RunTime:0.000150s ]
INFO: [ app_end ] --START--
INFO: Run Behavior\ShowPageTraceBehavior [ RunTime:0.000107s ]
INFO: [ app_end ] --END-- [ RunTime:0.000118s ]

[ 2024-05-27T10:40:57+08:00 ] 120.105.156.99 /index.php/Studentaid/Index/class_post.html
INFO: [ app_init ] --START--
INFO: Run Behavior\BuildLiteBehavior [ RunTime:0.000016s ]
INFO: [ app_init ] --END-- [ RunTime:0.000136s ]
INFO: [ app_begin ] --START--
INFO: Run Behavior\ReadHtmlCacheBehavior [ RunTime:0.000133s ]
INFO: [ app_begin ] --END-- [ RunTime:0.000146s ]
SQL: SHOW COLUMNS FROM `config` [ RunTime:0.0031s ]
SQL: SELECT * FROM `config`  [ RunTime:0.0031s ]
SQL: SHOW COLUMNS FROM `class` [ RunTime:0.0012s ]
SQL: SELECT * FROM `class` WHERE ( `lastclass`='管理碩' )  [ RunTime:0.0009s ]
INFO: [ app_end ] --START--
INFO: Run Behavior\ShowPageTraceBehavior [ RunTime:0.000148s ]
INFO: [ app_end ] --END-- [ RunTime:0.000160s ]

[ 2024-05-27T10:41:04+08:00 ] 120.105.156.99 /index.php/Studentaid/Index/class_post.html
INFO: [ app_init ] --START--
INFO: Run Behavior\BuildLiteBehavior [ RunTime:0.000008s ]
INFO: [ app_init ] --END-- [ RunTime:0.000119s ]
INFO: [ app_begin ] --START--
INFO: Run Behavior\ReadHtmlCacheBehavior [ RunTime:0.000104s ]
INFO: [ app_begin ] --END-- [ RunTime:0.000121s ]
SQL: SHOW COLUMNS FROM `config` [ RunTime:0.0019s ]
SQL: SELECT * FROM `config`  [ RunTime:0.0016s ]
SQL: SHOW COLUMNS FROM `class` [ RunTime:0.0013s ]
SQL: SELECT * FROM `class` WHERE ( `lastclass`='日電機' )  [ RunTime:0.0009s ]
INFO: [ app_end ] --START--
INFO: Run Behavior\ShowPageTraceBehavior [ RunTime:0.000313s ]
INFO: [ app_end ] --END-- [ RunTime:0.000333s ]

[ 2024-05-27T10:41:26+08:00 ] 120.105.156.99 /index.php/Studentaid/Index/dologin.html
INFO: [ app_init ] --START--
INFO: Run Behavior\BuildLiteBehavior [ RunTime:0.000007s ]
INFO: [ app_init ] --END-- [ RunTime:0.000177s ]
INFO: [ app_begin ] --START--
INFO: Run Behavior\ReadHtmlCacheBehavior [ RunTime:0.000159s ]
INFO: [ app_begin ] --END-- [ RunTime:0.000176s ]
SQL: SHOW COLUMNS FROM `config` [ RunTime:0.0018s ]
SQL: SELECT * FROM `config`  [ RunTime:0.0015s ]
SQL: SHOW COLUMNS FROM `user` [ RunTime:0.0014s ]
SQL: SELECT * FROM `user` WHERE ( `account`='U1021045' and `password`='b1ce2310f1eaaf7d7ebf3eee94cc98a9' )  [ RunTime:0.0007s ]
NOTIC: [2] Undefined array key 0 /home/hhkone/domains/hhk.one/public_html/nuuclass/Application/Studentaid/Controller/IndexController.class.php 第 91 行.
NOTIC: [2] Trying to access array offset on null /home/hhkone/domains/hhk.one/public_html/nuuclass/Application/Studentaid/Controller/IndexController.class.php 第 91 行.
INFO: [ view_parse ] --START--
NOTIC: [8192] Creation of dynamic property Think\Template::$tempVar is deprecated /home/hhkone/domains/hhk.one/public_html/nuuclass/ThinkPHP/Library/Think/Template.class.php 第 415 行.
INFO: [ template_filter ] --START--
INFO: Run Behavior\ContentReplaceBehavior [ RunTime:0.000029s ]
INFO: [ template_filter ] --END-- [ RunTime:0.000043s ]
INFO: Run Behavior\ParseTemplateBehavior [ RunTime:0.002683s ]
INFO: [ view_parse ] --END-- [ RunTime:0.002702s ]
INFO: [ view_filter ] --START--
INFO: Run Behavior\WriteHtmlCacheBehavior [ RunTime:0.000153s ]
INFO: [ view_filter ] --END-- [ RunTime:0.000163s ]

[ 2024-05-27T10:41:27+08:00 ] 120.105.156.99 /index.php/Studentaid/Index/class_post.html
INFO: [ app_init ] --START--
INFO: Run Behavior\BuildLiteBehavior [ RunTime:0.000007s ]
INFO: [ app_init ] --END-- [ RunTime:0.000128s ]
INFO: [ app_begin ] --START--
INFO: Run Behavior\ReadHtmlCacheBehavior [ RunTime:0.000125s ]
INFO: [ app_begin ] --END-- [ RunTime:0.000140s ]
SQL: SHOW COLUMNS FROM `config` [ RunTime:0.0018s ]
SQL: SELECT * FROM `config`  [ RunTime:0.0016s ]
SQL: SHOW COLUMNS FROM `class` [ RunTime:0.0014s ]
SQL: SELECT * FROM `class` WHERE ( `lastclass`='管理碩' )  [ RunTime:0.0007s ]
INFO: [ app_end ] --START--
INFO: Run Behavior\ShowPageTraceBehavior [ RunTime:0.000143s ]
INFO: [ app_end ] --END-- [ RunTime:0.000156s ]

[ 2024-05-27T10:41:38+08:00 ] 120.105.156.99 /index.php/Studentaid/Index/class_post.html
INFO: [ app_init ] --START--
INFO: Run Behavior\BuildLiteBehavior [ RunTime:0.000006s ]
INFO: [ app_init ] --END-- [ RunTime:0.000141s ]
INFO: [ app_begin ] --START--
INFO: Run Behavior\ReadHtmlCacheBehavior [ RunTime:0.000094s ]
INFO: [ app_begin ] --END-- [ RunTime:0.000105s ]
SQL: SHOW COLUMNS FROM `config` [ RunTime:0.0019s ]
SQL: SELECT * FROM `config`  [ RunTime:0.0016s ]
SQL: SHOW COLUMNS FROM `class` [ RunTime:0.0013s ]
SQL: SELECT * FROM `class` WHERE ( `lastclass`='日客傳' )  [ RunTime:0.0008s ]
INFO: [ app_end ] --START--
INFO: Run Behavior\ShowPageTraceBehavior [ RunTime:0.000306s ]
INFO: [ app_end ] --END-- [ RunTime:0.000334s ]

[ 2024-05-27T10:41:40+08:00 ] 120.105.156.99 /index.php/Studentaid/Index/class_post.html
INFO: [ app_init ] --START--
INFO: Run Behavior\BuildLiteBehavior [ RunTime:0.000006s ]
INFO: [ app_init ] --END-- [ RunTime:0.000102s ]
INFO: [ app_begin ] --START--
INFO: Run Behavior\ReadHtmlCacheBehavior [ RunTime:0.000122s ]
INFO: [ app_begin ] --END-- [ RunTime:0.000135s ]
SQL: SHOW COLUMNS FROM `config` [ RunTime:0.0018s ]
SQL: SELECT * FROM `config`  [ RunTime:0.0016s ]
SQL: SHOW COLUMNS FROM `class` [ RunTime:0.0014s ]
SQL: SELECT * FROM `class` WHERE ( `lastclass`='日電機' )  [ RunTime:0.0008s ]
INFO: [ app_end ] --START--
INFO: Run Behavior\ShowPageTraceBehavior [ RunTime:0.000133s ]
INFO: [ app_end ] --END-- [ RunTime:0.000143s ]

[ 2024-05-27T10:41:44+08:00 ] 120.105.156.99 /index.php/Studentaid/Work/index.html
INFO: [ app_init ] --START--
INFO: Run Behavior\BuildLiteBehavior [ RunTime:0.000006s ]
INFO: [ app_init ] --END-- [ RunTime:0.000114s ]
INFO: [ app_begin ] --START--
INFO: Run Behavior\ReadHtmlCacheBehavior [ RunTime:0.000121s ]
INFO: [ app_begin ] --END-- [ RunTime:0.000134s ]
SQL: SHOW COLUMNS FROM `config` [ RunTime:0.0017s ]
SQL: SELECT * FROM `config`  [ RunTime:0.0016s ]
SQL: SHOW COLUMNS FROM `elective` [ RunTime:0.0029s ]
SQL: SELECT * FROM `elective` WHERE ( class='日電機三甲' && `classify`='1' )  [ RunTime:0.0076s ]
ERR: Attempt to assign property "date" on null

[ 2024-05-27T14:55:20+08:00 ] 147.92.179.119 /
INFO: [ app_init ] --START--
INFO: Run Behavior\BuildLiteBehavior [ RunTime:0.000007s ]
INFO: [ app_init ] --END-- [ RunTime:0.000647s ]
INFO: [ app_begin ] --START--
INFO: Run Behavior\ReadHtmlCacheBehavior [ RunTime:0.000971s ]
INFO: [ app_begin ] --END-- [ RunTime:0.000996s ]
SQL: SHOW COLUMNS FROM `config` [ RunTime:0.0018s ]
SQL: SELECT * FROM `config`  [ RunTime:0.0016s ]
NOTIC: [2] Undefined variable $ex /home/hhkone/domains/hhk.one/public_html/nuuclass/Application/Studentaid/Controller/IndexController.class.php 第 14 行.
NOTIC: [2] Trying to access array offset on null /home/hhkone/domains/hhk.one/public_html/nuuclass/Application/Studentaid/Controller/IndexController.class.php 第 14 行.
NOTIC: [2] Undefined variable $ex /home/hhkone/domains/hhk.one/public_html/nuuclass/Application/Studentaid/Controller/IndexController.class.php 第 14 行.
NOTIC: [2] Trying to access array offset on null /home/hhkone/domains/hhk.one/public_html/nuuclass/Application/Studentaid/Controller/IndexController.class.php 第 14 行.
NOTIC: [2] Undefined variable $ex /home/hhkone/domains/hhk.one/public_html/nuuclass/Application/Studentaid/Controller/IndexController.class.php 第 14 行.
NOTIC: [2] Trying to access array offset on null /home/hhkone/domains/hhk.one/public_html/nuuclass/Application/Studentaid/Controller/IndexController.class.php 第 14 行.
SQL: SHOW COLUMNS FROM `class` [ RunTime:0.0015s ]
SQL: SELECT DISTINCT  `lastclass` FROM `class` ORDER BY  `lastclass` desc  [ RunTime:0.0012s ]
SQL: SELECT * FROM `config` LIMIT 1   [ RunTime:0.0014s ]
SQL: SHOW COLUMNS FROM `user` [ RunTime:0.0015s ]
SQL: SELECT COUNT(*) AS tp_count FROM `user` LIMIT 1   [ RunTime:0.0008s ]
INFO: [ view_parse ] --START--
NOTIC: [8192] Creation of dynamic property Think\Template::$tempVar is deprecated /home/hhkone/domains/hhk.one/public_html/nuuclass/ThinkPHP/Library/Think/Template.class.php 第 415 行.
INFO: [ template_filter ] --START--
INFO: Run Behavior\ContentReplaceBehavior [ RunTime:0.000048s ]
INFO: [ template_filter ] --END-- [ RunTime:0.000065s ]
INFO: Run Behavior\ParseTemplateBehavior [ RunTime:0.009610s ]
INFO: [ view_parse ] --END-- [ RunTime:0.009628s ]
INFO: [ view_filter ] --START--
INFO: Run Behavior\WriteHtmlCacheBehavior [ RunTime:0.000310s ]
INFO: [ view_filter ] --END-- [ RunTime:0.000358s ]
INFO: [ app_end ] --START--
INFO: Run Behavior\ShowPageTraceBehavior [ RunTime:0.000739s ]
INFO: [ app_end ] --END-- [ RunTime:0.000757s ]

[ 2024-05-27T14:55:27+08:00 ] 147.92.179.119 /
INFO: [ app_init ] --START--
INFO: Run Behavior\BuildLiteBehavior [ RunTime:0.000005s ]
INFO: [ app_init ] --END-- [ RunTime:0.000108s ]
INFO: [ app_begin ] --START--
INFO: Run Behavior\ReadHtmlCacheBehavior [ RunTime:0.000122s ]
INFO: [ app_begin ] --END-- [ RunTime:0.000133s ]
SQL: SHOW COLUMNS FROM `config` [ RunTime:0.0018s ]
SQL: SELECT * FROM `config`  [ RunTime:0.0015s ]
NOTIC: [2] Undefined variable $ex /home/hhkone/domains/hhk.one/public_html/nuuclass/Application/Studentaid/Controller/IndexController.class.php 第 14 行.
NOTIC: [2] Trying to access array offset on null /home/hhkone/domains/hhk.one/public_html/nuuclass/Application/Studentaid/Controller/IndexController.class.php 第 14 行.
NOTIC: [2] Undefined variable $ex /home/hhkone/domains/hhk.one/public_html/nuuclass/Application/Studentaid/Controller/IndexController.class.php 第 14 行.
NOTIC: [2] Trying to access array offset on null /home/hhkone/domains/hhk.one/public_html/nuuclass/Application/Studentaid/Controller/IndexController.class.php 第 14 行.
NOTIC: [2] Undefined variable $ex /home/hhkone/domains/hhk.one/public_html/nuuclass/Application/Studentaid/Controller/IndexController.class.php 第 14 行.
NOTIC: [2] Trying to access array offset on null /home/hhkone/domains/hhk.one/public_html/nuuclass/Application/Studentaid/Controller/IndexController.class.php 第 14 行.
SQL: SHOW COLUMNS FROM `class` [ RunTime:0.0014s ]
SQL: SELECT DISTINCT  `lastclass` FROM `class` ORDER BY  `lastclass` desc  [ RunTime:0.0009s ]
SQL: SELECT * FROM `config` LIMIT 1   [ RunTime:0.0015s ]
SQL: SHOW COLUMNS FROM `user` [ RunTime:0.0013s ]
SQL: SELECT COUNT(*) AS tp_count FROM `user` LIMIT 1   [ RunTime:0.0006s ]
INFO: [ view_parse ] --START--
NOTIC: [8192] Creation of dynamic property Think\Template::$tempVar is deprecated /home/hhkone/domains/hhk.one/public_html/nuuclass/ThinkPHP/Library/Think/Template.class.php 第 415 行.
INFO: [ template_filter ] --START--
INFO: Run Behavior\ContentReplaceBehavior [ RunTime:0.000035s ]
INFO: [ template_filter ] --END-- [ RunTime:0.000047s ]
INFO: Run Behavior\ParseTemplateBehavior [ RunTime:0.001931s ]
INFO: [ view_parse ] --END-- [ RunTime:0.001957s ]
INFO: [ view_filter ] --START--
INFO: Run Behavior\WriteHtmlCacheBehavior [ RunTime:0.000154s ]
INFO: [ view_filter ] --END-- [ RunTime:0.000164s ]
INFO: [ app_end ] --START--
INFO: Run Behavior\ShowPageTraceBehavior [ RunTime:0.000131s ]
INFO: [ app_end ] --END-- [ RunTime:0.000141s ]

[ 2024-05-27T15:23:43+08:00 ] 147.92.179.116 /
INFO: [ app_init ] --START--
INFO: Run Behavior\BuildLiteBehavior [ RunTime:0.000007s ]
INFO: [ app_init ] --END-- [ RunTime:0.000431s ]
INFO: [ app_begin ] --START--
INFO: Run Behavior\ReadHtmlCacheBehavior [ RunTime:0.000576s ]
INFO: [ app_begin ] --END-- [ RunTime:0.000597s ]
SQL: SHOW COLUMNS FROM `config` [ RunTime:0.0019s ]
SQL: SELECT * FROM `config`  [ RunTime:0.0016s ]
NOTIC: [2] Undefined variable $ex /home/hhkone/domains/hhk.one/public_html/nuuclass/Application/Studentaid/Controller/IndexController.class.php 第 14 行.
NOTIC: [2] Trying to access array offset on null /home/hhkone/domains/hhk.one/public_html/nuuclass/Application/Studentaid/Controller/IndexController.class.php 第 14 行.
NOTIC: [2] Undefined variable $ex /home/hhkone/domains/hhk.one/public_html/nuuclass/Application/Studentaid/Controller/IndexController.class.php 第 14 行.
NOTIC: [2] Trying to access array offset on null /home/hhkone/domains/hhk.one/public_html/nuuclass/Application/Studentaid/Controller/IndexController.class.php 第 14 行.
NOTIC: [2] Undefined variable $ex /home/hhkone/domains/hhk.one/public_html/nuuclass/Application/Studentaid/Controller/IndexController.class.php 第 14 行.
NOTIC: [2] Trying to access array offset on null /home/hhkone/domains/hhk.one/public_html/nuuclass/Application/Studentaid/Controller/IndexController.class.php 第 14 行.
SQL: SHOW COLUMNS FROM `class` [ RunTime:0.0016s ]
SQL: SELECT DISTINCT  `lastclass` FROM `class` ORDER BY  `lastclass` desc  [ RunTime:0.0010s ]
SQL: SELECT * FROM `config` LIMIT 1   [ RunTime:0.0016s ]
SQL: SHOW COLUMNS FROM `user` [ RunTime:0.0014s ]
SQL: SELECT COUNT(*) AS tp_count FROM `user` LIMIT 1   [ RunTime:0.0007s ]
INFO: [ view_parse ] --START--
NOTIC: [8192] Creation of dynamic property Think\Template::$tempVar is deprecated /home/hhkone/domains/hhk.one/public_html/nuuclass/ThinkPHP/Library/Think/Template.class.php 第 415 行.
INFO: [ template_filter ] --START--
INFO: Run Behavior\ContentReplaceBehavior [ RunTime:0.000033s ]
INFO: [ template_filter ] --END-- [ RunTime:0.000051s ]
INFO: Run Behavior\ParseTemplateBehavior [ RunTime:0.007730s ]
INFO: [ view_parse ] --END-- [ RunTime:0.007748s ]
INFO: [ view_filter ] --START--
INFO: Run Behavior\WriteHtmlCacheBehavior [ RunTime:0.000257s ]
INFO: [ view_filter ] --END-- [ RunTime:0.000310s ]
INFO: [ app_end ] --START--
INFO: Run Behavior\ShowPageTraceBehavior [ RunTime:0.000595s ]
INFO: [ app_end ] --END-- [ RunTime:0.000615s ]

[ 2024-05-27T17:28:42+08:00 ] 68.183.60.140 /
INFO: [ app_init ] --START--
INFO: Run Behavior\BuildLiteBehavior [ RunTime:0.000006s ]
INFO: [ app_init ] --END-- [ RunTime:0.000452s ]
INFO: [ app_begin ] --START--
INFO: Run Behavior\ReadHtmlCacheBehavior [ RunTime:0.000643s ]
INFO: [ app_begin ] --END-- [ RunTime:0.000660s ]
SQL: SHOW COLUMNS FROM `config` [ RunTime:0.0018s ]
SQL: SELECT * FROM `config`  [ RunTime:0.0015s ]
NOTIC: [2] Undefined variable $ex /home/hhkone/domains/hhk.one/public_html/nuuclass/Application/Studentaid/Controller/IndexController.class.php 第 14 行.
NOTIC: [2] Trying to access array offset on null /home/hhkone/domains/hhk.one/public_html/nuuclass/Application/Studentaid/Controller/IndexController.class.php 第 14 行.
NOTIC: [2] Undefined variable $ex /home/hhkone/domains/hhk.one/public_html/nuuclass/Application/Studentaid/Controller/IndexController.class.php 第 14 行.
NOTIC: [2] Trying to access array offset on null /home/hhkone/domains/hhk.one/public_html/nuuclass/Application/Studentaid/Controller/IndexController.class.php 第 14 行.
NOTIC: [2] Undefined variable $ex /home/hhkone/domains/hhk.one/public_html/nuuclass/Application/Studentaid/Controller/IndexController.class.php 第 14 行.
NOTIC: [2] Trying to access array offset on null /home/hhkone/domains/hhk.one/public_html/nuuclass/Application/Studentaid/Controller/IndexController.class.php 第 14 行.
SQL: SHOW COLUMNS FROM `class` [ RunTime:0.0014s ]
SQL: SELECT DISTINCT  `lastclass` FROM `class` ORDER BY  `lastclass` desc  [ RunTime:0.0009s ]
SQL: SELECT * FROM `config` LIMIT 1   [ RunTime:0.0014s ]
SQL: SHOW COLUMNS FROM `user` [ RunTime:0.0015s ]
SQL: SELECT COUNT(*) AS tp_count FROM `user` LIMIT 1   [ RunTime:0.0006s ]
INFO: [ view_parse ] --START--
NOTIC: [8192] Creation of dynamic property Think\Template::$tempVar is deprecated /home/hhkone/domains/hhk.one/public_html/nuuclass/ThinkPHP/Library/Think/Template.class.php 第 415 行.
INFO: [ template_filter ] --START--
INFO: Run Behavior\ContentReplaceBehavior [ RunTime:0.000030s ]
INFO: [ template_filter ] --END-- [ RunTime:0.000045s ]
INFO: Run Behavior\ParseTemplateBehavior [ RunTime:0.008166s ]
INFO: [ view_parse ] --END-- [ RunTime:0.008182s ]
INFO: [ view_filter ] --START--
INFO: Run Behavior\WriteHtmlCacheBehavior [ RunTime:0.000289s ]
INFO: [ view_filter ] --END-- [ RunTime:0.000303s ]
INFO: [ app_end ] --START--
INFO: Run Behavior\ShowPageTraceBehavior [ RunTime:0.000583s ]
INFO: [ app_end ] --END-- [ RunTime:0.000598s ]

[ 2024-05-27T19:16:54+08:00 ] 147.92.179.109 /
INFO: [ app_init ] --START--
INFO: Run Behavior\BuildLiteBehavior [ RunTime:0.000005s ]
INFO: [ app_init ] --END-- [ RunTime:0.000380s ]
INFO: [ app_begin ] --START--
INFO: Run Behavior\ReadHtmlCacheBehavior [ RunTime:0.000532s ]
INFO: [ app_begin ] --END-- [ RunTime:0.000547s ]
SQL: SHOW COLUMNS FROM `config` [ RunTime:0.0018s ]
SQL: SELECT * FROM `config`  [ RunTime:0.0016s ]
NOTIC: [2] Undefined variable $ex /home/hhkone/domains/hhk.one/public_html/nuuclass/Application/Studentaid/Controller/IndexController.class.php 第 14 行.
NOTIC: [2] Trying to access array offset on null /home/hhkone/domains/hhk.one/public_html/nuuclass/Application/Studentaid/Controller/IndexController.class.php 第 14 行.
NOTIC: [2] Undefined variable $ex /home/hhkone/domains/hhk.one/public_html/nuuclass/Application/Studentaid/Controller/IndexController.class.php 第 14 行.
NOTIC: [2] Trying to access array offset on null /home/hhkone/domains/hhk.one/public_html/nuuclass/Application/Studentaid/Controller/IndexController.class.php 第 14 行.
NOTIC: [2] Undefined variable $ex /home/hhkone/domains/hhk.one/public_html/nuuclass/Application/Studentaid/Controller/IndexController.class.php 第 14 行.
NOTIC: [2] Trying to access array offset on null /home/hhkone/domains/hhk.one/public_html/nuuclass/Application/Studentaid/Controller/IndexController.class.php 第 14 行.
SQL: SHOW COLUMNS FROM `class` [ RunTime:0.0013s ]
SQL: SELECT DISTINCT  `lastclass` FROM `class` ORDER BY  `lastclass` desc  [ RunTime:0.0010s ]
SQL: SELECT * FROM `config` LIMIT 1   [ RunTime:0.0015s ]
SQL: SHOW COLUMNS FROM `user` [ RunTime:0.0014s ]
SQL: SELECT COUNT(*) AS tp_count FROM `user` LIMIT 1   [ RunTime:0.0007s ]
INFO: [ view_parse ] --START--
NOTIC: [8192] Creation of dynamic property Think\Template::$tempVar is deprecated /home/hhkone/domains/hhk.one/public_html/nuuclass/ThinkPHP/Library/Think/Template.class.php 第 415 行.
INFO: [ template_filter ] --START--
INFO: Run Behavior\ContentReplaceBehavior [ RunTime:0.000039s ]
INFO: [ template_filter ] --END-- [ RunTime:0.000054s ]
INFO: Run Behavior\ParseTemplateBehavior [ RunTime:0.007772s ]
INFO: [ view_parse ] --END-- [ RunTime:0.007787s ]
INFO: [ view_filter ] --START--
INFO: Run Behavior\WriteHtmlCacheBehavior [ RunTime:0.000255s ]
INFO: [ view_filter ] --END-- [ RunTime:0.000267s ]
INFO: [ app_end ] --START--
INFO: Run Behavior\ShowPageTraceBehavior [ RunTime:0.000597s ]
INFO: [ app_end ] --END-- [ RunTime:0.000614s ]

[ 2024-05-27T19:37:58+08:00 ] 110.28.33.139 /index.php/Studentaid/Work/index.html
INFO: [ app_init ] --START--
INFO: Run Behavior\BuildLiteBehavior [ RunTime:0.000005s ]
INFO: [ app_init ] --END-- [ RunTime:0.000380s ]
INFO: [ app_begin ] --START--
INFO: Run Behavior\ReadHtmlCacheBehavior [ RunTime:0.000557s ]
INFO: [ app_begin ] --END-- [ RunTime:0.000573s ]
SQL: SHOW COLUMNS FROM `config` [ RunTime:0.0019s ]
SQL: SELECT * FROM `config`  [ RunTime:0.0016s ]

[ 2024-05-27T19:37:58+08:00 ] 110.28.33.139 /index.php/Studentaid/Index/index.html
INFO: [ app_init ] --START--
INFO: Run Behavior\BuildLiteBehavior [ RunTime:0.000004s ]
INFO: [ app_init ] --END-- [ RunTime:0.000086s ]
INFO: [ app_begin ] --START--
INFO: Run Behavior\ReadHtmlCacheBehavior [ RunTime:0.000095s ]
INFO: [ app_begin ] --END-- [ RunTime:0.000107s ]
SQL: SHOW COLUMNS FROM `config` [ RunTime:0.0018s ]
SQL: SELECT * FROM `config`  [ RunTime:0.0015s ]
NOTIC: [2] Undefined variable $ex /home/hhkone/domains/hhk.one/public_html/nuuclass/Application/Studentaid/Controller/IndexController.class.php 第 14 行.
NOTIC: [2] Trying to access array offset on null /home/hhkone/domains/hhk.one/public_html/nuuclass/Application/Studentaid/Controller/IndexController.class.php 第 14 行.
NOTIC: [2] Undefined variable $ex /home/hhkone/domains/hhk.one/public_html/nuuclass/Application/Studentaid/Controller/IndexController.class.php 第 14 行.
NOTIC: [2] Trying to access array offset on null /home/hhkone/domains/hhk.one/public_html/nuuclass/Application/Studentaid/Controller/IndexController.class.php 第 14 行.
NOTIC: [2] Undefined variable $ex /home/hhkone/domains/hhk.one/public_html/nuuclass/Application/Studentaid/Controller/IndexController.class.php 第 14 行.
NOTIC: [2] Trying to access array offset on null /home/hhkone/domains/hhk.one/public_html/nuuclass/Application/Studentaid/Controller/IndexController.class.php 第 14 行.
SQL: SHOW COLUMNS FROM `class` [ RunTime:0.0015s ]
SQL: SELECT DISTINCT  `lastclass` FROM `class` ORDER BY  `lastclass` desc  [ RunTime:0.0010s ]
SQL: SELECT * FROM `config` LIMIT 1   [ RunTime:0.0014s ]
SQL: SHOW COLUMNS FROM `user` [ RunTime:0.0015s ]
SQL: SELECT COUNT(*) AS tp_count FROM `user` LIMIT 1   [ RunTime:0.0007s ]
INFO: [ view_parse ] --START--
NOTIC: [8192] Creation of dynamic property Think\Template::$tempVar is deprecated /home/hhkone/domains/hhk.one/public_html/nuuclass/ThinkPHP/Library/Think/Template.class.php 第 415 行.
INFO: [ template_filter ] --START--
INFO: Run Behavior\ContentReplaceBehavior [ RunTime:0.000032s ]
INFO: [ template_filter ] --END-- [ RunTime:0.000045s ]
INFO: Run Behavior\ParseTemplateBehavior [ RunTime:0.006947s ]
INFO: [ view_parse ] --END-- [ RunTime:0.006962s ]
INFO: [ view_filter ] --START--
INFO: Run Behavior\WriteHtmlCacheBehavior [ RunTime:0.000235s ]
INFO: [ view_filter ] --END-- [ RunTime:0.000247s ]
INFO: [ app_end ] --START--
INFO: Run Behavior\ShowPageTraceBehavior [ RunTime:0.000558s ]
INFO: [ app_end ] --END-- [ RunTime:0.000573s ]

[ 2024-05-27T23:49:38+08:00 ] 27.53.145.202 /
INFO: [ app_init ] --START--
INFO: Run Behavior\BuildLiteBehavior [ RunTime:0.000006s ]
INFO: [ app_init ] --END-- [ RunTime:0.000531s ]
INFO: [ app_begin ] --START--
INFO: Run Behavior\ReadHtmlCacheBehavior [ RunTime:0.000781s ]
INFO: [ app_begin ] --END-- [ RunTime:0.000800s ]
SQL: SHOW COLUMNS FROM `config` [ RunTime:0.0017s ]
SQL: SELECT * FROM `config`  [ RunTime:0.0015s ]
NOTIC: [2] Undefined variable $ex /home/hhkone/domains/hhk.one/public_html/nuuclass/Application/Studentaid/Controller/IndexController.class.php 第 14 行.
NOTIC: [2] Trying to access array offset on null /home/hhkone/domains/hhk.one/public_html/nuuclass/Application/Studentaid/Controller/IndexController.class.php 第 14 行.
NOTIC: [2] Undefined variable $ex /home/hhkone/domains/hhk.one/public_html/nuuclass/Application/Studentaid/Controller/IndexController.class.php 第 14 行.
NOTIC: [2] Trying to access array offset on null /home/hhkone/domains/hhk.one/public_html/nuuclass/Application/Studentaid/Controller/IndexController.class.php 第 14 行.
NOTIC: [2] Undefined variable $ex /home/hhkone/domains/hhk.one/public_html/nuuclass/Application/Studentaid/Controller/IndexController.class.php 第 14 行.
NOTIC: [2] Trying to access array offset on null /home/hhkone/domains/hhk.one/public_html/nuuclass/Application/Studentaid/Controller/IndexController.class.php 第 14 行.
SQL: SHOW COLUMNS FROM `class` [ RunTime:0.0013s ]
SQL: SELECT DISTINCT  `lastclass` FROM `class` ORDER BY  `lastclass` desc  [ RunTime:0.0012s ]
SQL: SELECT * FROM `config` LIMIT 1   [ RunTime:0.0015s ]
SQL: SHOW COLUMNS FROM `user` [ RunTime:0.0013s ]
SQL: SELECT COUNT(*) AS tp_count FROM `user` LIMIT 1   [ RunTime:0.0007s ]
INFO: [ view_parse ] --START--
NOTIC: [8192] Creation of dynamic property Think\Template::$tempVar is deprecated /home/hhkone/domains/hhk.one/public_html/nuuclass/ThinkPHP/Library/Think/Template.class.php 第 415 行.
INFO: [ template_filter ] --START--
INFO: Run Behavior\ContentReplaceBehavior [ RunTime:0.000039s ]
INFO: [ template_filter ] --END-- [ RunTime:0.000097s ]
INFO: Run Behavior\ParseTemplateBehavior [ RunTime:0.010325s ]
INFO: [ view_parse ] --END-- [ RunTime:0.010343s ]
INFO: [ view_filter ] --START--
INFO: Run Behavior\WriteHtmlCacheBehavior [ RunTime:0.000355s ]
INFO: [ view_filter ] --END-- [ RunTime:0.000371s ]
INFO: [ app_end ] --START--
INFO: Run Behavior\ShowPageTraceBehavior [ RunTime:0.000683s ]
INFO: [ app_end ] --END-- [ RunTime:0.000701s ]

