[ 2024-02-13T22:50:36+08:00 ] 115.165.237.129 /
INFO: [ app_init ] --START--
INFO: Run Behavior\BuildLiteBehavior [ RunTime:0.000014s ]
INFO: [ app_init ] --END-- [ RunTime:0.000802s ]
INFO: [ app_begin ] --START--
INFO: Run Behavior\ReadHtmlCacheBehavior [ RunTime:0.001030s ]
INFO: [ app_begin ] --END-- [ RunTime:0.001048s ]
SQL: SHOW COLUMNS FROM `config` [ RunTime:0.0023s ]
SQL: SELECT * FROM `config`  [ RunTime:0.0017s ]
NOTIC: [8] Undefined variable: ex /home/hhkone/domains/hhk.one/public_html/nuuclass/Application/Studentaid/Controller/IndexController.class.php 第 14 行.
NOTIC: [8] Trying to access array offset on value of type null /home/hhkone/domains/hhk.one/public_html/nuuclass/Application/Studentaid/Controller/IndexController.class.php 第 14 行.
NOTIC: [8] Undefined variable: ex /home/hhkone/domains/hhk.one/public_html/nuuclass/Application/Studentaid/Controller/IndexController.class.php 第 14 行.
NOTIC: [8] Trying to access array offset on value of type null /home/hhkone/domains/hhk.one/public_html/nuuclass/Application/Studentaid/Controller/IndexController.class.php 第 14 行.
NOTIC: [8] Undefined variable: ex /home/hhkone/domains/hhk.one/public_html/nuuclass/Application/Studentaid/Controller/IndexController.class.php 第 14 行.
NOTIC: [8] Trying to access array offset on value of type null /home/hhkone/domains/hhk.one/public_html/nuuclass/Application/Studentaid/Controller/IndexController.class.php 第 14 行.
SQL: SHOW COLUMNS FROM `class` [ RunTime:0.0022s ]
SQL: SELECT DISTINCT  `lastclass` FROM `class` ORDER BY  `lastclass` desc  [ RunTime:0.0013s ]
SQL: SELECT * FROM `config` LIMIT 1   [ RunTime:0.0014s ]
SQL: SHOW COLUMNS FROM `user` [ RunTime:0.0018s ]
SQL: SELECT COUNT(*) AS tp_count FROM `user` LIMIT 1   [ RunTime:0.0007s ]
INFO: [ view_parse ] --START--
INFO: [ template_filter ] --START--
INFO: Run Behavior\ContentReplaceBehavior [ RunTime:0.000029s ]
INFO: [ template_filter ] --END-- [ RunTime:0.000043s ]
INFO: Run Behavior\ParseTemplateBehavior [ RunTime:0.010084s ]
INFO: [ view_parse ] --END-- [ RunTime:0.010103s ]
INFO: [ view_filter ] --START--
INFO: Run Behavior\WriteHtmlCacheBehavior [ RunTime:0.000662s ]
INFO: [ view_filter ] --END-- [ RunTime:0.000676s ]
INFO: [ app_end ] --START--
INFO: Run Behavior\ShowPageTraceBehavior [ RunTime:0.000973s ]
INFO: [ app_end ] --END-- [ RunTime:0.000988s ]

[ 2024-02-13T22:50:38+08:00 ] 115.165.237.129 /
INFO: [ app_init ] --START--
INFO: Run Behavior\BuildLiteBehavior [ RunTime:0.000007s ]
INFO: [ app_init ] --END-- [ RunTime:0.000192s ]
INFO: [ app_begin ] --START--
INFO: Run Behavior\ReadHtmlCacheBehavior [ RunTime:0.000169s ]
INFO: [ app_begin ] --END-- [ RunTime:0.000184s ]
SQL: SHOW COLUMNS FROM `config` [ RunTime:0.0021s ]
SQL: SELECT * FROM `config`  [ RunTime:0.0017s ]
NOTIC: [8] Undefined variable: ex /home/hhkone/domains/hhk.one/public_html/nuuclass/Application/Studentaid/Controller/IndexController.class.php 第 14 行.
NOTIC: [8] Trying to access array offset on value of type null /home/hhkone/domains/hhk.one/public_html/nuuclass/Application/Studentaid/Controller/IndexController.class.php 第 14 行.
NOTIC: [8] Undefined variable: ex /home/hhkone/domains/hhk.one/public_html/nuuclass/Application/Studentaid/Controller/IndexController.class.php 第 14 行.
NOTIC: [8] Trying to access array offset on value of type null /home/hhkone/domains/hhk.one/public_html/nuuclass/Application/Studentaid/Controller/IndexController.class.php 第 14 行.
NOTIC: [8] Undefined variable: ex /home/hhkone/domains/hhk.one/public_html/nuuclass/Application/Studentaid/Controller/IndexController.class.php 第 14 行.
NOTIC: [8] Trying to access array offset on value of type null /home/hhkone/domains/hhk.one/public_html/nuuclass/Application/Studentaid/Controller/IndexController.class.php 第 14 行.
SQL: SHOW COLUMNS FROM `class` [ RunTime:0.0014s ]
SQL: SELECT DISTINCT  `lastclass` FROM `class` ORDER BY  `lastclass` desc  [ RunTime:0.0010s ]
SQL: SELECT * FROM `config` LIMIT 1   [ RunTime:0.0014s ]
SQL: SHOW COLUMNS FROM `user` [ RunTime:0.0014s ]
SQL: SELECT COUNT(*) AS tp_count FROM `user` LIMIT 1   [ RunTime:0.0005s ]
INFO: [ view_parse ] --START--
INFO: [ template_filter ] --START--
INFO: Run Behavior\ContentReplaceBehavior [ RunTime:0.000033s ]
INFO: [ template_filter ] --END-- [ RunTime:0.000045s ]
INFO: Run Behavior\ParseTemplateBehavior [ RunTime:0.002118s ]
INFO: [ view_parse ] --END-- [ RunTime:0.002133s ]
INFO: [ view_filter ] --START--
INFO: Run Behavior\WriteHtmlCacheBehavior [ RunTime:0.000181s ]
INFO: [ view_filter ] --END-- [ RunTime:0.000191s ]
INFO: [ app_end ] --START--
INFO: Run Behavior\ShowPageTraceBehavior [ RunTime:0.000208s ]
INFO: [ app_end ] --END-- [ RunTime:0.000219s ]

[ 2024-02-13T22:50:38+08:00 ] 115.165.237.129 /index.php/Studentaid/Index/class_post.html
INFO: [ app_init ] --START--
INFO: Run Behavior\BuildLiteBehavior [ RunTime:0.000005s ]
INFO: [ app_init ] --END-- [ RunTime:0.000186s ]
INFO: [ app_begin ] --START--
INFO: Run Behavior\ReadHtmlCacheBehavior [ RunTime:0.000171s ]
INFO: [ app_begin ] --END-- [ RunTime:0.000187s ]
SQL: SHOW COLUMNS FROM `config` [ RunTime:0.0020s ]
SQL: SELECT * FROM `config`  [ RunTime:0.0016s ]
SQL: SHOW COLUMNS FROM `class` [ RunTime:0.0015s ]
SQL: SELECT * FROM `class` WHERE ( `lastclass`='管理碩' )  [ RunTime:0.0008s ]
INFO: [ app_end ] --START--
INFO: Run Behavior\ShowPageTraceBehavior [ RunTime:0.000203s ]
INFO: [ app_end ] --END-- [ RunTime:0.000215s ]

