[ 2024-02-06T16:38:20+08:00 ] 157.55.39.9 /
INFO: [ app_init ] --START--
INFO: Run Behavior\BuildLiteBehavior [ RunTime:0.000008s ]
INFO: [ app_init ] --END-- [ RunTime:0.000954s ]
INFO: [ app_begin ] --START--
INFO: Run Behavior\ReadHtmlCacheBehavior [ RunTime:0.001484s ]
INFO: [ app_begin ] --END-- [ RunTime:0.001506s ]
SQL: SHOW COLUMNS FROM `config` [ RunTime:0.0022s ]
SQL: SELECT * FROM `config`  [ RunTime:0.0020s ]
NOTIC: [8] Undefined variable: ex /home/hhkone/domains/hhk.one/public_html/nuuclass/Application/Studentaid/Controller/IndexController.class.php 第 14 行.
NOTIC: [8] Trying to access array offset on value of type null /home/hhkone/domains/hhk.one/public_html/nuuclass/Application/Studentaid/Controller/IndexController.class.php 第 14 行.
NOTIC: [8] Undefined variable: ex /home/hhkone/domains/hhk.one/public_html/nuuclass/Application/Studentaid/Controller/IndexController.class.php 第 14 行.
NOTIC: [8] Trying to access array offset on value of type null /home/hhkone/domains/hhk.one/public_html/nuuclass/Application/Studentaid/Controller/IndexController.class.php 第 14 行.
NOTIC: [8] Undefined variable: ex /home/hhkone/domains/hhk.one/public_html/nuuclass/Application/Studentaid/Controller/IndexController.class.php 第 14 行.
NOTIC: [8] Trying to access array offset on value of type null /home/hhkone/domains/hhk.one/public_html/nuuclass/Application/Studentaid/Controller/IndexController.class.php 第 14 行.
SQL: SHOW COLUMNS FROM `class` [ RunTime:0.0024s ]
SQL: SELECT DISTINCT  `lastclass` FROM `class` ORDER BY  `lastclass` desc  [ RunTime:0.0012s ]
SQL: SELECT * FROM `config` LIMIT 1   [ RunTime:0.0014s ]
SQL: SHOW COLUMNS FROM `user` [ RunTime:0.0017s ]
SQL: SELECT COUNT(*) AS tp_count FROM `user` LIMIT 1   [ RunTime:0.0005s ]
INFO: [ view_parse ] --START--
INFO: [ template_filter ] --START--
INFO: Run Behavior\ContentReplaceBehavior [ RunTime:0.000045s ]
INFO: [ template_filter ] --END-- [ RunTime:0.000062s ]
INFO: Run Behavior\ParseTemplateBehavior [ RunTime:0.015325s ]
INFO: [ view_parse ] --END-- [ RunTime:0.015344s ]
INFO: [ view_filter ] --START--
INFO: Run Behavior\WriteHtmlCacheBehavior [ RunTime:0.001201s ]
INFO: [ view_filter ] --END-- [ RunTime:0.001216s ]
INFO: [ app_end ] --START--
INFO: Run Behavior\ShowPageTraceBehavior [ RunTime:0.001470s ]
INFO: [ app_end ] --END-- [ RunTime:0.001488s ]

[ 2024-02-06T18:13:12+08:00 ] 223.136.66.167 /
INFO: [ app_init ] --START--
INFO: Run Behavior\BuildLiteBehavior [ RunTime:0.000007s ]
INFO: [ app_init ] --END-- [ RunTime:0.001127s ]
INFO: [ app_begin ] --START--
INFO: Run Behavior\ReadHtmlCacheBehavior [ RunTime:0.001357s ]
INFO: [ app_begin ] --END-- [ RunTime:0.001403s ]
SQL: SHOW COLUMNS FROM `config` [ RunTime:0.0020s ]
SQL: SELECT * FROM `config`  [ RunTime:0.0016s ]
NOTIC: [8] Undefined variable: ex /home/hhkone/domains/hhk.one/public_html/nuuclass/Application/Studentaid/Controller/IndexController.class.php 第 14 行.
NOTIC: [8] Trying to access array offset on value of type null /home/hhkone/domains/hhk.one/public_html/nuuclass/Application/Studentaid/Controller/IndexController.class.php 第 14 行.
NOTIC: [8] Undefined variable: ex /home/hhkone/domains/hhk.one/public_html/nuuclass/Application/Studentaid/Controller/IndexController.class.php 第 14 行.
NOTIC: [8] Trying to access array offset on value of type null /home/hhkone/domains/hhk.one/public_html/nuuclass/Application/Studentaid/Controller/IndexController.class.php 第 14 行.
NOTIC: [8] Undefined variable: ex /home/hhkone/domains/hhk.one/public_html/nuuclass/Application/Studentaid/Controller/IndexController.class.php 第 14 行.
NOTIC: [8] Trying to access array offset on value of type null /home/hhkone/domains/hhk.one/public_html/nuuclass/Application/Studentaid/Controller/IndexController.class.php 第 14 行.
SQL: SHOW COLUMNS FROM `class` [ RunTime:0.0014s ]
SQL: SELECT DISTINCT  `lastclass` FROM `class` ORDER BY  `lastclass` desc  [ RunTime:0.0012s ]
SQL: SELECT * FROM `config` LIMIT 1   [ RunTime:0.0013s ]
SQL: SHOW COLUMNS FROM `user` [ RunTime:0.0014s ]
SQL: SELECT COUNT(*) AS tp_count FROM `user` LIMIT 1   [ RunTime:0.0007s ]
INFO: [ view_parse ] --START--
INFO: [ template_filter ] --START--
INFO: Run Behavior\ContentReplaceBehavior [ RunTime:0.000039s ]
INFO: [ template_filter ] --END-- [ RunTime:0.000058s ]
INFO: Run Behavior\ParseTemplateBehavior [ RunTime:0.016417s ]
INFO: [ view_parse ] --END-- [ RunTime:0.016437s ]
INFO: [ view_filter ] --START--
INFO: Run Behavior\WriteHtmlCacheBehavior [ RunTime:0.000756s ]
INFO: [ view_filter ] --END-- [ RunTime:0.000768s ]
INFO: [ app_end ] --START--
INFO: Run Behavior\ShowPageTraceBehavior [ RunTime:0.001410s ]
INFO: [ app_end ] --END-- [ RunTime:0.001428s ]

[ 2024-02-06T18:13:14+08:00 ] 223.136.66.167 /index.php/Studentaid/Index/class_post.html
INFO: [ app_init ] --START--
INFO: Run Behavior\BuildLiteBehavior [ RunTime:0.000007s ]
INFO: [ app_init ] --END-- [ RunTime:0.000206s ]
INFO: [ app_begin ] --START--
INFO: Run Behavior\ReadHtmlCacheBehavior [ RunTime:0.000221s ]
INFO: [ app_begin ] --END-- [ RunTime:0.000237s ]
SQL: SHOW COLUMNS FROM `config` [ RunTime:0.0018s ]
SQL: SELECT * FROM `config`  [ RunTime:0.0016s ]
SQL: SHOW COLUMNS FROM `class` [ RunTime:0.0013s ]
SQL: SELECT * FROM `class` WHERE ( `lastclass`='管理碩' )  [ RunTime:0.0007s ]
INFO: [ app_end ] --START--
INFO: Run Behavior\ShowPageTraceBehavior [ RunTime:0.000248s ]
INFO: [ app_end ] --END-- [ RunTime:0.000261s ]

[ 2024-02-06T18:13:18+08:00 ] 223.136.66.167 /index.php/Studentaid/Index/class_post.html
INFO: [ app_init ] --START--
INFO: Run Behavior\BuildLiteBehavior [ RunTime:0.000006s ]
INFO: [ app_init ] --END-- [ RunTime:0.000188s ]
INFO: [ app_begin ] --START--
INFO: Run Behavior\ReadHtmlCacheBehavior [ RunTime:0.000174s ]
INFO: [ app_begin ] --END-- [ RunTime:0.000187s ]
SQL: SHOW COLUMNS FROM `config` [ RunTime:0.0018s ]
SQL: SELECT * FROM `config`  [ RunTime:0.0015s ]
SQL: SHOW COLUMNS FROM `class` [ RunTime:0.0015s ]
SQL: SELECT * FROM `class` WHERE ( `lastclass`='日電子' )  [ RunTime:0.0008s ]
INFO: [ app_end ] --START--
INFO: Run Behavior\ShowPageTraceBehavior [ RunTime:0.000235s ]
INFO: [ app_end ] --END-- [ RunTime:0.000247s ]

[ 2024-02-06T18:13:20+08:00 ] 223.136.66.167 /index.php/Studentaid/Work/index.html
INFO: [ app_init ] --START--
INFO: Run Behavior\BuildLiteBehavior [ RunTime:0.000006s ]
INFO: [ app_init ] --END-- [ RunTime:0.000175s ]
INFO: [ app_begin ] --START--
INFO: Run Behavior\ReadHtmlCacheBehavior [ RunTime:0.000290s ]
INFO: [ app_begin ] --END-- [ RunTime:0.000308s ]
SQL: SHOW COLUMNS FROM `config` [ RunTime:0.0020s ]
SQL: SELECT * FROM `config`  [ RunTime:0.0015s ]
SQL: SHOW COLUMNS FROM `elective` [ RunTime:0.0026s ]
SQL: SELECT * FROM `elective` WHERE ( class='日電子一甲' && `classify`='1' )  [ RunTime:0.0075s ]
NOTIC: [2] Creating default object from empty value /home/hhkone/domains/hhk.one/public_html/nuuclass/Application/Studentaid/Controller/WorkController.class.php 第 108 行.
SQL: SHOW COLUMNS FROM `statistics` [ RunTime:0.0019s ]
SQL: INSERT INTO `statistics` (`date`,`time`,`dataname`,`ip`) VALUES ('2024/02/06','06:13:20','日電子一甲','223.136.66.167') [ RunTime:0.0031s ]
SQL: SHOW COLUMNS FROM `class_type` [ RunTime:0.0017s ]
SQL: SELECT * FROM `class_type`  [ RunTime:0.0007s ]
INFO: [ view_parse ] --START--
INFO: [ template_filter ] --START--
INFO: Run Behavior\ContentReplaceBehavior [ RunTime:0.000072s ]
INFO: [ template_filter ] --END-- [ RunTime:0.000087s ]
NOTIC: [8] Undefined index: id /home/hhkone/domains/hhk.one/public_html/nuuclass/Application/Runtime/Cache/Studentaid/8eb969caeb5e138e96a09548927f7efa.php 第 44 行.
NOTIC: [2] Use of undefined constant obligatory - assumed 'obligatory' (this will throw an Error in a future version of PHP) /home/hhkone/domains/hhk.one/public_html/nuuclass/Application/Runtime/Cache/Studentaid/8eb969caeb5e138e96a09548927f7efa.php 第 72 行.
NOTIC: [2] Use of undefined constant obligatory - assumed 'obligatory' (this will throw an Error in a future version of PHP) /home/hhkone/domains/hhk.one/public_html/nuuclass/Application/Runtime/Cache/Studentaid/8eb969caeb5e138e96a09548927f7efa.php 第 72 行.
NOTIC: [2] Use of undefined constant obligatory - assumed 'obligatory' (this will throw an Error in a future version of PHP) /home/hhkone/domains/hhk.one/public_html/nuuclass/Application/Runtime/Cache/Studentaid/8eb969caeb5e138e96a09548927f7efa.php 第 72 行.
NOTIC: [2] Use of undefined constant obligatory - assumed 'obligatory' (this will throw an Error in a future version of PHP) /home/hhkone/domains/hhk.one/public_html/nuuclass/Application/Runtime/Cache/Studentaid/8eb969caeb5e138e96a09548927f7efa.php 第 72 行.
NOTIC: [2] Use of undefined constant obligatory - assumed 'obligatory' (this will throw an Error in a future version of PHP) /home/hhkone/domains/hhk.one/public_html/nuuclass/Application/Runtime/Cache/Studentaid/8eb969caeb5e138e96a09548927f7efa.php 第 72 行.
NOTIC: [2] Use of undefined constant obligatory - assumed 'obligatory' (this will throw an Error in a future version of PHP) /home/hhkone/domains/hhk.one/public_html/nuuclass/Application/Runtime/Cache/Studentaid/8eb969caeb5e138e96a09548927f7efa.php 第 72 行.
NOTIC: [2] Use of undefined constant obligatory - assumed 'obligatory' (this will throw an Error in a future version of PHP) /home/hhkone/domains/hhk.one/public_html/nuuclass/Application/Runtime/Cache/Studentaid/8eb969caeb5e138e96a09548927f7efa.php 第 72 行.
NOTIC: [2] Use of undefined constant obligatory - assumed 'obligatory' (this will throw an Error in a future version of PHP) /home/hhkone/domains/hhk.one/public_html/nuuclass/Application/Runtime/Cache/Studentaid/8eb969caeb5e138e96a09548927f7efa.php 第 72 行.
NOTIC: [2] Use of undefined constant obligatory - assumed 'obligatory' (this will throw an Error in a future version of PHP) /home/hhkone/domains/hhk.one/public_html/nuuclass/Application/Runtime/Cache/Studentaid/8eb969caeb5e138e96a09548927f7efa.php 第 72 行.
NOTIC: [2] Use of undefined constant obligatory - assumed 'obligatory' (this will throw an Error in a future version of PHP) /home/hhkone/domains/hhk.one/public_html/nuuclass/Application/Runtime/Cache/Studentaid/8eb969caeb5e138e96a09548927f7efa.php 第 72 行.
NOTIC: [2] Use of undefined constant obligatory - assumed 'obligatory' (this will throw an Error in a future version of PHP) /home/hhkone/domains/hhk.one/public_html/nuuclass/Application/Runtime/Cache/Studentaid/8eb969caeb5e138e96a09548927f7efa.php 第 72 行.
NOTIC: [2] Use of undefined constant obligatory - assumed 'obligatory' (this will throw an Error in a future version of PHP) /home/hhkone/domains/hhk.one/public_html/nuuclass/Application/Runtime/Cache/Studentaid/8eb969caeb5e138e96a09548927f7efa.php 第 72 行.
NOTIC: [8] Undefined index: id /home/hhkone/domains/hhk.one/public_html/nuuclass/Application/Runtime/Cache/Studentaid/8eb969caeb5e138e96a09548927f7efa.php 第 159 行.
INFO: Run Behavior\ParseTemplateBehavior [ RunTime:0.004989s ]
INFO: [ view_parse ] --END-- [ RunTime:0.005013s ]
INFO: [ view_filter ] --START--
INFO: Run Behavior\WriteHtmlCacheBehavior [ RunTime:0.000187s ]
INFO: [ view_filter ] --END-- [ RunTime:0.000196s ]
INFO: [ app_end ] --START--
INFO: Run Behavior\ShowPageTraceBehavior [ RunTime:0.000177s ]
INFO: [ app_end ] --END-- [ RunTime:0.000187s ]

[ 2024-02-06T18:13:21+08:00 ] 223.136.66.167 /index.php/Studentaid/Work/name_post.html
INFO: [ app_init ] --START--
INFO: Run Behavior\BuildLiteBehavior [ RunTime:0.000006s ]
INFO: [ app_init ] --END-- [ RunTime:0.000186s ]
INFO: [ app_begin ] --START--
INFO: Run Behavior\ReadHtmlCacheBehavior [ RunTime:0.000197s ]
INFO: [ app_begin ] --END-- [ RunTime:0.000211s ]
SQL: SHOW COLUMNS FROM `config` [ RunTime:0.0020s ]
SQL: SELECT * FROM `config`  [ RunTime:0.0015s ]
SQL: SELECT * FROM `elective` where `class_sit` like '%' && class like '%日電子一甲%'&& ( false  || `class_name` LIKE '%%' || `class_sitname` LIKE '%%' || `class` LIKE '%%' || `class_number` LIKE '%%' ) [ RunTime:0.0025s ]
INFO: [ view_parse ] --START--
INFO: [ template_filter ] --START--
INFO: Run Behavior\ContentReplaceBehavior [ RunTime:0.000018s ]
INFO: [ template_filter ] --END-- [ RunTime:0.000033s ]
NOTIC: [2] Use of undefined constant color - assumed 'color' (this will throw an Error in a future version of PHP) /home/hhkone/domains/hhk.one/public_html/nuuclass/Application/Runtime/Cache/Studentaid/f9420204cc3b63f41d6f197d7d192238.php 第 4 行.
NOTIC: [2] Use of undefined constant color - assumed 'color' (this will throw an Error in a future version of PHP) /home/hhkone/domains/hhk.one/public_html/nuuclass/Application/Runtime/Cache/Studentaid/f9420204cc3b63f41d6f197d7d192238.php 第 4 行.
NOTIC: [2] Use of undefined constant color - assumed 'color' (this will throw an Error in a future version of PHP) /home/hhkone/domains/hhk.one/public_html/nuuclass/Application/Runtime/Cache/Studentaid/f9420204cc3b63f41d6f197d7d192238.php 第 4 行.
NOTIC: [2] Use of undefined constant color - assumed 'color' (this will throw an Error in a future version of PHP) /home/hhkone/domains/hhk.one/public_html/nuuclass/Application/Runtime/Cache/Studentaid/f9420204cc3b63f41d6f197d7d192238.php 第 4 行.
NOTIC: [2] Use of undefined constant color - assumed 'color' (this will throw an Error in a future version of PHP) /home/hhkone/domains/hhk.one/public_html/nuuclass/Application/Runtime/Cache/Studentaid/f9420204cc3b63f41d6f197d7d192238.php 第 4 行.
NOTIC: [2] Use of undefined constant color - assumed 'color' (this will throw an Error in a future version of PHP) /home/hhkone/domains/hhk.one/public_html/nuuclass/Application/Runtime/Cache/Studentaid/f9420204cc3b63f41d6f197d7d192238.php 第 4 行.
NOTIC: [2] Use of undefined constant color - assumed 'color' (this will throw an Error in a future version of PHP) /home/hhkone/domains/hhk.one/public_html/nuuclass/Application/Runtime/Cache/Studentaid/f9420204cc3b63f41d6f197d7d192238.php 第 4 行.
NOTIC: [2] Use of undefined constant color - assumed 'color' (this will throw an Error in a future version of PHP) /home/hhkone/domains/hhk.one/public_html/nuuclass/Application/Runtime/Cache/Studentaid/f9420204cc3b63f41d6f197d7d192238.php 第 4 行.
NOTIC: [2] Use of undefined constant color - assumed 'color' (this will throw an Error in a future version of PHP) /home/hhkone/domains/hhk.one/public_html/nuuclass/Application/Runtime/Cache/Studentaid/f9420204cc3b63f41d6f197d7d192238.php 第 4 行.
NOTIC: [2] Use of undefined constant color - assumed 'color' (this will throw an Error in a future version of PHP) /home/hhkone/domains/hhk.one/public_html/nuuclass/Application/Runtime/Cache/Studentaid/f9420204cc3b63f41d6f197d7d192238.php 第 4 行.
NOTIC: [2] Use of undefined constant color - assumed 'color' (this will throw an Error in a future version of PHP) /home/hhkone/domains/hhk.one/public_html/nuuclass/Application/Runtime/Cache/Studentaid/f9420204cc3b63f41d6f197d7d192238.php 第 4 行.
INFO: Run Behavior\ParseTemplateBehavior [ RunTime:0.002945s ]
INFO: [ view_parse ] --END-- [ RunTime:0.002972s ]
INFO: [ view_filter ] --START--
INFO: Run Behavior\WriteHtmlCacheBehavior [ RunTime:0.000214s ]
INFO: [ view_filter ] --END-- [ RunTime:0.000223s ]
INFO: [ app_end ] --START--
INFO: Run Behavior\ShowPageTraceBehavior [ RunTime:0.000177s ]
INFO: [ app_end ] --END-- [ RunTime:0.000185s ]

[ 2024-02-06T18:13:24+08:00 ] 223.136.66.167 /index.php/Studentaid/Work/sit_post.html
INFO: [ app_init ] --START--
INFO: Run Behavior\BuildLiteBehavior [ RunTime:0.000009s ]
INFO: [ app_init ] --END-- [ RunTime:0.000251s ]
INFO: [ app_begin ] --START--
INFO: Run Behavior\ReadHtmlCacheBehavior [ RunTime:0.000254s ]
INFO: [ app_begin ] --END-- [ RunTime:0.000275s ]
SQL: SHOW COLUMNS FROM `config` [ RunTime:0.0039s ]
SQL: SELECT * FROM `config`  [ RunTime:0.0031s ]
SQL: SHOW COLUMNS FROM `elective` [ RunTime:0.0030s ]
SQL: SELECT * FROM `elective` WHERE ( `class_number`='122EEA0005' )  [ RunTime:0.0048s ]
INFO: [ app_end ] --START--
INFO: Run Behavior\ShowPageTraceBehavior [ RunTime:0.000232s ]
INFO: [ app_end ] --END-- [ RunTime:0.000248s ]

[ 2024-02-06T18:13:31+08:00 ] 173.252.111.6 /index.php/
INFO: [ app_init ] --START--
INFO: Run Behavior\BuildLiteBehavior [ RunTime:0.000012s ]
INFO: [ app_init ] --END-- [ RunTime:0.000179s ]
INFO: [ app_begin ] --START--
INFO: Run Behavior\ReadHtmlCacheBehavior [ RunTime:0.000177s ]
INFO: [ app_begin ] --END-- [ RunTime:0.000190s ]
SQL: SHOW COLUMNS FROM `config` [ RunTime:0.0018s ]
SQL: SELECT * FROM `config`  [ RunTime:0.0015s ]
NOTIC: [8] Undefined variable: ex /home/hhkone/domains/hhk.one/public_html/nuuclass/Application/Studentaid/Controller/IndexController.class.php 第 14 行.
NOTIC: [8] Trying to access array offset on value of type null /home/hhkone/domains/hhk.one/public_html/nuuclass/Application/Studentaid/Controller/IndexController.class.php 第 14 行.
NOTIC: [8] Undefined variable: ex /home/hhkone/domains/hhk.one/public_html/nuuclass/Application/Studentaid/Controller/IndexController.class.php 第 14 行.
NOTIC: [8] Trying to access array offset on value of type null /home/hhkone/domains/hhk.one/public_html/nuuclass/Application/Studentaid/Controller/IndexController.class.php 第 14 行.
NOTIC: [8] Undefined variable: ex /home/hhkone/domains/hhk.one/public_html/nuuclass/Application/Studentaid/Controller/IndexController.class.php 第 14 行.
NOTIC: [8] Trying to access array offset on value of type null /home/hhkone/domains/hhk.one/public_html/nuuclass/Application/Studentaid/Controller/IndexController.class.php 第 14 行.
SQL: SHOW COLUMNS FROM `class` [ RunTime:0.0013s ]
SQL: SELECT DISTINCT  `lastclass` FROM `class` ORDER BY  `lastclass` desc  [ RunTime:0.0009s ]
SQL: SELECT * FROM `config` LIMIT 1   [ RunTime:0.0015s ]
SQL: SHOW COLUMNS FROM `user` [ RunTime:0.0013s ]
SQL: SELECT COUNT(*) AS tp_count FROM `user` LIMIT 1   [ RunTime:0.0006s ]
INFO: [ view_parse ] --START--
INFO: [ template_filter ] --START--
INFO: Run Behavior\ContentReplaceBehavior [ RunTime:0.000040s ]
INFO: [ template_filter ] --END-- [ RunTime:0.000059s ]
INFO: Run Behavior\ParseTemplateBehavior [ RunTime:0.002761s ]
INFO: [ view_parse ] --END-- [ RunTime:0.002778s ]
INFO: [ view_filter ] --START--
INFO: Run Behavior\WriteHtmlCacheBehavior [ RunTime:0.000266s ]
INFO: [ view_filter ] --END-- [ RunTime:0.000278s ]
INFO: [ app_end ] --START--
INFO: Run Behavior\ShowPageTraceBehavior [ RunTime:0.000293s ]
INFO: [ app_end ] --END-- [ RunTime:0.000316s ]

[ 2024-02-06T18:13:32+08:00 ] 223.136.66.167 /index.php/Studentaid/Work/sit_post.html
INFO: [ app_init ] --START--
INFO: Run Behavior\BuildLiteBehavior [ RunTime:0.000004s ]
INFO: [ app_init ] --END-- [ RunTime:0.000163s ]
INFO: [ app_begin ] --START--
INFO: Run Behavior\ReadHtmlCacheBehavior [ RunTime:0.000173s ]
INFO: [ app_begin ] --END-- [ RunTime:0.000187s ]
SQL: SHOW COLUMNS FROM `config` [ RunTime:0.0017s ]
SQL: SELECT * FROM `config`  [ RunTime:0.0015s ]
SQL: SHOW COLUMNS FROM `elective` [ RunTime:0.0014s ]
SQL: SELECT * FROM `elective` WHERE ( `class_number`='122EEA0005' )  [ RunTime:0.0023s ]
INFO: [ app_end ] --START--
INFO: Run Behavior\ShowPageTraceBehavior [ RunTime:0.000185s ]
INFO: [ app_end ] --END-- [ RunTime:0.000196s ]

[ 2024-02-06T18:13:35+08:00 ] 173.252.111.8 /index.php/
INFO: [ app_init ] --START--
INFO: Run Behavior\BuildLiteBehavior [ RunTime:0.000006s ]
INFO: [ app_init ] --END-- [ RunTime:0.000177s ]
INFO: [ app_begin ] --START--
INFO: Run Behavior\ReadHtmlCacheBehavior [ RunTime:0.000241s ]
INFO: [ app_begin ] --END-- [ RunTime:0.000255s ]
SQL: SHOW COLUMNS FROM `config` [ RunTime:0.0018s ]
SQL: SELECT * FROM `config`  [ RunTime:0.0016s ]
NOTIC: [8] Undefined variable: ex /home/hhkone/domains/hhk.one/public_html/nuuclass/Application/Studentaid/Controller/IndexController.class.php 第 14 行.
NOTIC: [8] Trying to access array offset on value of type null /home/hhkone/domains/hhk.one/public_html/nuuclass/Application/Studentaid/Controller/IndexController.class.php 第 14 行.
NOTIC: [8] Undefined variable: ex /home/hhkone/domains/hhk.one/public_html/nuuclass/Application/Studentaid/Controller/IndexController.class.php 第 14 行.
NOTIC: [8] Trying to access array offset on value of type null /home/hhkone/domains/hhk.one/public_html/nuuclass/Application/Studentaid/Controller/IndexController.class.php 第 14 行.
NOTIC: [8] Undefined variable: ex /home/hhkone/domains/hhk.one/public_html/nuuclass/Application/Studentaid/Controller/IndexController.class.php 第 14 行.
NOTIC: [8] Trying to access array offset on value of type null /home/hhkone/domains/hhk.one/public_html/nuuclass/Application/Studentaid/Controller/IndexController.class.php 第 14 行.
SQL: SHOW COLUMNS FROM `class` [ RunTime:0.0015s ]
SQL: SELECT DISTINCT  `lastclass` FROM `class` ORDER BY  `lastclass` desc  [ RunTime:0.0010s ]
SQL: SELECT * FROM `config` LIMIT 1   [ RunTime:0.0015s ]
SQL: SHOW COLUMNS FROM `user` [ RunTime:0.0015s ]
SQL: SELECT COUNT(*) AS tp_count FROM `user` LIMIT 1   [ RunTime:0.0007s ]
INFO: [ view_parse ] --START--
INFO: [ template_filter ] --START--
INFO: Run Behavior\ContentReplaceBehavior [ RunTime:0.000032s ]
INFO: [ template_filter ] --END-- [ RunTime:0.000043s ]
INFO: Run Behavior\ParseTemplateBehavior [ RunTime:0.002284s ]
INFO: [ view_parse ] --END-- [ RunTime:0.002299s ]
INFO: [ view_filter ] --START--
INFO: Run Behavior\WriteHtmlCacheBehavior [ RunTime:0.000183s ]
INFO: [ view_filter ] --END-- [ RunTime:0.000192s ]
INFO: [ app_end ] --START--
INFO: Run Behavior\ShowPageTraceBehavior [ RunTime:0.000211s ]
INFO: [ app_end ] --END-- [ RunTime:0.000221s ]

[ 2024-02-06T18:15:41+08:00 ] 223.136.66.167 /index.php/Studentaid/Work/index.html
INFO: [ app_init ] --START--
INFO: Run Behavior\BuildLiteBehavior [ RunTime:0.000013s ]
INFO: [ app_init ] --END-- [ RunTime:0.000182s ]
INFO: [ app_begin ] --START--
INFO: Run Behavior\ReadHtmlCacheBehavior [ RunTime:0.000189s ]
INFO: [ app_begin ] --END-- [ RunTime:0.000205s ]
SQL: SHOW COLUMNS FROM `config` [ RunTime:0.0018s ]
SQL: SELECT * FROM `config`  [ RunTime:0.0016s ]
SQL: SHOW COLUMNS FROM `elective` [ RunTime:0.0017s ]
SQL: SELECT * FROM `elective` WHERE ( class='日電子一甲' && `classify`='1' )  [ RunTime:0.0024s ]
NOTIC: [2] Creating default object from empty value /home/hhkone/domains/hhk.one/public_html/nuuclass/Application/Studentaid/Controller/WorkController.class.php 第 108 行.
SQL: SHOW COLUMNS FROM `statistics` [ RunTime:0.0015s ]
SQL: INSERT INTO `statistics` (`date`,`time`,`dataname`,`ip`) VALUES ('2024/02/06','06:15:41','日電子一甲','223.136.66.167') [ RunTime:0.0029s ]
SQL: SHOW COLUMNS FROM `class_type` [ RunTime:0.0016s ]
SQL: SELECT * FROM `class_type`  [ RunTime:0.0008s ]
INFO: [ view_parse ] --START--
INFO: [ template_filter ] --START--
INFO: Run Behavior\ContentReplaceBehavior [ RunTime:0.000076s ]
INFO: [ template_filter ] --END-- [ RunTime:0.000091s ]
NOTIC: [8] Undefined index: id /home/hhkone/domains/hhk.one/public_html/nuuclass/Application/Runtime/Cache/Studentaid/8eb969caeb5e138e96a09548927f7efa.php 第 44 行.
NOTIC: [2] Use of undefined constant obligatory - assumed 'obligatory' (this will throw an Error in a future version of PHP) /home/hhkone/domains/hhk.one/public_html/nuuclass/Application/Runtime/Cache/Studentaid/8eb969caeb5e138e96a09548927f7efa.php 第 72 行.
NOTIC: [2] Use of undefined constant obligatory - assumed 'obligatory' (this will throw an Error in a future version of PHP) /home/hhkone/domains/hhk.one/public_html/nuuclass/Application/Runtime/Cache/Studentaid/8eb969caeb5e138e96a09548927f7efa.php 第 72 行.
NOTIC: [2] Use of undefined constant obligatory - assumed 'obligatory' (this will throw an Error in a future version of PHP) /home/hhkone/domains/hhk.one/public_html/nuuclass/Application/Runtime/Cache/Studentaid/8eb969caeb5e138e96a09548927f7efa.php 第 72 行.
NOTIC: [2] Use of undefined constant obligatory - assumed 'obligatory' (this will throw an Error in a future version of PHP) /home/hhkone/domains/hhk.one/public_html/nuuclass/Application/Runtime/Cache/Studentaid/8eb969caeb5e138e96a09548927f7efa.php 第 72 行.
NOTIC: [2] Use of undefined constant obligatory - assumed 'obligatory' (this will throw an Error in a future version of PHP) /home/hhkone/domains/hhk.one/public_html/nuuclass/Application/Runtime/Cache/Studentaid/8eb969caeb5e138e96a09548927f7efa.php 第 72 行.
NOTIC: [2] Use of undefined constant obligatory - assumed 'obligatory' (this will throw an Error in a future version of PHP) /home/hhkone/domains/hhk.one/public_html/nuuclass/Application/Runtime/Cache/Studentaid/8eb969caeb5e138e96a09548927f7efa.php 第 72 行.
NOTIC: [2] Use of undefined constant obligatory - assumed 'obligatory' (this will throw an Error in a future version of PHP) /home/hhkone/domains/hhk.one/public_html/nuuclass/Application/Runtime/Cache/Studentaid/8eb969caeb5e138e96a09548927f7efa.php 第 72 行.
NOTIC: [2] Use of undefined constant obligatory - assumed 'obligatory' (this will throw an Error in a future version of PHP) /home/hhkone/domains/hhk.one/public_html/nuuclass/Application/Runtime/Cache/Studentaid/8eb969caeb5e138e96a09548927f7efa.php 第 72 行.
NOTIC: [2] Use of undefined constant obligatory - assumed 'obligatory' (this will throw an Error in a future version of PHP) /home/hhkone/domains/hhk.one/public_html/nuuclass/Application/Runtime/Cache/Studentaid/8eb969caeb5e138e96a09548927f7efa.php 第 72 行.
NOTIC: [2] Use of undefined constant obligatory - assumed 'obligatory' (this will throw an Error in a future version of PHP) /home/hhkone/domains/hhk.one/public_html/nuuclass/Application/Runtime/Cache/Studentaid/8eb969caeb5e138e96a09548927f7efa.php 第 72 行.
NOTIC: [2] Use of undefined constant obligatory - assumed 'obligatory' (this will throw an Error in a future version of PHP) /home/hhkone/domains/hhk.one/public_html/nuuclass/Application/Runtime/Cache/Studentaid/8eb969caeb5e138e96a09548927f7efa.php 第 72 行.
NOTIC: [2] Use of undefined constant obligatory - assumed 'obligatory' (this will throw an Error in a future version of PHP) /home/hhkone/domains/hhk.one/public_html/nuuclass/Application/Runtime/Cache/Studentaid/8eb969caeb5e138e96a09548927f7efa.php 第 72 行.
NOTIC: [8] Undefined index: id /home/hhkone/domains/hhk.one/public_html/nuuclass/Application/Runtime/Cache/Studentaid/8eb969caeb5e138e96a09548927f7efa.php 第 159 行.
INFO: Run Behavior\ParseTemplateBehavior [ RunTime:0.005289s ]
INFO: [ view_parse ] --END-- [ RunTime:0.005302s ]
INFO: [ view_filter ] --START--
INFO: Run Behavior\WriteHtmlCacheBehavior [ RunTime:0.000218s ]
INFO: [ view_filter ] --END-- [ RunTime:0.000228s ]
INFO: [ app_end ] --START--
INFO: Run Behavior\ShowPageTraceBehavior [ RunTime:0.000255s ]
INFO: [ app_end ] --END-- [ RunTime:0.000267s ]

[ 2024-02-06T18:15:42+08:00 ] 223.136.66.167 /index.php/Studentaid/Work/name_post.html
INFO: [ app_init ] --START--
INFO: Run Behavior\BuildLiteBehavior [ RunTime:0.000008s ]
INFO: [ app_init ] --END-- [ RunTime:0.000199s ]
INFO: [ app_begin ] --START--
INFO: Run Behavior\ReadHtmlCacheBehavior [ RunTime:0.000189s ]
INFO: [ app_begin ] --END-- [ RunTime:0.000215s ]
SQL: SHOW COLUMNS FROM `config` [ RunTime:0.0019s ]
SQL: SELECT * FROM `config`  [ RunTime:0.0017s ]
SQL: SELECT * FROM `elective` where `class_sit` like '%' && class like '%日電子一甲%'&& ( false  || `class_name` LIKE '%%' || `class_sitname` LIKE '%%' || `class` LIKE '%%' || `class_number` LIKE '%%' ) [ RunTime:0.0029s ]
INFO: [ view_parse ] --START--
INFO: [ template_filter ] --START--
INFO: Run Behavior\ContentReplaceBehavior [ RunTime:0.000017s ]
INFO: [ template_filter ] --END-- [ RunTime:0.000030s ]
NOTIC: [2] Use of undefined constant color - assumed 'color' (this will throw an Error in a future version of PHP) /home/hhkone/domains/hhk.one/public_html/nuuclass/Application/Runtime/Cache/Studentaid/f9420204cc3b63f41d6f197d7d192238.php 第 4 行.
NOTIC: [2] Use of undefined constant color - assumed 'color' (this will throw an Error in a future version of PHP) /home/hhkone/domains/hhk.one/public_html/nuuclass/Application/Runtime/Cache/Studentaid/f9420204cc3b63f41d6f197d7d192238.php 第 4 行.
NOTIC: [2] Use of undefined constant color - assumed 'color' (this will throw an Error in a future version of PHP) /home/hhkone/domains/hhk.one/public_html/nuuclass/Application/Runtime/Cache/Studentaid/f9420204cc3b63f41d6f197d7d192238.php 第 4 行.
NOTIC: [2] Use of undefined constant color - assumed 'color' (this will throw an Error in a future version of PHP) /home/hhkone/domains/hhk.one/public_html/nuuclass/Application/Runtime/Cache/Studentaid/f9420204cc3b63f41d6f197d7d192238.php 第 4 行.
NOTIC: [2] Use of undefined constant color - assumed 'color' (this will throw an Error in a future version of PHP) /home/hhkone/domains/hhk.one/public_html/nuuclass/Application/Runtime/Cache/Studentaid/f9420204cc3b63f41d6f197d7d192238.php 第 4 行.
NOTIC: [2] Use of undefined constant color - assumed 'color' (this will throw an Error in a future version of PHP) /home/hhkone/domains/hhk.one/public_html/nuuclass/Application/Runtime/Cache/Studentaid/f9420204cc3b63f41d6f197d7d192238.php 第 4 行.
NOTIC: [2] Use of undefined constant color - assumed 'color' (this will throw an Error in a future version of PHP) /home/hhkone/domains/hhk.one/public_html/nuuclass/Application/Runtime/Cache/Studentaid/f9420204cc3b63f41d6f197d7d192238.php 第 4 行.
NOTIC: [2] Use of undefined constant color - assumed 'color' (this will throw an Error in a future version of PHP) /home/hhkone/domains/hhk.one/public_html/nuuclass/Application/Runtime/Cache/Studentaid/f9420204cc3b63f41d6f197d7d192238.php 第 4 行.
NOTIC: [2] Use of undefined constant color - assumed 'color' (this will throw an Error in a future version of PHP) /home/hhkone/domains/hhk.one/public_html/nuuclass/Application/Runtime/Cache/Studentaid/f9420204cc3b63f41d6f197d7d192238.php 第 4 行.
NOTIC: [2] Use of undefined constant color - assumed 'color' (this will throw an Error in a future version of PHP) /home/hhkone/domains/hhk.one/public_html/nuuclass/Application/Runtime/Cache/Studentaid/f9420204cc3b63f41d6f197d7d192238.php 第 4 行.
NOTIC: [2] Use of undefined constant color - assumed 'color' (this will throw an Error in a future version of PHP) /home/hhkone/domains/hhk.one/public_html/nuuclass/Application/Runtime/Cache/Studentaid/f9420204cc3b63f41d6f197d7d192238.php 第 4 行.
INFO: Run Behavior\ParseTemplateBehavior [ RunTime:0.002350s ]
INFO: [ view_parse ] --END-- [ RunTime:0.002375s ]
INFO: [ view_filter ] --START--
INFO: Run Behavior\WriteHtmlCacheBehavior [ RunTime:0.000334s ]
INFO: [ view_filter ] --END-- [ RunTime:0.000370s ]
INFO: [ app_end ] --START--
INFO: Run Behavior\ShowPageTraceBehavior [ RunTime:0.000285s ]
INFO: [ app_end ] --END-- [ RunTime:0.000317s ]

[ 2024-02-06T18:15:44+08:00 ] 223.136.66.167 /index.php/Studentaid/Work/sit_post.html
INFO: [ app_init ] --START--
INFO: Run Behavior\BuildLiteBehavior [ RunTime:0.000007s ]
INFO: [ app_init ] --END-- [ RunTime:0.000196s ]
INFO: [ app_begin ] --START--
INFO: Run Behavior\ReadHtmlCacheBehavior [ RunTime:0.000210s ]
INFO: [ app_begin ] --END-- [ RunTime:0.000226s ]
SQL: SHOW COLUMNS FROM `config` [ RunTime:0.0027s ]
SQL: SELECT * FROM `config`  [ RunTime:0.0015s ]
SQL: SHOW COLUMNS FROM `elective` [ RunTime:0.0017s ]
SQL: SELECT * FROM `elective` WHERE ( `class_number`='122EEA0005' )  [ RunTime:0.0036s ]
INFO: [ app_end ] --START--
INFO: Run Behavior\ShowPageTraceBehavior [ RunTime:0.000258s ]
INFO: [ app_end ] --END-- [ RunTime:0.000271s ]

[ 2024-02-06T20:00:22+08:00 ] 147.92.179.106 /
INFO: [ app_init ] --START--
INFO: Run Behavior\BuildLiteBehavior [ RunTime:0.000013s ]
INFO: [ app_init ] --END-- [ RunTime:0.000485s ]
INFO: [ app_begin ] --START--
INFO: Run Behavior\ReadHtmlCacheBehavior [ RunTime:0.000657s ]
INFO: [ app_begin ] --END-- [ RunTime:0.000673s ]
SQL: SHOW COLUMNS FROM `config` [ RunTime:0.0020s ]
SQL: SELECT * FROM `config`  [ RunTime:0.0015s ]
NOTIC: [8] Undefined variable: ex /home/hhkone/domains/hhk.one/public_html/nuuclass/Application/Studentaid/Controller/IndexController.class.php 第 14 行.
NOTIC: [8] Trying to access array offset on value of type null /home/hhkone/domains/hhk.one/public_html/nuuclass/Application/Studentaid/Controller/IndexController.class.php 第 14 行.
NOTIC: [8] Undefined variable: ex /home/hhkone/domains/hhk.one/public_html/nuuclass/Application/Studentaid/Controller/IndexController.class.php 第 14 行.
NOTIC: [8] Trying to access array offset on value of type null /home/hhkone/domains/hhk.one/public_html/nuuclass/Application/Studentaid/Controller/IndexController.class.php 第 14 行.
NOTIC: [8] Undefined variable: ex /home/hhkone/domains/hhk.one/public_html/nuuclass/Application/Studentaid/Controller/IndexController.class.php 第 14 行.
NOTIC: [8] Trying to access array offset on value of type null /home/hhkone/domains/hhk.one/public_html/nuuclass/Application/Studentaid/Controller/IndexController.class.php 第 14 行.
SQL: SHOW COLUMNS FROM `class` [ RunTime:0.0013s ]
SQL: SELECT DISTINCT  `lastclass` FROM `class` ORDER BY  `lastclass` desc  [ RunTime:0.0012s ]
SQL: SELECT * FROM `config` LIMIT 1   [ RunTime:0.0014s ]
SQL: SHOW COLUMNS FROM `user` [ RunTime:0.0014s ]
SQL: SELECT COUNT(*) AS tp_count FROM `user` LIMIT 1   [ RunTime:0.0008s ]
INFO: [ view_parse ] --START--
INFO: [ template_filter ] --START--
INFO: Run Behavior\ContentReplaceBehavior [ RunTime:0.000028s ]
INFO: [ template_filter ] --END-- [ RunTime:0.000041s ]
INFO: Run Behavior\ParseTemplateBehavior [ RunTime:0.008324s ]
INFO: [ view_parse ] --END-- [ RunTime:0.008338s ]
INFO: [ view_filter ] --START--
INFO: Run Behavior\WriteHtmlCacheBehavior [ RunTime:0.000536s ]
INFO: [ view_filter ] --END-- [ RunTime:0.000548s ]
INFO: [ app_end ] --START--
INFO: Run Behavior\ShowPageTraceBehavior [ RunTime:0.000801s ]
INFO: [ app_end ] --END-- [ RunTime:0.000816s ]

[ 2024-02-06T20:00:26+08:00 ] 147.92.179.115 /
INFO: [ app_init ] --START--
INFO: Run Behavior\BuildLiteBehavior [ RunTime:0.000011s ]
INFO: [ app_init ] --END-- [ RunTime:0.000216s ]
INFO: [ app_begin ] --START--
INFO: Run Behavior\ReadHtmlCacheBehavior [ RunTime:0.000203s ]
INFO: [ app_begin ] --END-- [ RunTime:0.000222s ]
SQL: SHOW COLUMNS FROM `config` [ RunTime:0.0021s ]
SQL: SELECT * FROM `config`  [ RunTime:0.0016s ]
NOTIC: [8] Undefined variable: ex /home/hhkone/domains/hhk.one/public_html/nuuclass/Application/Studentaid/Controller/IndexController.class.php 第 14 行.
NOTIC: [8] Trying to access array offset on value of type null /home/hhkone/domains/hhk.one/public_html/nuuclass/Application/Studentaid/Controller/IndexController.class.php 第 14 行.
NOTIC: [8] Undefined variable: ex /home/hhkone/domains/hhk.one/public_html/nuuclass/Application/Studentaid/Controller/IndexController.class.php 第 14 行.
NOTIC: [8] Trying to access array offset on value of type null /home/hhkone/domains/hhk.one/public_html/nuuclass/Application/Studentaid/Controller/IndexController.class.php 第 14 行.
NOTIC: [8] Undefined variable: ex /home/hhkone/domains/hhk.one/public_html/nuuclass/Application/Studentaid/Controller/IndexController.class.php 第 14 行.
NOTIC: [8] Trying to access array offset on value of type null /home/hhkone/domains/hhk.one/public_html/nuuclass/Application/Studentaid/Controller/IndexController.class.php 第 14 行.
SQL: SHOW COLUMNS FROM `class` [ RunTime:0.0014s ]
SQL: SELECT DISTINCT  `lastclass` FROM `class` ORDER BY  `lastclass` desc  [ RunTime:0.0011s ]
SQL: SELECT * FROM `config` LIMIT 1   [ RunTime:0.0015s ]
SQL: SHOW COLUMNS FROM `user` [ RunTime:0.0014s ]
SQL: SELECT COUNT(*) AS tp_count FROM `user` LIMIT 1   [ RunTime:0.0008s ]
INFO: [ view_parse ] --START--
INFO: [ template_filter ] --START--
INFO: Run Behavior\ContentReplaceBehavior [ RunTime:0.000040s ]
INFO: [ template_filter ] --END-- [ RunTime:0.000058s ]
INFO: Run Behavior\ParseTemplateBehavior [ RunTime:0.004460s ]
INFO: [ view_parse ] --END-- [ RunTime:0.004480s ]
INFO: [ view_filter ] --START--
INFO: Run Behavior\WriteHtmlCacheBehavior [ RunTime:0.000210s ]
INFO: [ view_filter ] --END-- [ RunTime:0.000223s ]
INFO: [ app_end ] --START--
INFO: Run Behavior\ShowPageTraceBehavior [ RunTime:0.000246s ]
INFO: [ app_end ] --END-- [ RunTime:0.000260s ]

[ 2024-02-06T20:00:28+08:00 ] 147.92.179.112 /
INFO: [ app_init ] --START--
INFO: Run Behavior\BuildLiteBehavior [ RunTime:0.000007s ]
INFO: [ app_init ] --END-- [ RunTime:0.000186s ]
INFO: [ app_begin ] --START--
INFO: Run Behavior\ReadHtmlCacheBehavior [ RunTime:0.000197s ]
INFO: [ app_begin ] --END-- [ RunTime:0.000211s ]
SQL: SHOW COLUMNS FROM `config` [ RunTime:0.0019s ]
SQL: SELECT * FROM `config`  [ RunTime:0.0016s ]
NOTIC: [8] Undefined variable: ex /home/hhkone/domains/hhk.one/public_html/nuuclass/Application/Studentaid/Controller/IndexController.class.php 第 14 行.
NOTIC: [8] Trying to access array offset on value of type null /home/hhkone/domains/hhk.one/public_html/nuuclass/Application/Studentaid/Controller/IndexController.class.php 第 14 行.
NOTIC: [8] Undefined variable: ex /home/hhkone/domains/hhk.one/public_html/nuuclass/Application/Studentaid/Controller/IndexController.class.php 第 14 行.
NOTIC: [8] Trying to access array offset on value of type null /home/hhkone/domains/hhk.one/public_html/nuuclass/Application/Studentaid/Controller/IndexController.class.php 第 14 行.
NOTIC: [8] Undefined variable: ex /home/hhkone/domains/hhk.one/public_html/nuuclass/Application/Studentaid/Controller/IndexController.class.php 第 14 行.
NOTIC: [8] Trying to access array offset on value of type null /home/hhkone/domains/hhk.one/public_html/nuuclass/Application/Studentaid/Controller/IndexController.class.php 第 14 行.
SQL: SHOW COLUMNS FROM `class` [ RunTime:0.0013s ]
SQL: SELECT DISTINCT  `lastclass` FROM `class` ORDER BY  `lastclass` desc  [ RunTime:0.0011s ]
SQL: SELECT * FROM `config` LIMIT 1   [ RunTime:0.0014s ]
SQL: SHOW COLUMNS FROM `user` [ RunTime:0.0013s ]
SQL: SELECT COUNT(*) AS tp_count FROM `user` LIMIT 1   [ RunTime:0.0006s ]
INFO: [ view_parse ] --START--
INFO: [ template_filter ] --START--
INFO: Run Behavior\ContentReplaceBehavior [ RunTime:0.000036s ]
INFO: [ template_filter ] --END-- [ RunTime:0.000049s ]
INFO: Run Behavior\ParseTemplateBehavior [ RunTime:0.002597s ]
INFO: [ view_parse ] --END-- [ RunTime:0.002614s ]
INFO: [ view_filter ] --START--
INFO: Run Behavior\WriteHtmlCacheBehavior [ RunTime:0.000226s ]
INFO: [ view_filter ] --END-- [ RunTime:0.000237s ]
INFO: [ app_end ] --START--
INFO: Run Behavior\ShowPageTraceBehavior [ RunTime:0.000228s ]
INFO: [ app_end ] --END-- [ RunTime:0.000241s ]

[ 2024-02-06T20:00:29+08:00 ] 147.92.179.106 /
INFO: [ app_init ] --START--
INFO: Run Behavior\BuildLiteBehavior [ RunTime:0.000006s ]
INFO: [ app_init ] --END-- [ RunTime:0.000165s ]
INFO: [ app_begin ] --START--
INFO: Run Behavior\ReadHtmlCacheBehavior [ RunTime:0.000170s ]
INFO: [ app_begin ] --END-- [ RunTime:0.000182s ]
SQL: SHOW COLUMNS FROM `config` [ RunTime:0.0019s ]
SQL: SELECT * FROM `config`  [ RunTime:0.0015s ]
NOTIC: [8] Undefined variable: ex /home/hhkone/domains/hhk.one/public_html/nuuclass/Application/Studentaid/Controller/IndexController.class.php 第 14 行.
NOTIC: [8] Trying to access array offset on value of type null /home/hhkone/domains/hhk.one/public_html/nuuclass/Application/Studentaid/Controller/IndexController.class.php 第 14 行.
NOTIC: [8] Undefined variable: ex /home/hhkone/domains/hhk.one/public_html/nuuclass/Application/Studentaid/Controller/IndexController.class.php 第 14 行.
NOTIC: [8] Trying to access array offset on value of type null /home/hhkone/domains/hhk.one/public_html/nuuclass/Application/Studentaid/Controller/IndexController.class.php 第 14 行.
NOTIC: [8] Undefined variable: ex /home/hhkone/domains/hhk.one/public_html/nuuclass/Application/Studentaid/Controller/IndexController.class.php 第 14 行.
NOTIC: [8] Trying to access array offset on value of type null /home/hhkone/domains/hhk.one/public_html/nuuclass/Application/Studentaid/Controller/IndexController.class.php 第 14 行.
SQL: SHOW COLUMNS FROM `class` [ RunTime:0.0014s ]
SQL: SELECT DISTINCT  `lastclass` FROM `class` ORDER BY  `lastclass` desc  [ RunTime:0.0010s ]
SQL: SELECT * FROM `config` LIMIT 1   [ RunTime:0.0014s ]
SQL: SHOW COLUMNS FROM `user` [ RunTime:0.0015s ]
SQL: SELECT COUNT(*) AS tp_count FROM `user` LIMIT 1   [ RunTime:0.0005s ]
INFO: [ view_parse ] --START--
INFO: [ template_filter ] --START--
INFO: Run Behavior\ContentReplaceBehavior [ RunTime:0.000030s ]
INFO: [ template_filter ] --END-- [ RunTime:0.000042s ]
INFO: Run Behavior\ParseTemplateBehavior [ RunTime:0.002112s ]
INFO: [ view_parse ] --END-- [ RunTime:0.002139s ]
INFO: [ view_filter ] --START--
INFO: Run Behavior\WriteHtmlCacheBehavior [ RunTime:0.000267s ]
INFO: [ view_filter ] --END-- [ RunTime:0.000277s ]
INFO: [ app_end ] --START--
INFO: Run Behavior\ShowPageTraceBehavior [ RunTime:0.000194s ]
INFO: [ app_end ] --END-- [ RunTime:0.000205s ]

[ 2024-02-06T20:16:52+08:00 ] 205.210.31.184 /
INFO: [ app_init ] --START--
INFO: Run Behavior\BuildLiteBehavior [ RunTime:0.000007s ]
INFO: [ app_init ] --END-- [ RunTime:0.000201s ]
INFO: [ app_begin ] --START--
INFO: Run Behavior\ReadHtmlCacheBehavior [ RunTime:0.000230s ]
INFO: [ app_begin ] --END-- [ RunTime:0.000272s ]
SQL: SHOW COLUMNS FROM `config` [ RunTime:0.0019s ]
SQL: SELECT * FROM `config`  [ RunTime:0.0016s ]
NOTIC: [8] Undefined variable: ex /home/hhkone/domains/hhk.one/public_html/nuuclass/Application/Studentaid/Controller/IndexController.class.php 第 14 行.
NOTIC: [8] Trying to access array offset on value of type null /home/hhkone/domains/hhk.one/public_html/nuuclass/Application/Studentaid/Controller/IndexController.class.php 第 14 行.
NOTIC: [8] Undefined variable: ex /home/hhkone/domains/hhk.one/public_html/nuuclass/Application/Studentaid/Controller/IndexController.class.php 第 14 行.
NOTIC: [8] Trying to access array offset on value of type null /home/hhkone/domains/hhk.one/public_html/nuuclass/Application/Studentaid/Controller/IndexController.class.php 第 14 行.
NOTIC: [8] Undefined variable: ex /home/hhkone/domains/hhk.one/public_html/nuuclass/Application/Studentaid/Controller/IndexController.class.php 第 14 行.
NOTIC: [8] Trying to access array offset on value of type null /home/hhkone/domains/hhk.one/public_html/nuuclass/Application/Studentaid/Controller/IndexController.class.php 第 14 行.
SQL: SHOW COLUMNS FROM `class` [ RunTime:0.0013s ]
SQL: SELECT DISTINCT  `lastclass` FROM `class` ORDER BY  `lastclass` desc  [ RunTime:0.0012s ]
SQL: SELECT * FROM `config` LIMIT 1   [ RunTime:0.0015s ]
SQL: SHOW COLUMNS FROM `user` [ RunTime:0.0012s ]
SQL: SELECT COUNT(*) AS tp_count FROM `user` LIMIT 1   [ RunTime:0.0006s ]
INFO: [ view_parse ] --START--
INFO: [ template_filter ] --START--
INFO: Run Behavior\ContentReplaceBehavior [ RunTime:0.000034s ]
INFO: [ template_filter ] --END-- [ RunTime:0.000048s ]
INFO: Run Behavior\ParseTemplateBehavior [ RunTime:0.004087s ]
INFO: [ view_parse ] --END-- [ RunTime:0.004102s ]
INFO: [ view_filter ] --START--
INFO: Run Behavior\WriteHtmlCacheBehavior [ RunTime:0.000183s ]
INFO: [ view_filter ] --END-- [ RunTime:0.000193s ]
INFO: [ app_end ] --START--
INFO: Run Behavior\ShowPageTraceBehavior [ RunTime:0.000220s ]
INFO: [ app_end ] --END-- [ RunTime:0.000230s ]

