[ 2024-06-04T00:14:36+08:00 ] 120.105.145.189 /
INFO: [ app_init ] --START--
INFO: Run Behavior\BuildLiteBehavior [ RunTime:0.000006s ]
INFO: [ app_init ] --END-- [ RunTime:0.000535s ]
INFO: [ app_begin ] --START--
INFO: Run Behavior\ReadHtmlCacheBehavior [ RunTime:0.000659s ]
INFO: [ app_begin ] --END-- [ RunTime:0.000678s ]
SQL: SHOW COLUMNS FROM `config` [ RunTime:0.0021s ]
SQL: SELECT * FROM `config`  [ RunTime:0.0017s ]
NOTIC: [2] Undefined variable $ex /home/hhkone/domains/hhk.one/public_html/nuuclass/Application/Studentaid/Controller/IndexController.class.php 第 14 行.
NOTIC: [2] Trying to access array offset on null /home/hhkone/domains/hhk.one/public_html/nuuclass/Application/Studentaid/Controller/IndexController.class.php 第 14 行.
NOTIC: [2] Undefined variable $ex /home/hhkone/domains/hhk.one/public_html/nuuclass/Application/Studentaid/Controller/IndexController.class.php 第 14 行.
NOTIC: [2] Trying to access array offset on null /home/hhkone/domains/hhk.one/public_html/nuuclass/Application/Studentaid/Controller/IndexController.class.php 第 14 行.
NOTIC: [2] Undefined variable $ex /home/hhkone/domains/hhk.one/public_html/nuuclass/Application/Studentaid/Controller/IndexController.class.php 第 14 行.
NOTIC: [2] Trying to access array offset on null /home/hhkone/domains/hhk.one/public_html/nuuclass/Application/Studentaid/Controller/IndexController.class.php 第 14 行.
SQL: SHOW COLUMNS FROM `class` [ RunTime:0.0018s ]
SQL: SELECT DISTINCT  `lastclass` FROM `class` ORDER BY  `lastclass` desc  [ RunTime:0.0011s ]
SQL: SELECT * FROM `config` LIMIT 1   [ RunTime:0.0013s ]
SQL: SHOW COLUMNS FROM `user` [ RunTime:0.0016s ]
SQL: SELECT COUNT(*) AS tp_count FROM `user` LIMIT 1   [ RunTime:0.0006s ]
INFO: [ view_parse ] --START--
NOTIC: [8192] Creation of dynamic property Think\Template::$tempVar is deprecated /home/hhkone/domains/hhk.one/public_html/nuuclass/ThinkPHP/Library/Think/Template.class.php 第 415 行.
INFO: [ template_filter ] --START--
INFO: Run Behavior\ContentReplaceBehavior [ RunTime:0.000041s ]
INFO: [ template_filter ] --END-- [ RunTime:0.000079s ]
INFO: Run Behavior\ParseTemplateBehavior [ RunTime:0.009513s ]
INFO: [ view_parse ] --END-- [ RunTime:0.009529s ]
INFO: [ view_filter ] --START--
INFO: Run Behavior\WriteHtmlCacheBehavior [ RunTime:0.000316s ]
INFO: [ view_filter ] --END-- [ RunTime:0.000330s ]
INFO: [ app_end ] --START--
INFO: Run Behavior\ShowPageTraceBehavior [ RunTime:0.000724s ]
INFO: [ app_end ] --END-- [ RunTime:0.000753s ]

[ 2024-06-04T04:46:38+08:00 ] 40.77.167.50 /index.php/Studentaid/Index/dologin.html
INFO: [ app_init ] --START--
INFO: Run Behavior\BuildLiteBehavior [ RunTime:0.000006s ]
INFO: [ app_init ] --END-- [ RunTime:0.000969s ]
INFO: [ app_begin ] --START--
INFO: Run Behavior\ReadHtmlCacheBehavior [ RunTime:0.001130s ]
INFO: [ app_begin ] --END-- [ RunTime:0.001150s ]
SQL: SHOW COLUMNS FROM `config` [ RunTime:0.0021s ]
SQL: SELECT * FROM `config`  [ RunTime:0.0016s ]
NOTIC: [2] Undefined array key "account" /home/hhkone/domains/hhk.one/public_html/nuuclass/Application/Studentaid/Controller/IndexController.class.php 第 84 行.
INFO: [ view_parse ] --START--
NOTIC: [8192] Creation of dynamic property Think\Template::$tempVar is deprecated /home/hhkone/domains/hhk.one/public_html/nuuclass/ThinkPHP/Library/Think/Template.class.php 第 415 行.
INFO: [ template_filter ] --START--
INFO: Run Behavior\ContentReplaceBehavior [ RunTime:0.000029s ]
INFO: [ template_filter ] --END-- [ RunTime:0.000046s ]
INFO: Run Behavior\ParseTemplateBehavior [ RunTime:0.009566s ]
INFO: [ view_parse ] --END-- [ RunTime:0.009584s ]
INFO: [ view_filter ] --START--
INFO: Run Behavior\WriteHtmlCacheBehavior [ RunTime:0.000642s ]
INFO: [ view_filter ] --END-- [ RunTime:0.000656s ]

[ 2024-06-04T08:44:45+08:00 ] 116.241.50.194 /
INFO: [ app_init ] --START--
INFO: Run Behavior\BuildLiteBehavior [ RunTime:0.000005s ]
INFO: [ app_init ] --END-- [ RunTime:0.000448s ]
INFO: [ app_begin ] --START--
INFO: Run Behavior\ReadHtmlCacheBehavior [ RunTime:0.000667s ]
INFO: [ app_begin ] --END-- [ RunTime:0.000686s ]
SQL: SHOW COLUMNS FROM `config` [ RunTime:0.0018s ]
SQL: SELECT * FROM `config`  [ RunTime:0.0016s ]
NOTIC: [2] Undefined variable $ex /home/hhkone/domains/hhk.one/public_html/nuuclass/Application/Studentaid/Controller/IndexController.class.php 第 14 行.
NOTIC: [2] Trying to access array offset on null /home/hhkone/domains/hhk.one/public_html/nuuclass/Application/Studentaid/Controller/IndexController.class.php 第 14 行.
NOTIC: [2] Undefined variable $ex /home/hhkone/domains/hhk.one/public_html/nuuclass/Application/Studentaid/Controller/IndexController.class.php 第 14 行.
NOTIC: [2] Trying to access array offset on null /home/hhkone/domains/hhk.one/public_html/nuuclass/Application/Studentaid/Controller/IndexController.class.php 第 14 行.
NOTIC: [2] Undefined variable $ex /home/hhkone/domains/hhk.one/public_html/nuuclass/Application/Studentaid/Controller/IndexController.class.php 第 14 行.
NOTIC: [2] Trying to access array offset on null /home/hhkone/domains/hhk.one/public_html/nuuclass/Application/Studentaid/Controller/IndexController.class.php 第 14 行.
SQL: SHOW COLUMNS FROM `class` [ RunTime:0.0023s ]
SQL: SELECT DISTINCT  `lastclass` FROM `class` ORDER BY  `lastclass` desc  [ RunTime:0.0012s ]
SQL: SELECT * FROM `config` LIMIT 1   [ RunTime:0.0014s ]
SQL: SHOW COLUMNS FROM `user` [ RunTime:0.0018s ]
SQL: SELECT COUNT(*) AS tp_count FROM `user` LIMIT 1   [ RunTime:0.0007s ]
INFO: [ view_parse ] --START--
NOTIC: [8192] Creation of dynamic property Think\Template::$tempVar is deprecated /home/hhkone/domains/hhk.one/public_html/nuuclass/ThinkPHP/Library/Think/Template.class.php 第 415 行.
INFO: [ template_filter ] --START--
INFO: Run Behavior\ContentReplaceBehavior [ RunTime:0.000060s ]
INFO: [ template_filter ] --END-- [ RunTime:0.000077s ]
INFO: Run Behavior\ParseTemplateBehavior [ RunTime:0.010691s ]
INFO: [ view_parse ] --END-- [ RunTime:0.010710s ]
INFO: [ view_filter ] --START--
INFO: Run Behavior\WriteHtmlCacheBehavior [ RunTime:0.000282s ]
INFO: [ view_filter ] --END-- [ RunTime:0.000294s ]
INFO: [ app_end ] --START--
INFO: Run Behavior\ShowPageTraceBehavior [ RunTime:0.000981s ]
INFO: [ app_end ] --END-- [ RunTime:0.000998s ]

[ 2024-06-04T08:44:47+08:00 ] 116.241.50.194 /index.php/Studentaid/Index/class_post.html
INFO: [ app_init ] --START--
INFO: Run Behavior\BuildLiteBehavior [ RunTime:0.000006s ]
INFO: [ app_init ] --END-- [ RunTime:0.000113s ]
INFO: [ app_begin ] --START--
INFO: Run Behavior\ReadHtmlCacheBehavior [ RunTime:0.000156s ]
INFO: [ app_begin ] --END-- [ RunTime:0.000171s ]
SQL: SHOW COLUMNS FROM `config` [ RunTime:0.0018s ]
SQL: SELECT * FROM `config`  [ RunTime:0.0017s ]
SQL: SHOW COLUMNS FROM `class` [ RunTime:0.0015s ]
SQL: SELECT * FROM `class` WHERE ( `lastclass`='管理碩' )  [ RunTime:0.0008s ]
INFO: [ app_end ] --START--
INFO: Run Behavior\ShowPageTraceBehavior [ RunTime:0.000205s ]
INFO: [ app_end ] --END-- [ RunTime:0.000224s ]

[ 2024-06-04T08:45:01+08:00 ] 116.241.50.194 /
INFO: [ app_init ] --START--
INFO: Run Behavior\BuildLiteBehavior [ RunTime:0.000007s ]
INFO: [ app_init ] --END-- [ RunTime:0.000144s ]
INFO: [ app_begin ] --START--
INFO: Run Behavior\ReadHtmlCacheBehavior [ RunTime:0.000123s ]
INFO: [ app_begin ] --END-- [ RunTime:0.000138s ]
SQL: SHOW COLUMNS FROM `config` [ RunTime:0.0020s ]
SQL: SELECT * FROM `config`  [ RunTime:0.0015s ]
NOTIC: [2] Undefined variable $ex /home/hhkone/domains/hhk.one/public_html/nuuclass/Application/Studentaid/Controller/IndexController.class.php 第 14 行.
NOTIC: [2] Trying to access array offset on null /home/hhkone/domains/hhk.one/public_html/nuuclass/Application/Studentaid/Controller/IndexController.class.php 第 14 行.
NOTIC: [2] Undefined variable $ex /home/hhkone/domains/hhk.one/public_html/nuuclass/Application/Studentaid/Controller/IndexController.class.php 第 14 行.
NOTIC: [2] Trying to access array offset on null /home/hhkone/domains/hhk.one/public_html/nuuclass/Application/Studentaid/Controller/IndexController.class.php 第 14 行.
NOTIC: [2] Undefined variable $ex /home/hhkone/domains/hhk.one/public_html/nuuclass/Application/Studentaid/Controller/IndexController.class.php 第 14 行.
NOTIC: [2] Trying to access array offset on null /home/hhkone/domains/hhk.one/public_html/nuuclass/Application/Studentaid/Controller/IndexController.class.php 第 14 行.
SQL: SHOW COLUMNS FROM `class` [ RunTime:0.0014s ]
SQL: SELECT DISTINCT  `lastclass` FROM `class` ORDER BY  `lastclass` desc  [ RunTime:0.0010s ]
SQL: SELECT * FROM `config` LIMIT 1   [ RunTime:0.0015s ]
SQL: SHOW COLUMNS FROM `user` [ RunTime:0.0014s ]
SQL: SELECT COUNT(*) AS tp_count FROM `user` LIMIT 1   [ RunTime:0.0006s ]
INFO: [ view_parse ] --START--
NOTIC: [8192] Creation of dynamic property Think\Template::$tempVar is deprecated /home/hhkone/domains/hhk.one/public_html/nuuclass/ThinkPHP/Library/Think/Template.class.php 第 415 行.
INFO: [ template_filter ] --START--
INFO: Run Behavior\ContentReplaceBehavior [ RunTime:0.000034s ]
INFO: [ template_filter ] --END-- [ RunTime:0.000047s ]
INFO: Run Behavior\ParseTemplateBehavior [ RunTime:0.002152s ]
INFO: [ view_parse ] --END-- [ RunTime:0.002171s ]
INFO: [ view_filter ] --START--
INFO: Run Behavior\WriteHtmlCacheBehavior [ RunTime:0.000144s ]
INFO: [ view_filter ] --END-- [ RunTime:0.000153s ]
INFO: [ app_end ] --START--
INFO: Run Behavior\ShowPageTraceBehavior [ RunTime:0.000112s ]
INFO: [ app_end ] --END-- [ RunTime:0.000122s ]

[ 2024-06-04T08:45:01+08:00 ] 116.241.50.194 /index.php/Studentaid/Index/class_post.html
INFO: [ app_init ] --START--
INFO: Run Behavior\BuildLiteBehavior [ RunTime:0.000007s ]
INFO: [ app_init ] --END-- [ RunTime:0.000132s ]
INFO: [ app_begin ] --START--
INFO: Run Behavior\ReadHtmlCacheBehavior [ RunTime:0.000172s ]
INFO: [ app_begin ] --END-- [ RunTime:0.000188s ]
SQL: SHOW COLUMNS FROM `config` [ RunTime:0.0019s ]
SQL: SELECT * FROM `config`  [ RunTime:0.0016s ]
SQL: SHOW COLUMNS FROM `class` [ RunTime:0.0015s ]
SQL: SELECT * FROM `class` WHERE ( `lastclass`='管理碩' )  [ RunTime:0.0008s ]
INFO: [ app_end ] --START--
INFO: Run Behavior\ShowPageTraceBehavior [ RunTime:0.000136s ]
INFO: [ app_end ] --END-- [ RunTime:0.000148s ]

[ 2024-06-04T08:45:12+08:00 ] 116.241.50.194 /index.php/Studentaid/Index/class_post.html
INFO: [ app_init ] --START--
INFO: Run Behavior\BuildLiteBehavior [ RunTime:0.000006s ]
INFO: [ app_init ] --END-- [ RunTime:0.000105s ]
INFO: [ app_begin ] --START--
INFO: Run Behavior\ReadHtmlCacheBehavior [ RunTime:0.000113s ]
INFO: [ app_begin ] --END-- [ RunTime:0.000125s ]
SQL: SHOW COLUMNS FROM `config` [ RunTime:0.0018s ]
SQL: SELECT * FROM `config`  [ RunTime:0.0016s ]
SQL: SHOW COLUMNS FROM `class` [ RunTime:0.0014s ]
SQL: SELECT * FROM `class` WHERE ( `lastclass`='日電機' )  [ RunTime:0.0009s ]
INFO: [ app_end ] --START--
INFO: Run Behavior\ShowPageTraceBehavior [ RunTime:0.000142s ]
INFO: [ app_end ] --END-- [ RunTime:0.000170s ]

[ 2024-06-04T08:45:17+08:00 ] 116.241.50.194 /index.php/Studentaid/Work/index.html
INFO: [ app_init ] --START--
INFO: Run Behavior\BuildLiteBehavior [ RunTime:0.000006s ]
INFO: [ app_init ] --END-- [ RunTime:0.000162s ]
INFO: [ app_begin ] --START--
INFO: Run Behavior\ReadHtmlCacheBehavior [ RunTime:0.000125s ]
INFO: [ app_begin ] --END-- [ RunTime:0.000140s ]
SQL: SHOW COLUMNS FROM `config` [ RunTime:0.0020s ]
SQL: SELECT * FROM `config`  [ RunTime:0.0017s ]
SQL: SHOW COLUMNS FROM `elective` [ RunTime:0.0020s ]
SQL: SELECT * FROM `elective` WHERE ( class='日電機四丙' && `classify`='1' )  [ RunTime:0.0070s ]
ERR: Attempt to assign property "date" on null

[ 2024-06-04T09:59:50+08:00 ] 82.145.215.206 /
INFO: [ app_init ] --START--
INFO: Run Behavior\BuildLiteBehavior [ RunTime:0.000005s ]
INFO: [ app_init ] --END-- [ RunTime:0.000569s ]
INFO: [ app_begin ] --START--
INFO: Run Behavior\ReadHtmlCacheBehavior [ RunTime:0.000623s ]
INFO: [ app_begin ] --END-- [ RunTime:0.000654s ]
SQL: SHOW COLUMNS FROM `config` [ RunTime:0.0018s ]
SQL: SELECT * FROM `config`  [ RunTime:0.0015s ]
NOTIC: [2] Undefined variable $ex /home/hhkone/domains/hhk.one/public_html/nuuclass/Application/Studentaid/Controller/IndexController.class.php 第 14 行.
NOTIC: [2] Trying to access array offset on null /home/hhkone/domains/hhk.one/public_html/nuuclass/Application/Studentaid/Controller/IndexController.class.php 第 14 行.
NOTIC: [2] Undefined variable $ex /home/hhkone/domains/hhk.one/public_html/nuuclass/Application/Studentaid/Controller/IndexController.class.php 第 14 行.
NOTIC: [2] Trying to access array offset on null /home/hhkone/domains/hhk.one/public_html/nuuclass/Application/Studentaid/Controller/IndexController.class.php 第 14 行.
NOTIC: [2] Undefined variable $ex /home/hhkone/domains/hhk.one/public_html/nuuclass/Application/Studentaid/Controller/IndexController.class.php 第 14 行.
NOTIC: [2] Trying to access array offset on null /home/hhkone/domains/hhk.one/public_html/nuuclass/Application/Studentaid/Controller/IndexController.class.php 第 14 行.
SQL: SHOW COLUMNS FROM `class` [ RunTime:0.0014s ]
SQL: SELECT DISTINCT  `lastclass` FROM `class` ORDER BY  `lastclass` desc  [ RunTime:0.0009s ]
SQL: SELECT * FROM `config` LIMIT 1   [ RunTime:0.0015s ]
SQL: SHOW COLUMNS FROM `user` [ RunTime:0.0015s ]
SQL: SELECT COUNT(*) AS tp_count FROM `user` LIMIT 1   [ RunTime:0.0006s ]
INFO: [ view_parse ] --START--
NOTIC: [8192] Creation of dynamic property Think\Template::$tempVar is deprecated /home/hhkone/domains/hhk.one/public_html/nuuclass/ThinkPHP/Library/Think/Template.class.php 第 415 行.
INFO: [ template_filter ] --START--
INFO: Run Behavior\ContentReplaceBehavior [ RunTime:0.000041s ]
INFO: [ template_filter ] --END-- [ RunTime:0.000063s ]
INFO: Run Behavior\ParseTemplateBehavior [ RunTime:0.011841s ]
INFO: [ view_parse ] --END-- [ RunTime:0.011870s ]
INFO: [ view_filter ] --START--
INFO: Run Behavior\WriteHtmlCacheBehavior [ RunTime:0.000355s ]
INFO: [ view_filter ] --END-- [ RunTime:0.000372s ]
INFO: [ app_end ] --START--
INFO: Run Behavior\ShowPageTraceBehavior [ RunTime:0.000795s ]
INFO: [ app_end ] --END-- [ RunTime:0.000819s ]

[ 2024-06-04T10:49:35+08:00 ] 147.92.179.107 /index.php/Studentaid/Index/index.html
INFO: [ app_init ] --START--
INFO: Run Behavior\BuildLiteBehavior [ RunTime:0.000005s ]
INFO: [ app_init ] --END-- [ RunTime:0.000364s ]
INFO: [ app_begin ] --START--
INFO: Run Behavior\ReadHtmlCacheBehavior [ RunTime:0.000649s ]
INFO: [ app_begin ] --END-- [ RunTime:0.000666s ]
SQL: SHOW COLUMNS FROM `config` [ RunTime:0.0018s ]
SQL: SELECT * FROM `config`  [ RunTime:0.0015s ]
NOTIC: [2] Undefined variable $ex /home/hhkone/domains/hhk.one/public_html/nuuclass/Application/Studentaid/Controller/IndexController.class.php 第 14 行.
NOTIC: [2] Trying to access array offset on null /home/hhkone/domains/hhk.one/public_html/nuuclass/Application/Studentaid/Controller/IndexController.class.php 第 14 行.
NOTIC: [2] Undefined variable $ex /home/hhkone/domains/hhk.one/public_html/nuuclass/Application/Studentaid/Controller/IndexController.class.php 第 14 行.
NOTIC: [2] Trying to access array offset on null /home/hhkone/domains/hhk.one/public_html/nuuclass/Application/Studentaid/Controller/IndexController.class.php 第 14 行.
NOTIC: [2] Undefined variable $ex /home/hhkone/domains/hhk.one/public_html/nuuclass/Application/Studentaid/Controller/IndexController.class.php 第 14 行.
NOTIC: [2] Trying to access array offset on null /home/hhkone/domains/hhk.one/public_html/nuuclass/Application/Studentaid/Controller/IndexController.class.php 第 14 行.
SQL: SHOW COLUMNS FROM `class` [ RunTime:0.0014s ]
SQL: SELECT DISTINCT  `lastclass` FROM `class` ORDER BY  `lastclass` desc  [ RunTime:0.0008s ]
SQL: SELECT * FROM `config` LIMIT 1   [ RunTime:0.0014s ]
SQL: SHOW COLUMNS FROM `user` [ RunTime:0.0015s ]
SQL: SELECT COUNT(*) AS tp_count FROM `user` LIMIT 1   [ RunTime:0.0007s ]
INFO: [ view_parse ] --START--
NOTIC: [8192] Creation of dynamic property Think\Template::$tempVar is deprecated /home/hhkone/domains/hhk.one/public_html/nuuclass/ThinkPHP/Library/Think/Template.class.php 第 415 行.
INFO: [ template_filter ] --START--
INFO: Run Behavior\ContentReplaceBehavior [ RunTime:0.000032s ]
INFO: [ template_filter ] --END-- [ RunTime:0.000046s ]
INFO: Run Behavior\ParseTemplateBehavior [ RunTime:0.007691s ]
INFO: [ view_parse ] --END-- [ RunTime:0.007732s ]
INFO: [ view_filter ] --START--
INFO: Run Behavior\WriteHtmlCacheBehavior [ RunTime:0.000269s ]
INFO: [ view_filter ] --END-- [ RunTime:0.000282s ]
INFO: [ app_end ] --START--
INFO: Run Behavior\ShowPageTraceBehavior [ RunTime:0.000628s ]
INFO: [ app_end ] --END-- [ RunTime:0.000643s ]

[ 2024-06-04T11:34:28+08:00 ] 49.215.87.134 /
INFO: [ app_init ] --START--
INFO: Run Behavior\BuildLiteBehavior [ RunTime:0.000017s ]
INFO: [ app_init ] --END-- [ RunTime:0.000510s ]
INFO: [ app_begin ] --START--
INFO: Run Behavior\ReadHtmlCacheBehavior [ RunTime:0.000701s ]
INFO: [ app_begin ] --END-- [ RunTime:0.000720s ]
SQL: SHOW COLUMNS FROM `config` [ RunTime:0.0019s ]
SQL: SELECT * FROM `config`  [ RunTime:0.0015s ]
NOTIC: [2] Undefined variable $ex /home/hhkone/domains/hhk.one/public_html/nuuclass/Application/Studentaid/Controller/IndexController.class.php 第 14 行.
NOTIC: [2] Trying to access array offset on null /home/hhkone/domains/hhk.one/public_html/nuuclass/Application/Studentaid/Controller/IndexController.class.php 第 14 行.
NOTIC: [2] Undefined variable $ex /home/hhkone/domains/hhk.one/public_html/nuuclass/Application/Studentaid/Controller/IndexController.class.php 第 14 行.
NOTIC: [2] Trying to access array offset on null /home/hhkone/domains/hhk.one/public_html/nuuclass/Application/Studentaid/Controller/IndexController.class.php 第 14 行.
NOTIC: [2] Undefined variable $ex /home/hhkone/domains/hhk.one/public_html/nuuclass/Application/Studentaid/Controller/IndexController.class.php 第 14 行.
NOTIC: [2] Trying to access array offset on null /home/hhkone/domains/hhk.one/public_html/nuuclass/Application/Studentaid/Controller/IndexController.class.php 第 14 行.
SQL: SHOW COLUMNS FROM `class` [ RunTime:0.0014s ]
SQL: SELECT DISTINCT  `lastclass` FROM `class` ORDER BY  `lastclass` desc  [ RunTime:0.0010s ]
SQL: SELECT * FROM `config` LIMIT 1   [ RunTime:0.0014s ]
SQL: SHOW COLUMNS FROM `user` [ RunTime:0.0014s ]
SQL: SELECT COUNT(*) AS tp_count FROM `user` LIMIT 1   [ RunTime:0.0006s ]
INFO: [ view_parse ] --START--
NOTIC: [8192] Creation of dynamic property Think\Template::$tempVar is deprecated /home/hhkone/domains/hhk.one/public_html/nuuclass/ThinkPHP/Library/Think/Template.class.php 第 415 行.
INFO: [ template_filter ] --START--
INFO: Run Behavior\ContentReplaceBehavior [ RunTime:0.000031s ]
INFO: [ template_filter ] --END-- [ RunTime:0.000044s ]
INFO: Run Behavior\ParseTemplateBehavior [ RunTime:0.007840s ]
INFO: [ view_parse ] --END-- [ RunTime:0.007869s ]
INFO: [ view_filter ] --START--
INFO: Run Behavior\WriteHtmlCacheBehavior [ RunTime:0.000256s ]
INFO: [ view_filter ] --END-- [ RunTime:0.000268s ]
INFO: [ app_end ] --START--
INFO: Run Behavior\ShowPageTraceBehavior [ RunTime:0.000588s ]
INFO: [ app_end ] --END-- [ RunTime:0.000604s ]

[ 2024-06-04T11:34:28+08:00 ] 49.215.87.134 /index.php/Studentaid/Index/class_post.html
INFO: [ app_init ] --START--
INFO: Run Behavior\BuildLiteBehavior [ RunTime:0.000004s ]
INFO: [ app_init ] --END-- [ RunTime:0.000118s ]
INFO: [ app_begin ] --START--
INFO: Run Behavior\ReadHtmlCacheBehavior [ RunTime:0.000104s ]
INFO: [ app_begin ] --END-- [ RunTime:0.000118s ]
SQL: SHOW COLUMNS FROM `config` [ RunTime:0.0017s ]
SQL: SELECT * FROM `config`  [ RunTime:0.0012s ]
SQL: SHOW COLUMNS FROM `class` [ RunTime:0.0010s ]
SQL: SELECT * FROM `class` WHERE ( `lastclass`='管理碩' )  [ RunTime:0.0008s ]
INFO: [ app_end ] --START--
INFO: Run Behavior\ShowPageTraceBehavior [ RunTime:0.000125s ]
INFO: [ app_end ] --END-- [ RunTime:0.000135s ]

[ 2024-06-04T11:34:50+08:00 ] 49.215.87.134 /index.php/Studentaid/Index/class_post.html
INFO: [ app_init ] --START--
INFO: Run Behavior\BuildLiteBehavior [ RunTime:0.000007s ]
INFO: [ app_init ] --END-- [ RunTime:0.000109s ]
INFO: [ app_begin ] --START--
INFO: Run Behavior\ReadHtmlCacheBehavior [ RunTime:0.000124s ]
INFO: [ app_begin ] --END-- [ RunTime:0.000148s ]
SQL: SHOW COLUMNS FROM `config` [ RunTime:0.0019s ]
SQL: SELECT * FROM `config`  [ RunTime:0.0015s ]
SQL: SHOW COLUMNS FROM `class` [ RunTime:0.0014s ]
SQL: SELECT * FROM `class` WHERE ( `lastclass`='日經管' )  [ RunTime:0.0008s ]
INFO: [ app_end ] --START--
INFO: Run Behavior\ShowPageTraceBehavior [ RunTime:0.000184s ]
INFO: [ app_end ] --END-- [ RunTime:0.000197s ]

[ 2024-06-04T11:34:53+08:00 ] 49.215.87.134 /index.php/Studentaid/Work/index.html
INFO: [ app_init ] --START--
INFO: Run Behavior\BuildLiteBehavior [ RunTime:0.000007s ]
INFO: [ app_init ] --END-- [ RunTime:0.000130s ]
INFO: [ app_begin ] --START--
INFO: Run Behavior\ReadHtmlCacheBehavior [ RunTime:0.000129s ]
INFO: [ app_begin ] --END-- [ RunTime:0.000144s ]
SQL: SHOW COLUMNS FROM `config` [ RunTime:0.0015s ]
SQL: SELECT * FROM `config`  [ RunTime:0.0015s ]
SQL: SHOW COLUMNS FROM `elective` [ RunTime:0.0016s ]
SQL: SELECT * FROM `elective` WHERE ( class='日經管二甲' && `classify`='1' )  [ RunTime:0.0053s ]
ERR: Attempt to assign property "date" on null

[ 2024-06-04T11:35:16+08:00 ] 49.215.87.134 /index.php/Studentaid/Index/dologin.html
INFO: [ app_init ] --START--
INFO: Run Behavior\BuildLiteBehavior [ RunTime:0.000006s ]
INFO: [ app_init ] --END-- [ RunTime:0.000137s ]
INFO: [ app_begin ] --START--
INFO: Run Behavior\ReadHtmlCacheBehavior [ RunTime:0.000119s ]
INFO: [ app_begin ] --END-- [ RunTime:0.000132s ]
SQL: SHOW COLUMNS FROM `config` [ RunTime:0.0017s ]
SQL: SELECT * FROM `config`  [ RunTime:0.0015s ]
SQL: SHOW COLUMNS FROM `user` [ RunTime:0.0014s ]
SQL: SELECT * FROM `user` WHERE ( `account`='U1231008' and `password`='f0748e1b34f3ca31799c6d3e6a37fa95' )  [ RunTime:0.0008s ]
NOTIC: [2] Undefined array key 0 /home/hhkone/domains/hhk.one/public_html/nuuclass/Application/Studentaid/Controller/IndexController.class.php 第 91 行.
NOTIC: [2] Trying to access array offset on null /home/hhkone/domains/hhk.one/public_html/nuuclass/Application/Studentaid/Controller/IndexController.class.php 第 91 行.
INFO: [ view_parse ] --START--
NOTIC: [8192] Creation of dynamic property Think\Template::$tempVar is deprecated /home/hhkone/domains/hhk.one/public_html/nuuclass/ThinkPHP/Library/Think/Template.class.php 第 415 行.
INFO: [ template_filter ] --START--
INFO: Run Behavior\ContentReplaceBehavior [ RunTime:0.000019s ]
INFO: [ template_filter ] --END-- [ RunTime:0.000032s ]
INFO: Run Behavior\ParseTemplateBehavior [ RunTime:0.001589s ]
INFO: [ view_parse ] --END-- [ RunTime:0.001610s ]
INFO: [ view_filter ] --START--
INFO: Run Behavior\WriteHtmlCacheBehavior [ RunTime:0.000217s ]
INFO: [ view_filter ] --END-- [ RunTime:0.000227s ]

[ 2024-06-04T11:35:27+08:00 ] 49.215.87.134 /index.php/Studentaid/Work/index.html
INFO: [ app_init ] --START--
INFO: Run Behavior\BuildLiteBehavior [ RunTime:0.000007s ]
INFO: [ app_init ] --END-- [ RunTime:0.000102s ]
INFO: [ app_begin ] --START--
INFO: Run Behavior\ReadHtmlCacheBehavior [ RunTime:0.000107s ]
INFO: [ app_begin ] --END-- [ RunTime:0.000119s ]
SQL: SHOW COLUMNS FROM `config` [ RunTime:0.0017s ]
SQL: SELECT * FROM `config`  [ RunTime:0.0016s ]
SQL: SHOW COLUMNS FROM `elective` [ RunTime:0.0014s ]
SQL: SELECT * FROM `elective` WHERE ( class='日經管二甲' && `classify`='1' )  [ RunTime:0.0022s ]
ERR: Attempt to assign property "date" on null

[ 2024-06-04T11:39:52+08:00 ] 49.215.87.134 /
INFO: [ app_init ] --START--
INFO: Run Behavior\BuildLiteBehavior [ RunTime:0.000006s ]
INFO: [ app_init ] --END-- [ RunTime:0.000158s ]
INFO: [ app_begin ] --START--
INFO: Run Behavior\ReadHtmlCacheBehavior [ RunTime:0.000131s ]
INFO: [ app_begin ] --END-- [ RunTime:0.000146s ]
SQL: SHOW COLUMNS FROM `config` [ RunTime:0.0020s ]
SQL: SELECT * FROM `config`  [ RunTime:0.0015s ]
NOTIC: [2] Undefined variable $ex /home/hhkone/domains/hhk.one/public_html/nuuclass/Application/Studentaid/Controller/IndexController.class.php 第 14 行.
NOTIC: [2] Trying to access array offset on null /home/hhkone/domains/hhk.one/public_html/nuuclass/Application/Studentaid/Controller/IndexController.class.php 第 14 行.
NOTIC: [2] Undefined variable $ex /home/hhkone/domains/hhk.one/public_html/nuuclass/Application/Studentaid/Controller/IndexController.class.php 第 14 行.
NOTIC: [2] Trying to access array offset on null /home/hhkone/domains/hhk.one/public_html/nuuclass/Application/Studentaid/Controller/IndexController.class.php 第 14 行.
NOTIC: [2] Undefined variable $ex /home/hhkone/domains/hhk.one/public_html/nuuclass/Application/Studentaid/Controller/IndexController.class.php 第 14 行.
NOTIC: [2] Trying to access array offset on null /home/hhkone/domains/hhk.one/public_html/nuuclass/Application/Studentaid/Controller/IndexController.class.php 第 14 行.
SQL: SHOW COLUMNS FROM `class` [ RunTime:0.0013s ]
SQL: SELECT DISTINCT  `lastclass` FROM `class` ORDER BY  `lastclass` desc  [ RunTime:0.0010s ]
SQL: SELECT * FROM `config` LIMIT 1   [ RunTime:0.0015s ]
SQL: SHOW COLUMNS FROM `user` [ RunTime:0.0014s ]
SQL: SELECT COUNT(*) AS tp_count FROM `user` LIMIT 1   [ RunTime:0.0007s ]
INFO: [ view_parse ] --START--
NOTIC: [8192] Creation of dynamic property Think\Template::$tempVar is deprecated /home/hhkone/domains/hhk.one/public_html/nuuclass/ThinkPHP/Library/Think/Template.class.php 第 415 行.
INFO: [ template_filter ] --START--
INFO: Run Behavior\ContentReplaceBehavior [ RunTime:0.000037s ]
INFO: [ template_filter ] --END-- [ RunTime:0.000053s ]
INFO: Run Behavior\ParseTemplateBehavior [ RunTime:0.004635s ]
INFO: [ view_parse ] --END-- [ RunTime:0.004665s ]
INFO: [ view_filter ] --START--
INFO: Run Behavior\WriteHtmlCacheBehavior [ RunTime:0.000217s ]
INFO: [ view_filter ] --END-- [ RunTime:0.000229s ]
INFO: [ app_end ] --START--
INFO: Run Behavior\ShowPageTraceBehavior [ RunTime:0.000137s ]
INFO: [ app_end ] --END-- [ RunTime:0.000149s ]

[ 2024-06-04T13:16:46+08:00 ] 101.10.93.38 /index.php/Studentaid/Index/index.html
INFO: [ app_init ] --START--
INFO: Run Behavior\BuildLiteBehavior [ RunTime:0.000006s ]
INFO: [ app_init ] --END-- [ RunTime:0.000501s ]
INFO: [ app_begin ] --START--
INFO: Run Behavior\ReadHtmlCacheBehavior [ RunTime:0.000755s ]
INFO: [ app_begin ] --END-- [ RunTime:0.000776s ]
SQL: SHOW COLUMNS FROM `config` [ RunTime:0.0017s ]
SQL: SELECT * FROM `config`  [ RunTime:0.0015s ]
NOTIC: [2] Undefined variable $ex /home/hhkone/domains/hhk.one/public_html/nuuclass/Application/Studentaid/Controller/IndexController.class.php 第 14 行.
NOTIC: [2] Trying to access array offset on null /home/hhkone/domains/hhk.one/public_html/nuuclass/Application/Studentaid/Controller/IndexController.class.php 第 14 行.
NOTIC: [2] Undefined variable $ex /home/hhkone/domains/hhk.one/public_html/nuuclass/Application/Studentaid/Controller/IndexController.class.php 第 14 行.
NOTIC: [2] Trying to access array offset on null /home/hhkone/domains/hhk.one/public_html/nuuclass/Application/Studentaid/Controller/IndexController.class.php 第 14 行.
NOTIC: [2] Undefined variable $ex /home/hhkone/domains/hhk.one/public_html/nuuclass/Application/Studentaid/Controller/IndexController.class.php 第 14 行.
NOTIC: [2] Trying to access array offset on null /home/hhkone/domains/hhk.one/public_html/nuuclass/Application/Studentaid/Controller/IndexController.class.php 第 14 行.
SQL: SHOW COLUMNS FROM `class` [ RunTime:0.0013s ]
SQL: SELECT DISTINCT  `lastclass` FROM `class` ORDER BY  `lastclass` desc  [ RunTime:0.0008s ]
SQL: SELECT * FROM `config` LIMIT 1   [ RunTime:0.0014s ]
SQL: SHOW COLUMNS FROM `user` [ RunTime:0.0013s ]
SQL: SELECT COUNT(*) AS tp_count FROM `user` LIMIT 1   [ RunTime:0.0006s ]
INFO: [ view_parse ] --START--
NOTIC: [8192] Creation of dynamic property Think\Template::$tempVar is deprecated /home/hhkone/domains/hhk.one/public_html/nuuclass/ThinkPHP/Library/Think/Template.class.php 第 415 行.
INFO: [ template_filter ] --START--
INFO: Run Behavior\ContentReplaceBehavior [ RunTime:0.000038s ]
INFO: [ template_filter ] --END-- [ RunTime:0.000075s ]
INFO: Run Behavior\ParseTemplateBehavior [ RunTime:0.009275s ]
INFO: [ view_parse ] --END-- [ RunTime:0.009293s ]
INFO: [ view_filter ] --START--
INFO: Run Behavior\WriteHtmlCacheBehavior [ RunTime:0.000316s ]
INFO: [ view_filter ] --END-- [ RunTime:0.000332s ]
INFO: [ app_end ] --START--
INFO: Run Behavior\ShowPageTraceBehavior [ RunTime:0.000715s ]
INFO: [ app_end ] --END-- [ RunTime:0.000734s ]

[ 2024-06-04T13:16:48+08:00 ] 101.10.93.38 /index.php/Studentaid/Index/class_post.html
INFO: [ app_init ] --START--
INFO: Run Behavior\BuildLiteBehavior [ RunTime:0.000006s ]
INFO: [ app_init ] --END-- [ RunTime:0.000153s ]
INFO: [ app_begin ] --START--
INFO: Run Behavior\ReadHtmlCacheBehavior [ RunTime:0.000128s ]
INFO: [ app_begin ] --END-- [ RunTime:0.000143s ]
SQL: SHOW COLUMNS FROM `config` [ RunTime:0.0017s ]
SQL: SELECT * FROM `config`  [ RunTime:0.0014s ]
SQL: SHOW COLUMNS FROM `class` [ RunTime:0.0013s ]
SQL: SELECT * FROM `class` WHERE ( `lastclass`='管理碩' )  [ RunTime:0.0006s ]
INFO: [ app_end ] --START--
INFO: Run Behavior\ShowPageTraceBehavior [ RunTime:0.000187s ]
INFO: [ app_end ] --END-- [ RunTime:0.000200s ]

[ 2024-06-04T13:16:57+08:00 ] 101.10.93.38 /index.php/Studentaid/Index/index.html
INFO: [ app_init ] --START--
INFO: Run Behavior\BuildLiteBehavior [ RunTime:0.000006s ]
INFO: [ app_init ] --END-- [ RunTime:0.000113s ]
INFO: [ app_begin ] --START--
INFO: Run Behavior\ReadHtmlCacheBehavior [ RunTime:0.000122s ]
INFO: [ app_begin ] --END-- [ RunTime:0.000136s ]
SQL: SHOW COLUMNS FROM `config` [ RunTime:0.0017s ]
SQL: SELECT * FROM `config`  [ RunTime:0.0015s ]
NOTIC: [2] Undefined variable $ex /home/hhkone/domains/hhk.one/public_html/nuuclass/Application/Studentaid/Controller/IndexController.class.php 第 14 行.
NOTIC: [2] Trying to access array offset on null /home/hhkone/domains/hhk.one/public_html/nuuclass/Application/Studentaid/Controller/IndexController.class.php 第 14 行.
NOTIC: [2] Undefined variable $ex /home/hhkone/domains/hhk.one/public_html/nuuclass/Application/Studentaid/Controller/IndexController.class.php 第 14 行.
NOTIC: [2] Trying to access array offset on null /home/hhkone/domains/hhk.one/public_html/nuuclass/Application/Studentaid/Controller/IndexController.class.php 第 14 行.
NOTIC: [2] Undefined variable $ex /home/hhkone/domains/hhk.one/public_html/nuuclass/Application/Studentaid/Controller/IndexController.class.php 第 14 行.
NOTIC: [2] Trying to access array offset on null /home/hhkone/domains/hhk.one/public_html/nuuclass/Application/Studentaid/Controller/IndexController.class.php 第 14 行.
SQL: SHOW COLUMNS FROM `class` [ RunTime:0.0013s ]
SQL: SELECT DISTINCT  `lastclass` FROM `class` ORDER BY  `lastclass` desc  [ RunTime:0.0009s ]
SQL: SELECT * FROM `config` LIMIT 1   [ RunTime:0.0013s ]
SQL: SHOW COLUMNS FROM `user` [ RunTime:0.0012s ]
SQL: SELECT COUNT(*) AS tp_count FROM `user` LIMIT 1   [ RunTime:0.0006s ]
INFO: [ view_parse ] --START--
NOTIC: [8192] Creation of dynamic property Think\Template::$tempVar is deprecated /home/hhkone/domains/hhk.one/public_html/nuuclass/ThinkPHP/Library/Think/Template.class.php 第 415 行.
INFO: [ template_filter ] --START--
INFO: Run Behavior\ContentReplaceBehavior [ RunTime:0.000035s ]
INFO: [ template_filter ] --END-- [ RunTime:0.000048s ]
INFO: Run Behavior\ParseTemplateBehavior [ RunTime:0.001972s ]
INFO: [ view_parse ] --END-- [ RunTime:0.001999s ]
INFO: [ view_filter ] --START--
INFO: Run Behavior\WriteHtmlCacheBehavior [ RunTime:0.000174s ]
INFO: [ view_filter ] --END-- [ RunTime:0.000184s ]
INFO: [ app_end ] --START--
INFO: Run Behavior\ShowPageTraceBehavior [ RunTime:0.000131s ]
INFO: [ app_end ] --END-- [ RunTime:0.000142s ]

[ 2024-06-04T13:16:58+08:00 ] 101.10.93.38 /index.php/Studentaid/Index/class_post.html
INFO: [ app_init ] --START--
INFO: Run Behavior\BuildLiteBehavior [ RunTime:0.000015s ]
INFO: [ app_init ] --END-- [ RunTime:0.000139s ]
INFO: [ app_begin ] --START--
INFO: Run Behavior\ReadHtmlCacheBehavior [ RunTime:0.000133s ]
INFO: [ app_begin ] --END-- [ RunTime:0.000149s ]
SQL: SHOW COLUMNS FROM `config` [ RunTime:0.0018s ]
SQL: SELECT * FROM `config`  [ RunTime:0.0017s ]
SQL: SHOW COLUMNS FROM `class` [ RunTime:0.0014s ]
SQL: SELECT * FROM `class` WHERE ( `lastclass`='管理碩' )  [ RunTime:0.0007s ]
INFO: [ app_end ] --START--
INFO: Run Behavior\ShowPageTraceBehavior [ RunTime:0.000163s ]
INFO: [ app_end ] --END-- [ RunTime:0.000175s ]

[ 2024-06-04T13:16:59+08:00 ] 101.10.93.38 /index.php/Studentaid/Index/index.html
INFO: [ app_init ] --START--
INFO: Run Behavior\BuildLiteBehavior [ RunTime:0.000006s ]
INFO: [ app_init ] --END-- [ RunTime:0.000142s ]
INFO: [ app_begin ] --START--
INFO: Run Behavior\ReadHtmlCacheBehavior [ RunTime:0.000107s ]
INFO: [ app_begin ] --END-- [ RunTime:0.000121s ]
SQL: SHOW COLUMNS FROM `config` [ RunTime:0.0019s ]
SQL: SELECT * FROM `config`  [ RunTime:0.0016s ]
NOTIC: [2] Undefined variable $ex /home/hhkone/domains/hhk.one/public_html/nuuclass/Application/Studentaid/Controller/IndexController.class.php 第 14 行.
NOTIC: [2] Trying to access array offset on null /home/hhkone/domains/hhk.one/public_html/nuuclass/Application/Studentaid/Controller/IndexController.class.php 第 14 行.
NOTIC: [2] Undefined variable $ex /home/hhkone/domains/hhk.one/public_html/nuuclass/Application/Studentaid/Controller/IndexController.class.php 第 14 行.
NOTIC: [2] Trying to access array offset on null /home/hhkone/domains/hhk.one/public_html/nuuclass/Application/Studentaid/Controller/IndexController.class.php 第 14 行.
NOTIC: [2] Undefined variable $ex /home/hhkone/domains/hhk.one/public_html/nuuclass/Application/Studentaid/Controller/IndexController.class.php 第 14 行.
NOTIC: [2] Trying to access array offset on null /home/hhkone/domains/hhk.one/public_html/nuuclass/Application/Studentaid/Controller/IndexController.class.php 第 14 行.
SQL: SHOW COLUMNS FROM `class` [ RunTime:0.0015s ]
SQL: SELECT DISTINCT  `lastclass` FROM `class` ORDER BY  `lastclass` desc  [ RunTime:0.0011s ]
SQL: SELECT * FROM `config` LIMIT 1   [ RunTime:0.0015s ]
SQL: SHOW COLUMNS FROM `user` [ RunTime:0.0014s ]
SQL: SELECT COUNT(*) AS tp_count FROM `user` LIMIT 1   [ RunTime:0.0006s ]
INFO: [ view_parse ] --START--
NOTIC: [8192] Creation of dynamic property Think\Template::$tempVar is deprecated /home/hhkone/domains/hhk.one/public_html/nuuclass/ThinkPHP/Library/Think/Template.class.php 第 415 行.
INFO: [ template_filter ] --START--
INFO: Run Behavior\ContentReplaceBehavior [ RunTime:0.000033s ]
INFO: [ template_filter ] --END-- [ RunTime:0.000058s ]
INFO: Run Behavior\ParseTemplateBehavior [ RunTime:0.002205s ]
INFO: [ view_parse ] --END-- [ RunTime:0.002221s ]
INFO: [ view_filter ] --START--
INFO: Run Behavior\WriteHtmlCacheBehavior [ RunTime:0.000156s ]
INFO: [ view_filter ] --END-- [ RunTime:0.000166s ]
INFO: [ app_end ] --START--
INFO: Run Behavior\ShowPageTraceBehavior [ RunTime:0.000115s ]
INFO: [ app_end ] --END-- [ RunTime:0.000127s ]

[ 2024-06-04T13:17:02+08:00 ] 101.10.93.38 /index.php/Studentaid/Index/class_post.html
INFO: [ app_init ] --START--
INFO: Run Behavior\BuildLiteBehavior [ RunTime:0.000007s ]
INFO: [ app_init ] --END-- [ RunTime:0.000111s ]
INFO: [ app_begin ] --START--
INFO: Run Behavior\ReadHtmlCacheBehavior [ RunTime:0.000102s ]
INFO: [ app_begin ] --END-- [ RunTime:0.000115s ]
SQL: SHOW COLUMNS FROM `config` [ RunTime:0.0017s ]
SQL: SELECT * FROM `config`  [ RunTime:0.0016s ]
SQL: SHOW COLUMNS FROM `class` [ RunTime:0.0014s ]
SQL: SELECT * FROM `class` WHERE ( `lastclass`='管理碩' )  [ RunTime:0.0008s ]
INFO: [ app_end ] --START--
INFO: Run Behavior\ShowPageTraceBehavior [ RunTime:0.000137s ]
INFO: [ app_end ] --END-- [ RunTime:0.000150s ]

[ 2024-06-04T13:17:04+08:00 ] 101.10.93.38 /index.php/Studentaid/Index/index.html
INFO: [ app_init ] --START--
INFO: Run Behavior\BuildLiteBehavior [ RunTime:0.000006s ]
INFO: [ app_init ] --END-- [ RunTime:0.000123s ]
INFO: [ app_begin ] --START--
INFO: Run Behavior\ReadHtmlCacheBehavior [ RunTime:0.000105s ]
INFO: [ app_begin ] --END-- [ RunTime:0.000119s ]
SQL: SHOW COLUMNS FROM `config` [ RunTime:0.0019s ]
SQL: SELECT * FROM `config`  [ RunTime:0.0015s ]
NOTIC: [2] Undefined variable $ex /home/hhkone/domains/hhk.one/public_html/nuuclass/Application/Studentaid/Controller/IndexController.class.php 第 14 行.
NOTIC: [2] Trying to access array offset on null /home/hhkone/domains/hhk.one/public_html/nuuclass/Application/Studentaid/Controller/IndexController.class.php 第 14 行.
NOTIC: [2] Undefined variable $ex /home/hhkone/domains/hhk.one/public_html/nuuclass/Application/Studentaid/Controller/IndexController.class.php 第 14 行.
NOTIC: [2] Trying to access array offset on null /home/hhkone/domains/hhk.one/public_html/nuuclass/Application/Studentaid/Controller/IndexController.class.php 第 14 行.
NOTIC: [2] Undefined variable $ex /home/hhkone/domains/hhk.one/public_html/nuuclass/Application/Studentaid/Controller/IndexController.class.php 第 14 行.
NOTIC: [2] Trying to access array offset on null /home/hhkone/domains/hhk.one/public_html/nuuclass/Application/Studentaid/Controller/IndexController.class.php 第 14 行.
SQL: SHOW COLUMNS FROM `class` [ RunTime:0.0014s ]
SQL: SELECT DISTINCT  `lastclass` FROM `class` ORDER BY  `lastclass` desc  [ RunTime:0.0009s ]
SQL: SELECT * FROM `config` LIMIT 1   [ RunTime:0.0014s ]
SQL: SHOW COLUMNS FROM `user` [ RunTime:0.0013s ]
SQL: SELECT COUNT(*) AS tp_count FROM `user` LIMIT 1   [ RunTime:0.0005s ]
INFO: [ view_parse ] --START--
NOTIC: [8192] Creation of dynamic property Think\Template::$tempVar is deprecated /home/hhkone/domains/hhk.one/public_html/nuuclass/ThinkPHP/Library/Think/Template.class.php 第 415 行.
INFO: [ template_filter ] --START--
INFO: Run Behavior\ContentReplaceBehavior [ RunTime:0.000033s ]
INFO: [ template_filter ] --END-- [ RunTime:0.000046s ]
INFO: Run Behavior\ParseTemplateBehavior [ RunTime:0.001932s ]
INFO: [ view_parse ] --END-- [ RunTime:0.001948s ]
INFO: [ view_filter ] --START--
INFO: Run Behavior\WriteHtmlCacheBehavior [ RunTime:0.000125s ]
INFO: [ view_filter ] --END-- [ RunTime:0.000136s ]
INFO: [ app_end ] --START--
INFO: Run Behavior\ShowPageTraceBehavior [ RunTime:0.000160s ]
INFO: [ app_end ] --END-- [ RunTime:0.000192s ]

[ 2024-06-04T13:17:04+08:00 ] 101.10.93.38 /index.php/Studentaid/Index/class_post.html
INFO: [ app_init ] --START--
INFO: Run Behavior\BuildLiteBehavior [ RunTime:0.000003s ]
INFO: [ app_init ] --END-- [ RunTime:0.000104s ]
INFO: [ app_begin ] --START--
INFO: Run Behavior\ReadHtmlCacheBehavior [ RunTime:0.000096s ]
INFO: [ app_begin ] --END-- [ RunTime:0.000109s ]
SQL: SHOW COLUMNS FROM `config` [ RunTime:0.0018s ]
SQL: SELECT * FROM `config`  [ RunTime:0.0015s ]
SQL: SHOW COLUMNS FROM `class` [ RunTime:0.0014s ]
SQL: SELECT * FROM `class` WHERE ( `lastclass`='管理碩' )  [ RunTime:0.0007s ]
INFO: [ app_end ] --START--
INFO: Run Behavior\ShowPageTraceBehavior [ RunTime:0.000116s ]
INFO: [ app_end ] --END-- [ RunTime:0.000128s ]

[ 2024-06-04T13:17:14+08:00 ] 101.10.93.38 /index.php/Studentaid/Index/class_post.html
INFO: [ app_init ] --START--
INFO: Run Behavior\BuildLiteBehavior [ RunTime:0.000006s ]
INFO: [ app_init ] --END-- [ RunTime:0.000163s ]
INFO: [ app_begin ] --START--
INFO: Run Behavior\ReadHtmlCacheBehavior [ RunTime:0.000138s ]
INFO: [ app_begin ] --END-- [ RunTime:0.000163s ]
SQL: SHOW COLUMNS FROM `config` [ RunTime:0.0020s ]
SQL: SELECT * FROM `config`  [ RunTime:0.0016s ]
SQL: SHOW COLUMNS FROM `class` [ RunTime:0.0014s ]
SQL: SELECT * FROM `class` WHERE ( `lastclass`='日工設' )  [ RunTime:0.0007s ]
INFO: [ app_end ] --START--
INFO: Run Behavior\ShowPageTraceBehavior [ RunTime:0.000276s ]
INFO: [ app_end ] --END-- [ RunTime:0.000290s ]

[ 2024-06-04T13:17:17+08:00 ] 101.10.93.38 /index.php/Studentaid/Work/index.html
INFO: [ app_init ] --START--
INFO: Run Behavior\BuildLiteBehavior [ RunTime:0.000018s ]
INFO: [ app_init ] --END-- [ RunTime:0.000147s ]
INFO: [ app_begin ] --START--
INFO: Run Behavior\ReadHtmlCacheBehavior [ RunTime:0.000168s ]
INFO: [ app_begin ] --END-- [ RunTime:0.000187s ]
SQL: SHOW COLUMNS FROM `config` [ RunTime:0.0017s ]
SQL: SELECT * FROM `config`  [ RunTime:0.0016s ]
SQL: SHOW COLUMNS FROM `elective` [ RunTime:0.0015s ]
SQL: SELECT * FROM `elective` WHERE ( class='日工設一甲' && `classify`='1' )  [ RunTime:0.0025s ]
ERR: Attempt to assign property "date" on null

[ 2024-06-04T14:04:29+08:00 ] 49.217.198.250 /
INFO: [ app_init ] --START--
INFO: Run Behavior\BuildLiteBehavior [ RunTime:0.000005s ]
INFO: [ app_init ] --END-- [ RunTime:0.000423s ]
INFO: [ app_begin ] --START--
INFO: Run Behavior\ReadHtmlCacheBehavior [ RunTime:0.000559s ]
INFO: [ app_begin ] --END-- [ RunTime:0.000576s ]
SQL: SHOW COLUMNS FROM `config` [ RunTime:0.0020s ]
SQL: SELECT * FROM `config`  [ RunTime:0.0016s ]
NOTIC: [2] Undefined variable $ex /home/hhkone/domains/hhk.one/public_html/nuuclass/Application/Studentaid/Controller/IndexController.class.php 第 14 行.
NOTIC: [2] Trying to access array offset on null /home/hhkone/domains/hhk.one/public_html/nuuclass/Application/Studentaid/Controller/IndexController.class.php 第 14 行.
NOTIC: [2] Undefined variable $ex /home/hhkone/domains/hhk.one/public_html/nuuclass/Application/Studentaid/Controller/IndexController.class.php 第 14 行.
NOTIC: [2] Trying to access array offset on null /home/hhkone/domains/hhk.one/public_html/nuuclass/Application/Studentaid/Controller/IndexController.class.php 第 14 行.
NOTIC: [2] Undefined variable $ex /home/hhkone/domains/hhk.one/public_html/nuuclass/Application/Studentaid/Controller/IndexController.class.php 第 14 行.
NOTIC: [2] Trying to access array offset on null /home/hhkone/domains/hhk.one/public_html/nuuclass/Application/Studentaid/Controller/IndexController.class.php 第 14 行.
SQL: SHOW COLUMNS FROM `class` [ RunTime:0.0014s ]
SQL: SELECT DISTINCT  `lastclass` FROM `class` ORDER BY  `lastclass` desc  [ RunTime:0.0010s ]
SQL: SELECT * FROM `config` LIMIT 1   [ RunTime:0.0015s ]
SQL: SHOW COLUMNS FROM `user` [ RunTime:0.0015s ]
SQL: SELECT COUNT(*) AS tp_count FROM `user` LIMIT 1   [ RunTime:0.0006s ]
INFO: [ view_parse ] --START--
NOTIC: [8192] Creation of dynamic property Think\Template::$tempVar is deprecated /home/hhkone/domains/hhk.one/public_html/nuuclass/ThinkPHP/Library/Think/Template.class.php 第 415 行.
INFO: [ template_filter ] --START--
INFO: Run Behavior\ContentReplaceBehavior [ RunTime:0.000032s ]
INFO: [ template_filter ] --END-- [ RunTime:0.000046s ]
INFO: Run Behavior\ParseTemplateBehavior [ RunTime:0.007222s ]
INFO: [ view_parse ] --END-- [ RunTime:0.007237s ]
INFO: [ view_filter ] --START--
INFO: Run Behavior\WriteHtmlCacheBehavior [ RunTime:0.000234s ]
INFO: [ view_filter ] --END-- [ RunTime:0.000247s ]
INFO: [ app_end ] --START--
INFO: Run Behavior\ShowPageTraceBehavior [ RunTime:0.000515s ]
INFO: [ app_end ] --END-- [ RunTime:0.000531s ]

[ 2024-06-04T14:04:30+08:00 ] 49.217.198.250 /index.php/Studentaid/Index/class_post.html
INFO: [ app_init ] --START--
INFO: Run Behavior\BuildLiteBehavior [ RunTime:0.000005s ]
INFO: [ app_init ] --END-- [ RunTime:0.000093s ]
INFO: [ app_begin ] --START--
INFO: Run Behavior\ReadHtmlCacheBehavior [ RunTime:0.000109s ]
INFO: [ app_begin ] --END-- [ RunTime:0.000135s ]
SQL: SHOW COLUMNS FROM `config` [ RunTime:0.0018s ]
SQL: SELECT * FROM `config`  [ RunTime:0.0014s ]
SQL: SHOW COLUMNS FROM `class` [ RunTime:0.0015s ]
SQL: SELECT * FROM `class` WHERE ( `lastclass`='管理碩' )  [ RunTime:0.0009s ]
INFO: [ app_end ] --START--
INFO: Run Behavior\ShowPageTraceBehavior [ RunTime:0.000122s ]
INFO: [ app_end ] --END-- [ RunTime:0.000134s ]

[ 2024-06-04T14:06:27+08:00 ] 49.217.198.250 /
INFO: [ app_init ] --START--
INFO: Run Behavior\BuildLiteBehavior [ RunTime:0.000008s ]
INFO: [ app_init ] --END-- [ RunTime:0.000143s ]
INFO: [ app_begin ] --START--
INFO: Run Behavior\ReadHtmlCacheBehavior [ RunTime:0.000104s ]
INFO: [ app_begin ] --END-- [ RunTime:0.000131s ]
SQL: SHOW COLUMNS FROM `config` [ RunTime:0.0020s ]
SQL: SELECT * FROM `config`  [ RunTime:0.0016s ]
NOTIC: [2] Undefined variable $ex /home/hhkone/domains/hhk.one/public_html/nuuclass/Application/Studentaid/Controller/IndexController.class.php 第 14 行.
NOTIC: [2] Trying to access array offset on null /home/hhkone/domains/hhk.one/public_html/nuuclass/Application/Studentaid/Controller/IndexController.class.php 第 14 行.
NOTIC: [2] Undefined variable $ex /home/hhkone/domains/hhk.one/public_html/nuuclass/Application/Studentaid/Controller/IndexController.class.php 第 14 行.
NOTIC: [2] Trying to access array offset on null /home/hhkone/domains/hhk.one/public_html/nuuclass/Application/Studentaid/Controller/IndexController.class.php 第 14 行.
NOTIC: [2] Undefined variable $ex /home/hhkone/domains/hhk.one/public_html/nuuclass/Application/Studentaid/Controller/IndexController.class.php 第 14 行.
NOTIC: [2] Trying to access array offset on null /home/hhkone/domains/hhk.one/public_html/nuuclass/Application/Studentaid/Controller/IndexController.class.php 第 14 行.
SQL: SHOW COLUMNS FROM `class` [ RunTime:0.0015s ]
SQL: SELECT DISTINCT  `lastclass` FROM `class` ORDER BY  `lastclass` desc  [ RunTime:0.0010s ]
SQL: SELECT * FROM `config` LIMIT 1   [ RunTime:0.0015s ]
SQL: SHOW COLUMNS FROM `user` [ RunTime:0.0014s ]
SQL: SELECT COUNT(*) AS tp_count FROM `user` LIMIT 1   [ RunTime:0.0007s ]
INFO: [ view_parse ] --START--
NOTIC: [8192] Creation of dynamic property Think\Template::$tempVar is deprecated /home/hhkone/domains/hhk.one/public_html/nuuclass/ThinkPHP/Library/Think/Template.class.php 第 415 行.
INFO: [ template_filter ] --START--
INFO: Run Behavior\ContentReplaceBehavior [ RunTime:0.000035s ]
INFO: [ template_filter ] --END-- [ RunTime:0.000052s ]
INFO: Run Behavior\ParseTemplateBehavior [ RunTime:0.003670s ]
INFO: [ view_parse ] --END-- [ RunTime:0.003699s ]
INFO: [ view_filter ] --START--
INFO: Run Behavior\WriteHtmlCacheBehavior [ RunTime:0.000113s ]
INFO: [ view_filter ] --END-- [ RunTime:0.000122s ]
INFO: [ app_end ] --START--
INFO: Run Behavior\ShowPageTraceBehavior [ RunTime:0.000108s ]
INFO: [ app_end ] --END-- [ RunTime:0.000119s ]

[ 2024-06-04T14:06:27+08:00 ] 49.217.198.250 /index.php/Studentaid/Index/class_post.html
INFO: [ app_init ] --START--
INFO: Run Behavior\BuildLiteBehavior [ RunTime:0.000004s ]
INFO: [ app_init ] --END-- [ RunTime:0.000091s ]
INFO: [ app_begin ] --START--
INFO: Run Behavior\ReadHtmlCacheBehavior [ RunTime:0.000103s ]
INFO: [ app_begin ] --END-- [ RunTime:0.000119s ]
SQL: SHOW COLUMNS FROM `config` [ RunTime:0.0018s ]
SQL: SELECT * FROM `config`  [ RunTime:0.0015s ]
SQL: SHOW COLUMNS FROM `class` [ RunTime:0.0015s ]
SQL: SELECT * FROM `class` WHERE ( `lastclass`='管理碩' )  [ RunTime:0.0008s ]
INFO: [ app_end ] --START--
INFO: Run Behavior\ShowPageTraceBehavior [ RunTime:0.000193s ]
INFO: [ app_end ] --END-- [ RunTime:0.000207s ]

[ 2024-06-04T14:06:40+08:00 ] 49.217.198.250 /index.php/Studentaid/Index/class_post.html
INFO: [ app_init ] --START--
INFO: Run Behavior\BuildLiteBehavior [ RunTime:0.000007s ]
INFO: [ app_init ] --END-- [ RunTime:0.000141s ]
INFO: [ app_begin ] --START--
INFO: Run Behavior\ReadHtmlCacheBehavior [ RunTime:0.000130s ]
INFO: [ app_begin ] --END-- [ RunTime:0.000143s ]
SQL: SHOW COLUMNS FROM `config` [ RunTime:0.0018s ]
SQL: SELECT * FROM `config`  [ RunTime:0.0016s ]
SQL: SHOW COLUMNS FROM `class` [ RunTime:0.0014s ]
SQL: SELECT * FROM `class` WHERE ( `lastclass`='日電機' )  [ RunTime:0.0008s ]
INFO: [ app_end ] --START--
INFO: Run Behavior\ShowPageTraceBehavior [ RunTime:0.000182s ]
INFO: [ app_end ] --END-- [ RunTime:0.000194s ]

[ 2024-06-04T14:06:44+08:00 ] 49.217.198.250 /index.php/Studentaid/Work/index.html
INFO: [ app_init ] --START--
INFO: Run Behavior\BuildLiteBehavior [ RunTime:0.000007s ]
INFO: [ app_init ] --END-- [ RunTime:0.000123s ]
INFO: [ app_begin ] --START--
INFO: Run Behavior\ReadHtmlCacheBehavior [ RunTime:0.000137s ]
INFO: [ app_begin ] --END-- [ RunTime:0.000152s ]
SQL: SHOW COLUMNS FROM `config` [ RunTime:0.0018s ]
SQL: SELECT * FROM `config`  [ RunTime:0.0015s ]
SQL: SHOW COLUMNS FROM `elective` [ RunTime:0.0015s ]
SQL: SELECT * FROM `elective` WHERE ( class='日電機三甲' && `classify`='1' )  [ RunTime:0.0025s ]
ERR: Attempt to assign property "date" on null

[ 2024-06-04T14:17:45+08:00 ] 87.236.176.110 /
INFO: [ app_init ] --START--
INFO: Run Behavior\BuildLiteBehavior [ RunTime:0.000007s ]
INFO: [ app_init ] --END-- [ RunTime:0.000591s ]
INFO: [ app_begin ] --START--
INFO: Run Behavior\ReadHtmlCacheBehavior [ RunTime:0.000863s ]
INFO: [ app_begin ] --END-- [ RunTime:0.000885s ]
SQL: SHOW COLUMNS FROM `config` [ RunTime:0.0051s ]
SQL: SELECT * FROM `config`  [ RunTime:0.0015s ]
NOTIC: [2] Undefined variable $ex /home/hhkone/domains/hhk.one/public_html/nuuclass/Application/Studentaid/Controller/IndexController.class.php 第 14 行.
NOTIC: [2] Trying to access array offset on null /home/hhkone/domains/hhk.one/public_html/nuuclass/Application/Studentaid/Controller/IndexController.class.php 第 14 行.
NOTIC: [2] Undefined variable $ex /home/hhkone/domains/hhk.one/public_html/nuuclass/Application/Studentaid/Controller/IndexController.class.php 第 14 行.
NOTIC: [2] Trying to access array offset on null /home/hhkone/domains/hhk.one/public_html/nuuclass/Application/Studentaid/Controller/IndexController.class.php 第 14 行.
NOTIC: [2] Undefined variable $ex /home/hhkone/domains/hhk.one/public_html/nuuclass/Application/Studentaid/Controller/IndexController.class.php 第 14 行.
NOTIC: [2] Trying to access array offset on null /home/hhkone/domains/hhk.one/public_html/nuuclass/Application/Studentaid/Controller/IndexController.class.php 第 14 行.
SQL: SHOW COLUMNS FROM `class` [ RunTime:0.0013s ]
SQL: SELECT DISTINCT  `lastclass` FROM `class` ORDER BY  `lastclass` desc  [ RunTime:0.0008s ]
SQL: SELECT * FROM `config` LIMIT 1   [ RunTime:0.0015s ]
SQL: SHOW COLUMNS FROM `user` [ RunTime:0.0014s ]
SQL: SELECT COUNT(*) AS tp_count FROM `user` LIMIT 1   [ RunTime:0.0006s ]
INFO: [ view_parse ] --START--
NOTIC: [8192] Creation of dynamic property Think\Template::$tempVar is deprecated /home/hhkone/domains/hhk.one/public_html/nuuclass/ThinkPHP/Library/Think/Template.class.php 第 415 行.
INFO: [ template_filter ] --START--
INFO: Run Behavior\ContentReplaceBehavior [ RunTime:0.000047s ]
INFO: [ template_filter ] --END-- [ RunTime:0.000064s ]
INFO: Run Behavior\ParseTemplateBehavior [ RunTime:0.008558s ]
INFO: [ view_parse ] --END-- [ RunTime:0.008573s ]
INFO: [ view_filter ] --START--
INFO: Run Behavior\WriteHtmlCacheBehavior [ RunTime:0.000285s ]
INFO: [ view_filter ] --END-- [ RunTime:0.000298s ]
INFO: [ app_end ] --START--
INFO: Run Behavior\ShowPageTraceBehavior [ RunTime:0.000616s ]
INFO: [ app_end ] --END-- [ RunTime:0.000632s ]

[ 2024-06-04T15:57:56+08:00 ] 20.15.133.186 /
INFO: [ app_init ] --START--
INFO: Run Behavior\BuildLiteBehavior [ RunTime:0.000006s ]
INFO: [ app_init ] --END-- [ RunTime:0.000534s ]
INFO: [ app_begin ] --START--
INFO: Run Behavior\ReadHtmlCacheBehavior [ RunTime:0.000680s ]
INFO: [ app_begin ] --END-- [ RunTime:0.000700s ]
SQL: SHOW COLUMNS FROM `config` [ RunTime:0.0018s ]
SQL: SELECT * FROM `config`  [ RunTime:0.0016s ]
NOTIC: [2] Undefined variable $ex /home/hhkone/domains/hhk.one/public_html/nuuclass/Application/Studentaid/Controller/IndexController.class.php 第 14 行.
NOTIC: [2] Trying to access array offset on null /home/hhkone/domains/hhk.one/public_html/nuuclass/Application/Studentaid/Controller/IndexController.class.php 第 14 行.
NOTIC: [2] Undefined variable $ex /home/hhkone/domains/hhk.one/public_html/nuuclass/Application/Studentaid/Controller/IndexController.class.php 第 14 行.
NOTIC: [2] Trying to access array offset on null /home/hhkone/domains/hhk.one/public_html/nuuclass/Application/Studentaid/Controller/IndexController.class.php 第 14 行.
NOTIC: [2] Undefined variable $ex /home/hhkone/domains/hhk.one/public_html/nuuclass/Application/Studentaid/Controller/IndexController.class.php 第 14 行.
NOTIC: [2] Trying to access array offset on null /home/hhkone/domains/hhk.one/public_html/nuuclass/Application/Studentaid/Controller/IndexController.class.php 第 14 行.
SQL: SHOW COLUMNS FROM `class` [ RunTime:0.0014s ]
SQL: SELECT DISTINCT  `lastclass` FROM `class` ORDER BY  `lastclass` desc  [ RunTime:0.0009s ]
SQL: SELECT * FROM `config` LIMIT 1   [ RunTime:0.0014s ]
SQL: SHOW COLUMNS FROM `user` [ RunTime:0.0014s ]
SQL: SELECT COUNT(*) AS tp_count FROM `user` LIMIT 1   [ RunTime:0.0007s ]
INFO: [ view_parse ] --START--
NOTIC: [8192] Creation of dynamic property Think\Template::$tempVar is deprecated /home/hhkone/domains/hhk.one/public_html/nuuclass/ThinkPHP/Library/Think/Template.class.php 第 415 行.
INFO: [ template_filter ] --START--
INFO: Run Behavior\ContentReplaceBehavior [ RunTime:0.000037s ]
INFO: [ template_filter ] --END-- [ RunTime:0.000053s ]
INFO: Run Behavior\ParseTemplateBehavior [ RunTime:0.009340s ]
INFO: [ view_parse ] --END-- [ RunTime:0.009368s ]
INFO: [ view_filter ] --START--
INFO: Run Behavior\WriteHtmlCacheBehavior [ RunTime:0.000309s ]
INFO: [ view_filter ] --END-- [ RunTime:0.000323s ]
INFO: [ app_end ] --START--
INFO: Run Behavior\ShowPageTraceBehavior [ RunTime:0.000668s ]
INFO: [ app_end ] --END-- [ RunTime:0.000686s ]

[ 2024-06-04T19:07:47+08:00 ] 118.232.1.173 /
INFO: [ app_init ] --START--
INFO: Run Behavior\BuildLiteBehavior [ RunTime:0.000005s ]
INFO: [ app_init ] --END-- [ RunTime:0.000519s ]
INFO: [ app_begin ] --START--
INFO: Run Behavior\ReadHtmlCacheBehavior [ RunTime:0.000772s ]
INFO: [ app_begin ] --END-- [ RunTime:0.000793s ]
SQL: SHOW COLUMNS FROM `config` [ RunTime:0.0018s ]
SQL: SELECT * FROM `config`  [ RunTime:0.0016s ]
NOTIC: [2] Undefined variable $ex /home/hhkone/domains/hhk.one/public_html/nuuclass/Application/Studentaid/Controller/IndexController.class.php 第 14 行.
NOTIC: [2] Trying to access array offset on null /home/hhkone/domains/hhk.one/public_html/nuuclass/Application/Studentaid/Controller/IndexController.class.php 第 14 行.
NOTIC: [2] Undefined variable $ex /home/hhkone/domains/hhk.one/public_html/nuuclass/Application/Studentaid/Controller/IndexController.class.php 第 14 行.
NOTIC: [2] Trying to access array offset on null /home/hhkone/domains/hhk.one/public_html/nuuclass/Application/Studentaid/Controller/IndexController.class.php 第 14 行.
NOTIC: [2] Undefined variable $ex /home/hhkone/domains/hhk.one/public_html/nuuclass/Application/Studentaid/Controller/IndexController.class.php 第 14 行.
NOTIC: [2] Trying to access array offset on null /home/hhkone/domains/hhk.one/public_html/nuuclass/Application/Studentaid/Controller/IndexController.class.php 第 14 行.
SQL: SHOW COLUMNS FROM `class` [ RunTime:0.0014s ]
SQL: SELECT DISTINCT  `lastclass` FROM `class` ORDER BY  `lastclass` desc  [ RunTime:0.0010s ]
SQL: SELECT * FROM `config` LIMIT 1   [ RunTime:0.0014s ]
SQL: SHOW COLUMNS FROM `user` [ RunTime:0.0013s ]
SQL: SELECT COUNT(*) AS tp_count FROM `user` LIMIT 1   [ RunTime:0.0006s ]
INFO: [ view_parse ] --START--
NOTIC: [8192] Creation of dynamic property Think\Template::$tempVar is deprecated /home/hhkone/domains/hhk.one/public_html/nuuclass/ThinkPHP/Library/Think/Template.class.php 第 415 行.
INFO: [ template_filter ] --START--
INFO: Run Behavior\ContentReplaceBehavior [ RunTime:0.000036s ]
INFO: [ template_filter ] --END-- [ RunTime:0.000065s ]
INFO: Run Behavior\ParseTemplateBehavior [ RunTime:0.009127s ]
INFO: [ view_parse ] --END-- [ RunTime:0.009145s ]
INFO: [ view_filter ] --START--
INFO: Run Behavior\WriteHtmlCacheBehavior [ RunTime:0.000327s ]
INFO: [ view_filter ] --END-- [ RunTime:0.000341s ]
INFO: [ app_end ] --START--
INFO: Run Behavior\ShowPageTraceBehavior [ RunTime:0.000611s ]
INFO: [ app_end ] --END-- [ RunTime:0.000628s ]

[ 2024-06-04T19:07:48+08:00 ] 118.232.1.173 /index.php/Studentaid/Index/class_post.html
INFO: [ app_init ] --START--
INFO: Run Behavior\BuildLiteBehavior [ RunTime:0.000009s ]
INFO: [ app_init ] --END-- [ RunTime:0.000194s ]
INFO: [ app_begin ] --START--
INFO: Run Behavior\ReadHtmlCacheBehavior [ RunTime:0.000166s ]
INFO: [ app_begin ] --END-- [ RunTime:0.000184s ]
SQL: SHOW COLUMNS FROM `config` [ RunTime:0.0017s ]
SQL: SELECT * FROM `config`  [ RunTime:0.0015s ]
SQL: SHOW COLUMNS FROM `class` [ RunTime:0.0014s ]
SQL: SELECT * FROM `class` WHERE ( `lastclass`='管理碩' )  [ RunTime:0.0008s ]
INFO: [ app_end ] --START--
INFO: Run Behavior\ShowPageTraceBehavior [ RunTime:0.000202s ]
INFO: [ app_end ] --END-- [ RunTime:0.000217s ]

[ 2024-06-04T19:43:28+08:00 ] 87.236.176.204 /
INFO: [ app_init ] --START--
INFO: Run Behavior\BuildLiteBehavior [ RunTime:0.000005s ]
INFO: [ app_init ] --END-- [ RunTime:0.000451s ]
INFO: [ app_begin ] --START--
INFO: Run Behavior\ReadHtmlCacheBehavior [ RunTime:0.000548s ]
INFO: [ app_begin ] --END-- [ RunTime:0.000565s ]
SQL: SHOW COLUMNS FROM `config` [ RunTime:0.0018s ]
SQL: SELECT * FROM `config`  [ RunTime:0.0015s ]
NOTIC: [2] Undefined variable $ex /home/hhkone/domains/hhk.one/public_html/nuuclass/Application/Studentaid/Controller/IndexController.class.php 第 14 行.
NOTIC: [2] Trying to access array offset on null /home/hhkone/domains/hhk.one/public_html/nuuclass/Application/Studentaid/Controller/IndexController.class.php 第 14 行.
NOTIC: [2] Undefined variable $ex /home/hhkone/domains/hhk.one/public_html/nuuclass/Application/Studentaid/Controller/IndexController.class.php 第 14 行.
NOTIC: [2] Trying to access array offset on null /home/hhkone/domains/hhk.one/public_html/nuuclass/Application/Studentaid/Controller/IndexController.class.php 第 14 行.
NOTIC: [2] Undefined variable $ex /home/hhkone/domains/hhk.one/public_html/nuuclass/Application/Studentaid/Controller/IndexController.class.php 第 14 行.
NOTIC: [2] Trying to access array offset on null /home/hhkone/domains/hhk.one/public_html/nuuclass/Application/Studentaid/Controller/IndexController.class.php 第 14 行.
SQL: SHOW COLUMNS FROM `class` [ RunTime:0.0014s ]
SQL: SELECT DISTINCT  `lastclass` FROM `class` ORDER BY  `lastclass` desc  [ RunTime:0.0009s ]
SQL: SELECT * FROM `config` LIMIT 1   [ RunTime:0.0014s ]
SQL: SHOW COLUMNS FROM `user` [ RunTime:0.0014s ]
SQL: SELECT COUNT(*) AS tp_count FROM `user` LIMIT 1   [ RunTime:0.0005s ]
INFO: [ view_parse ] --START--
NOTIC: [8192] Creation of dynamic property Think\Template::$tempVar is deprecated /home/hhkone/domains/hhk.one/public_html/nuuclass/ThinkPHP/Library/Think/Template.class.php 第 415 行.
INFO: [ template_filter ] --START--
INFO: Run Behavior\ContentReplaceBehavior [ RunTime:0.000033s ]
INFO: [ template_filter ] --END-- [ RunTime:0.000048s ]
INFO: Run Behavior\ParseTemplateBehavior [ RunTime:0.008446s ]
INFO: [ view_parse ] --END-- [ RunTime:0.008460s ]
INFO: [ view_filter ] --START--
INFO: Run Behavior\WriteHtmlCacheBehavior [ RunTime:0.000246s ]
INFO: [ view_filter ] --END-- [ RunTime:0.000259s ]
INFO: [ app_end ] --START--
INFO: Run Behavior\ShowPageTraceBehavior [ RunTime:0.000595s ]
INFO: [ app_end ] --END-- [ RunTime:0.000612s ]

[ 2024-06-04T23:00:07+08:00 ] 42.79.167.99 /index.php/Studentaid/Work/index.html
INFO: [ app_init ] --START--
INFO: Run Behavior\BuildLiteBehavior [ RunTime:0.000005s ]
INFO: [ app_init ] --END-- [ RunTime:0.000489s ]
INFO: [ app_begin ] --START--
INFO: Run Behavior\ReadHtmlCacheBehavior [ RunTime:0.000712s ]
INFO: [ app_begin ] --END-- [ RunTime:0.000733s ]
SQL: SHOW COLUMNS FROM `config` [ RunTime:0.0018s ]
SQL: SELECT * FROM `config`  [ RunTime:0.0018s ]

[ 2024-06-04T23:00:07+08:00 ] 42.79.167.99 /index.php/Studentaid/Index/index.html
INFO: [ app_init ] --START--
INFO: Run Behavior\BuildLiteBehavior [ RunTime:0.000041s ]
INFO: [ app_init ] --END-- [ RunTime:0.000179s ]
INFO: [ app_begin ] --START--
INFO: Run Behavior\ReadHtmlCacheBehavior [ RunTime:0.000120s ]
INFO: [ app_begin ] --END-- [ RunTime:0.000147s ]
SQL: SHOW COLUMNS FROM `config` [ RunTime:0.0016s ]
SQL: SELECT * FROM `config`  [ RunTime:0.0016s ]
NOTIC: [2] Undefined variable $ex /home/hhkone/domains/hhk.one/public_html/nuuclass/Application/Studentaid/Controller/IndexController.class.php 第 14 行.
NOTIC: [2] Trying to access array offset on null /home/hhkone/domains/hhk.one/public_html/nuuclass/Application/Studentaid/Controller/IndexController.class.php 第 14 行.
NOTIC: [2] Undefined variable $ex /home/hhkone/domains/hhk.one/public_html/nuuclass/Application/Studentaid/Controller/IndexController.class.php 第 14 行.
NOTIC: [2] Trying to access array offset on null /home/hhkone/domains/hhk.one/public_html/nuuclass/Application/Studentaid/Controller/IndexController.class.php 第 14 行.
NOTIC: [2] Undefined variable $ex /home/hhkone/domains/hhk.one/public_html/nuuclass/Application/Studentaid/Controller/IndexController.class.php 第 14 行.
NOTIC: [2] Trying to access array offset on null /home/hhkone/domains/hhk.one/public_html/nuuclass/Application/Studentaid/Controller/IndexController.class.php 第 14 行.
SQL: SHOW COLUMNS FROM `class` [ RunTime:0.0014s ]
SQL: SELECT DISTINCT  `lastclass` FROM `class` ORDER BY  `lastclass` desc  [ RunTime:0.0013s ]
SQL: SELECT * FROM `config` LIMIT 1   [ RunTime:0.0015s ]
SQL: SHOW COLUMNS FROM `user` [ RunTime:0.0015s ]
SQL: SELECT COUNT(*) AS tp_count FROM `user` LIMIT 1   [ RunTime:0.0008s ]
INFO: [ view_parse ] --START--
NOTIC: [8192] Creation of dynamic property Think\Template::$tempVar is deprecated /home/hhkone/domains/hhk.one/public_html/nuuclass/ThinkPHP/Library/Think/Template.class.php 第 415 行.
INFO: [ template_filter ] --START--
INFO: Run Behavior\ContentReplaceBehavior [ RunTime:0.000041s ]
INFO: [ template_filter ] --END-- [ RunTime:0.000058s ]
INFO: Run Behavior\ParseTemplateBehavior [ RunTime:0.009467s ]
INFO: [ view_parse ] --END-- [ RunTime:0.009485s ]
INFO: [ view_filter ] --START--
INFO: Run Behavior\WriteHtmlCacheBehavior [ RunTime:0.000359s ]
INFO: [ view_filter ] --END-- [ RunTime:0.000374s ]
INFO: [ app_end ] --START--
INFO: Run Behavior\ShowPageTraceBehavior [ RunTime:0.000738s ]
INFO: [ app_end ] --END-- [ RunTime:0.000756s ]

[ 2024-06-04T23:00:08+08:00 ] 42.79.167.99 /index.php/Studentaid/Index/class_post.html
INFO: [ app_init ] --START--
INFO: Run Behavior\BuildLiteBehavior [ RunTime:0.000008s ]
INFO: [ app_init ] --END-- [ RunTime:0.000181s ]
INFO: [ app_begin ] --START--
INFO: Run Behavior\ReadHtmlCacheBehavior [ RunTime:0.000162s ]
INFO: [ app_begin ] --END-- [ RunTime:0.000192s ]
SQL: SHOW COLUMNS FROM `config` [ RunTime:0.0017s ]
SQL: SELECT * FROM `config`  [ RunTime:0.0016s ]
SQL: SHOW COLUMNS FROM `class` [ RunTime:0.0015s ]
SQL: SELECT * FROM `class` WHERE ( `lastclass`='管理碩' )  [ RunTime:0.0010s ]
INFO: [ app_end ] --START--
INFO: Run Behavior\ShowPageTraceBehavior [ RunTime:0.000249s ]
INFO: [ app_end ] --END-- [ RunTime:0.000264s ]

