[ 2024-02-24T01:17:28+08:00 ] 154.91.33.158 /index.php?s=/index/%5Cthink%5CRequest/input&filter=var_dump&data=a6d3e827b198d120okhacked
INFO: [ app_init ] --START--
INFO: Run Behavior\BuildLiteBehavior [ RunTime:0.000014s ]
INFO: [ app_init ] --END-- [ RunTime:0.000466s ]
ERR: 无法加载模块:Index

[ 2024-02-24T01:17:28+08:00 ] 154.91.33.158 /index.php?s=/index/%5Cthink%5CRequest/input&filter=var_dump&data=a6d3e827b198d120okhacked
INFO: [ app_init ] --START--
INFO: Run Behavior\BuildLiteBehavior [ RunTime:0.000023s ]
INFO: [ app_init ] --END-- [ RunTime:0.000240s ]
ERR: 无法加载模块:Index

[ 2024-02-24T01:17:29+08:00 ] 154.91.33.158 /index.php?s=/index/%5Cthink%5CRequest/input&filter=var_dump&data=a6d3e827b198d120okhacked
INFO: [ app_init ] --START--
INFO: Run Behavior\BuildLiteBehavior [ RunTime:0.000008s ]
INFO: [ app_init ] --END-- [ RunTime:0.000298s ]
ERR: 无法加载模块:Index

[ 2024-02-24T01:17:29+08:00 ] 154.91.33.158 /index.php?s=/index/%5Cthink%5CRequest/input&filter=var_dump&data=a6d3e827b198d120okhacked
INFO: [ app_init ] --START--
INFO: Run Behavior\BuildLiteBehavior [ RunTime:0.000008s ]
INFO: [ app_init ] --END-- [ RunTime:0.000179s ]
ERR: 无法加载模块:Index

[ 2024-02-24T01:17:32+08:00 ] 154.91.33.158 /index.php?s=index
INFO: [ app_init ] --START--
INFO: Run Behavior\BuildLiteBehavior [ RunTime:0.000008s ]
INFO: [ app_init ] --END-- [ RunTime:0.000195s ]
ERR: 无法加载模块:Index

[ 2024-02-24T01:17:32+08:00 ] 154.91.33.158 /index.php?s=index
INFO: [ app_init ] --START--
INFO: Run Behavior\BuildLiteBehavior [ RunTime:0.000008s ]
INFO: [ app_init ] --END-- [ RunTime:0.000183s ]
ERR: 无法加载模块:Index

[ 2024-02-24T01:17:33+08:00 ] 154.91.33.158 /index.php?s=index
INFO: [ app_init ] --START--
INFO: Run Behavior\BuildLiteBehavior [ RunTime:0.000008s ]
INFO: [ app_init ] --END-- [ RunTime:0.000203s ]
ERR: 无法加载模块:Index

[ 2024-02-24T01:17:33+08:00 ] 154.91.33.158 /index.php?s=index
INFO: [ app_init ] --START--
INFO: Run Behavior\BuildLiteBehavior [ RunTime:0.000006s ]
INFO: [ app_init ] --END-- [ RunTime:0.000166s ]
ERR: 无法加载模块:Index

[ 2024-02-24T01:17:33+08:00 ] 154.91.33.158 /index.php?s=index
INFO: [ app_init ] --START--
INFO: Run Behavior\BuildLiteBehavior [ RunTime:0.000005s ]
INFO: [ app_init ] --END-- [ RunTime:0.000163s ]
ERR: 无法加载模块:Index

[ 2024-02-24T01:17:33+08:00 ] 154.91.33.158 /index.php?s=index
INFO: [ app_init ] --START--
INFO: Run Behavior\BuildLiteBehavior [ RunTime:0.000007s ]
INFO: [ app_init ] --END-- [ RunTime:0.000179s ]
ERR: 无法加载模块:Index

[ 2024-02-24T01:17:34+08:00 ] 154.91.33.158 /index.php?s=index
INFO: [ app_init ] --START--
INFO: Run Behavior\BuildLiteBehavior [ RunTime:0.000007s ]
INFO: [ app_init ] --END-- [ RunTime:0.000186s ]
ERR: 无法加载模块:Index

[ 2024-02-24T01:17:34+08:00 ] 154.91.33.158 /index.php?s=index
INFO: [ app_init ] --START--
INFO: Run Behavior\BuildLiteBehavior [ RunTime:0.000008s ]
INFO: [ app_init ] --END-- [ RunTime:0.000265s ]
ERR: 无法加载模块:Index

[ 2024-02-24T01:17:34+08:00 ] 154.91.33.158 /index.php?s=index
INFO: [ app_init ] --START--
INFO: Run Behavior\BuildLiteBehavior [ RunTime:0.000016s ]
INFO: [ app_init ] --END-- [ RunTime:0.000221s ]
ERR: 无法加载模块:Index

[ 2024-02-24T01:17:35+08:00 ] 154.91.33.158 /index.php?s=captcha
INFO: [ app_init ] --START--
INFO: Run Behavior\BuildLiteBehavior [ RunTime:0.000008s ]
INFO: [ app_init ] --END-- [ RunTime:0.000199s ]
ERR: 无法加载模块:Captcha

[ 2024-02-24T01:17:35+08:00 ] 154.91.33.158 /index.php?s=index
INFO: [ app_init ] --START--
INFO: Run Behavior\BuildLiteBehavior [ RunTime:0.000007s ]
INFO: [ app_init ] --END-- [ RunTime:0.000193s ]
ERR: 无法加载模块:Index

[ 2024-02-24T01:17:36+08:00 ] 154.91.33.158 /index.php?s=captcha
INFO: [ app_init ] --START--
INFO: Run Behavior\BuildLiteBehavior [ RunTime:0.000007s ]
INFO: [ app_init ] --END-- [ RunTime:0.000193s ]
ERR: 无法加载模块:Captcha

[ 2024-02-24T01:17:36+08:00 ] 154.91.33.158 /index.php?s=index/%5Cthink%5Cmodule/action/param1/$%7B@phpinfo()%7D
INFO: [ app_init ] --START--
INFO: Run Behavior\BuildLiteBehavior [ RunTime:0.000017s ]
INFO: [ app_init ] --END-- [ RunTime:0.000202s ]
ERR: 无法加载模块:Index

[ 2024-02-24T01:17:37+08:00 ] 154.91.33.158 /index.php?s=index/think%5CError/appError&errno=1&errstr=%3C&errline=30&errfile=/a6f38dc81069b287
INFO: [ app_init ] --START--
INFO: Run Behavior\BuildLiteBehavior [ RunTime:0.000008s ]
INFO: [ app_init ] --END-- [ RunTime:0.000238s ]
ERR: 无法加载模块:Index

[ 2024-02-24T01:17:37+08:00 ] 154.91.33.158 /index.php?s=index/%5Cthink%5Cmodule/action/param1/$%7B@phpinfo()%7D
INFO: [ app_init ] --START--
INFO: Run Behavior\BuildLiteBehavior [ RunTime:0.000008s ]
INFO: [ app_init ] --END-- [ RunTime:0.000230s ]
ERR: 无法加载模块:Index

[ 2024-02-24T01:17:37+08:00 ] 154.91.33.158 /index.php?s=index/think%5Cconfig/get&name=database.username
INFO: [ app_init ] --START--
INFO: Run Behavior\BuildLiteBehavior [ RunTime:0.000008s ]
INFO: [ app_init ] --END-- [ RunTime:0.000192s ]
ERR: 无法加载模块:Index

[ 2024-02-24T01:17:38+08:00 ] 154.91.33.158 /index.php?s=index/think%5CError/appError&errno=1&errstr=%3C&errline=30&errfile=/a6f38dc81069b287
INFO: [ app_init ] --START--
INFO: Run Behavior\BuildLiteBehavior [ RunTime:0.000008s ]
INFO: [ app_init ] --END-- [ RunTime:0.000176s ]
ERR: 无法加载模块:Index

[ 2024-02-24T01:17:38+08:00 ] 154.91.33.158 /index.php?s=index/think%5Cconfig/get&name=database.username
INFO: [ app_init ] --START--
INFO: Run Behavior\BuildLiteBehavior [ RunTime:0.000005s ]
INFO: [ app_init ] --END-- [ RunTime:0.000159s ]
ERR: 无法加载模块:Index

