[ 2024-03-09T04:04:06+08:00 ] 193.36.237.93 /?s=captcha
INFO: [ app_init ] --START--
INFO: Run Behavior\BuildLiteBehavior [ RunTime:0.000013s ]
INFO: [ app_init ] --END-- [ RunTime:0.000839s ]
ERR: 无法加载模块:Captcha

[ 2024-03-09T05:09:36+08:00 ] 103.17.149.37 /index.php?s=my-show-id-\x5C..\x5CTpl\x5C8edy\x5CHome\x5Cmy_1{~var_dump(md5(2333))}]
INFO: [ app_init ] --START--
INFO: Run Behavior\BuildLiteBehavior [ RunTime:0.000027s ]
INFO: [ app_init ] --END-- [ RunTime:0.000604s ]
ERR: 无法加载模块:My-show-id-\x5C..\x5CTpl\x5C8edy\x5CHome\x5Cmy_1{~var_dump(md5(2333))}]

[ 2024-03-09T05:09:36+08:00 ] 103.17.149.37 /index.php?s=my-show-id-\x5C..\x5CTpl\x5C8edy\x5CHome\x5Cmy_1{~var_dump(md5(2333))}]/index.php?s=my-show-id-\x5C..\x5CRuntime\x5CLogs\x5C24_03_09.log'
INFO: [ app_init ] --START--
INFO: Run Behavior\BuildLiteBehavior [ RunTime:0.000007s ]
INFO: [ app_init ] --END-- [ RunTime:0.000203s ]
ERR: 无法加载模块:My-show-id-\x5C..\x5CTpl\x5C8edy\x5CHome\x5Cmy_1{~var_dump(md5(2333))}]

[ 2024-03-09T06:23:31+08:00 ] 193.36.237.93 /?s=captcha
INFO: [ app_init ] --START--
INFO: Run Behavior\BuildLiteBehavior [ RunTime:0.000014s ]
INFO: [ app_init ] --END-- [ RunTime:0.000486s ]
ERR: 无法加载模块:Captcha

[ 2024-03-09T09:22:35+08:00 ] 193.36.237.93 /?s=captcha
INFO: [ app_init ] --START--
INFO: Run Behavior\BuildLiteBehavior [ RunTime:0.000037s ]
INFO: [ app_init ] --END-- [ RunTime:0.000598s ]
ERR: 无法加载模块:Captcha

[ 2024-03-09T11:48:15+08:00 ] 193.36.237.93 /?s=captcha
INFO: [ app_init ] --START--
INFO: Run Behavior\BuildLiteBehavior [ RunTime:0.000014s ]
INFO: [ app_init ] --END-- [ RunTime:0.000586s ]
ERR: 无法加载模块:Captcha

[ 2024-03-09T13:40:47+08:00 ] 119.103.138.201 /?s=index/%5Cthink%5Capp/invokefunction&function=call_user_func_array&vars%5B0%5D=MD5&vars%5B1%5D%5B%5D=977288220
INFO: [ app_init ] --START--
INFO: Run Behavior\BuildLiteBehavior [ RunTime:0.000008s ]
INFO: [ app_init ] --END-- [ RunTime:0.000188s ]
ERR: 无法加载模块:Index

[ 2024-03-09T14:54:42+08:00 ] 193.36.237.93 /?s=captcha
INFO: [ app_init ] --START--
INFO: Run Behavior\BuildLiteBehavior [ RunTime:0.000025s ]
INFO: [ app_init ] --END-- [ RunTime:0.000560s ]
ERR: 无法加载模块:Captcha

[ 2024-03-09T14:55:39+08:00 ] 103.17.149.37 /index.php?s=captcha
INFO: [ app_init ] --START--
INFO: Run Behavior\BuildLiteBehavior [ RunTime:0.000007s ]
INFO: [ app_init ] --END-- [ RunTime:0.000188s ]
ERR: 无法加载模块:Captcha

[ 2024-03-09T17:20:53+08:00 ] 193.36.237.93 /?s=captcha
INFO: [ app_init ] --START--
INFO: Run Behavior\BuildLiteBehavior [ RunTime:0.000014s ]
INFO: [ app_init ] --END-- [ RunTime:0.000512s ]
ERR: 无法加载模块:Captcha

