[ 2024-03-15T14:44:53+08:00 ] 220.137.129.83 /index.php/Admin/Public/login.html
INFO: [ app_init ] --START--
INFO: Run Behavior\BuildLiteBehavior [ RunTime:0.000008s ]
INFO: [ app_init ] --END-- [ RunTime:0.000178s ]
INFO: [ app_begin ] --START--
INFO: Run Behavior\ReadHtmlCacheBehavior [ RunTime:0.000182s ]
INFO: [ app_begin ] --END-- [ RunTime:0.000198s ]
NOTIC: [8] Undefined index: debug /home/hhkone/domains/hhk.one/public_html/nuuclass/Application/Admin/Controller/PublicController.class.php 第 28 行.
NOTIC: [8] Undefined index: jumpUri /home/hhkone/domains/hhk.one/public_html/nuuclass/Application/Admin/Controller/PublicController.class.php 第 29 行.
SQL: SHOW COLUMNS FROM `config` [ RunTime:0.0015s ]
SQL: SELECT * FROM `config`  [ RunTime:0.0009s ]
INFO: [ view_parse ] --START--
INFO: [ template_filter ] --START--
INFO: Run Behavior\ContentReplaceBehavior [ RunTime:0.000023s ]
INFO: [ template_filter ] --END-- [ RunTime:0.000037s ]
INFO: Run Behavior\ParseTemplateBehavior [ RunTime:0.002411s ]
INFO: [ view_parse ] --END-- [ RunTime:0.002428s ]
INFO: [ view_filter ] --START--
INFO: Run Behavior\WriteHtmlCacheBehavior [ RunTime:0.000212s ]
INFO: [ view_filter ] --END-- [ RunTime:0.000223s ]
INFO: [ app_end ] --START--
INFO: Run Behavior\ShowPageTraceBehavior [ RunTime:0.000193s ]
INFO: [ app_end ] --END-- [ RunTime:0.000202s ]

[ 2024-03-15T14:45:00+08:00 ] 220.137.129.83 /index.php/Admin/Public/doLogin.html
INFO: [ app_init ] --START--
INFO: Run Behavior\BuildLiteBehavior [ RunTime:0.000008s ]
INFO: [ app_init ] --END-- [ RunTime:0.000203s ]
INFO: [ app_begin ] --START--
INFO: Run Behavior\ReadHtmlCacheBehavior [ RunTime:0.000192s ]
INFO: [ app_begin ] --END-- [ RunTime:0.000211s ]
NOTIC: [8] Undefined index: email /home/hhkone/domains/hhk.one/public_html/nuuclass/Application/Admin/Controller/PublicController.class.php 第 45 行.
SQL: SHOW COLUMNS FROM `admin` [ RunTime:0.0026s ]
SQL: SELECT * FROM `admin` WHERE `username` = 'admin' AND `status` = 1 LIMIT 1   [ RunTime:0.0018s ]
SQL: SHOW COLUMNS FROM `config` [ RunTime:0.0015s ]
SQL: SELECT * FROM `config` WHERE `id` = 1 LIMIT 1   [ RunTime:0.0010s ]
SQL: UPDATE `admin` SET `last_login_time`='1710485100',`login_count`=login_count+1 WHERE `id` = 25 [ RunTime:0.0006s ]
INFO: [ view_parse ] --START--
INFO: [ template_filter ] --START--
INFO: Run Behavior\ContentReplaceBehavior [ RunTime:0.000024s ]
INFO: [ template_filter ] --END-- [ RunTime:0.000039s ]
INFO: Run Behavior\ParseTemplateBehavior [ RunTime:0.002859s ]
INFO: [ view_parse ] --END-- [ RunTime:0.002878s ]
INFO: [ view_filter ] --START--
INFO: Run Behavior\WriteHtmlCacheBehavior [ RunTime:0.000258s ]
INFO: [ view_filter ] --END-- [ RunTime:0.000269s ]
INFO: [ app_end ] --START--
INFO: Run Behavior\ShowPageTraceBehavior [ RunTime:0.000198s ]
INFO: [ app_end ] --END-- [ RunTime:0.000223s ]

[ 2024-03-15T14:45:02+08:00 ] 220.137.129.83 /index.php/Admin/Index/index.html
INFO: [ app_init ] --START--
INFO: Run Behavior\BuildLiteBehavior [ RunTime:0.000007s ]
INFO: [ app_init ] --END-- [ RunTime:0.000190s ]
INFO: [ app_begin ] --START--
INFO: Run Behavior\ReadHtmlCacheBehavior [ RunTime:0.000194s ]
INFO: [ app_begin ] --END-- [ RunTime:0.000208s ]
SQL: SHOW COLUMNS FROM `config` [ RunTime:0.0017s ]
SQL: SELECT * FROM `config` WHERE `id` = 1  [ RunTime:0.0006s ]
SQL: SELECT * FROM `config` WHERE `id` = 1 LIMIT 1   [ RunTime:0.0007s ]
SQL: SELECT `company_pic` FROM `config` WHERE ( id=1 )  [ RunTime:0.0005s ]
NOTIC: [8] Undefined variable: security /home/hhkone/domains/hhk.one/public_html/nuuclass/Application/Admin/Controller/IndexController.class.php 第 21 行.
NOTIC: [2] Use of undefined constant CMS_DATA - assumed 'CMS_DATA' (this will throw an Error in a future version of PHP) /home/hhkone/domains/hhk.one/public_html/nuuclass/Application/Admin/Controller/GlobalController.class.php 第 701 行.
SQL: SHOW COLUMNS FROM `role` [ RunTime:0.0023s ]
SQL: SELECT * FROM `role` WHERE ( id=1 ) LIMIT 1   [ RunTime:0.0016s ]
SQL: SHOW COLUMNS FROM `admin` [ RunTime:0.0011s ]
SQL: SELECT * FROM `admin`  [ RunTime:0.0005s ]
NOTIC: [2] file_put_contents(./CmsData/cache.admin.php): failed to open stream: No such file or directory /home/hhkone/domains/hhk.one/public_html/nuuclass/ThinkPHP/Common/functions.php 第 1703 行.
SQL: SHOW COLUMNS FROM `statistics` [ RunTime:0.0030s ]
SQL: SELECT `date`,`dataname` FROM `statistics` ORDER BY date  [ RunTime:0.0124s ]
NOTIC: [8] Undefined index: value /home/hhkone/domains/hhk.one/public_html/nuuclass/Application/Admin/Controller/IndexController.class.php 第 46 行.
NOTIC: [8] Undefined index: value /home/hhkone/domains/hhk.one/public_html/nuuclass/Application/Admin/Controller/IndexController.class.php 第 46 行.
NOTIC: [8] Undefined index: value /home/hhkone/domains/hhk.one/public_html/nuuclass/Application/Admin/Controller/IndexController.class.php 第 46 行.
NOTIC: [8] Undefined index: value /home/hhkone/domains/hhk.one/public_html/nuuclass/Application/Admin/Controller/IndexController.class.php 第 46 行.
NOTIC: [8] Undefined index: value /home/hhkone/domains/hhk.one/public_html/nuuclass/Application/Admin/Controller/IndexController.class.php 第 46 行.
NOTIC: [8] Undefined index: value /home/hhkone/domains/hhk.one/public_html/nuuclass/Application/Admin/Controller/IndexController.class.php 第 46 行.
NOTIC: [8] Undefined index: value /home/hhkone/domains/hhk.one/public_html/nuuclass/Application/Admin/Controller/IndexController.class.php 第 46 行.
NOTIC: [8] Undefined index: value /home/hhkone/domains/hhk.one/public_html/nuuclass/Application/Admin/Controller/IndexController.class.php 第 46 行.
NOTIC: [8] Undefined index: value /home/hhkone/domains/hhk.one/public_html/nuuclass/Application/Admin/Controller/IndexController.class.php 第 46 行.
NOTIC: [8] Undefined index: value /home/hhkone/domains/hhk.one/public_html/nuuclass/Application/Admin/Controller/IndexController.class.php 第 46 行.
NOTIC: [8] Undefined index: value /home/hhkone/domains/hhk.one/public_html/nuuclass/Application/Admin/Controller/IndexController.class.php 第 46 行.
NOTIC: [8] Undefined index: value /home/hhkone/domains/hhk.one/public_html/nuuclass/Application/Admin/Controller/IndexController.class.php 第 46 行.
NOTIC: [8] Undefined index: value /home/hhkone/domains/hhk.one/public_html/nuuclass/Application/Admin/Controller/IndexController.class.php 第 46 行.
NOTIC: [8] Undefined index: value /home/hhkone/domains/hhk.one/public_html/nuuclass/Application/Admin/Controller/IndexController.class.php 第 46 行.
NOTIC: [8] Undefined index: value /home/hhkone/domains/hhk.one/public_html/nuuclass/Application/Admin/Controller/IndexController.class.php 第 46 行.
NOTIC: [8] Undefined index: value /home/hhkone/domains/hhk.one/public_html/nuuclass/Application/Admin/Controller/IndexController.class.php 第 46 行.
NOTIC: [8] Undefined index: value /home/hhkone/domains/hhk.one/public_html/nuuclass/Application/Admin/Controller/IndexController.class.php 第 46 行.
NOTIC: [8] Undefined index: value /home/hhkone/domains/hhk.one/public_html/nuuclass/Application/Admin/Controller/IndexController.class.php 第 46 行.
NOTIC: [8] Undefined index: value /home/hhkone/domains/hhk.one/public_html/nuuclass/Application/Admin/Controller/IndexController.class.php 第 46 行.
NOTIC: [8] Undefined index: value /home/hhkone/domains/hhk.one/public_html/nuuclass/Application/Admin/Controller/IndexController.class.php 第 46 行.
NOTIC: [8] Undefined index: value /home/hhkone/domains/hhk.one/public_html/nuuclass/Application/Admin/Controller/IndexController.class.php 第 46 行.
NOTIC: [8] Undefined index: value /home/hhkone/domains/hhk.one/public_html/nuuclass/Application/Admin/Controller/IndexController.class.php 第 46 行.
NOTIC: [8] Undefined index: value /home/hhkone/domains/hhk.one/public_html/nuuclass/Application/Admin/Controller/IndexController.class.php 第 46 行.
NOTIC: [8] Undefined index: value /home/hhkone/domains/hhk.one/public_html/nuuclass/Application/Admin/Controller/IndexController.class.php 第 46 行.
NOTIC: [8] Undefined index: value /home/hhkone/domains/hhk.one/public_html/nuuclass/Application/Admin/Controller/IndexController.class.php 第 46 行.
NOTIC: [8] Undefined index: value /home/hhkone/domains/hhk.one/public_html/nuuclass/Application/Admin/Controller/IndexController.class.php 第 46 行.
NOTIC: [8] Undefined index: value /home/hhkone/domains/hhk.one/public_html/nuuclass/Application/Admin/Controller/IndexController.class.php 第 46 行.
NOTIC: [8] Undefined index: value /home/hhkone/domains/hhk.one/public_html/nuuclass/Application/Admin/Controller/IndexController.class.php 第 46 行.
NOTIC: [8] Undefined index: value /home/hhkone/domains/hhk.one/public_html/nuuclass/Application/Admin/Controller/IndexController.class.php 第 46 行.
NOTIC: [8] Undefined index: value /home/hhkone/domains/hhk.one/public_html/nuuclass/Application/Admin/Controller/IndexController.class.php 第 46 行.
NOTIC: [8] Undefined index: value /home/hhkone/domains/hhk.one/public_html/nuuclass/Application/Admin/Controller/IndexController.class.php 第 46 行.
NOTIC: [8] Undefined index: value /home/hhkone/domains/hhk.one/public_html/nuuclass/Application/Admin/Controller/IndexController.class.php 第 46 行.
NOTIC: [8] Undefined index: value /home/hhkone/domains/hhk.one/public_html/nuuclass/Application/Admin/Controller/IndexController.class.php 第 46 行.
NOTIC: [8] Undefined index: value /home/hhkone/domains/hhk.one/public_html/nuuclass/Application/Admin/Controller/IndexController.class.php 第 46 行.
NOTIC: [8] Undefined index: value /home/hhkone/domains/hhk.one/public_html/nuuclass/Application/Admin/Controller/IndexController.class.php 第 46 行.
NOTIC: [8] Undefined index: value /home/hhkone/domains/hhk.one/public_html/nuuclass/Application/Admin/Controller/IndexController.class.php 第 46 行.
NOTIC: [8] Undefined index: value /home/hhkone/domains/hhk.one/public_html/nuuclass/Application/Admin/Controller/IndexController.class.php 第 46 行.
NOTIC: [8] Undefined index: value /home/hhkone/domains/hhk.one/public_html/nuuclass/Application/Admin/Controller/IndexController.class.php 第 46 行.
NOTIC: [8] Undefined index: value /home/hhkone/domains/hhk.one/public_html/nuuclass/Application/Admin/Controller/IndexController.class.php 第 46 行.
NOTIC: [8] Undefined index: value /home/hhkone/domains/hhk.one/public_html/nuuclass/Application/Admin/Controller/IndexController.class.php 第 46 行.
NOTIC: [8] Undefined index: value /home/hhkone/domains/hhk.one/public_html/nuuclass/Application/Admin/Controller/IndexController.class.php 第 46 行.
NOTIC: [8] Undefined index: value /home/hhkone/domains/hhk.one/public_html/nuuclass/Application/Admin/Controller/IndexController.class.php 第 46 行.
NOTIC: [8] Undefined index: value /home/hhkone/domains/hhk.one/public_html/nuuclass/Application/Admin/Controller/IndexController.class.php 第 46 行.
NOTIC: [8] Undefined index: value /home/hhkone/domains/hhk.one/public_html/nuuclass/Application/Admin/Controller/IndexController.class.php 第 46 行.
NOTIC: [8] Undefined index: value /home/hhkone/domains/hhk.one/public_html/nuuclass/Application/Admin/Controller/IndexController.class.php 第 46 行.
NOTIC: [8] Undefined index: value /home/hhkone/domains/hhk.one/public_html/nuuclass/Application/Admin/Controller/IndexController.class.php 第 46 行.
NOTIC: [8] Undefined index: value /home/hhkone/domains/hhk.one/public_html/nuuclass/Application/Admin/Controller/IndexController.class.php 第 46 行.
NOTIC: [8] Undefined index: value /home/hhkone/domains/hhk.one/public_html/nuuclass/Application/Admin/Controller/IndexController.class.php 第 46 行.
NOTIC: [8] Undefined index: value /home/hhkone/domains/hhk.one/public_html/nuuclass/Application/Admin/Controller/IndexController.class.php 第 46 行.
NOTIC: [8] Undefined index: value /home/hhkone/domains/hhk.one/public_html/nuuclass/Application/Admin/Controller/IndexController.class.php 第 46 行.
NOTIC: [8] Undefined index: value /home/hhkone/domains/hhk.one/public_html/nuuclass/Application/Admin/Controller/IndexController.class.php 第 46 行.
NOTIC: [8] Undefined index: value /home/hhkone/domains/hhk.one/public_html/nuuclass/Application/Admin/Controller/IndexController.class.php 第 46 行.
NOTIC: [8] Undefined index: value /home/hhkone/domains/hhk.one/public_html/nuuclass/Application/Admin/Controller/IndexController.class.php 第 46 行.
NOTIC: [8] Undefined index: value /home/hhkone/domains/hhk.one/public_html/nuuclass/Application/Admin/Controller/IndexController.class.php 第 46 行.
NOTIC: [8] Undefined index: value /home/hhkone/domains/hhk.one/public_html/nuuclass/Application/Admin/Controller/IndexController.class.php 第 46 行.
NOTIC: [8] Undefined index: value /home/hhkone/domains/hhk.one/public_html/nuuclass/Application/Admin/Controller/IndexController.class.php 第 46 行.
NOTIC: [8] Undefined index: value /home/hhkone/domains/hhk.one/public_html/nuuclass/Application/Admin/Controller/IndexController.class.php 第 46 行.
NOTIC: [8] Undefined index: value /home/hhkone/domains/hhk.one/public_html/nuuclass/Application/Admin/Controller/IndexController.class.php 第 46 行.
NOTIC: [8] Undefined index: value /home/hhkone/domains/hhk.one/public_html/nuuclass/Application/Admin/Controller/IndexController.class.php 第 46 行.
NOTIC: [8] Undefined index: value /home/hhkone/domains/hhk.one/public_html/nuuclass/Application/Admin/Controller/IndexController.class.php 第 46 行.
NOTIC: [8] Undefined index: value /home/hhkone/domains/hhk.one/public_html/nuuclass/Application/Admin/Controller/IndexController.class.php 第 46 行.
NOTIC: [8] Undefined index: value /home/hhkone/domains/hhk.one/public_html/nuuclass/Application/Admin/Controller/IndexController.class.php 第 46 行.
NOTIC: [8] Undefined index: value /home/hhkone/domains/hhk.one/public_html/nuuclass/Application/Admin/Controller/IndexController.class.php 第 46 行.
NOTIC: [8] Undefined index: value /home/hhkone/domains/hhk.one/public_html/nuuclass/Application/Admin/Controller/IndexController.class.php 第 46 行.
NOTIC: [8] Undefined index: value /home/hhkone/domains/hhk.one/public_html/nuuclass/Application/Admin/Controller/IndexController.class.php 第 46 行.
NOTIC: [8] Undefined index: value /home/hhkone/domains/hhk.one/public_html/nuuclass/Application/Admin/Controller/IndexController.class.php 第 46 行.
NOTIC: [8] Undefined index: value /home/hhkone/domains/hhk.one/public_html/nuuclass/Application/Admin/Controller/IndexController.class.php 第 46 行.
NOTIC: [8] Undefined index: value /home/hhkone/domains/hhk.one/public_html/nuuclass/Application/Admin/Controller/IndexController.class.php 第 46 行.
NOTIC: [8] Undefined index: value /home/hhkone/domains/hhk.one/public_html/nuuclass/Application/Admin/Controller/IndexController.class.php 第 46 行.
NOTIC: [8] Undefined index: value /home/hhkone/domains/hhk.one/public_html/nuuclass/Application/Admin/Controller/IndexController.class.php 第 46 行.
NOTIC: [8] Undefined index: value /home/hhkone/domains/hhk.one/public_html/nuuclass/Application/Admin/Controller/IndexController.class.php 第 46 行.
NOTIC: [8] Undefined index: value /home/hhkone/domains/hhk.one/public_html/nuuclass/Application/Admin/Controller/IndexController.class.php 第 46 行.
NOTIC: [8] Undefined index: value /home/hhkone/domains/hhk.one/public_html/nuuclass/Application/Admin/Controller/IndexController.class.php 第 46 行.
NOTIC: [8] Undefined index: value /home/hhkone/domains/hhk.one/public_html/nuuclass/Application/Admin/Controller/IndexController.class.php 第 46 行.
NOTIC: [8] Undefined index: value /home/hhkone/domains/hhk.one/public_html/nuuclass/Application/Admin/Controller/IndexController.class.php 第 46 行.
NOTIC: [8] Undefined index: value /home/hhkone/domains/hhk.one/public_html/nuuclass/Application/Admin/Controller/IndexController.class.php 第 46 行.
NOTIC: [8] Undefined index: value /home/hhkone/domains/hhk.one/public_html/nuuclass/Application/Admin/Controller/IndexController.class.php 第 46 行.
NOTIC: [8] Undefined index: value /home/hhkone/domains/hhk.one/public_html/nuuclass/Application/Admin/Controller/IndexController.class.php 第 46 行.
NOTIC: [8] Undefined index: value /home/hhkone/domains/hhk.one/public_html/nuuclass/Application/Admin/Controller/IndexController.class.php 第 46 行.
NOTIC: [8] Undefined index: value /home/hhkone/domains/hhk.one/public_html/nuuclass/Application/Admin/Controller/IndexController.class.php 第 46 行.
NOTIC: [8] Undefined index: value /home/hhkone/domains/hhk.one/public_html/nuuclass/Application/Admin/Controller/IndexController.class.php 第 46 行.
NOTIC: [8] Undefined index: value /home/hhkone/domains/hhk.one/public_html/nuuclass/Application/Admin/Controller/IndexController.class.php 第 46 行.
NOTIC: [8] Undefined index: value /home/hhkone/domains/hhk.one/public_html/nuuclass/Application/Admin/Controller/IndexController.class.php 第 46 行.
NOTIC: [8] Undefined index: value /home/hhkone/domains/hhk.one/public_html/nuuclass/Application/Admin/Controller/IndexController.class.php 第 46 行.
NOTIC: [8] Undefined index: value /home/hhkone/domains/hhk.one/public_html/nuuclass/Application/Admin/Controller/IndexController.class.php 第 46 行.
NOTIC: [8] Undefined index: value /home/hhkone/domains/hhk.one/public_html/nuuclass/Application/Admin/Controller/IndexController.class.php 第 46 行.
NOTIC: [8] Undefined index: value /home/hhkone/domains/hhk.one/public_html/nuuclass/Application/Admin/Controller/IndexController.class.php 第 46 行.
NOTIC: [8] Undefined index: value /home/hhkone/domains/hhk.one/public_html/nuuclass/Application/Admin/Controller/IndexController.class.php 第 46 行.
NOTIC: [8] Undefined index: value /home/hhkone/domains/hhk.one/public_html/nuuclass/Application/Admin/Controller/IndexController.class.php 第 46 行.
NOTIC: [8] Undefined index: value /home/hhkone/domains/hhk.one/public_html/nuuclass/Application/Admin/Controller/IndexController.class.php 第 46 行.
NOTIC: [8] Undefined index: value /home/hhkone/domains/hhk.one/public_html/nuuclass/Application/Admin/Controller/IndexController.class.php 第 46 行.
NOTIC: [8] Undefined index: value /home/hhkone/domains/hhk.one/public_html/nuuclass/Application/Admin/Controller/IndexController.class.php 第 46 行.
NOTIC: [8] Undefined index: value /home/hhkone/domains/hhk.one/public_html/nuuclass/Application/Admin/Controller/IndexController.class.php 第 46 行.
NOTIC: [8] Undefined index: value /home/hhkone/domains/hhk.one/public_html/nuuclass/Application/Admin/Controller/IndexController.class.php 第 46 行.
NOTIC: [8] Undefined index: value /home/hhkone/domains/hhk.one/public_html/nuuclass/Application/Admin/Controller/IndexController.class.php 第 46 行.
NOTIC: [8] Undefined index: value /home/hhkone/domains/hhk.one/public_html/nuuclass/Application/Admin/Controller/IndexController.class.php 第 46 行.
NOTIC: [8] Undefined index: value /home/hhkone/domains/hhk.one/public_html/nuuclass/Application/Admin/Controller/IndexController.class.php 第 46 行.
NOTIC: [8] Undefined index: value /home/hhkone/domains/hhk.one/public_html/nuuclass/Application/Admin/Controller/IndexController.class.php 第 46 行.
NOTIC: [8] Undefined index: value /home/hhkone/domains/hhk.one/public_html/nuuclass/Application/Admin/Controller/IndexController.class.php 第 46 行.
NOTIC: [8] Undefined index: value /home/hhkone/domains/hhk.one/public_html/nuuclass/Application/Admin/Controller/IndexController.class.php 第 46 行.
NOTIC: [8] Undefined index: value /home/hhkone/domains/hhk.one/public_html/nuuclass/Application/Admin/Controller/IndexController.class.php 第 46 行.
NOTIC: [8] Undefined index: value /home/hhkone/domains/hhk.one/public_html/nuuclass/Application/Admin/Controller/IndexController.class.php 第 46 行.
NOTIC: [8] Undefined index: value /home/hhkone/domains/hhk.one/public_html/nuuclass/Application/Admin/Controller/IndexController.class.php 第 46 行.
NOTIC: [8] Undefined index: value /home/hhkone/domains/hhk.one/public_html/nuuclass/Application/Admin/Controller/IndexController.class.php 第 46 行.
NOTIC: [8] Undefined index: value /home/hhkone/domains/hhk.one/public_html/nuuclass/Application/Admin/Controller/IndexController.class.php 第 46 行.
NOTIC: [8] Undefined index: value /home/hhkone/domains/hhk.one/public_html/nuuclass/Application/Admin/Controller/IndexController.class.php 第 46 行.
NOTIC: [8] Undefined index: value /home/hhkone/domains/hhk.one/public_html/nuuclass/Application/Admin/Controller/IndexController.class.php 第 46 行.
NOTIC: [8] Undefined index: value /home/hhkone/domains/hhk.one/public_html/nuuclass/Application/Admin/Controller/IndexController.class.php 第 46 行.
NOTIC: [8] Undefined index: value /home/hhkone/domains/hhk.one/public_html/nuuclass/Application/Admin/Controller/IndexController.class.php 第 46 行.
NOTIC: [8] Undefined index: value /home/hhkone/domains/hhk.one/public_html/nuuclass/Application/Admin/Controller/IndexController.class.php 第 46 行.
NOTIC: [8] Undefined index: value /home/hhkone/domains/hhk.one/public_html/nuuclass/Application/Admin/Controller/IndexController.class.php 第 46 行.
NOTIC: [8] Undefined index: value /home/hhkone/domains/hhk.one/public_html/nuuclass/Application/Admin/Controller/IndexController.class.php 第 46 行.
NOTIC: [8] Undefined index: value /home/hhkone/domains/hhk.one/public_html/nuuclass/Application/Admin/Controller/IndexController.class.php 第 46 行.
NOTIC: [8] Undefined index: value /home/hhkone/domains/hhk.one/public_html/nuuclass/Application/Admin/Controller/IndexController.class.php 第 46 行.
NOTIC: [8] Undefined index: value /home/hhkone/domains/hhk.one/public_html/nuuclass/Application/Admin/Controller/IndexController.class.php 第 46 行.
NOTIC: [8] Undefined index: value /home/hhkone/domains/hhk.one/public_html/nuuclass/Application/Admin/Controller/IndexController.class.php 第 46 行.
NOTIC: [8] Undefined index: value /home/hhkone/domains/hhk.one/public_html/nuuclass/Application/Admin/Controller/IndexController.class.php 第 46 行.
NOTIC: [8] Undefined index: value /home/hhkone/domains/hhk.one/public_html/nuuclass/Application/Admin/Controller/IndexController.class.php 第 46 行.
NOTIC: [8] Undefined index: value /home/hhkone/domains/hhk.one/public_html/nuuclass/Application/Admin/Controller/IndexController.class.php 第 46 行.
NOTIC: [8] Undefined index: value /home/hhkone/domains/hhk.one/public_html/nuuclass/Application/Admin/Controller/IndexController.class.php 第 46 行.
NOTIC: [8] Undefined index: value /home/hhkone/domains/hhk.one/public_html/nuuclass/Application/Admin/Controller/IndexController.class.php 第 46 行.
NOTIC: [8] Undefined index: value /home/hhkone/domains/hhk.one/public_html/nuuclass/Application/Admin/Controller/IndexController.class.php 第 46 行.
NOTIC: [8] Undefined index: value /home/hhkone/domains/hhk.one/public_html/nuuclass/Application/Admin/Controller/IndexController.class.php 第 46 行.
NOTIC: [8] Undefined index: value /home/hhkone/domains/hhk.one/public_html/nuuclass/Application/Admin/Controller/IndexController.class.php 第 46 行.
NOTIC: [8] Undefined index: value /home/hhkone/domains/hhk.one/public_html/nuuclass/Application/Admin/Controller/IndexController.class.php 第 46 行.
NOTIC: [8] Undefined index: value /home/hhkone/domains/hhk.one/public_html/nuuclass/Application/Admin/Controller/IndexController.class.php 第 46 行.
NOTIC: [8] Undefined index: value /home/hhkone/domains/hhk.one/public_html/nuuclass/Application/Admin/Controller/IndexController.class.php 第 46 行.
NOTIC: [8] Undefined index: value /home/hhkone/domains/hhk.one/public_html/nuuclass/Application/Admin/Controller/IndexController.class.php 第 46 行.
NOTIC: [8] Undefined index: value /home/hhkone/domains/hhk.one/public_html/nuuclass/Application/Admin/Controller/IndexController.class.php 第 46 行.
NOTIC: [8] Undefined index: value /home/hhkone/domains/hhk.one/public_html/nuuclass/Application/Admin/Controller/IndexController.class.php 第 46 行.
NOTIC: [8] Undefined index: value /home/hhkone/domains/hhk.one/public_html/nuuclass/Application/Admin/Controller/IndexController.class.php 第 46 行.
NOTIC: [8] Undefined index: value /home/hhkone/domains/hhk.one/public_html/nuuclass/Application/Admin/Controller/IndexController.class.php 第 46 行.
NOTIC: [8] Undefined index: value /home/hhkone/domains/hhk.one/public_html/nuuclass/Application/Admin/Controller/IndexController.class.php 第 46 行.
NOTIC: [8] Undefined index: value /home/hhkone/domains/hhk.one/public_html/nuuclass/Application/Admin/Controller/IndexController.class.php 第 46 行.
NOTIC: [8] Undefined index: value /home/hhkone/domains/hhk.one/public_html/nuuclass/Application/Admin/Controller/IndexController.class.php 第 46 行.
NOTIC: [8] Undefined index: value /home/hhkone/domains/hhk.one/public_html/nuuclass/Application/Admin/Controller/IndexController.class.php 第 46 行.
NOTIC: [8] Undefined index: value /home/hhkone/domains/hhk.one/public_html/nuuclass/Application/Admin/Controller/IndexController.class.php 第 46 行.
NOTIC: [8] Undefined index: value /home/hhkone/domains/hhk.one/public_html/nuuclass/Application/Admin/Controller/IndexController.class.php 第 46 行.
NOTIC: [8] Undefined index: value /home/hhkone/domains/hhk.one/public_html/nuuclass/Application/Admin/Controller/IndexController.class.php 第 46 行.
NOTIC: [8] Undefined index: value /home/hhkone/domains/hhk.one/public_html/nuuclass/Application/Admin/Controller/IndexController.class.php 第 46 行.
NOTIC: [8] Undefined index: value /home/hhkone/domains/hhk.one/public_html/nuuclass/Application/Admin/Controller/IndexController.class.php 第 46 行.
NOTIC: [8] Undefined index: value /home/hhkone/domains/hhk.one/public_html/nuuclass/Application/Admin/Controller/IndexController.class.php 第 46 行.
NOTIC: [8] Undefined index: value /home/hhkone/domains/hhk.one/public_html/nuuclass/Application/Admin/Controller/IndexController.class.php 第 46 行.
NOTIC: [8] Undefined index: value /home/hhkone/domains/hhk.one/public_html/nuuclass/Application/Admin/Controller/IndexController.class.php 第 46 行.
NOTIC: [8] Undefined index: value /home/hhkone/domains/hhk.one/public_html/nuuclass/Application/Admin/Controller/IndexController.class.php 第 46 行.
NOTIC: [8] Undefined index: value /home/hhkone/domains/hhk.one/public_html/nuuclass/Application/Admin/Controller/IndexController.class.php 第 46 行.
NOTIC: [8] Undefined index: value /home/hhkone/domains/hhk.one/public_html/nuuclass/Application/Admin/Controller/IndexController.class.php 第 46 行.
NOTIC: [8] Undefined index: value /home/hhkone/domains/hhk.one/public_html/nuuclass/Application/Admin/Controller/IndexController.class.php 第 46 行.
NOTIC: [8] Undefined index: value /home/hhkone/domains/hhk.one/public_html/nuuclass/Application/Admin/Controller/IndexController.class.php 第 46 行.
NOTIC: [8] Undefined index: value /home/hhkone/domains/hhk.one/public_html/nuuclass/Application/Admin/Controller/IndexController.class.php 第 46 行.
NOTIC: [8] Undefined index: value /home/hhkone/domains/hhk.one/public_html/nuuclass/Application/Admin/Controller/IndexController.class.php 第 46 行.
NOTIC: [8] Undefined index: value /home/hhkone/domains/hhk.one/public_html/nuuclass/Application/Admin/Controller/IndexController.class.php 第 46 行.
NOTIC: [8] Undefined index: value /home/hhkone/domains/hhk.one/public_html/nuuclass/Application/Admin/Controller/IndexController.class.php 第 46 行.
NOTIC: [8] Undefined index: value /home/hhkone/domains/hhk.one/public_html/nuuclass/Application/Admin/Controller/IndexController.class.php 第 46 行.
NOTIC: [8] Undefined index: value /home/hhkone/domains/hhk.one/public_html/nuuclass/Application/Admin/Controller/IndexController.class.php 第 46 行.
NOTIC: [8] Undefined index: value /home/hhkone/domains/hhk.one/public_html/nuuclass/Application/Admin/Controller/IndexController.class.php 第 46 行.
NOTIC: [8] Undefined index: value /home/hhkone/domains/hhk.one/public_html/nuuclass/Application/Admin/Controller/IndexController.class.php 第 46 行.
NOTIC: [8] Undefined index: value /home/hhkone/domains/hhk.one/public_html/nuuclass/Application/Admin/Controller/IndexController.class.php 第 46 行.
NOTIC: [8] Undefined index: value /home/hhkone/domains/hhk.one/public_html/nuuclass/Application/Admin/Controller/IndexController.class.php 第 46 行.
NOTIC: [8] Undefined index: value /home/hhkone/domains/hhk.one/public_html/nuuclass/Application/Admin/Controller/IndexController.class.php 第 46 行.
NOTIC: [8] Undefined index: value /home/hhkone/domains/hhk.one/public_html/nuuclass/Application/Admin/Controller/IndexController.class.php 第 46 行.
NOTIC: [8] Undefined index: value /home/hhkone/domains/hhk.one/public_html/nuuclass/Application/Admin/Controller/IndexController.class.php 第 46 行.
NOTIC: [8] Undefined index: value /home/hhkone/domains/hhk.one/public_html/nuuclass/Application/Admin/Controller/IndexController.class.php 第 46 行.
NOTIC: [8] Undefined index: value /home/hhkone/domains/hhk.one/public_html/nuuclass/Application/Admin/Controller/IndexController.class.php 第 46 行.
NOTIC: [8] Undefined index: value /home/hhkone/domains/hhk.one/public_html/nuuclass/Application/Admin/Controller/IndexController.class.php 第 46 行.
NOTIC: [8] Undefined index: value /home/hhkone/domains/hhk.one/public_html/nuuclass/Application/Admin/Controller/IndexController.class.php 第 46 行.
NOTIC: [8] Undefined index: value /home/hhkone/domains/hhk.one/public_html/nuuclass/Application/Admin/Controller/IndexController.class.php 第 46 行.
NOTIC: [8] Undefined index: value /home/hhkone/domains/hhk.one/public_html/nuuclass/Application/Admin/Controller/IndexController.class.php 第 46 行.
NOTIC: [8] Undefined index: value /home/hhkone/domains/hhk.one/public_html/nuuclass/Application/Admin/Controller/IndexController.class.php 第 46 行.
NOTIC: [8] Undefined index: value /home/hhkone/domains/hhk.one/public_html/nuuclass/Application/Admin/Controller/IndexController.class.php 第 46 行.
NOTIC: [8] Undefined index: value /home/hhkone/domains/hhk.one/public_html/nuuclass/Application/Admin/Controller/IndexController.class.php 第 46 行.
NOTIC: [8] Undefined index: value /home/hhkone/domains/hhk.one/public_html/nuuclass/Application/Admin/Controller/IndexController.class.php 第 46 行.
NOTIC: [8] Undefined index: value /home/hhkone/domains/hhk.one/public_html/nuuclass/Application/Admin/Controller/IndexController.class.php 第 46 行.
NOTIC: [8] Undefined index: value /home/hhkone/domains/hhk.one/public_html/nuuclass/Application/Admin/Controller/IndexController.class.php 第 46 行.
NOTIC: [8] Undefined index: value /home/hhkone/domains/hhk.one/public_html/nuuclass/Application/Admin/Controller/IndexController.class.php 第 46 行.
NOTIC: [8] Undefined index: value /home/hhkone/domains/hhk.one/public_html/nuuclass/Application/Admin/Controller/IndexController.class.php 第 46 行.
NOTIC: [8] Undefined index: value /home/hhkone/domains/hhk.one/public_html/nuuclass/Application/Admin/Controller/IndexController.class.php 第 46 行.
NOTIC: [8] Undefined index: value /home/hhkone/domains/hhk.one/public_html/nuuclass/Application/Admin/Controller/IndexController.class.php 第 46 行.
NOTIC: [8] Undefined index: value /home/hhkone/domains/hhk.one/public_html/nuuclass/Application/Admin/Controller/IndexController.class.php 第 46 行.
NOTIC: [8] Undefined index: value /home/hhkone/domains/hhk.one/public_html/nuuclass/Application/Admin/Controller/IndexController.class.php 第 46 行.
NOTIC: [8] Undefined index: value /home/hhkone/domains/hhk.one/public_html/nuuclass/Application/Admin/Controller/IndexController.class.php 第 46 行.
NOTIC: [8] Undefined index: value /home/hhkone/domains/hhk.one/public_html/nuuclass/Application/Admin/Controller/IndexController.class.php 第 46 行.
NOTIC: [8] Undefined index: value /home/hhkone/domains/hhk.one/public_html/nuuclass/Application/Admin/Controller/IndexController.class.php 第 46 行.
NOTIC: [8] Undefined index: value /home/hhkone/domains/hhk.one/public_html/nuuclass/Application/Admin/Controller/IndexController.class.php 第 46 行.
NOTIC: [8] Undefined index: value /home/hhkone/domains/hhk.one/public_html/nuuclass/Application/Admin/Controller/IndexController.class.php 第 46 行.
NOTIC: [8] Undefined index: value /home/hhkone/domains/hhk.one/public_html/nuuclass/Application/Admin/Controller/IndexController.class.php 第 46 行.
NOTIC: [8] Undefined index: value /home/hhkone/domains/hhk.one/public_html/nuuclass/Application/Admin/Controller/IndexController.class.php 第 46 行.
NOTIC: [8] Undefined index: value /home/hhkone/domains/hhk.one/public_html/nuuclass/Application/Admin/Controller/IndexController.class.php 第 46 行.
NOTIC: [8] Undefined index: value /home/hhkone/domains/hhk.one/public_html/nuuclass/Application/Admin/Controller/IndexController.class.php 第 46 行.
NOTIC: [8] Undefined index: value /home/hhkone/domains/hhk.one/public_html/nuuclass/Application/Admin/Controller/IndexController.class.php 第 46 行.
NOTIC: [8] Undefined index: value /home/hhkone/domains/hhk.one/public_html/nuuclass/Application/Admin/Controller/IndexController.class.php 第 46 行.
NOTIC: [8] Undefined index: value /home/hhkone/domains/hhk.one/public_html/nuuclass/Application/Admin/Controller/IndexController.class.php 第 46 行.
NOTIC: [8] Undefined index: value /home/hhkone/domains/hhk.one/public_html/nuuclass/Application/Admin/Controller/IndexController.class.php 第 46 行.
NOTIC: [8] Undefined index: value /home/hhkone/domains/hhk.one/public_html/nuuclass/Application/Admin/Controller/IndexController.class.php 第 46 行.
NOTIC: [8] Undefined index: value /home/hhkone/domains/hhk.one/public_html/nuuclass/Application/Admin/Controller/IndexController.class.php 第 46 行.
NOTIC: [8] Undefined index: value /home/hhkone/domains/hhk.one/public_html/nuuclass/Application/Admin/Controller/IndexController.class.php 第 46 行.
NOTIC: [8] Undefined index: value /home/hhkone/domains/hhk.one/public_html/nuuclass/Application/Admin/Controller/IndexController.class.php 第 46 行.
NOTIC: [8] Undefined index: value /home/hhkone/domains/hhk.one/public_html/nuuclass/Application/Admin/Controller/IndexController.class.php 第 46 行.
NOTIC: [8] Undefined index: value /home/hhkone/domains/hhk.one/public_html/nuuclass/Application/Admin/Controller/IndexController.class.php 第 46 行.
NOTIC: [8] Undefined index: value /home/hhkone/domains/hhk.one/public_html/nuuclass/Application/Admin/Controller/IndexController.class.php 第 46 行.
NOTIC: [8] Undefined index: value /home/hhkone/domains/hhk.one/public_html/nuuclass/Application/Admin/Controller/IndexController.class.php 第 46 行.
NOTIC: [8] Undefined index: value /home/hhkone/domains/hhk.one/public_html/nuuclass/Application/Admin/Controller/IndexController.class.php 第 46 行.
NOTIC: [8] Undefined index: value /home/hhkone/domains/hhk.one/public_html/nuuclass/Application/Admin/Controller/IndexController.class.php 第 46 行.
NOTIC: [8] Undefined index: value /home/hhkone/domains/hhk.one/public_html/nuuclass/Application/Admin/Controller/IndexController.class.php 第 46 行.
NOTIC: [8] Undefined index: value /home/hhkone/domains/hhk.one/public_html/nuuclass/Application/Admin/Controller/IndexController.class.php 第 46 行.
NOTIC: [8] Undefined index: value /home/hhkone/domains/hhk.one/public_html/nuuclass/Application/Admin/Controller/IndexController.class.php 第 46 行.
NOTIC: [8] Undefined index: value /home/hhkone/domains/hhk.one/public_html/nuuclass/Application/Admin/Controller/IndexController.class.php 第 46 行.
NOTIC: [8] Undefined index: value /home/hhkone/domains/hhk.one/public_html/nuuclass/Application/Admin/Controller/IndexController.class.php 第 46 行.
NOTIC: [8] Undefined index: value /home/hhkone/domains/hhk.one/public_html/nuuclass/Application/Admin/Controller/IndexController.class.php 第 46 行.
NOTIC: [8] Undefined index: value /home/hhkone/domains/hhk.one/public_html/nuuclass/Application/Admin/Controller/IndexController.class.php 第 46 行.
NOTIC: [8] Undefined index: value /home/hhkone/domains/hhk.one/public_html/nuuclass/Application/Admin/Controller/IndexController.class.php 第 46 行.
NOTIC: [8] Undefined index: value /home/hhkone/domains/hhk.one/public_html/nuuclass/Application/Admin/Controller/IndexController.class.php 第 46 行.
NOTIC: [8] Undefined index: value /home/hhkone/domains/hhk.one/public_html/nuuclass/Application/Admin/Controller/IndexController.class.php 第 46 行.
NOTIC: [8] Undefined index: value /home/hhkone/domains/hhk.one/public_html/nuuclass/Application/Admin/Controller/IndexController.class.php 第 46 行.
NOTIC: [8] Undefined index: value /home/hhkone/domains/hhk.one/public_html/nuuclass/Application/Admin/Controller/IndexController.class.php 第 46 行.
NOTIC: [8] Undefined index: value /home/hhkone/domains/hhk.one/public_html/nuuclass/Application/Admin/Controller/IndexController.class.php 第 46 行.
NOTIC: [8] Undefined index: value /home/hhkone/domains/hhk.one/public_html/nuuclass/Application/Admin/Controller/IndexController.class.php 第 46 行.
NOTIC: [8] Undefined index: value /home/hhkone/domains/hhk.one/public_html/nuuclass/Application/Admin/Controller/IndexController.class.php 第 46 行.
NOTIC: [8] Undefined index: value /home/hhkone/domains/hhk.one/public_html/nuuclass/Application/Admin/Controller/IndexController.class.php 第 46 行.
NOTIC: [8] Undefined index: value /home/hhkone/domains/hhk.one/public_html/nuuclass/Application/Admin/Controller/IndexController.class.php 第 46 行.
NOTIC: [8] Undefined index: value /home/hhkone/domains/hhk.one/public_html/nuuclass/Application/Admin/Controller/IndexController.class.php 第 46 行.
NOTIC: [8] Undefined index: value /home/hhkone/domains/hhk.one/public_html/nuuclass/Application/Admin/Controller/IndexController.class.php 第 46 行.
NOTIC: [8] Undefined index: value /home/hhkone/domains/hhk.one/public_html/nuuclass/Application/Admin/Controller/IndexController.class.php 第 46 行.
NOTIC: [8] Undefined index: value /home/hhkone/domains/hhk.one/public_html/nuuclass/Application/Admin/Controller/IndexController.class.php 第 46 行.
NOTIC: [8] Undefined index: value /home/hhkone/domains/hhk.one/public_html/nuuclass/Application/Admin/Controller/IndexController.class.php 第 46 行.
NOTIC: [8] Undefined index: value /home/hhkone/domains/hhk.one/public_html/nuuclass/Application/Admin/Controller/IndexController.class.php 第 46 行.
NOTIC: [8] Undefined index: value /home/hhkone/domains/hhk.one/public_html/nuuclass/Application/Admin/Controller/IndexController.class.php 第 46 行.
NOTIC: [8] Undefined index: value /home/hhkone/domains/hhk.one/public_html/nuuclass/Application/Admin/Controller/IndexController.class.php 第 46 行.
NOTIC: [8] Undefined index: value /home/hhkone/domains/hhk.one/public_html/nuuclass/Application/Admin/Controller/IndexController.class.php 第 46 行.
NOTIC: [8] Undefined index: value /home/hhkone/domains/hhk.one/public_html/nuuclass/Application/Admin/Controller/IndexController.class.php 第 46 行.
NOTIC: [8] Undefined index: value /home/hhkone/domains/hhk.one/public_html/nuuclass/Application/Admin/Controller/IndexController.class.php 第 46 行.
NOTIC: [8] Undefined index: value /home/hhkone/domains/hhk.one/public_html/nuuclass/Application/Admin/Controller/IndexController.class.php 第 46 行.
NOTIC: [8] Undefined index: value /home/hhkone/domains/hhk.one/public_html/nuuclass/Application/Admin/Controller/IndexController.class.php 第 46 行.
NOTIC: [8] Undefined index: value /home/hhkone/domains/hhk.one/public_html/nuuclass/Application/Admin/Controller/IndexController.class.php 第 46 行.
NOTIC: [8] Undefined index: value /home/hhkone/domains/hhk.one/public_html/nuuclass/Application/Admin/Controller/IndexController.class.php 第 46 行.
NOTIC: [8] Undefined index: value /home/hhkone/domains/hhk.one/public_html/nuuclass/Application/Admin/Controller/IndexController.class.php 第 46 行.
NOTIC: [8] Undefined index: value /home/hhkone/domains/hhk.one/public_html/nuuclass/Application/Admin/Controller/IndexController.class.php 第 46 行.
NOTIC: [8] Undefined index: value /home/hhkone/domains/hhk.one/public_html/nuuclass/Application/Admin/Controller/IndexController.class.php 第 46 行.
NOTIC: [8] Undefined index: value /home/hhkone/domains/hhk.one/public_html/nuuclass/Application/Admin/Controller/IndexController.class.php 第 46 行.
NOTIC: [8] Undefined index: value /home/hhkone/domains/hhk.one/public_html/nuuclass/Application/Admin/Controller/IndexController.class.php 第 46 行.
NOTIC: [8] Undefined index: value /home/hhkone/domains/hhk.one/public_html/nuuclass/Application/Admin/Controller/IndexController.class.php 第 46 行.
NOTIC: [8] Undefined index: value /home/hhkone/domains/hhk.one/public_html/nuuclass/Application/Admin/Controller/IndexController.class.php 第 46 行.
NOTIC: [8] Undefined index: value /home/hhkone/domains/hhk.one/public_html/nuuclass/Application/Admin/Controller/IndexController.class.php 第 46 行.
NOTIC: [8] Undefined index: value /home/hhkone/domains/hhk.one/public_html/nuuclass/Application/Admin/Controller/IndexController.class.php 第 46 行.
NOTIC: [8] Undefined index: value /home/hhkone/domains/hhk.one/public_html/nuuclass/Application/Admin/Controller/IndexController.class.php 第 46 行.
NOTIC: [8] Undefined index: value /home/hhkone/domains/hhk.one/public_html/nuuclass/Application/Admin/Controller/IndexController.class.php 第 46 行.
NOTIC: [8] Undefined index: value /home/hhkone/domains/hhk.one/public_html/nuuclass/Application/Admin/Controller/IndexController.class.php 第 46 行.
NOTIC: [8] Undefined index: value /home/hhkone/domains/hhk.one/public_html/nuuclass/Application/Admin/Controller/IndexController.class.php 第 46 行.
NOTIC: [8] Undefined index: value /home/hhkone/domains/hhk.one/public_html/nuuclass/Application/Admin/Controller/IndexController.class.php 第 46 行.
NOTIC: [8] Undefined index: value /home/hhkone/domains/hhk.one/public_html/nuuclass/Application/Admin/Controller/IndexController.class.php 第 46 行.
NOTIC: [8] Undefined index: value /home/hhkone/domains/hhk.one/public_html/nuuclass/Application/Admin/Controller/IndexController.class.php 第 46 行.
NOTIC: [8] Undefined index: value /home/hhkone/domains/hhk.one/public_html/nuuclass/Application/Admin/Controller/IndexController.class.php 第 46 行.
NOTIC: [8] Undefined index: value /home/hhkone/domains/hhk.one/public_html/nuuclass/Application/Admin/Controller/IndexController.class.php 第 46 行.
NOTIC: [8] Undefined index: value /home/hhkone/domains/hhk.one/public_html/nuuclass/Application/Admin/Controller/IndexController.class.php 第 46 行.
NOTIC: [8] Undefined index: value /home/hhkone/domains/hhk.one/public_html/nuuclass/Application/Admin/Controller/IndexController.class.php 第 46 行.
NOTIC: [8] Undefined index: value /home/hhkone/domains/hhk.one/public_html/nuuclass/Application/Admin/Controller/IndexController.class.php 第 46 行.
NOTIC: [8] Undefined index: value /home/hhkone/domains/hhk.one/public_html/nuuclass/Application/Admin/Controller/IndexController.class.php 第 46 行.
NOTIC: [8] Undefined index: value /home/hhkone/domains/hhk.one/public_html/nuuclass/Application/Admin/Controller/IndexController.class.php 第 46 行.
NOTIC: [8] Undefined index: value /home/hhkone/domains/hhk.one/public_html/nuuclass/Application/Admin/Controller/IndexController.class.php 第 46 行.
NOTIC: [8] Undefined index: value /home/hhkone/domains/hhk.one/public_html/nuuclass/Application/Admin/Controller/IndexController.class.php 第 46 行.
NOTIC: [8] Undefined index: value /home/hhkone/domains/hhk.one/public_html/nuuclass/Application/Admin/Controller/IndexController.class.php 第 46 行.
NOTIC: [8] Undefined index: value /home/hhkone/domains/hhk.one/public_html/nuuclass/Application/Admin/Controller/IndexController.class.php 第 46 行.
NOTIC: [8] Undefined index: value /home/hhkone/domains/hhk.one/public_html/nuuclass/Application/Admin/Controller/IndexController.class.php 第 46 行.
NOTIC: [8] Undefined index: value /home/hhkone/domains/hhk.one/public_html/nuuclass/Application/Admin/Controller/IndexController.class.php 第 46 行.
NOTIC: [8] Undefined index: value /home/hhkone/domains/hhk.one/public_html/nuuclass/Application/Admin/Controller/IndexController.class.php 第 46 行.
NOTIC: [8] Undefined index: value /home/hhkone/domains/hhk.one/public_html/nuuclass/Application/Admin/Controller/IndexController.class.php 第 46 行.
NOTIC: [8] Undefined index: value /home/hhkone/domains/hhk.one/public_html/nuuclass/Application/Admin/Controller/IndexController.class.php 第 46 行.
NOTIC: [8] Undefined index: value /home/hhkone/domains/hhk.one/public_html/nuuclass/Application/Admin/Controller/IndexController.class.php 第 46 行.
NOTIC: [8] Undefined index: value /home/hhkone/domains/hhk.one/public_html/nuuclass/Application/Admin/Controller/IndexController.class.php 第 46 行.
NOTIC: [8] Undefined index: value /home/hhkone/domains/hhk.one/public_html/nuuclass/Application/Admin/Controller/IndexController.class.php 第 46 行.
NOTIC: [8] Undefined index: value /home/hhkone/domains/hhk.one/public_html/nuuclass/Application/Admin/Controller/IndexController.class.php 第 46 行.
NOTIC: [8] Undefined index: value /home/hhkone/domains/hhk.one/public_html/nuuclass/Application/Admin/Controller/IndexController.class.php 第 46 行.
NOTIC: [8] Undefined index: value /home/hhkone/domains/hhk.one/public_html/nuuclass/Application/Admin/Controller/IndexController.class.php 第 46 行.
NOTIC: [8] Undefined index: value /home/hhkone/domains/hhk.one/public_html/nuuclass/Application/Admin/Controller/IndexController.class.php 第 46 行.
NOTIC: [8] Undefined index: value /home/hhkone/domains/hhk.one/public_html/nuuclass/Application/Admin/Controller/IndexController.class.php 第 46 行.
NOTIC: [8] Undefined index: value /home/hhkone/domains/hhk.one/public_html/nuuclass/Application/Admin/Controller/IndexController.class.php 第 46 行.
NOTIC: [8] Undefined index: value /home/hhkone/domains/hhk.one/public_html/nuuclass/Application/Admin/Controller/IndexController.class.php 第 46 行.
NOTIC: [8] Undefined index: value /home/hhkone/domains/hhk.one/public_html/nuuclass/Application/Admin/Controller/IndexController.class.php 第 46 行.
NOTIC: [8] Undefined index: value /home/hhkone/domains/hhk.one/public_html/nuuclass/Application/Admin/Controller/IndexController.class.php 第 46 行.
NOTIC: [8] Undefined index: value /home/hhkone/domains/hhk.one/public_html/nuuclass/Application/Admin/Controller/IndexController.class.php 第 46 行.
NOTIC: [8] Undefined index: value /home/hhkone/domains/hhk.one/public_html/nuuclass/Application/Admin/Controller/IndexController.class.php 第 46 行.
NOTIC: [8] Undefined index: value /home/hhkone/domains/hhk.one/public_html/nuuclass/Application/Admin/Controller/IndexController.class.php 第 46 行.
NOTIC: [8] Undefined index: value /home/hhkone/domains/hhk.one/public_html/nuuclass/Application/Admin/Controller/IndexController.class.php 第 46 行.
NOTIC: [8] Undefined index: value /home/hhkone/domains/hhk.one/public_html/nuuclass/Application/Admin/Controller/IndexController.class.php 第 46 行.
NOTIC: [8] Undefined index: value /home/hhkone/domains/hhk.one/public_html/nuuclass/Application/Admin/Controller/IndexController.class.php 第 46 行.
NOTIC: [8] Undefined index: value /home/hhkone/domains/hhk.one/public_html/nuuclass/Application/Admin/Controller/IndexController.class.php 第 46 行.
NOTIC: [8] Undefined index: value /home/hhkone/domains/hhk.one/public_html/nuuclass/Application/Admin/Controller/IndexController.class.php 第 46 行.
NOTIC: [8] Undefined index: value /home/hhkone/domains/hhk.one/public_html/nuuclass/Application/Admin/Controller/IndexController.class.php 第 46 行.
NOTIC: [8] Undefined index: value /home/hhkone/domains/hhk.one/public_html/nuuclass/Application/Admin/Controller/IndexController.class.php 第 46 行.
NOTIC: [8] Undefined index: value /home/hhkone/domains/hhk.one/public_html/nuuclass/Application/Admin/Controller/IndexController.class.php 第 46 行.
NOTIC: [8] Undefined index: value /home/hhkone/domains/hhk.one/public_html/nuuclass/Application/Admin/Controller/IndexController.class.php 第 46 行.
NOTIC: [8] Undefined index: value /home/hhkone/domains/hhk.one/public_html/nuuclass/Application/Admin/Controller/IndexController.class.php 第 46 行.
NOTIC: [8] Undefined index: value /home/hhkone/domains/hhk.one/public_html/nuuclass/Application/Admin/Controller/IndexController.class.php 第 46 行.
NOTIC: [8] Undefined index: value /home/hhkone/domains/hhk.one/public_html/nuuclass/Application/Admin/Controller/IndexController.class.php 第 46 行.
NOTIC: [8] Undefined index: value /home/hhkone/domains/hhk.one/public_html/nuuclass/Application/Admin/Controller/IndexController.class.php 第 46 行.
NOTIC: [8] Undefined index: value /home/hhkone/domains/hhk.one/public_html/nuuclass/Application/Admin/Controller/IndexController.class.php 第 46 行.
NOTIC: [8] Undefined index: value /home/hhkone/domains/hhk.one/public_html/nuuclass/Application/Admin/Controller/IndexController.class.php 第 46 行.
SQL: select count(*) today,(select count(*) from statistics) total from statistics where date='2024/03/15' [ RunTime:0.0133s ]
SQL: SHOW COLUMNS FROM `user` [ RunTime:0.0011s ]
SQL: SELECT COUNT(*) AS tp_count FROM `user` LIMIT 1   [ RunTime:0.0005s ]
INFO: [ view_parse ] --START--
INFO: [ template_filter ] --START--
INFO: Run Behavior\ContentReplaceBehavior [ RunTime:0.000062s ]
INFO: [ template_filter ] --END-- [ RunTime:0.000078s ]
NOTIC: [8] Undefined variable: animateOC /home/hhkone/domains/hhk.one/public_html/nuuclass/Application/Runtime/Cache/Admin/b595b808c2ebeeeb0478ffc30bb4e87a.php 第 202 行.
NOTIC: [8] Undefined variable: parent /home/hhkone/domains/hhk.one/public_html/nuuclass/Application/Runtime/Cache/Admin/b595b808c2ebeeeb0478ffc30bb4e87a.php 第 253 行.
NOTIC: [8] Trying to access array offset on value of type null /home/hhkone/domains/hhk.one/public_html/nuuclass/Application/Runtime/Cache/Admin/b595b808c2ebeeeb0478ffc30bb4e87a.php 第 253 行.
INFO: Run Behavior\ParseTemplateBehavior [ RunTime:0.006151s ]
INFO: [ view_parse ] --END-- [ RunTime:0.006179s ]
INFO: [ view_filter ] --START--
INFO: Run Behavior\WriteHtmlCacheBehavior [ RunTime:0.000238s ]
INFO: [ view_filter ] --END-- [ RunTime:0.000248s ]
INFO: [ app_end ] --START--
INFO: Run Behavior\ShowPageTraceBehavior [ RunTime:0.000221s ]
INFO: [ app_end ] --END-- [ RunTime:0.000236s ]

[ 2024-03-15T14:45:07+08:00 ] 220.137.129.83 /index.php/Admin/Relate/index
INFO: [ app_init ] --START--
INFO: Run Behavior\BuildLiteBehavior [ RunTime:0.000008s ]
INFO: [ app_init ] --END-- [ RunTime:0.000231s ]
INFO: [ app_begin ] --START--
INFO: Run Behavior\ReadHtmlCacheBehavior [ RunTime:0.000196s ]
INFO: [ app_begin ] --END-- [ RunTime:0.000213s ]
SQL: SHOW COLUMNS FROM `config` [ RunTime:0.0014s ]
SQL: SELECT * FROM `config` WHERE `id` = 1  [ RunTime:0.0008s ]
SQL: SELECT `company_pic` FROM `config` WHERE ( id=1 )  [ RunTime:0.0006s ]
SQL: SHOW COLUMNS FROM `relate` [ RunTime:0.0018s ]
SQL: SELECT * FROM `relate` ORDER BY `end_time` desc  [ RunTime:0.0013s ]
INFO: [ view_parse ] --START--
INFO: [ template_filter ] --START--
INFO: Run Behavior\ContentReplaceBehavior [ RunTime:0.000056s ]
INFO: [ template_filter ] --END-- [ RunTime:0.000071s ]
NOTIC: [8] Undefined variable: parent /home/hhkone/domains/hhk.one/public_html/nuuclass/Application/Runtime/Cache/Admin/b7d19c4f09a206627795e5d414a6c1e1.php 第 147 行.
NOTIC: [8] Trying to access array offset on value of type null /home/hhkone/domains/hhk.one/public_html/nuuclass/Application/Runtime/Cache/Admin/b7d19c4f09a206627795e5d414a6c1e1.php 第 147 行.
NOTIC: [8] Undefined variable: animateOC /home/hhkone/domains/hhk.one/public_html/nuuclass/Application/Runtime/Cache/Admin/b7d19c4f09a206627795e5d414a6c1e1.php 第 217 行.
NOTIC: [8] Undefined variable: parent /home/hhkone/domains/hhk.one/public_html/nuuclass/Application/Runtime/Cache/Admin/b7d19c4f09a206627795e5d414a6c1e1.php 第 268 行.
NOTIC: [8] Trying to access array offset on value of type null /home/hhkone/domains/hhk.one/public_html/nuuclass/Application/Runtime/Cache/Admin/b7d19c4f09a206627795e5d414a6c1e1.php 第 268 行.
INFO: Run Behavior\ParseTemplateBehavior [ RunTime:0.003722s ]
INFO: [ view_parse ] --END-- [ RunTime:0.003736s ]
INFO: [ view_filter ] --START--
INFO: Run Behavior\WriteHtmlCacheBehavior [ RunTime:0.000238s ]
INFO: [ view_filter ] --END-- [ RunTime:0.000251s ]
INFO: [ app_end ] --START--
INFO: Run Behavior\ShowPageTraceBehavior [ RunTime:0.000214s ]
INFO: [ app_end ] --END-- [ RunTime:0.000227s ]

[ 2024-03-15T14:45:20+08:00 ] 220.137.129.83 /index.php/Admin/Config/index
INFO: [ app_init ] --START--
INFO: Run Behavior\BuildLiteBehavior [ RunTime:0.000008s ]
INFO: [ app_init ] --END-- [ RunTime:0.000224s ]
INFO: [ app_begin ] --START--
INFO: Run Behavior\ReadHtmlCacheBehavior [ RunTime:0.000201s ]
INFO: [ app_begin ] --END-- [ RunTime:0.000218s ]
SQL: SHOW COLUMNS FROM `config` [ RunTime:0.0024s ]
SQL: SELECT * FROM `config` WHERE `id` = 1  [ RunTime:0.0007s ]
SQL: SELECT `company_pic` FROM `config` WHERE ( id=1 )  [ RunTime:0.0005s ]
SQL: SHOW COLUMNS FROM `config` [ RunTime:0.0015s ]
SQL: SHOW COLUMNS FROM `admin` [ RunTime:0.0012s ]
SQL: SELECT `login_count` FROM `admin` WHERE ( id=1 )  [ RunTime:0.0004s ]
NOTIC: [8] Undefined offset: 0 /home/hhkone/domains/hhk.one/public_html/nuuclass/Application/Admin/Controller/ConfigController.class.php 第 30 行.
NOTIC: [8] Trying to access array offset on value of type null /home/hhkone/domains/hhk.one/public_html/nuuclass/Application/Admin/Controller/ConfigController.class.php 第 30 行.
SQL: SELECT * FROM `config` WHERE ( id=1 ) LIMIT 1   [ RunTime:0.0007s ]
INFO: [ view_parse ] --START--
INFO: [ template_filter ] --START--
INFO: Run Behavior\ContentReplaceBehavior [ RunTime:0.000068s ]
INFO: [ template_filter ] --END-- [ RunTime:0.000093s ]
NOTIC: [8] Undefined variable: parent /home/hhkone/domains/hhk.one/public_html/nuuclass/Application/Runtime/Cache/Admin/9bb5e7ead1bbec7c3d970a481af28a6e.php 第 177 行.
NOTIC: [8] Trying to access array offset on value of type null /home/hhkone/domains/hhk.one/public_html/nuuclass/Application/Runtime/Cache/Admin/9bb5e7ead1bbec7c3d970a481af28a6e.php 第 177 行.
NOTIC: [8] Undefined variable: animateOC /home/hhkone/domains/hhk.one/public_html/nuuclass/Application/Runtime/Cache/Admin/9bb5e7ead1bbec7c3d970a481af28a6e.php 第 284 行.
NOTIC: [8] Undefined variable: parent /home/hhkone/domains/hhk.one/public_html/nuuclass/Application/Runtime/Cache/Admin/9bb5e7ead1bbec7c3d970a481af28a6e.php 第 335 行.
NOTIC: [8] Trying to access array offset on value of type null /home/hhkone/domains/hhk.one/public_html/nuuclass/Application/Runtime/Cache/Admin/9bb5e7ead1bbec7c3d970a481af28a6e.php 第 335 行.
INFO: Run Behavior\ParseTemplateBehavior [ RunTime:0.003971s ]
INFO: [ view_parse ] --END-- [ RunTime:0.003984s ]
INFO: [ view_filter ] --START--
INFO: Run Behavior\WriteHtmlCacheBehavior [ RunTime:0.000224s ]
INFO: [ view_filter ] --END-- [ RunTime:0.000236s ]
INFO: [ app_end ] --START--
INFO: Run Behavior\ShowPageTraceBehavior [ RunTime:0.000201s ]
INFO: [ app_end ] --END-- [ RunTime:0.000214s ]

[ 2024-03-15T14:45:25+08:00 ] 220.137.129.83 /index.php/Admin/About/title
INFO: [ app_init ] --START--
INFO: Run Behavior\BuildLiteBehavior [ RunTime:0.000008s ]
INFO: [ app_init ] --END-- [ RunTime:0.000246s ]
INFO: [ app_begin ] --START--
INFO: Run Behavior\ReadHtmlCacheBehavior [ RunTime:0.000271s ]
INFO: [ app_begin ] --END-- [ RunTime:0.000288s ]
SQL: SHOW COLUMNS FROM `config` [ RunTime:0.0018s ]
SQL: SELECT * FROM `config` WHERE `id` = 1  [ RunTime:0.0009s ]
SQL: SELECT `company_pic` FROM `config` WHERE ( id=1 )  [ RunTime:0.0006s ]
SQL: SHOW COLUMNS FROM `config` [ RunTime:0.0016s ]
SQL: SELECT * FROM `config` LIMIT 1   [ RunTime:0.0007s ]
INFO: [ view_parse ] --START--
INFO: [ template_filter ] --START--
INFO: Run Behavior\ContentReplaceBehavior [ RunTime:0.000059s ]
INFO: [ template_filter ] --END-- [ RunTime:0.000075s ]
NOTIC: [8] Undefined index: title /home/hhkone/domains/hhk.one/public_html/nuuclass/Application/Runtime/Cache/Admin/80f8ada227aa144e1260224b5a7b7f5b.php 第 174 行.
NOTIC: [8] Undefined variable: animateOC /home/hhkone/domains/hhk.one/public_html/nuuclass/Application/Runtime/Cache/Admin/80f8ada227aa144e1260224b5a7b7f5b.php 第 248 行.
NOTIC: [8] Undefined variable: parent /home/hhkone/domains/hhk.one/public_html/nuuclass/Application/Runtime/Cache/Admin/80f8ada227aa144e1260224b5a7b7f5b.php 第 299 行.
NOTIC: [8] Trying to access array offset on value of type null /home/hhkone/domains/hhk.one/public_html/nuuclass/Application/Runtime/Cache/Admin/80f8ada227aa144e1260224b5a7b7f5b.php 第 299 行.
INFO: Run Behavior\ParseTemplateBehavior [ RunTime:0.003625s ]
INFO: [ view_parse ] --END-- [ RunTime:0.003642s ]
INFO: [ view_filter ] --START--
INFO: Run Behavior\WriteHtmlCacheBehavior [ RunTime:0.000237s ]
INFO: [ view_filter ] --END-- [ RunTime:0.000249s ]
INFO: [ app_end ] --START--
INFO: Run Behavior\ShowPageTraceBehavior [ RunTime:0.000225s ]
INFO: [ app_end ] --END-- [ RunTime:0.000239s ]

